{"name": "Supplier Dashboard - Create New Customer", "status": "broken", "statusDetails": {"message": "selenium.common.exceptions.TimeoutException: Message: \nStacktrace:\nSymbols not available. Dumping unresolved backtrace:\n\t0x7ff656ad88d5\n\t0x7ff656ad8930\n\t0x7ff6568b165d\n\t0x7ff656909a33\n\t0x7ff656909d3c\n\t0x7ff65695df67\n\t0x7ff65695ac97\n\t0x7ff6568fac29\n\t0x7ff6568fba93\n\t0x7ff656df0620\n\t0x7ff656deaf60\n\t0x7ff656e096c6\n\t0x7ff656af5dd4\n\t0x7ff656afed7c\n\t0x7ff656ae1ff4\n\t0x7ff656ae21a5\n\t0x7ff656ac7ed2\n\t0x7fff6d397374\n\t0x7fff6d7dcc91", "trace": "driver = <selenium.webdriver.chrome.webdriver.WebDriver (session=\"88b4acf4076fa61435028cfdc089d99b\")>\n\n    @allure.title(\"Supplier Dashboard - Create New Customer\")\n    def test_create_new_customer(driver):\n        wait = WebDriverWait(driver, 30)\n    \n        try:\n            # ---------------- OPEN TENANT PAGE ----------------\n            driver.get(\n                \"https://app-hire-x-dev-multi-tenant-angular-01-bkgee7ewapa0c5es.southeastasia-01.azurewebsites.net/webshopnotfound\"\n            )\n    \n            tenant_input = wait.until(\n                EC.visibility_of_element_located((By.CSS_SELECTOR, \"input[type='text']\"))\n            )\n            tenant_input.clear()\n            tenant_input.send_keys(\"GrandRest\")\n    \n            wait.until(\n                EC.element_to_be_clickable((By.XPATH, \"//button[contains(text(),'Set Tenant')]\"))\n            ).click()\n    \n            wait.until(EC.url_contains(\"/home\"))\n    \n            # ---------------- LOGIN ----------------\n            wait.until(\n                EC.element_to_be_clickable((\n                    By.XPATH,\n                    \"//*[contains(translate(text(),'ABCDEFGHIJKLMNOPQRSTUVWXYZ','abcdefghijklmnopqrstuvwxyz'),'sign')]\"\n                ))\n            ).click()\n    \n            wait.until(EC.url_contains(\"/login\"))\n    \n            wait.until(\n                EC.visibility_of_element_located((By.XPATH, \"//input[contains(@type,'email')]\"))\n            ).send_keys(\"suchini@ateamsoftware.com\")\n    \n            wait.until(\n                EC.visibility_of_element_located((By.XPATH, \"//input[contains(@type,'password')]\"))\n            ).send_keys(\"Abc12345\")\n    \n            wait.until(\n                EC.element_to_be_clickable((By.XPATH, \"//button[contains(text(),'Login')]\"))\n            ).click()\n    \n            # ---------------- DASHBOARD ----------------\n            wait.until(EC.url_contains(\"/supplier/dashboard\"))\n    \n            # ---------------- CUSTOMERS PAGE ----------------\n            driver.get(\n                \"https://app-hire-x-dev-multi-tenant-angular-01-bkgee7ewapa0c5es.southeastasia-01.azurewebsites.net/supplier/customers\"\n            )\n            wait.until(EC.url_contains(\"/supplier/customers\"))\n    \n            take_screenshot(driver, \"customer_page_opened\")\n            print(\"✅ SUCCESS: Navigated to Customers section\")\n    \n            # ---------------- CLICK NEW CUSTOMER ----------------\n            with allure.step(\"Click New Customer Button\"):\n                new_button = wait.until(\n                    EC.element_to_be_clickable((By.XPATH, \"//button[text()='New']\"))\n                )\n                driver.execute_script(\"arguments[0].click();\", new_button)\n                take_screenshot(driver, \"new_customer_clicked\")\n                print(\"✅ SUCCESS: New Customer button clicked\")\n    \n            # ---------------- ENTER CUSTOMER DETAILS ----------------\n            with allure.step(\"Enter Customer Name\"):\n>               name_input = wait.until(\n                    EC.visibility_of_element_located((By.NAME, \"name\"))\n                )\n\ntests\\test_customer_create.py:106: \n_ _ _ _ _ _ _ _ _ _ _ _ _ _ _ _ _ _ _ _ _ _ _ _ _ _ _ _ _ _ _ _ _ _ _ _ _ _ _ _ _ _ _ _ _ _ _ _ _ _ _ _ _ _ _ _ _ _ _\n\nself = <selenium.webdriver.support.wait.WebDriverWait (session=\"88b4acf4076fa61435028cfdc089d99b\")>\nmethod = <function visibility_of_element_located.<locals>._predicate at 0x00000241A40614E0>, message = ''\n\n    def until(self, method: Callable[[D], Literal[False] | T], message: str = \"\") -> T:\n        \"\"\"Wait until the method returns a value that is not False.\n    \n        Calls the method provided with the driver as an argument until the\n        return value does not evaluate to ``False``.\n    \n        Args:\n            method: A callable object that takes a WebDriver instance as an\n                argument.\n            message: Optional message for TimeoutException.\n    \n        Returns:\n            The result of the last call to `method`.\n    \n        Raises:\n            TimeoutException: If 'method' does not return a truthy value within\n                the WebDriverWait object's timeout.\n    \n        Example:\n            >>> from selenium.webdriver.common.by import By\n            >>> from selenium.webdriver.support.ui import WebDriverWait\n            >>> from selenium.webdriver.support import expected_conditions as EC\n            >>>\n            >>> # Wait until an element is visible on the page\n            >>> wait = WebDriverWait(driver, 10)\n            >>> element = wait.until(EC.visibility_of_element_located((By.ID, \"exampleId\")))\n            >>> print(element.text)\n        \"\"\"\n        screen = None\n        stacktrace = None\n    \n        end_time = time.monotonic() + self._timeout\n        while True:\n            try:\n                value = method(self._driver)\n                if value:\n                    return value\n            except self._ignored_exceptions as exc:\n                screen = getattr(exc, \"screen\", None)\n                stacktrace = getattr(exc, \"stacktrace\", None)\n            if time.monotonic() > end_time:\n                break\n            time.sleep(self._poll)\n>       raise TimeoutException(message, screen, stacktrace)\nE       selenium.common.exceptions.TimeoutException: Message: \nE       Stacktrace:\nE       Symbols not available. Dumping unresolved backtrace:\nE       \t0x7ff656ad88d5\nE       \t0x7ff656ad8930\nE       \t0x7ff6568b165d\nE       \t0x7ff656909a33\nE       \t0x7ff656909d3c\nE       \t0x7ff65695df67\nE       \t0x7ff65695ac97\nE       \t0x7ff6568fac29\nE       \t0x7ff6568fba93\nE       \t0x7ff656df0620\nE       \t0x7ff656deaf60\nE       \t0x7ff656e096c6\nE       \t0x7ff656af5dd4\nE       \t0x7ff656afed7c\nE       \t0x7ff656ae1ff4\nE       \t0x7ff656ae21a5\nE       \t0x7ff656ac7ed2\nE       \t0x7fff6d397374\nE       \t0x7fff6d7dcc91\n\nvenv\\Lib\\site-packages\\selenium\\webdriver\\support\\wait.py:121: TimeoutException"}, "steps": [{"name": "Click New Customer Button", "status": "passed", "attachments": [{"name": "new_customer_clicked", "source": "6f184610-ad2a-438d-b746-d510b7344ef0-attachment.png", "type": "image/png"}], "start": 1769402268216, "stop": 1769402274370}, {"name": "Enter Customer Name", "status": "broken", "statusDetails": {"message": "selenium.common.exceptions.TimeoutException: Message: \nStacktrace:\nSymbols not available. Dumping unresolved backtrace:\n\t0x7ff656ad88d5\n\t0x7ff656ad8930\n\t0x7ff6568b165d\n\t0x7ff656909a33\n\t0x7ff656909d3c\n\t0x7ff65695df67\n\t0x7ff65695ac97\n\t0x7ff6568fac29\n\t0x7ff6568fba93\n\t0x7ff656df0620\n\t0x7ff656deaf60\n\t0x7ff656e096c6\n\t0x7ff656af5dd4\n\t0x7ff656afed7c\n\t0x7ff656ae1ff4\n\t0x7ff656ae21a5\n\t0x7ff656ac7ed2\n\t0x7fff6d397374\n\t0x7fff6d7dcc91\n\n", "trace": "  File \"C:\\Users\\Suchini\\Desktop\\Ateam Software\\Hire-X Automation scripts\\Hire-X-Test-Automation-Scripts\\tests\\test_customer_create.py\", line 106, in test_create_new_customer\n    name_input = wait.until(\n        EC.visibility_of_element_located((By.NAME, \"name\"))\n    )\n  File \"C:\\Users\\Suchini\\Desktop\\Ateam Software\\Hire-X Automation scripts\\Hire-X-Test-Automation-Scripts\\venv\\Lib\\site-packages\\selenium\\webdriver\\support\\wait.py\", line 121, in until\n    raise TimeoutException(message, screen, stacktrace)\n"}, "start": 1769402274371, "stop": 1769402304785}], "attachments": [{"name": "customer_page_opened", "source": "0676cc54-c0ad-496b-a7cc-14b633f4f7d0-attachment.png", "type": "image/png"}, {"name": "stdout", "source": "a15009fb-c320-4976-8af4-25d08e902323-attachment.txt", "type": "text/plain"}], "start": 1769402160880, "stop": 1769402304790, "uuid": "503d78b4-a18a-4c08-a3dd-eae2593d0e09", "historyId": "fa440f71a77d7208b2c3800bc1d3b4f2", "testCaseId": "fa440f71a77d7208b2c3800bc1d3b4f2", "fullName": "tests.test_customer_create#test_create_new_customer", "labels": [{"name": "parentSuite", "value": "tests"}, {"name": "suite", "value": "test_customer_create"}, {"name": "host", "value": "DESKTOP-SCU7Q85"}, {"name": "thread", "value": "19316-MainThread"}, {"name": "framework", "value": "pytest"}, {"name": "language", "value": "cpython3"}, {"name": "package", "value": "tests.test_customer_create"}], "titlePath": ["tests", "test_customer_create.py"]}