{"name": "TC02 - Create Order with Product and Save", "status": "failed", "statusDetails": {"message": "Failed: Test failed due to error: Message:", "trace": "driver = <selenium.webdriver.chrome.webdriver.WebDriver (session=\"f2083d9e782ebd1da0a24fc94206d32c\")>\n\n    @pytest.mark.smoke\n    @allure.parent_suite(\"Web Automation\")\n    @allure.suite(\"Orders\")\n    @allure.sub_suite(\"Create Order\")\n    @allure.feature(\"Order Management\")\n    @allure.title(\"TC02 - Create Order with Product and Save\")\n    def test_login_and_create_order(driver):\n    \n        wait = WebDriverWait(driver, 25)\n    \n        try:\n            # ---------------- LOGIN ----------------\n            with allure.step(\"Open Tenant Select Page\"):\n                driver.get(\n                    \"https://app-hire-x-dev-multi-tenant-angular-01-bkgee7ewapa0c5es.southeastasia-01.azurewebsites.net/webshopnotfound\"\n                )\n    \n            with allure.step(\"Enter Tenant ID\"):\n                tenant = wait.until(\n                    EC.visibility_of_element_located((By.CSS_SELECTOR, \"input[type='text']\"))\n                )\n                tenant.clear()\n                tenant.send_keys(\"GrandRest\")\n    \n            with allure.step(\"Set Tenant\"):\n                wait.until(\n                    EC.element_to_be_clickable(\n                        (By.XPATH, \"//button[contains(text(),'Set Tenant')]\")\n                    )\n                ).click()\n    \n            with allure.step(\"Navigate to Login\"):\n                wait.until(EC.url_contains(\"/home\"))\n                wait.until(\n                    EC.element_to_be_clickable(\n                        (By.XPATH,\n                         \"//*[contains(translate(text(),'ABCDEFGHIJKLMNOPQRSTUVWXYZ','abcdefghijklmnopqrstuvwxyz'),'sign')]\")\n                    )\n                ).click()\n    \n            with allure.step(\"Login with credentials\"):\n                wait.until(EC.url_contains(\"/login\"))\n                driver.find_element(By.XPATH, \"//input[contains(@type,'email')]\").send_keys(\n                    \"suchini@ateamsoftware.com\"\n                )\n                driver.find_element(By.XPATH, \"//input[contains(@type,'password')]\").send_keys(\n                    \"Abc12345\"\n                )\n                driver.find_element(By.XPATH, \"//button[contains(text(),'Login')]\").click()\n    \n            with allure.step(\"Verify Dashboard\"):\n                wait.until(EC.url_contains(\"/supplier/dashboard\"))\n                take_screenshot(driver, \"dashboard_loaded\")\n    \n            # ---------------- CREATE ORDER ----------------\n            with allure.step(\"Open Orders Page\"):\n                driver.get(\n                    \"https://app-hire-x-dev-multi-tenant-angular-01-bkgee7ewapa0c5es.southeastasia-01.azurewebsites.net/supplier/orders\"\n                )\n                wait.until(EC.url_contains(\"/supplier/orders\"))\n                take_screenshot(driver, \"orders_page\")\n    \n            with allure.step(\"Click New Order\"):\n                wait.until(\n                    EC.element_to_be_clickable(\n                        (By.XPATH, \"//button[contains(text(),'New')]\")\n                    )\n                ).click()\n    \n            with allure.step(\"Verify Create Order Form\"):\n                wait.until(\n                    EC.visibility_of_element_located(\n                        (By.XPATH, \"//*[contains(text(),'Create Order')]\")\n                    )\n                )\n                take_screenshot(driver, \"create_order_form\")\n    \n            # ---------------- SELECT CUSTOMER ----------------\n            with allure.step(\"Select Customer - Amantha Nirmal\"):\n                dropdown = wait.until(\n                    EC.element_to_be_clickable((By.XPATH, \"//ng-select\"))\n                )\n                dropdown.click()\n                time.sleep(1)\n    \n                wait.until(\n                    EC.element_to_be_clickable(\n                        (By.XPATH,\n                         \"//div[contains(@class,'ng-option') and contains(., 'Amantha Nirmal')]\")\n                    )\n                ).click()\n    \n                take_screenshot(driver, \"customer_selected\")\n    \n            # ---------------- CLICK CREATE ----------------\n            with allure.step(\"Click Create Button\"):\n                create_btn = wait.until(\n                    EC.presence_of_element_located(\n                        (By.XPATH, \"//button[@type='submit' and contains(normalize-space(),'Create')]\")\n                    )\n                )\n    \n                driver.execute_script(\n                    \"arguments[0].scrollIntoView({block:'center'});\", create_btn\n                )\n                wait.until(lambda d: create_btn.is_enabled())\n                driver.execute_script(\"arguments[0].click();\", create_btn)\n    \n                take_screenshot(driver, \"create_clicked\")\n    \n            with allure.step(\"Wait for Order Details Page\"):\n                wait.until(EC.url_contains(\"/supplier/orders/\"))\n                take_screenshot(driver, \"order_details_page\")\n    \n            # ---------------- ADD PRODUCT ----------------\n>           add_product(driver, wait, \"Set\", 2)\n\ntests\\test_create_order.py:209: \n_ _ _ _ _ _ _ _ _ _ _ _ _ _ _ _ _ _ _ _ _ _ _ _ _ _ _ _ _ _ _ _ _ _ _ _ _ _ _ _ _ _ _ _ _ _ _ _\ntests\\test_create_order.py:86: in add_product\n    wait.until(\n_ _ _ _ _ _ _ _ _ _ _ _ _ _ _ _ _ _ _ _ _ _ _ _ _ _ _ _ _ _ _ _ _ _ _ _ _ _ _ _ _ _ _ _ _ _ _ _\n\nself = <selenium.webdriver.support.wait.WebDriverWait (session=\"f2083d9e782ebd1da0a24fc94206d32c\")>\nmethod = <function visibility_of_element_located.<locals>._predicate at 0x000001D1DC33DBC0>\nmessage = ''\n\n    def until(self, method: Callable[[D], Literal[False] | T], message: str = \"\") -> T:\n        \"\"\"Wait until the method returns a value that is not False.\n    \n        Calls the method provided with the driver as an argument until the\n        return value does not evaluate to ``False``.\n    \n        Args:\n            method: A callable object that takes a WebDriver instance as an\n                argument.\n            message: Optional message for TimeoutException.\n    \n        Returns:\n            The result of the last call to `method`.\n    \n        Raises:\n            TimeoutException: If 'method' does not return a truthy value within\n                the WebDriverWait object's timeout.\n    \n        Example:\n            >>> from selenium.webdriver.common.by import By\n            >>> from selenium.webdriver.support.ui import WebDriverWait\n            >>> from selenium.webdriver.support import expected_conditions as EC\n            >>>\n            >>> # Wait until an element is visible on the page\n            >>> wait = WebDriverWait(driver, 10)\n            >>> element = wait.until(EC.visibility_of_element_located((By.ID, \"exampleId\")))\n            >>> print(element.text)\n        \"\"\"\n        screen = None\n        stacktrace = None\n    \n        end_time = time.monotonic() + self._timeout\n        while True:\n            try:\n                value = method(self._driver)\n                if value:\n                    return value\n            except self._ignored_exceptions as exc:\n                screen = getattr(exc, \"screen\", None)\n                stacktrace = getattr(exc, \"stacktrace\", None)\n            if time.monotonic() > end_time:\n                break\n            time.sleep(self._poll)\n>       raise TimeoutException(message, screen, stacktrace)\nE       selenium.common.exceptions.TimeoutException: Message:\n\nvenv\\Lib\\site-packages\\selenium\\webdriver\\support\\wait.py:121: TimeoutException\n\nDuring handling of the above exception, another exception occurred:\n\ndriver = <selenium.webdriver.chrome.webdriver.WebDriver (session=\"f2083d9e782ebd1da0a24fc94206d32c\")>\n\n    @pytest.mark.smoke\n    @allure.parent_suite(\"Web Automation\")\n    @allure.suite(\"Orders\")\n    @allure.sub_suite(\"Create Order\")\n    @allure.feature(\"Order Management\")\n    @allure.title(\"TC02 - Create Order with Product and Save\")\n    def test_login_and_create_order(driver):\n    \n        wait = WebDriverWait(driver, 25)\n    \n        try:\n            # ---------------- LOGIN ----------------\n            with allure.step(\"Open Tenant Select Page\"):\n                driver.get(\n                    \"https://app-hire-x-dev-multi-tenant-angular-01-bkgee7ewapa0c5es.southeastasia-01.azurewebsites.net/webshopnotfound\"\n                )\n    \n            with allure.step(\"Enter Tenant ID\"):\n                tenant = wait.until(\n                    EC.visibility_of_element_located((By.CSS_SELECTOR, \"input[type='text']\"))\n                )\n                tenant.clear()\n                tenant.send_keys(\"GrandRest\")\n    \n            with allure.step(\"Set Tenant\"):\n                wait.until(\n                    EC.element_to_be_clickable(\n                        (By.XPATH, \"//button[contains(text(),'Set Tenant')]\")\n                    )\n                ).click()\n    \n            with allure.step(\"Navigate to Login\"):\n                wait.until(EC.url_contains(\"/home\"))\n                wait.until(\n                    EC.element_to_be_clickable(\n                        (By.XPATH,\n                         \"//*[contains(translate(text(),'ABCDEFGHIJKLMNOPQRSTUVWXYZ','abcdefghijklmnopqrstuvwxyz'),'sign')]\")\n                    )\n                ).click()\n    \n            with allure.step(\"Login with credentials\"):\n                wait.until(EC.url_contains(\"/login\"))\n                driver.find_element(By.XPATH, \"//input[contains(@type,'email')]\").send_keys(\n                    \"suchini@ateamsoftware.com\"\n                )\n                driver.find_element(By.XPATH, \"//input[contains(@type,'password')]\").send_keys(\n                    \"Abc12345\"\n                )\n                driver.find_element(By.XPATH, \"//button[contains(text(),'Login')]\").click()\n    \n            with allure.step(\"Verify Dashboard\"):\n                wait.until(EC.url_contains(\"/supplier/dashboard\"))\n                take_screenshot(driver, \"dashboard_loaded\")\n    \n            # ---------------- CREATE ORDER ----------------\n            with allure.step(\"Open Orders Page\"):\n                driver.get(\n                    \"https://app-hire-x-dev-multi-tenant-angular-01-bkgee7ewapa0c5es.southeastasia-01.azurewebsites.net/supplier/orders\"\n                )\n                wait.until(EC.url_contains(\"/supplier/orders\"))\n                take_screenshot(driver, \"orders_page\")\n    \n            with allure.step(\"Click New Order\"):\n                wait.until(\n                    EC.element_to_be_clickable(\n                        (By.XPATH, \"//button[contains(text(),'New')]\")\n                    )\n                ).click()\n    \n            with allure.step(\"Verify Create Order Form\"):\n                wait.until(\n                    EC.visibility_of_element_located(\n                        (By.XPATH, \"//*[contains(text(),'Create Order')]\")\n                    )\n                )\n                take_screenshot(driver, \"create_order_form\")\n    \n            # ---------------- SELECT CUSTOMER ----------------\n            with allure.step(\"Select Customer - Amantha Nirmal\"):\n                dropdown = wait.until(\n                    EC.element_to_be_clickable((By.XPATH, \"//ng-select\"))\n                )\n                dropdown.click()\n                time.sleep(1)\n    \n                wait.until(\n                    EC.element_to_be_clickable(\n                        (By.XPATH,\n                         \"//div[contains(@class,'ng-option') and contains(., 'Amantha Nirmal')]\")\n                    )\n                ).click()\n    \n                take_screenshot(driver, \"customer_selected\")\n    \n            # ---------------- CLICK CREATE ----------------\n            with allure.step(\"Click Create Button\"):\n                create_btn = wait.until(\n                    EC.presence_of_element_located(\n                        (By.XPATH, \"//button[@type='submit' and contains(normalize-space(),'Create')]\")\n                    )\n                )\n    \n                driver.execute_script(\n                    \"arguments[0].scrollIntoView({block:'center'});\", create_btn\n                )\n                wait.until(lambda d: create_btn.is_enabled())\n                driver.execute_script(\"arguments[0].click();\", create_btn)\n    \n                take_screenshot(driver, \"create_clicked\")\n    \n            with allure.step(\"Wait for Order Details Page\"):\n                wait.until(EC.url_contains(\"/supplier/orders/\"))\n                take_screenshot(driver, \"order_details_page\")\n    \n            # ---------------- ADD PRODUCT ----------------\n            add_product(driver, wait, \"Set\", 2)\n    \n            # ---------------- SAVE ORDER ----------------\n            with allure.step(\"Save Order\"):\n                save_btn = wait.until(\n                    EC.presence_of_element_located(\n                        (By.XPATH, \"//button[@type='submit' and normalize-space()='Save']\")\n                    )\n                )\n    \n                wait.until(lambda d: save_btn.is_enabled())\n    \n                driver.execute_script(\n                    \"arguments[0].scrollIntoView({block:'center'});\", save_btn\n                )\n                time.sleep(0.5)\n    \n                driver.execute_script(\"arguments[0].click();\", save_btn)\n    \n                take_screenshot(driver, \"order_saved_success\")\n    \n            print(\"✅ TEST PASSED — Order created, product added, and order saved successfully\")\n    \n        except Exception as e:\n            take_screenshot(driver, \"test_failed\")\n>           pytest.fail(f\"Test failed due to error: {str(e)}\")\nE           Failed: Test failed due to error: Message:\n\ntests\\test_create_order.py:234: Failed"}, "steps": [{"name": "Open Tenant Select Page", "status": "passed", "start": 1769053676229, "stop": 1769053690207}, {"name": "Enter Tenant ID", "status": "passed", "start": 1769053690207, "stop": 1769053690340}, {"name": "Set Tenant", "status": "passed", "start": 1769053690340, "stop": 1769053691550}, {"name": "Navigate to Login", "status": "passed", "start": 1769053691550, "stop": 1769053693455}, {"name": "Login with credentials", "status": "passed", "start": 1769053693455, "stop": 1769053693683}, {"name": "Verify Dashboard", "status": "passed", "attachments": [{"name": "dashboard_loaded", "source": "e75d70f7-e49a-4b63-8aa9-4e2969178178-attachment.png", "type": "image/png"}], "start": 1769053693683, "stop": 1769053701484}, {"name": "Open Orders Page", "status": "passed", "attachments": [{"name": "orders_page", "source": "242f84ef-9c3b-4b33-8ba3-b1d96381e1c2-attachment.png", "type": "image/png"}], "start": 1769053701485, "stop": 1769053704640}, {"name": "Click New Order", "status": "passed", "start": 1769053704640, "stop": 1769053707813}, {"name": "Verify Create Order Form", "status": "passed", "attachments": [{"name": "create_order_form", "source": "77671e27-d378-410c-871a-0c0adfaf2deb-attachment.png", "type": "image/png"}], "start": 1769053707813, "stop": 1769053708521}, {"name": "Select Customer - Amantha Nirmal", "status": "passed", "attachments": [{"name": "customer_selected", "source": "670d8561-695f-4b9e-9e5c-a66dec675930-attachment.png", "type": "image/png"}], "start": 1769053708521, "stop": 1769053710069}, {"name": "Click Create Button", "status": "passed", "attachments": [{"name": "create_clicked", "source": "e9f19d61-8f42-42d5-981e-b18e5d093b54-attachment.png", "type": "image/png"}], "start": 1769053710069, "stop": 1769053710286}, {"name": "Wait for Order Details Page", "status": "passed", "attachments": [{"name": "order_details_page", "source": "24963b94-5a8c-4f3e-9823-37cde475ed17-attachment.png", "type": "image/png"}], "start": 1769053710287, "stop": 1769053713993}, {"name": "Add Product - Set (Qty 2)", "status": "broken", "statusDetails": {"message": "selenium.common.exceptions.TimeoutException: Message: \n\n", "trace": "  File \"C:\\Users\\Suchini\\Desktop\\Ateam Software\\Hire-X Automation scripts\\Hire-X-Test-Automation-Scripts\\tests\\test_create_order.py\", line 86, in add_product\n    wait.until(\n    ~~~~~~~~~~^\n        EC.visibility_of_element_located(\n        ^^^^^^^^^^^^^^^^^^^^^^^^^^^^^^^^^\n            (By.XPATH, f\"//*[contains(text(),'{product_name}')]\")\n            ^^^^^^^^^^^^^^^^^^^^^^^^^^^^^^^^^^^^^^^^^^^^^^^^^^^^^\n        )\n        ^\n    )\n    ^\n  File \"C:\\Users\\Suchini\\Desktop\\Ateam Software\\Hire-X Automation scripts\\Hire-X-Test-Automation-Scripts\\venv\\Lib\\site-packages\\selenium\\webdriver\\support\\wait.py\", line 121, in until\n    raise TimeoutException(message, screen, stacktrace)\n"}, "attachments": [{"name": "product_selected_qty", "source": "38c0b98c-2fdb-4594-8765-0a53abc7b9c1-attachment.png", "type": "image/png"}, {"name": "product_added_success", "source": "b455c358-be58-4990-822f-2c673509f792-attachment.png", "type": "image/png"}], "start": 1769053713994, "stop": 1769053752780}], "attachments": [{"name": "test_failed", "source": "65ca6303-2084-44fb-826c-e7787307e9b0-attachment.png", "type": "image/png"}], "start": 1769053676229, "stop": 1769053752983, "uuid": "7115c5fc-aa33-4086-924a-b16adae64c90", "historyId": "b287b2fc0027e5283ee55bbb62a9bf33", "testCaseId": "b287b2fc0027e5283ee55bbb62a9bf33", "fullName": "tests.test_create_order#test_login_and_create_order", "labels": [{"name": "suite", "value": "Orders"}, {"name": "subSuite", "value": "Create Order"}, {"name": "feature", "value": "Order Management"}, {"name": "parentSuite", "value": "Web Automation"}, {"name": "tag", "value": "smoke"}, {"name": "host", "value": "DESKTOP-SCU7Q85"}, {"name": "thread", "value": "21304-MainThread"}, {"name": "framework", "value": "pytest"}, {"name": "language", "value": "cpython3"}, {"name": "package", "value": "tests.test_create_order"}], "titlePath": ["tests", "test_create_order.py"]}