{"name": "Supplier Dashboard - Open New Customer Form and Fill Name", "status": "broken", "statusDetails": {"message": "selenium.common.exceptions.TimeoutException: Message: \nStacktrace:\nSymbols not available. Dumping unresolved backtrace:\n\t0x7ff6e38b88d5\n\t0x7ff6e38b8930\n\t0x7ff6e369165d\n\t0x7ff6e36e9a33\n\t0x7ff6e36e9d3c\n\t0x7ff6e373df67\n\t0x7ff6e373ac97\n\t0x7ff6e36dac29\n\t0x7ff6e36dba93\n\t0x7ff6e3bd0620\n\t0x7ff6e3bcaf60\n\t0x7ff6e3be96c6\n\t0x7ff6e38d5dd4\n\t0x7ff6e38ded7c\n\t0x7ff6e38c1ff4\n\t0x7ff6e38c21a5\n\t0x7ff6e38a7ed2\n\t0x7fff6d397374\n\t0x7fff6d7dcc91", "trace": "driver = <selenium.webdriver.chrome.webdriver.WebDriver (session=\"40e7cf1f174dd851825396ba50f73544\")>\n\n    @allure.title(\"Supplier Dashboard - Open New Customer Form and Fill Name\")\n    def test_open_new_customer_form_fill_name(driver):\n        wait = WebDriverWait(driver, 30)\n    \n        try:\n            # ---------------- OPEN TENANT PAGE ----------------\n            driver.get(\n                \"https://app-hire-x-dev-multi-tenant-angular-01-bkgee7ewapa0c5es.southeastasia-01.azurewebsites.net/webshopnotfound\"\n            )\n    \n            tenant_input = wait.until(\n                EC.visibility_of_element_located((By.CSS_SELECTOR, \"input[type='text']\"))\n            )\n            tenant_input.clear()\n            tenant_input.send_keys(\"GrandRest\")\n    \n            wait.until(\n                EC.element_to_be_clickable((By.XPATH, \"//button[contains(text(),'Set Tenant')]\"))\n            ).click()\n    \n            wait.until(EC.url_contains(\"/home\"))\n    \n            # ---------------- LOGIN ----------------\n            wait.until(\n                EC.element_to_be_clickable((\n                    By.XPATH,\n                    \"//*[contains(translate(text(),'ABCDEFGHIJKLMNOPQRSTUVWXYZ','abcdefghijklmnopqrstuvwxyz'),'sign')]\"\n                ))\n            ).click()\n    \n            wait.until(EC.url_contains(\"/login\"))\n    \n            wait.until(\n                EC.visibility_of_element_located((By.XPATH, \"//input[contains(@type,'email')]\"))\n            ).send_keys(\"suchini@ateamsoftware.com\")\n    \n            wait.until(\n                EC.visibility_of_element_located((By.XPATH, \"//input[contains(@type,'password')]\"))\n            ).send_keys(\"Abc12345\")\n    \n            wait.until(\n                EC.element_to_be_clickable((By.XPATH, \"//button[contains(text(),'Login')]\"))\n            ).click()\n    \n            # ---------------- DASHBOARD ----------------\n            wait.until(EC.url_contains(\"/supplier/dashboard\"))\n    \n            # ---------------- CUSTOMERS PAGE ----------------\n            driver.get(\n                \"https://app-hire-x-dev-multi-tenant-angular-01-bkgee7ewapa0c5es.southeastasia-01.azurewebsites.net/supplier/customers\"\n            )\n            wait.until(EC.url_contains(\"/supplier/customers\"))\n    \n            take_screenshot(driver, \"customer_page_opened\")\n            print(\"âœ… SUCCESS: Navigated to Customers section\")\n    \n            # ---------------- CLICK NEW CUSTOMER ----------------\n            with allure.step(\"Click New Customer Button\"):\n>               new_button = wait.until(\n                    EC.element_to_be_clickable((By.XPATH, \"//button[text()='New']\"))\n                )\n\ntests\\test_customer_create.py:94: \n_ _ _ _ _ _ _ _ _ _ _ _ _ _ _ _ _ _ _ _ _ _ _ _ _ _ _ _ _ _ _ _ _ _ _ _ _ _ _ _ _ _ _ _ _ _ _ _ _ _ _ _ _ _ _ _ _ _ _\n\nself = <selenium.webdriver.support.wait.WebDriverWait (session=\"40e7cf1f174dd851825396ba50f73544\")>\nmethod = <function element_to_be_clickable.<locals>._predicate at 0x00000160E6264D60>, message = ''\n\n    def until(self, method: Callable[[D], Literal[False] | T], message: str = \"\") -> T:\n        \"\"\"Wait until the method returns a value that is not False.\n    \n        Calls the method provided with the driver as an argument until the\n        return value does not evaluate to ``False``.\n    \n        Args:\n            method: A callable object that takes a WebDriver instance as an\n                argument.\n            message: Optional message for TimeoutException.\n    \n        Returns:\n            The result of the last call to `method`.\n    \n        Raises:\n            TimeoutException: If 'method' does not return a truthy value within\n                the WebDriverWait object's timeout.\n    \n        Example:\n            >>> from selenium.webdriver.common.by import By\n            >>> from selenium.webdriver.support.ui import WebDriverWait\n            >>> from selenium.webdriver.support import expected_conditions as EC\n            >>>\n            >>> # Wait until an element is visible on the page\n            >>> wait = WebDriverWait(driver, 10)\n            >>> element = wait.until(EC.visibility_of_element_located((By.ID, \"exampleId\")))\n            >>> print(element.text)\n        \"\"\"\n        screen = None\n        stacktrace = None\n    \n        end_time = time.monotonic() + self._timeout\n        while True:\n            try:\n                value = method(self._driver)\n                if value:\n                    return value\n            except self._ignored_exceptions as exc:\n                screen = getattr(exc, \"screen\", None)\n                stacktrace = getattr(exc, \"stacktrace\", None)\n            if time.monotonic() > end_time:\n                break\n            time.sleep(self._poll)\n>       raise TimeoutException(message, screen, stacktrace)\nE       selenium.common.exceptions.TimeoutException: Message: \nE       Stacktrace:\nE       Symbols not available. Dumping unresolved backtrace:\nE       \t0x7ff6e38b88d5\nE       \t0x7ff6e38b8930\nE       \t0x7ff6e369165d\nE       \t0x7ff6e36e9a33\nE       \t0x7ff6e36e9d3c\nE       \t0x7ff6e373df67\nE       \t0x7ff6e373ac97\nE       \t0x7ff6e36dac29\nE       \t0x7ff6e36dba93\nE       \t0x7ff6e3bd0620\nE       \t0x7ff6e3bcaf60\nE       \t0x7ff6e3be96c6\nE       \t0x7ff6e38d5dd4\nE       \t0x7ff6e38ded7c\nE       \t0x7ff6e38c1ff4\nE       \t0x7ff6e38c21a5\nE       \t0x7ff6e38a7ed2\nE       \t0x7fff6d397374\nE       \t0x7fff6d7dcc91\n\nvenv\\Lib\\site-packages\\selenium\\webdriver\\support\\wait.py:121: TimeoutException"}, "steps": [{"name": "Click New Customer Button", "status": "broken", "statusDetails": {"message": "selenium.common.exceptions.TimeoutException: Message: \nStacktrace:\nSymbols not available. Dumping unresolved backtrace:\n\t0x7ff6e38b88d5\n\t0x7ff6e38b8930\n\t0x7ff6e369165d\n\t0x7ff6e36e9a33\n\t0x7ff6e36e9d3c\n\t0x7ff6e373df67\n\t0x7ff6e373ac97\n\t0x7ff6e36dac29\n\t0x7ff6e36dba93\n\t0x7ff6e3bd0620\n\t0x7ff6e3bcaf60\n\t0x7ff6e3be96c6\n\t0x7ff6e38d5dd4\n\t0x7ff6e38ded7c\n\t0x7ff6e38c1ff4\n\t0x7ff6e38c21a5\n\t0x7ff6e38a7ed2\n\t0x7fff6d397374\n\t0x7fff6d7dcc91\n\n", "trace": "  File \"C:\\Users\\Suchini\\Desktop\\Ateam Software\\Hire-X Automation scripts\\Hire-X-Test-Automation-Scripts\\tests\\test_customer_create.py\", line 94, in test_open_new_customer_form_fill_name\n    new_button = wait.until(\n        EC.element_to_be_clickable((By.XPATH, \"//button[text()='New']\"))\n    )\n  File \"C:\\Users\\Suchini\\Desktop\\Ateam Software\\Hire-X Automation scripts\\Hire-X-Test-Automation-Scripts\\venv\\Lib\\site-packages\\selenium\\webdriver\\support\\wait.py\", line 121, in until\n    raise TimeoutException(message, screen, stacktrace)\n"}, "start": 1769502421360, "stop": 1769502451379}], "attachments": [{"name": "customer_page_opened", "source": "a176c2dc-00b1-46bc-885a-0ed8eed98beb-attachment.png", "type": "image/png"}, {"name": "stdout", "source": "18268f78-e505-4daa-8349-cf8a5454539f-attachment.txt", "type": "text/plain"}], "start": 1769502334931, "stop": 1769502451398, "uuid": "5fe2f3d3-7ed0-4a39-a32d-5982e09e4252", "historyId": "c31c71d946261beab66b85b6321c0abf", "testCaseId": "c31c71d946261beab66b85b6321c0abf", "fullName": "tests.test_customer_create#test_open_new_customer_form_fill_name", "labels": [{"name": "parentSuite", "value": "tests"}, {"name": "suite", "value": "test_customer_create"}, {"name": "host", "value": "DESKTOP-SCU7Q85"}, {"name": "thread", "value": "14916-MainThread"}, {"name": "framework", "value": "pytest"}, {"name": "language", "value": "cpython3"}, {"name": "package", "value": "tests.test_customer_create"}], "titlePath": ["tests", "test_customer_create.py"]}