{"name": "TC03 - Create Product with Category Meals → Breakfast", "status": "broken", "statusDetails": {"message": "selenium.common.exceptions.ElementClickInterceptedException: Message: element click intercepted: Element <a _ngcontent-nah-c150=\"\" class=\"nav-link\" href=\"/login\">...</a> is not clickable at point (1348, 32). Other element would receive the click: <div _ngcontent-nah-c151=\"\" class=\"spinner-wrapper d-flex justify-content-center min-vh-100 ng-tns-c151-1 ng-trigger ng-trigger-fadeOut ng-star-inserted\">...</div>\n  (Session info: chrome=143.0.7499.193); For documentation on this error, please visit: https://www.selenium.dev/documentation/webdriver/troubleshooting/errors#elementclickinterceptedexception\nStacktrace:\nSymbols not available. Dumping unresolved backtrace:\n\t0x7ff7928988d5\n\t0x7ff792898930\n\t0x7ff79267165d\n\t0x7ff7926d19e8\n\t0x7ff7926cf40f\n\t0x7ff7926cc417\n\t0x7ff7926cb338\n\t0x7ff7926bce7f\n\t0x7ff7926f1fda\n\t0x7ff7926bc746\n\t0x7ff79271ac97\n\t0x7ff7926bac29\n\t0x7ff7926bba93\n\t0x7ff792bb0620\n\t0x7ff792baaf60\n\t0x7ff792bc96c6\n\t0x7ff7928b5dd4\n\t0x7ff7928bed7c\n\t0x7ff7928a1ff4\n\t0x7ff7928a21a5\n\t0x7ff792887ed2\n\t0x7fff6d397374\n\t0x7fff6d7dcc91", "trace": "driver = <selenium.webdriver.chrome.webdriver.WebDriver (session=\"e3bed5ab5ccd375b952ec023a8dcf091\")>\n\n    @pytest.mark.smoke\n    @allure.parent_suite(\"Web Automation\")\n    @allure.suite(\"Products\")\n    @allure.sub_suite(\"Create Product\")\n    @allure.feature(\"Product Management\")\n    @allure.title(\"TC03 - Create Product with Category Meals → Breakfast\")\n    def test_create_product_meals_breakfast(driver):\n    \n        wait = WebDriverWait(driver, 30)\n    \n        # ---------------- OPEN TENANT PAGE ----------------\n        with allure.step(\"Open Tenant Select Page\"):\n            driver.get(\n                \"https://app-hire-x-dev-multi-tenant-angular-01-bkgee7ewapa0c5es.southeastasia-01.azurewebsites.net/webshopnotfound\"\n            )\n    \n        with allure.step(\"Enter Tenant ID\"):\n            tenant_input = wait.until(\n                EC.visibility_of_element_located((By.CSS_SELECTOR, \"input[type='text']\"))\n            )\n            tenant_input.clear()\n            tenant_input.send_keys(\"GrandRest\")\n    \n            wait.until(\n                EC.element_to_be_clickable((By.XPATH, \"//button[contains(text(),'Set Tenant')]\"))\n            ).click()\n    \n            wait.until(EC.url_contains(\"/home\"))\n    \n        # ---------------- LOGIN ----------------\n        with allure.step(\"Login as Supplier\"):\n            wait.until(\n                EC.element_to_be_clickable((\n                    By.XPATH,\n                    \"//*[contains(translate(text(),'ABCDEFGHIJKLMNOPQRSTUVWXYZ','abcdefghijklmnopqrstuvwxyz'),'sign')]\"\n                ))\n>           ).click()\n              ^^^^^^^\n\ntests\\product_creation.py:62: \n_ _ _ _ _ _ _ _ _ _ _ _ _ _ _ _ _ _ _ _ _ _ _ _ _ _ _ _ _ _ _ _ _ _ _ _ _ _ _ _ _ _ _ _ _ _ _ _\nvenv\\Lib\\site-packages\\selenium\\webdriver\\remote\\webelement.py:114: in click\n    self._execute(Command.CLICK_ELEMENT)\nvenv\\Lib\\site-packages\\selenium\\webdriver\\remote\\webelement.py:508: in _execute\n    return self._parent.execute(command, params)\n           ^^^^^^^^^^^^^^^^^^^^^^^^^^^^^^^^^^^^^\nvenv\\Lib\\site-packages\\selenium\\webdriver\\remote\\webdriver.py:432: in execute\n    self.error_handler.check_response(response)\n_ _ _ _ _ _ _ _ _ _ _ _ _ _ _ _ _ _ _ _ _ _ _ _ _ _ _ _ _ _ _ _ _ _ _ _ _ _ _ _ _ _ _ _ _ _ _ _\n\nself = <selenium.webdriver.remote.errorhandler.ErrorHandler object at 0x0000020F10CB4AD0>\nresponse = {'status': 400, 'value': '{\"value\":{\"error\":\"element click intercepted\",\"message\":\"element click intercepted: Element ...ff7928bed7c\\\\n\\\\t0x7ff7928a1ff4\\\\n\\\\t0x7ff7928a21a5\\\\n\\\\t0x7ff792887ed2\\\\n\\\\t0x7fff6d397374\\\\n\\\\t0x7fff6d7dcc91\\\\n\"}}'}\n\n    def check_response(self, response: dict[str, Any]) -> None:\n        \"\"\"Check that a JSON response from the WebDriver does not have an error.\n    \n        Args:\n            response: The JSON response from the WebDriver server as a dictionary\n                object.\n    \n        Raises:\n            WebDriverException: If the response contains an error message.\n        \"\"\"\n        status = response.get(\"status\", None)\n        if not status or status == ErrorCode.SUCCESS:\n            return\n        value = None\n        message = response.get(\"message\", \"\")\n        screen: str = response.get(\"screen\", \"\")\n        stacktrace = None\n        if isinstance(status, int):\n            value_json = response.get(\"value\", None)\n            if value_json and isinstance(value_json, str):\n                try:\n                    value = json.loads(value_json)\n                    if isinstance(value, dict):\n                        if len(value) == 1:\n                            value = value[\"value\"]\n                        status = value.get(\"error\", None)\n                        if not status:\n                            status = value.get(\"status\", ErrorCode.UNKNOWN_ERROR)\n                            message = value.get(\"value\") or value.get(\"message\")\n                            if not isinstance(message, str):\n                                value = message\n                                message = message.get(\"message\") if isinstance(message, dict) else None\n                        else:\n                            message = value.get(\"message\", None)\n                except ValueError:\n                    pass\n    \n        exception_class: type[WebDriverException]\n        e = ErrorCode()\n        error_codes = [item for item in dir(e) if not item.startswith(\"__\")]\n        for error_code in error_codes:\n            error_info = getattr(ErrorCode, error_code)\n            if isinstance(error_info, list) and status in error_info:\n                exception_class = getattr(ExceptionMapping, error_code, WebDriverException)\n                break\n        else:\n            exception_class = WebDriverException\n    \n        if not value:\n            value = response[\"value\"]\n        if isinstance(value, str):\n            raise exception_class(value)\n        if message == \"\" and \"message\" in value:\n            message = value[\"message\"]\n    \n        screen = None  # type: ignore[assignment]\n        if \"screen\" in value:\n            screen = value[\"screen\"]\n    \n        stacktrace = None\n        st_value = value.get(\"stackTrace\") or value.get(\"stacktrace\")\n        if st_value:\n            if isinstance(st_value, str):\n                stacktrace = st_value.split(\"\\n\")\n            else:\n                stacktrace = []\n                try:\n                    for frame in st_value:\n                        line = frame.get(\"lineNumber\", \"\")\n                        file = frame.get(\"fileName\", \"<anonymous>\")\n                        if line:\n                            file = f\"{file}:{line}\"\n                        meth = frame.get(\"methodName\", \"<anonymous>\")\n                        if \"className\" in frame:\n                            meth = f\"{frame['className']}.{meth}\"\n                        msg = \"    at %s (%s)\"\n                        msg = msg % (meth, file)\n                        stacktrace.append(msg)\n                except TypeError:\n                    pass\n        if exception_class == UnexpectedAlertPresentException:\n            alert_text = None\n            if \"data\" in value:\n                alert_text = value[\"data\"].get(\"text\")\n            elif \"alert\" in value:\n                alert_text = value[\"alert\"].get(\"text\")\n            raise exception_class(message, screen, stacktrace, alert_text)  # type: ignore[call-arg]  # mypy is not smart enough here\n>       raise exception_class(message, screen, stacktrace)\nE       selenium.common.exceptions.ElementClickInterceptedException: Message: element click intercepted: Element <a _ngcontent-nah-c150=\"\" class=\"nav-link\" href=\"/login\">...</a> is not clickable at point (1348, 32). Other element would receive the click: <div _ngcontent-nah-c151=\"\" class=\"spinner-wrapper d-flex justify-content-center min-vh-100 ng-tns-c151-1 ng-trigger ng-trigger-fadeOut ng-star-inserted\">...</div>\nE         (Session info: chrome=143.0.7499.193); For documentation on this error, please visit: https://www.selenium.dev/documentation/webdriver/troubleshooting/errors#elementclickinterceptedexception\nE       Stacktrace:\nE       Symbols not available. Dumping unresolved backtrace:\nE       \t0x7ff7928988d5\nE       \t0x7ff792898930\nE       \t0x7ff79267165d\nE       \t0x7ff7926d19e8\nE       \t0x7ff7926cf40f\nE       \t0x7ff7926cc417\nE       \t0x7ff7926cb338\nE       \t0x7ff7926bce7f\nE       \t0x7ff7926f1fda\nE       \t0x7ff7926bc746\nE       \t0x7ff79271ac97\nE       \t0x7ff7926bac29\nE       \t0x7ff7926bba93\nE       \t0x7ff792bb0620\nE       \t0x7ff792baaf60\nE       \t0x7ff792bc96c6\nE       \t0x7ff7928b5dd4\nE       \t0x7ff7928bed7c\nE       \t0x7ff7928a1ff4\nE       \t0x7ff7928a21a5\nE       \t0x7ff792887ed2\nE       \t0x7fff6d397374\nE       \t0x7fff6d7dcc91\n\nvenv\\Lib\\site-packages\\selenium\\webdriver\\remote\\errorhandler.py:232: ElementClickInterceptedException"}, "steps": [{"name": "Open Tenant Select Page", "status": "passed", "start": 1769076490343, "stop": 1769076501508}, {"name": "Enter Tenant ID", "status": "passed", "start": 1769076501508, "stop": 1769076502912}, {"name": "Login as Supplier", "status": "broken", "statusDetails": {"message": "selenium.common.exceptions.ElementClickInterceptedException: Message: element click intercepted: Element <a _ngcontent-nah-c150=\"\" class=\"nav-link\" href=\"/login\">...</a> is not clickable at point (1348, 32). Other element would receive the click: <div _ngcontent-nah-c151=\"\" class=\"spinner-wrapper d-flex justify-content-center min-vh-100 ng-tns-c151-1 ng-trigger ng-trigger-fadeOut ng-star-inserted\">...</div>\n  (Session info: chrome=143.0.7499.193); For documentation on this error, please visit: https://www.selenium.dev/documentation/webdriver/troubleshooting/errors#elementclickinterceptedexception\nStacktrace:\nSymbols not available. Dumping unresolved backtrace:\n\t0x7ff7928988d5\n\t0x7ff792898930\n\t0x7ff79267165d\n\t0x7ff7926d19e8\n\t0x7ff7926cf40f\n\t0x7ff7926cc417\n\t0x7ff7926cb338\n\t0x7ff7926bce7f\n\t0x7ff7926f1fda\n\t0x7ff7926bc746\n\t0x7ff79271ac97\n\t0x7ff7926bac29\n\t0x7ff7926bba93\n\t0x7ff792bb0620\n\t0x7ff792baaf60\n\t0x7ff792bc96c6\n\t0x7ff7928b5dd4\n\t0x7ff7928bed7c\n\t0x7ff7928a1ff4\n\t0x7ff7928a21a5\n\t0x7ff792887ed2\n\t0x7fff6d397374\n\t0x7fff6d7dcc91\n\n", "trace": "  File \"C:\\Users\\Suchini\\Desktop\\Ateam Software\\Hire-X Automation scripts\\Hire-X-Test-Automation-Scripts\\tests\\product_creation.py\", line 62, in test_create_product_meals_breakfast\n    ).click()\n      ~~~~~^^\n  File \"C:\\Users\\Suchini\\Desktop\\Ateam Software\\Hire-X Automation scripts\\Hire-X-Test-Automation-Scripts\\venv\\Lib\\site-packages\\selenium\\webdriver\\remote\\webelement.py\", line 114, in click\n    self._execute(Command.CLICK_ELEMENT)\n    ~~~~~~~~~~~~~^^^^^^^^^^^^^^^^^^^^^^^\n  File \"C:\\Users\\Suchini\\Desktop\\Ateam Software\\Hire-X Automation scripts\\Hire-X-Test-Automation-Scripts\\venv\\Lib\\site-packages\\selenium\\webdriver\\remote\\webelement.py\", line 508, in _execute\n    return self._parent.execute(command, params)\n           ~~~~~~~~~~~~~~~~~~~~^^^^^^^^^^^^^^^^^\n  File \"C:\\Users\\Suchini\\Desktop\\Ateam Software\\Hire-X Automation scripts\\Hire-X-Test-Automation-Scripts\\venv\\Lib\\site-packages\\selenium\\webdriver\\remote\\webdriver.py\", line 432, in execute\n    self.error_handler.check_response(response)\n    ~~~~~~~~~~~~~~~~~~~~~~~~~~~~~~~~~^^^^^^^^^^\n  File \"C:\\Users\\Suchini\\Desktop\\Ateam Software\\Hire-X Automation scripts\\Hire-X-Test-Automation-Scripts\\venv\\Lib\\site-packages\\selenium\\webdriver\\remote\\errorhandler.py\", line 232, in check_response\n    raise exception_class(message, screen, stacktrace)\n"}, "start": 1769076502912, "stop": 1769076504570}], "start": 1769076490343, "stop": 1769076504575, "uuid": "7be5a146-8be0-43bf-a39d-8f976ebb7ef5", "historyId": "98c0709d52a89f339fe9824457ce85fd", "testCaseId": "98c0709d52a89f339fe9824457ce85fd", "fullName": "tests.product_creation#test_create_product_meals_breakfast", "labels": [{"name": "suite", "value": "Products"}, {"name": "feature", "value": "Product Management"}, {"name": "subSuite", "value": "Create Product"}, {"name": "parentSuite", "value": "Web Automation"}, {"name": "tag", "value": "smoke"}, {"name": "host", "value": "DESKTOP-SCU7Q85"}, {"name": "thread", "value": "2908-MainThread"}, {"name": "framework", "value": "pytest"}, {"name": "language", "value": "cpython3"}, {"name": "package", "value": "tests.product_creation"}], "titlePath": ["tests", "product_creation.py"]}