{"name": "TC03 - Create Product with Category Meals → Breakfast", "status": "broken", "statusDetails": {"message": "selenium.common.exceptions.TimeoutException: Message: \nStacktrace:\nSymbols not available. Dumping unresolved backtrace:\n\t0x7ff7928988d5\n\t0x7ff792898930\n\t0x7ff79267165d\n\t0x7ff7926c9a33\n\t0x7ff7926c9d3c\n\t0x7ff79271df67\n\t0x7ff79271ac97\n\t0x7ff7926bac29\n\t0x7ff7926bba93\n\t0x7ff792bb0620\n\t0x7ff792baaf60\n\t0x7ff792bc96c6\n\t0x7ff7928b5dd4\n\t0x7ff7928bed7c\n\t0x7ff7928a1ff4\n\t0x7ff7928a21a5\n\t0x7ff792887ed2\n\t0x7fff6d397374\n\t0x7fff6d7dcc91", "trace": "driver = <selenium.webdriver.chrome.webdriver.WebDriver (session=\"dd55e49a4ba01c1a4c26fe808b59d136\")>\n\n    @pytest.mark.smoke\n    @allure.parent_suite(\"Web Automation\")\n    @allure.suite(\"Products\")\n    @allure.sub_suite(\"Create Product\")\n    @allure.feature(\"Product Management\")\n    @allure.title(\"TC03 - Create Product with Category Meals → Breakfast\")\n    def test_create_product_meals_breakfast(driver):\n    \n        wait = WebDriverWait(driver, 30)\n    \n        # ---------------- OPEN TENANT PAGE ----------------\n        with allure.step(\"Open Tenant Select Page\"):\n            driver.get(\n                \"https://app-hire-x-dev-multi-tenant-angular-01-bkgee7ewapa0c5es.southeastasia-01.azurewebsites.net/webshopnotfound\"\n            )\n    \n        with allure.step(\"Enter Tenant ID\"):\n            tenant_input = wait.until(\n                EC.visibility_of_element_located((By.CSS_SELECTOR, \"input[type='text']\"))\n            )\n            tenant_input.clear()\n            tenant_input.send_keys(\"GrandRest\")\n    \n            wait.until(\n                EC.element_to_be_clickable((By.XPATH, \"//button[contains(text(),'Set Tenant')]\"))\n            ).click()\n    \n            wait.until(EC.url_contains(\"/home\"))\n    \n        # ---------------- LOGIN ----------------\n        with allure.step(\"Login as Supplier\"):\n            wait.until(\n                EC.element_to_be_clickable((\n                    By.XPATH,\n                    \"//*[contains(translate(text(),'ABCDEFGHIJKLMNOPQRSTUVWXYZ','abcdefghijklmnopqrstuvwxyz'),'sign')]\"\n                ))\n            ).click()\n    \n            wait.until(EC.url_contains(\"/login\"))\n    \n            wait.until(\n                EC.visibility_of_element_located((By.XPATH, \"//input[contains(@type,'email')]\"))\n            ).send_keys(\"suchini@ateamsoftware.com\")\n    \n            wait.until(\n                EC.visibility_of_element_located((By.XPATH, \"//input[contains(@type,'password')]\"))\n            ).send_keys(\"Abc12345\")\n    \n            wait.until(\n                EC.element_to_be_clickable((By.XPATH, \"//button[contains(text(),'Login')]\"))\n            ).click()\n    \n            wait.until(EC.url_contains(\"/supplier/dashboard\"))\n    \n        # ---------------- PRODUCTS PAGE ----------------\n        with allure.step(\"Open Products Page\"):\n            driver.get(\n                \"https://app-hire-x-dev-multi-tenant-angular-01-bkgee7ewapa0c5es.southeastasia-01.azurewebsites.net/supplier/products\"\n            )\n            wait.until(EC.url_contains(\"/supplier/products\"))\n            take_screenshot(driver, \"products_page\")\n    \n        # ---------------- CLICK NEW ----------------\n        with allure.step(\"Click New Product\"):\n            wait.until(\n                EC.element_to_be_clickable((By.XPATH, \"//button[normalize-space()='New']\"))\n            ).click()\n    \n        # ---------------- CATEGORY SELECTION ----------------\n        with allure.step(\"Select Category: Meals → Breakfast\"):\n    \n            dropdown_btn = wait.until(\n                EC.element_to_be_clickable((\n                    By.XPATH,\n                    \"//button[contains(@class,'dropdown-toggle') and contains(.,'Please select')]\"\n                ))\n            )\n            driver.execute_script(\"arguments[0].click();\", dropdown_btn)\n    \n            meals_expand_icon = wait.until(\n                EC.element_to_be_clickable((\n                    By.XPATH,\n                    \"//label[normalize-space()='Meals']/preceding-sibling::span\"\n                ))\n            )\n            driver.execute_script(\"arguments[0].click();\", meals_expand_icon)\n    \n            breakfast_option = wait.until(\n                EC.element_to_be_clickable((\n                    By.XPATH,\n                    \"//label[normalize-space()='Breakfast']\"\n                ))\n            )\n            driver.execute_script(\"arguments[0].click();\", breakfast_option)\n    \n            take_screenshot(driver, \"category_meals_breakfast_selected\")\n    \n        # ---------------- PRODUCT DETAILS ----------------\n        with allure.step(\"Enter Product Name\"):\n            name_input = wait.until(\n                EC.visibility_of_element_located((By.NAME, \"name\"))\n            )\n            name_input.clear()\n            name_input.send_keys(\"Croissant\")\n            take_screenshot(driver, \"product_name_entered\")\n    \n        with allure.step(\"Enter Product Summary\"):\n            summary_input = wait.until(\n                EC.visibility_of_element_located((By.NAME, \"shortDescription\"))\n            )\n            summary_input.clear()\n            summary_input.send_keys(\n                \"A freshly baked, flaky butter croissant with a golden crust, \"\n                \"perfect for a light and satisfying breakfast.\"\n            )\n            take_screenshot(driver, \"product_summary_entered\")\n    \n        with allure.step(\"Enter Price Note\"):\n            price_note = wait.until(\n                EC.visibility_of_element_located((By.NAME, \"priceNote\"))\n            )\n            price_note.clear()\n            price_note.send_keys(\"Day Rental\")\n            take_screenshot(driver, \"price_note_entered\")\n    \n        with allure.step(\"Enter Base Price\"):\n            base_price = wait.until(\n                EC.visibility_of_element_located((By.NAME, \"basePrice\"))\n            )\n            base_price.clear()\n            base_price.send_keys(\"5\")\n            take_screenshot(driver, \"base_price_entered\")\n    \n        with allure.step(\"Enter Security Deposit\"):\n            bond_input = wait.until(\n                EC.visibility_of_element_located((By.NAME, \"bond\"))\n            )\n            bond_input.clear()\n            bond_input.send_keys(\"2\")\n            take_screenshot(driver, \"bond_entered\")\n    \n        # ---------------- IMAGE UPLOAD ----------------\n        with allure.step(\"Upload Product Image\"):\n            image_path = r\"C:\\Users\\Suchini\\Desktop\\Test Automation\\test_images\\croissant.jpg\"\n    \n            file_input = wait.until(\n                EC.presence_of_element_located((By.NAME, \"inputFieldName\"))\n            )\n            file_input.send_keys(image_path)\n    \n            take_screenshot(driver, \"image_uploaded\")\n    \n            wait.until(\n                EC.invisibility_of_element_located((By.CLASS_NAME, \"spinner-border\"))\n            )\n    \n        # ---------------- CREATE PRODUCT ----------------\n        with allure.step(\"Click Create Button\"):\n            create_btn = wait.until(\n                EC.element_to_be_clickable((\n                    By.XPATH,\n                    \"//button[@type='submit' and normalize-space()='Create']\"\n                ))\n            )\n    \n            driver.execute_script(\n                \"arguments[0].scrollIntoView({block:'center'});\", create_btn\n            )\n            time.sleep(0.5)\n            driver.execute_script(\"arguments[0].click();\", create_btn)\n    \n            take_screenshot(driver, \"product_created\")\n    \n        with allure.step(\"Verify Product Details Tab\"):\n>           details_tab = wait.until(\n                EC.element_to_be_clickable((\n                    By.XPATH,\n                    \"//a[contains(@class,'nav-link') and .//span[normalize-space()='Details']]\"\n                ))\n            )\n\ntests\\product_creation.py:200: \n_ _ _ _ _ _ _ _ _ _ _ _ _ _ _ _ _ _ _ _ _ _ _ _ _ _ _ _ _ _ _ _ _ _ _ _ _ _ _ _ _ _ _ _ _ _ _ _\n\nself = <selenium.webdriver.support.wait.WebDriverWait (session=\"dd55e49a4ba01c1a4c26fe808b59d136\")>\nmethod = <function element_to_be_clickable.<locals>._predicate at 0x0000020B455E2AC0>\nmessage = ''\n\n    def until(self, method: Callable[[D], Literal[False] | T], message: str = \"\") -> T:\n        \"\"\"Wait until the method returns a value that is not False.\n    \n        Calls the method provided with the driver as an argument until the\n        return value does not evaluate to ``False``.\n    \n        Args:\n            method: A callable object that takes a WebDriver instance as an\n                argument.\n            message: Optional message for TimeoutException.\n    \n        Returns:\n            The result of the last call to `method`.\n    \n        Raises:\n            TimeoutException: If 'method' does not return a truthy value within\n                the WebDriverWait object's timeout.\n    \n        Example:\n            >>> from selenium.webdriver.common.by import By\n            >>> from selenium.webdriver.support.ui import WebDriverWait\n            >>> from selenium.webdriver.support import expected_conditions as EC\n            >>>\n            >>> # Wait until an element is visible on the page\n            >>> wait = WebDriverWait(driver, 10)\n            >>> element = wait.until(EC.visibility_of_element_located((By.ID, \"exampleId\")))\n            >>> print(element.text)\n        \"\"\"\n        screen = None\n        stacktrace = None\n    \n        end_time = time.monotonic() + self._timeout\n        while True:\n            try:\n                value = method(self._driver)\n                if value:\n                    return value\n            except self._ignored_exceptions as exc:\n                screen = getattr(exc, \"screen\", None)\n                stacktrace = getattr(exc, \"stacktrace\", None)\n            if time.monotonic() > end_time:\n                break\n            time.sleep(self._poll)\n>       raise TimeoutException(message, screen, stacktrace)\nE       selenium.common.exceptions.TimeoutException: Message: \nE       Stacktrace:\nE       Symbols not available. Dumping unresolved backtrace:\nE       \t0x7ff7928988d5\nE       \t0x7ff792898930\nE       \t0x7ff79267165d\nE       \t0x7ff7926c9a33\nE       \t0x7ff7926c9d3c\nE       \t0x7ff79271df67\nE       \t0x7ff79271ac97\nE       \t0x7ff7926bac29\nE       \t0x7ff7926bba93\nE       \t0x7ff792bb0620\nE       \t0x7ff792baaf60\nE       \t0x7ff792bc96c6\nE       \t0x7ff7928b5dd4\nE       \t0x7ff7928bed7c\nE       \t0x7ff7928a1ff4\nE       \t0x7ff7928a21a5\nE       \t0x7ff792887ed2\nE       \t0x7fff6d397374\nE       \t0x7fff6d7dcc91\n\nvenv\\Lib\\site-packages\\selenium\\webdriver\\support\\wait.py:121: TimeoutException"}, "steps": [{"name": "Open Tenant Select Page", "status": "passed", "start": 1769076409661, "stop": 1769076428483}, {"name": "Enter Tenant ID", "status": "passed", "start": 1769076428483, "stop": 1769076434935}, {"name": "Login as Supplier", "status": "passed", "start": 1769076434935, "stop": 1769076440403}, {"name": "Open Products Page", "status": "passed", "attachments": [{"name": "products_page", "source": "2fd26c05-2892-4d1a-8f33-a406a9c258bc-attachment.png", "type": "image/png"}], "start": 1769076440403, "stop": 1769076445617}, {"name": "Click New Product", "status": "passed", "start": 1769076445617, "stop": 1769076449645}, {"name": "Select Category: Meals → Breakfast", "status": "passed", "attachments": [{"name": "category_meals_breakfast_selected", "source": "f2d8658e-c554-4136-a103-1e81dd339e06-attachment.png", "type": "image/png"}], "start": 1769076449645, "stop": 1769076452139}, {"name": "Enter Product Name", "status": "passed", "attachments": [{"name": "product_name_entered", "source": "3d632c32-d57d-4b0a-8bc6-6515a43738f5-attachment.png", "type": "image/png"}], "start": 1769076452139, "stop": 1769076452351}, {"name": "Enter Product Summary", "status": "passed", "attachments": [{"name": "product_summary_entered", "source": "d0a5d650-7bb2-4ac4-bcc3-45917ebf2931-attachment.png", "type": "image/png"}], "start": 1769076452351, "stop": 1769076452665}, {"name": "Enter Price Note", "status": "passed", "attachments": [{"name": "price_note_entered", "source": "8bdadbf7-542a-430a-9691-3d4e05d4e934-attachment.png", "type": "image/png"}], "start": 1769076452665, "stop": 1769076452915}, {"name": "Enter Base Price", "status": "passed", "attachments": [{"name": "base_price_entered", "source": "7225344f-0fc7-4d23-82d8-ff3677a79590-attachment.png", "type": "image/png"}], "start": 1769076452915, "stop": 1769076453161}, {"name": "Enter Security Deposit", "status": "passed", "attachments": [{"name": "bond_entered", "source": "9ee6847c-10af-4685-9347-ac79f9616a5d-attachment.png", "type": "image/png"}], "start": 1769076453161, "stop": 1769076453445}, {"name": "Upload Product Image", "status": "passed", "attachments": [{"name": "image_uploaded", "source": "15da9eaa-3566-4a0d-8876-c82cba5d4d6e-attachment.png", "type": "image/png"}], "start": 1769076453445, "stop": 1769076453621}, {"name": "Click Create Button", "status": "passed", "attachments": [{"name": "product_created", "source": "7ac91902-97a5-4c01-8313-5723e96277cf-attachment.png", "type": "image/png"}], "start": 1769076453621, "stop": 1769076454318}, {"name": "Verify Product Details Tab", "status": "broken", "statusDetails": {"message": "selenium.common.exceptions.TimeoutException: Message: \nStacktrace:\nSymbols not available. Dumping unresolved backtrace:\n\t0x7ff7928988d5\n\t0x7ff792898930\n\t0x7ff79267165d\n\t0x7ff7926c9a33\n\t0x7ff7926c9d3c\n\t0x7ff79271df67\n\t0x7ff79271ac97\n\t0x7ff7926bac29\n\t0x7ff7926bba93\n\t0x7ff792bb0620\n\t0x7ff792baaf60\n\t0x7ff792bc96c6\n\t0x7ff7928b5dd4\n\t0x7ff7928bed7c\n\t0x7ff7928a1ff4\n\t0x7ff7928a21a5\n\t0x7ff792887ed2\n\t0x7fff6d397374\n\t0x7fff6d7dcc91\n\n", "trace": "  File \"C:\\Users\\Suchini\\Desktop\\Ateam Software\\Hire-X Automation scripts\\Hire-X-Test-Automation-Scripts\\tests\\product_creation.py\", line 200, in test_create_product_meals_breakfast\n    details_tab = wait.until(\n        EC.element_to_be_clickable((\n    ...<2 lines>...\n        ))\n    )\n  File \"C:\\Users\\Suchini\\Desktop\\Ateam Software\\Hire-X Automation scripts\\Hire-X-Test-Automation-Scripts\\venv\\Lib\\site-packages\\selenium\\webdriver\\support\\wait.py\", line 121, in until\n    raise TimeoutException(message, screen, stacktrace)\n"}, "start": 1769076454318, "stop": 1769076484342}], "start": 1769076409661, "stop": 1769076484347, "uuid": "1147a3af-3a19-4d83-beb4-6454ec09b19c", "historyId": "98c0709d52a89f339fe9824457ce85fd", "testCaseId": "98c0709d52a89f339fe9824457ce85fd", "fullName": "tests.product_creation#test_create_product_meals_breakfast", "labels": [{"name": "suite", "value": "Products"}, {"name": "parentSuite", "value": "Web Automation"}, {"name": "subSuite", "value": "Create Product"}, {"name": "feature", "value": "Product Management"}, {"name": "tag", "value": "smoke"}, {"name": "host", "value": "DESKTOP-SCU7Q85"}, {"name": "thread", "value": "18920-MainThread"}, {"name": "framework", "value": "pytest"}, {"name": "language", "value": "cpython3"}, {"name": "package", "value": "tests.product_creation"}], "titlePath": ["tests", "product_creation.py"]}