{"name": "TC02 - Create Order with Product and Save", "status": "failed", "statusDetails": {"message": "Failed: Test failed due to error: Message:", "trace": "driver = <selenium.webdriver.chrome.webdriver.WebDriver (session=\"e5ad7f94ff83da33783a3f67579b1c7b\")>\n\n    @pytest.mark.smoke\n    @allure.parent_suite(\"Web Automation\")\n    @allure.suite(\"Orders\")\n    @allure.sub_suite(\"Create Order\")\n    @allure.feature(\"Order Management\")\n    @allure.title(\"TC02 - Create Order with Product and Save\")\n    def test_login_and_create_order(driver):\n    \n        wait = WebDriverWait(driver, 25)\n    \n        try:\n            driver.maximize_window()\n    \n            # ---------------- LOGIN ----------------\n            with allure.step(\"Open Tenant Select Page\"):\n                driver.get(\n                    \"https://app-hire-x-dev-multi-tenant-angular-01-bkgee7ewapa0c5es.southeastasia-01.azurewebsites.net/webshopnotfound\"\n                )\n    \n            with allure.step(\"Enter Tenant ID\"):\n                tenant = wait.until(EC.visibility_of_element_located((By.CSS_SELECTOR, \"input[type='text']\")))\n                tenant.clear()\n                tenant.send_keys(\"GrandRest\")\n    \n            with allure.step(\"Set Tenant\"):\n                wait.until(EC.element_to_be_clickable((By.XPATH, \"//button[contains(text(),'Set Tenant')]\"))).click()\n    \n            with allure.step(\"Navigate to Login\"):\n                wait.until(EC.url_contains(\"/home\"))\n                wait.until(\n                    EC.element_to_be_clickable(\n                        (By.XPATH, \"//*[contains(translate(text(),'ABCDEFGHIJKLMNOPQRSTUVWXYZ','abcdefghijklmnopqrstuvwxyz'),'sign')]\")\n                    )\n                ).click()\n    \n            with allure.step(\"Login with credentials\"):\n                wait.until(EC.url_contains(\"/login\"))\n                driver.find_element(By.XPATH, \"//input[contains(@type,'email')]\").send_keys(\"suchini@ateamsoftware.com\")\n                driver.find_element(By.XPATH, \"//input[contains(@type,'password')]\").send_keys(\"Abc12345\")\n                driver.find_element(By.XPATH, \"//button[contains(text(),'Login')]\").click()\n    \n            with allure.step(\"Verify Dashboard\"):\n                wait.until(EC.url_contains(\"/supplier/dashboard\"))\n                take_screenshot(driver, \"dashboard_loaded\")\n    \n            # ---------------- CREATE ORDER ----------------\n            with allure.step(\"Open Orders Page\"):\n                driver.get(\"https://app-hire-x-dev-multi-tenant-angular-01-bkgee7ewapa0c5es.southeastasia-01.azurewebsites.net/supplier/orders\")\n                wait.until(EC.url_contains(\"/supplier/orders\"))\n                take_screenshot(driver, \"orders_page\")\n    \n            with allure.step(\"Click New Order\"):\n                wait.until(EC.element_to_be_clickable((By.XPATH, \"//button[contains(text(),'New')]\"))).click()\n    \n            with allure.step(\"Verify Create Order Form\"):\n                wait.until(EC.visibility_of_element_located((By.XPATH, \"//*[contains(text(),'Create Order')]\")))\n                take_screenshot(driver, \"create_order_form\")\n    \n            # ---------------- SELECT CUSTOMER ----------------\n            with allure.step(\"Select Customer - Amantha Nirmal\"):\n                dropdown = wait.until(EC.element_to_be_clickable((By.XPATH, \"//ng-select\")))\n                dropdown.click()\n                time.sleep(1)\n                wait.until(\n                    EC.element_to_be_clickable((By.XPATH, \"//div[contains(@class,'ng-option') and contains(., 'Amantha Nirmal')]\"))\n                ).click()\n                take_screenshot(driver, \"customer_selected\")\n    \n            # ---------------- CLICK CREATE ----------------\n            with allure.step(\"Click Create Button\"):\n                create_btn = wait.until(EC.element_to_be_clickable(\n                    (By.XPATH, \"//button[@type='submit' and contains(normalize-space(),'Create')]\")\n                ))\n                driver.execute_script(\"arguments[0].scrollIntoView({block:'center'});\", create_btn)\n                time.sleep(0.5)\n                try:\n                    create_btn.click()\n                except:\n                    driver.execute_script(\"arguments[0].click();\", create_btn)\n                take_screenshot(driver, \"create_clicked\")\n    \n            with allure.step(\"Wait for Order Details Page\"):\n                wait.until(EC.url_contains(\"/supplier/orders/\"))\n                take_screenshot(driver, \"order_details_page\")\n    \n            # ---------------- ADD PRODUCT ----------------\n>           add_product(driver, wait, \"Set\", 2)\n\ntests\\test_create_order.py:169: \n_ _ _ _ _ _ _ _ _ _ _ _ _ _ _ _ _ _ _ _ _ _ _ _ _ _ _ _ _ _ _ _ _ _ _ _ _ _ _ _ _ _ _ _ _ _ _ _\ntests\\test_create_order.py:80: in add_product\n    wait.until(EC.visibility_of_element_located((By.XPATH, f\"//*[contains(text(),'{product_name}')]\")))\n_ _ _ _ _ _ _ _ _ _ _ _ _ _ _ _ _ _ _ _ _ _ _ _ _ _ _ _ _ _ _ _ _ _ _ _ _ _ _ _ _ _ _ _ _ _ _ _\n\nself = <selenium.webdriver.support.wait.WebDriverWait (session=\"e5ad7f94ff83da33783a3f67579b1c7b\")>\nmethod = <function visibility_of_element_located.<locals>._predicate at 0x000001298EFCA8E0>\nmessage = ''\n\n    def until(self, method: Callable[[D], Literal[False] | T], message: str = \"\") -> T:\n        \"\"\"Wait until the method returns a value that is not False.\n    \n        Calls the method provided with the driver as an argument until the\n        return value does not evaluate to ``False``.\n    \n        Args:\n            method: A callable object that takes a WebDriver instance as an\n                argument.\n            message: Optional message for TimeoutException.\n    \n        Returns:\n            The result of the last call to `method`.\n    \n        Raises:\n            TimeoutException: If 'method' does not return a truthy value within\n                the WebDriverWait object's timeout.\n    \n        Example:\n            >>> from selenium.webdriver.common.by import By\n            >>> from selenium.webdriver.support.ui import WebDriverWait\n            >>> from selenium.webdriver.support import expected_conditions as EC\n            >>>\n            >>> # Wait until an element is visible on the page\n            >>> wait = WebDriverWait(driver, 10)\n            >>> element = wait.until(EC.visibility_of_element_located((By.ID, \"exampleId\")))\n            >>> print(element.text)\n        \"\"\"\n        screen = None\n        stacktrace = None\n    \n        end_time = time.monotonic() + self._timeout\n        while True:\n            try:\n                value = method(self._driver)\n                if value:\n                    return value\n            except self._ignored_exceptions as exc:\n                screen = getattr(exc, \"screen\", None)\n                stacktrace = getattr(exc, \"stacktrace\", None)\n            if time.monotonic() > end_time:\n                break\n            time.sleep(self._poll)\n>       raise TimeoutException(message, screen, stacktrace)\nE       selenium.common.exceptions.TimeoutException: Message:\n\nvenv\\Lib\\site-packages\\selenium\\webdriver\\support\\wait.py:121: TimeoutException\n\nDuring handling of the above exception, another exception occurred:\n\ndriver = <selenium.webdriver.chrome.webdriver.WebDriver (session=\"e5ad7f94ff83da33783a3f67579b1c7b\")>\n\n    @pytest.mark.smoke\n    @allure.parent_suite(\"Web Automation\")\n    @allure.suite(\"Orders\")\n    @allure.sub_suite(\"Create Order\")\n    @allure.feature(\"Order Management\")\n    @allure.title(\"TC02 - Create Order with Product and Save\")\n    def test_login_and_create_order(driver):\n    \n        wait = WebDriverWait(driver, 25)\n    \n        try:\n            driver.maximize_window()\n    \n            # ---------------- LOGIN ----------------\n            with allure.step(\"Open Tenant Select Page\"):\n                driver.get(\n                    \"https://app-hire-x-dev-multi-tenant-angular-01-bkgee7ewapa0c5es.southeastasia-01.azurewebsites.net/webshopnotfound\"\n                )\n    \n            with allure.step(\"Enter Tenant ID\"):\n                tenant = wait.until(EC.visibility_of_element_located((By.CSS_SELECTOR, \"input[type='text']\")))\n                tenant.clear()\n                tenant.send_keys(\"GrandRest\")\n    \n            with allure.step(\"Set Tenant\"):\n                wait.until(EC.element_to_be_clickable((By.XPATH, \"//button[contains(text(),'Set Tenant')]\"))).click()\n    \n            with allure.step(\"Navigate to Login\"):\n                wait.until(EC.url_contains(\"/home\"))\n                wait.until(\n                    EC.element_to_be_clickable(\n                        (By.XPATH, \"//*[contains(translate(text(),'ABCDEFGHIJKLMNOPQRSTUVWXYZ','abcdefghijklmnopqrstuvwxyz'),'sign')]\")\n                    )\n                ).click()\n    \n            with allure.step(\"Login with credentials\"):\n                wait.until(EC.url_contains(\"/login\"))\n                driver.find_element(By.XPATH, \"//input[contains(@type,'email')]\").send_keys(\"suchini@ateamsoftware.com\")\n                driver.find_element(By.XPATH, \"//input[contains(@type,'password')]\").send_keys(\"Abc12345\")\n                driver.find_element(By.XPATH, \"//button[contains(text(),'Login')]\").click()\n    \n            with allure.step(\"Verify Dashboard\"):\n                wait.until(EC.url_contains(\"/supplier/dashboard\"))\n                take_screenshot(driver, \"dashboard_loaded\")\n    \n            # ---------------- CREATE ORDER ----------------\n            with allure.step(\"Open Orders Page\"):\n                driver.get(\"https://app-hire-x-dev-multi-tenant-angular-01-bkgee7ewapa0c5es.southeastasia-01.azurewebsites.net/supplier/orders\")\n                wait.until(EC.url_contains(\"/supplier/orders\"))\n                take_screenshot(driver, \"orders_page\")\n    \n            with allure.step(\"Click New Order\"):\n                wait.until(EC.element_to_be_clickable((By.XPATH, \"//button[contains(text(),'New')]\"))).click()\n    \n            with allure.step(\"Verify Create Order Form\"):\n                wait.until(EC.visibility_of_element_located((By.XPATH, \"//*[contains(text(),'Create Order')]\")))\n                take_screenshot(driver, \"create_order_form\")\n    \n            # ---------------- SELECT CUSTOMER ----------------\n            with allure.step(\"Select Customer - Amantha Nirmal\"):\n                dropdown = wait.until(EC.element_to_be_clickable((By.XPATH, \"//ng-select\")))\n                dropdown.click()\n                time.sleep(1)\n                wait.until(\n                    EC.element_to_be_clickable((By.XPATH, \"//div[contains(@class,'ng-option') and contains(., 'Amantha Nirmal')]\"))\n                ).click()\n                take_screenshot(driver, \"customer_selected\")\n    \n            # ---------------- CLICK CREATE ----------------\n            with allure.step(\"Click Create Button\"):\n                create_btn = wait.until(EC.element_to_be_clickable(\n                    (By.XPATH, \"//button[@type='submit' and contains(normalize-space(),'Create')]\")\n                ))\n                driver.execute_script(\"arguments[0].scrollIntoView({block:'center'});\", create_btn)\n                time.sleep(0.5)\n                try:\n                    create_btn.click()\n                except:\n                    driver.execute_script(\"arguments[0].click();\", create_btn)\n                take_screenshot(driver, \"create_clicked\")\n    \n            with allure.step(\"Wait for Order Details Page\"):\n                wait.until(EC.url_contains(\"/supplier/orders/\"))\n                take_screenshot(driver, \"order_details_page\")\n    \n            # ---------------- ADD PRODUCT ----------------\n            add_product(driver, wait, \"Set\", 2)\n    \n        except Exception as e:\n            take_screenshot(driver, \"test_failed\")\n>           pytest.fail(f\"Test failed due to error: {str(e)}\")\nE           Failed: Test failed due to error: Message:\n\ntests\\test_create_order.py:173: Failed"}, "steps": [{"name": "Open Tenant Select Page", "status": "passed", "start": 1769059051489, "stop": 1769059065109}, {"name": "Enter Tenant ID", "status": "passed", "start": 1769059065109, "stop": 1769059065553}, {"name": "Set Tenant", "status": "passed", "start": 1769059065553, "stop": 1769059072461}, {"name": "Navigate to Login", "status": "passed", "start": 1769059072461, "stop": 1769059072652}, {"name": "Login with credentials", "status": "passed", "start": 1769059072652, "stop": 1769059073007}, {"name": "Verify Dashboard", "status": "passed", "attachments": [{"name": "dashboard_loaded", "source": "d088e0a1-5c9e-42a9-abe0-c6f947b2f539-attachment.png", "type": "image/png"}], "start": 1769059073007, "stop": 1769059077306}, {"name": "Open Orders Page", "status": "passed", "attachments": [{"name": "orders_page", "source": "4e0e1e51-a50c-494f-8ddd-d090a5ba6cb0-attachment.png", "type": "image/png"}], "start": 1769059077306, "stop": 1769059083382}, {"name": "Click New Order", "status": "passed", "start": 1769059083383, "stop": 1769059087739}, {"name": "Verify Create Order Form", "status": "passed", "attachments": [{"name": "create_order_form", "source": "071ebb46-b1d8-4540-8ba2-3edee16c93ec-attachment.png", "type": "image/png"}], "start": 1769059087739, "stop": 1769059088542}, {"name": "Select Customer - Amantha Nirmal", "status": "passed", "attachments": [{"name": "customer_selected", "source": "4f880327-a869-42e8-ab1f-e4657ad9b40e-attachment.png", "type": "image/png"}], "start": 1769059088542, "stop": 1769059090172}, {"name": "Click Create Button", "status": "passed", "attachments": [{"name": "create_clicked", "source": "2df119e6-d822-4d64-b379-bae8443c2e91-attachment.png", "type": "image/png"}], "start": 1769059090172, "stop": 1769059091112}, {"name": "Wait for Order Details Page", "status": "passed", "attachments": [{"name": "order_details_page", "source": "7edc6760-ab0f-4fb5-ae41-f15c3b6fbe9d-attachment.png", "type": "image/png"}], "start": 1769059091112, "stop": 1769059095955}, {"name": "Add Product - Set (Qty 2)", "status": "broken", "statusDetails": {"message": "selenium.common.exceptions.TimeoutException: Message: \n\n", "trace": "  File \"C:\\Users\\Suchini\\Desktop\\Ateam Software\\Hire-X Automation scripts\\Hire-X-Test-Automation-Scripts\\tests\\test_create_order.py\", line 80, in add_product\n    wait.until(EC.visibility_of_element_located((By.XPATH, f\"//*[contains(text(),'{product_name}')]\")))\n    ~~~~~~~~~~^^^^^^^^^^^^^^^^^^^^^^^^^^^^^^^^^^^^^^^^^^^^^^^^^^^^^^^^^^^^^^^^^^^^^^^^^^^^^^^^^^^^^^^^^\n  File \"C:\\Users\\Suchini\\Desktop\\Ateam Software\\Hire-X Automation scripts\\Hire-X-Test-Automation-Scripts\\venv\\Lib\\site-packages\\selenium\\webdriver\\support\\wait.py\", line 121, in until\n    raise TimeoutException(message, screen, stacktrace)\n"}, "attachments": [{"name": "product_selected_qty", "source": "f64e5716-fa5d-4150-b7a5-57e001ebf016-attachment.png", "type": "image/png"}, {"name": "product_added_success", "source": "7fe8029f-4c37-413a-a72c-cabfb30c0714-attachment.png", "type": "image/png"}], "start": 1769059095956, "stop": 1769059129192}], "attachments": [{"name": "test_failed", "source": "4eefacf6-4ca9-4cf2-8a0d-ccd7231a4219-attachment.png", "type": "image/png"}], "start": 1769059051480, "stop": 1769059129464, "uuid": "41161195-2a4e-48c3-a7f7-0adb4e52500e", "historyId": "b287b2fc0027e5283ee55bbb62a9bf33", "testCaseId": "b287b2fc0027e5283ee55bbb62a9bf33", "fullName": "tests.test_create_order#test_login_and_create_order", "labels": [{"name": "suite", "value": "Orders"}, {"name": "subSuite", "value": "Create Order"}, {"name": "feature", "value": "Order Management"}, {"name": "parentSuite", "value": "Web Automation"}, {"name": "tag", "value": "smoke"}, {"name": "host", "value": "DESKTOP-SCU7Q85"}, {"name": "thread", "value": "31608-MainThread"}, {"name": "framework", "value": "pytest"}, {"name": "language", "value": "cpython3"}, {"name": "package", "value": "tests.test_create_order"}], "titlePath": ["tests", "test_create_order.py"]}