{"name": "TC02 - Create Order with Product and Save", "status": "broken", "statusDetails": {"message": "selenium.common.exceptions.ElementClickInterceptedException: Message: element click intercepted: Element <ng-select _ngcontent-hgq-c107=\"\" name=\"selectCustomer\" bindlabel=\"fullName\" autofocus=\"\" bindvalue=\"id\" class=\"ng-select ng-select-single ng-select-searchable ng-select-clearable ng-untouched ng-pristine ng-valid\">...</ng-select> is not clickable at point (760, 159). Other element would receive the click: <div _ngcontent-hgq-c150=\"\" class=\"spinner-wrapper d-flex justify-content-center min-vh-100 ng-tns-c150-1 ng-trigger ng-trigger-fadeOut ng-star-inserted\" style=\"\">...</div>\n  (Session info: chrome=143.0.7499.193); For documentation on this error, please visit: https://www.selenium.dev/documentation/webdriver/troubleshooting/errors#elementclickinterceptedexception\nStacktrace:\nSymbols not available. Dumping unresolved backtrace:\n\t0x7ff620a988d5\n\t0x7ff620a98930\n\t0x7ff62087165d\n\t0x7ff6208d19e8\n\t0x7ff6208cf40f\n\t0x7ff6208cc417\n\t0x7ff6208cb338\n\t0x7ff6208bce7f\n\t0x7ff6208f1fda\n\t0x7ff6208bc746\n\t0x7ff62091ac97\n\t0x7ff6208bac29\n\t0x7ff6208bba93\n\t0x7ff620db0620\n\t0x7ff620daaf60\n\t0x7ff620dc96c6\n\t0x7ff620ab5dd4\n\t0x7ff620abed7c\n\t0x7ff620aa1ff4\n\t0x7ff620aa21a5\n\t0x7ff620a87ed2\n\t0x7fff89247374\n\t0x7fff8b0fcc91", "trace": "driver = <selenium.webdriver.chrome.webdriver.WebDriver (session=\"cfc5b7d6c7733e32e9e3b8bcbaffa2e0\")>\n\n    @pytest.mark.smoke\n    @allure.parent_suite(\"Web Automation\")\n    @allure.suite(\"Orders\")\n    @allure.sub_suite(\"Create Order\")\n    @allure.feature(\"Order Management\")\n    @allure.title(\"TC02 - Create Order with Product and Save\")\n    def test_login_and_create_order(driver):\n    \n        wait = WebDriverWait(driver, 25)\n    \n        # ---------------- LOGIN ----------------\n        with allure.step(\"Open Tenant Select Page\"):\n            driver.get(\n                \"https://app-hire-x-dev-multi-tenant-angular-01-bkgee7ewapa0c5es.southeastasia-01.azurewebsites.net/webshopnotfound\"\n            )\n    \n        with allure.step(\"Enter Tenant ID\"):\n            tenant = wait.until(\n                EC.visibility_of_element_located((By.CSS_SELECTOR, \"input[type='text']\"))\n            )\n            tenant.clear()\n            tenant.send_keys(\"GrandRest\")\n    \n        with allure.step(\"Set Tenant\"):\n            wait.until(\n                EC.element_to_be_clickable(\n                    (By.XPATH, \"//button[contains(text(),'Set Tenant')]\")\n                )\n            ).click()\n    \n        with allure.step(\"Navigate to Login\"):\n            wait.until(EC.url_contains(\"/home\"))\n            wait.until(\n                EC.element_to_be_clickable(\n                    (By.XPATH,\n                     \"//*[contains(translate(text(),'ABCDEFGHIJKLMNOPQRSTUVWXYZ','abcdefghijklmnopqrstuvwxyz'),'sign')]\")\n                )\n            ).click()\n    \n        with allure.step(\"Login with credentials\"):\n            wait.until(EC.url_contains(\"/login\"))\n            driver.find_element(By.XPATH, \"//input[contains(@type,'email')]\").send_keys(\n                \"suchini@ateamsoftware.com\"\n            )\n            driver.find_element(By.XPATH, \"//input[contains(@type,'password')]\").send_keys(\n                \"Abc12345\"\n            )\n            driver.find_element(By.XPATH, \"//button[contains(text(),'Login')]\").click()\n    \n        with allure.step(\"Verify Dashboard\"):\n            wait.until(EC.url_contains(\"/supplier/dashboard\"))\n            take_screenshot(driver, \"dashboard_loaded\")\n    \n        # ---------------- CREATE ORDER ----------------\n        with allure.step(\"Open Orders Page\"):\n            driver.get(\n                \"https://app-hire-x-dev-multi-tenant-angular-01-bkgee7ewapa0c5es.southeastasia-01.azurewebsites.net/supplier/orders\"\n            )\n            wait.until(EC.url_contains(\"/supplier/orders\"))\n            take_screenshot(driver, \"orders_page\")\n    \n        with allure.step(\"Click New Order\"):\n            wait.until(\n                EC.element_to_be_clickable(\n                    (By.XPATH, \"//button[contains(text(),'New')]\")\n                )\n            ).click()\n    \n        with allure.step(\"Verify Create Order Form\"):\n            wait.until(\n                EC.visibility_of_element_located(\n                    (By.XPATH, \"//*[contains(text(),'Create Order')]\")\n                )\n            )\n            take_screenshot(driver, \"create_order_form\")\n    \n        # ---------------- SELECT CUSTOMER ----------------\n        with allure.step(\"Select Customer - Amantha Nirmal\"):\n            dropdown = wait.until(\n                EC.element_to_be_clickable((By.XPATH, \"//ng-select\"))\n            )\n>           dropdown.click()\n\ntests\\test_create_order.py:178: \n_ _ _ _ _ _ _ _ _ _ _ _ _ _ _ _ _ _ _ _ _ _ _ _ _ _ _ _ _ _ _ _ _ _ _ _ _ _ _ _ _ _ _ _ _ _ _ _\nvenv\\Lib\\site-packages\\selenium\\webdriver\\remote\\webelement.py:114: in click\n    self._execute(Command.CLICK_ELEMENT)\nvenv\\Lib\\site-packages\\selenium\\webdriver\\remote\\webelement.py:508: in _execute\n    return self._parent.execute(command, params)\n           ^^^^^^^^^^^^^^^^^^^^^^^^^^^^^^^^^^^^^\nvenv\\Lib\\site-packages\\selenium\\webdriver\\remote\\webdriver.py:432: in execute\n    self.error_handler.check_response(response)\n_ _ _ _ _ _ _ _ _ _ _ _ _ _ _ _ _ _ _ _ _ _ _ _ _ _ _ _ _ _ _ _ _ _ _ _ _ _ _ _ _ _ _ _ _ _ _ _\n\nself = <selenium.webdriver.remote.errorhandler.ErrorHandler object at 0x00000209D1E34AD0>\nresponse = {'status': 400, 'value': '{\"value\":{\"error\":\"element click intercepted\",\"message\":\"element click intercepted: Element ...ff620abed7c\\\\n\\\\t0x7ff620aa1ff4\\\\n\\\\t0x7ff620aa21a5\\\\n\\\\t0x7ff620a87ed2\\\\n\\\\t0x7fff89247374\\\\n\\\\t0x7fff8b0fcc91\\\\n\"}}'}\n\n    def check_response(self, response: dict[str, Any]) -> None:\n        \"\"\"Check that a JSON response from the WebDriver does not have an error.\n    \n        Args:\n            response: The JSON response from the WebDriver server as a dictionary\n                object.\n    \n        Raises:\n            WebDriverException: If the response contains an error message.\n        \"\"\"\n        status = response.get(\"status\", None)\n        if not status or status == ErrorCode.SUCCESS:\n            return\n        value = None\n        message = response.get(\"message\", \"\")\n        screen: str = response.get(\"screen\", \"\")\n        stacktrace = None\n        if isinstance(status, int):\n            value_json = response.get(\"value\", None)\n            if value_json and isinstance(value_json, str):\n                try:\n                    value = json.loads(value_json)\n                    if isinstance(value, dict):\n                        if len(value) == 1:\n                            value = value[\"value\"]\n                        status = value.get(\"error\", None)\n                        if not status:\n                            status = value.get(\"status\", ErrorCode.UNKNOWN_ERROR)\n                            message = value.get(\"value\") or value.get(\"message\")\n                            if not isinstance(message, str):\n                                value = message\n                                message = message.get(\"message\") if isinstance(message, dict) else None\n                        else:\n                            message = value.get(\"message\", None)\n                except ValueError:\n                    pass\n    \n        exception_class: type[WebDriverException]\n        e = ErrorCode()\n        error_codes = [item for item in dir(e) if not item.startswith(\"__\")]\n        for error_code in error_codes:\n            error_info = getattr(ErrorCode, error_code)\n            if isinstance(error_info, list) and status in error_info:\n                exception_class = getattr(ExceptionMapping, error_code, WebDriverException)\n                break\n        else:\n            exception_class = WebDriverException\n    \n        if not value:\n            value = response[\"value\"]\n        if isinstance(value, str):\n            raise exception_class(value)\n        if message == \"\" and \"message\" in value:\n            message = value[\"message\"]\n    \n        screen = None  # type: ignore[assignment]\n        if \"screen\" in value:\n            screen = value[\"screen\"]\n    \n        stacktrace = None\n        st_value = value.get(\"stackTrace\") or value.get(\"stacktrace\")\n        if st_value:\n            if isinstance(st_value, str):\n                stacktrace = st_value.split(\"\\n\")\n            else:\n                stacktrace = []\n                try:\n                    for frame in st_value:\n                        line = frame.get(\"lineNumber\", \"\")\n                        file = frame.get(\"fileName\", \"<anonymous>\")\n                        if line:\n                            file = f\"{file}:{line}\"\n                        meth = frame.get(\"methodName\", \"<anonymous>\")\n                        if \"className\" in frame:\n                            meth = f\"{frame['className']}.{meth}\"\n                        msg = \"    at %s (%s)\"\n                        msg = msg % (meth, file)\n                        stacktrace.append(msg)\n                except TypeError:\n                    pass\n        if exception_class == UnexpectedAlertPresentException:\n            alert_text = None\n            if \"data\" in value:\n                alert_text = value[\"data\"].get(\"text\")\n            elif \"alert\" in value:\n                alert_text = value[\"alert\"].get(\"text\")\n            raise exception_class(message, screen, stacktrace, alert_text)  # type: ignore[call-arg]  # mypy is not smart enough here\n>       raise exception_class(message, screen, stacktrace)\nE       selenium.common.exceptions.ElementClickInterceptedException: Message: element click intercepted: Element <ng-select _ngcontent-hgq-c107=\"\" name=\"selectCustomer\" bindlabel=\"fullName\" autofocus=\"\" bindvalue=\"id\" class=\"ng-select ng-select-single ng-select-searchable ng-select-clearable ng-untouched ng-pristine ng-valid\">...</ng-select> is not clickable at point (760, 159). Other element would receive the click: <div _ngcontent-hgq-c150=\"\" class=\"spinner-wrapper d-flex justify-content-center min-vh-100 ng-tns-c150-1 ng-trigger ng-trigger-fadeOut ng-star-inserted\" style=\"\">...</div>\nE         (Session info: chrome=143.0.7499.193); For documentation on this error, please visit: https://www.selenium.dev/documentation/webdriver/troubleshooting/errors#elementclickinterceptedexception\nE       Stacktrace:\nE       Symbols not available. Dumping unresolved backtrace:\nE       \t0x7ff620a988d5\nE       \t0x7ff620a98930\nE       \t0x7ff62087165d\nE       \t0x7ff6208d19e8\nE       \t0x7ff6208cf40f\nE       \t0x7ff6208cc417\nE       \t0x7ff6208cb338\nE       \t0x7ff6208bce7f\nE       \t0x7ff6208f1fda\nE       \t0x7ff6208bc746\nE       \t0x7ff62091ac97\nE       \t0x7ff6208bac29\nE       \t0x7ff6208bba93\nE       \t0x7ff620db0620\nE       \t0x7ff620daaf60\nE       \t0x7ff620dc96c6\nE       \t0x7ff620ab5dd4\nE       \t0x7ff620abed7c\nE       \t0x7ff620aa1ff4\nE       \t0x7ff620aa21a5\nE       \t0x7ff620a87ed2\nE       \t0x7fff89247374\nE       \t0x7fff8b0fcc91\n\nvenv\\Lib\\site-packages\\selenium\\webdriver\\remote\\errorhandler.py:232: ElementClickInterceptedException"}, "steps": [{"name": "Open Tenant Select Page", "status": "passed", "start": 1769052150462, "stop": 1769052155933}, {"name": "Enter Tenant ID", "status": "passed", "start": 1769052155933, "stop": 1769052156034}, {"name": "Set Tenant", "status": "passed", "start": 1769052156034, "stop": 1769052160697}, {"name": "Navigate to Login", "status": "passed", "start": 1769052160697, "stop": 1769052160889}, {"name": "Login with credentials", "status": "passed", "start": 1769052160890, "stop": 1769052161215}, {"name": "Verify Dashboard", "status": "passed", "attachments": [{"name": "dashboard_loaded", "source": "49093f14-99ea-450d-b646-99f059dad4c8-attachment.png", "type": "image/png"}], "start": 1769052161215, "stop": 1769052165568}, {"name": "Open Orders Page", "status": "passed", "attachments": [{"name": "orders_page", "source": "ddb952ae-87f8-4e9e-8ad9-642b5ccc7022-attachment.png", "type": "image/png"}], "start": 1769052165568, "stop": 1769052169986}, {"name": "Click New Order", "status": "passed", "start": 1769052169987, "stop": 1769052175709}, {"name": "Verify Create Order Form", "status": "passed", "attachments": [{"name": "create_order_form", "source": "00fd6396-8ee5-4af9-a42a-60d1b44332aa-attachment.png", "type": "image/png"}], "start": 1769052175710, "stop": 1769052176386}, {"name": "Select Customer - Amantha Nirmal", "status": "broken", "statusDetails": {"message": "selenium.common.exceptions.ElementClickInterceptedException: Message: element click intercepted: Element <ng-select _ngcontent-hgq-c107=\"\" name=\"selectCustomer\" bindlabel=\"fullName\" autofocus=\"\" bindvalue=\"id\" class=\"ng-select ng-select-single ng-select-searchable ng-select-clearable ng-untouched ng-pristine ng-valid\">...</ng-select> is not clickable at point (760, 159). Other element would receive the click: <div _ngcontent-hgq-c150=\"\" class=\"spinner-wrapper d-flex justify-content-center min-vh-100 ng-tns-c150-1 ng-trigger ng-trigger-fadeOut ng-star-inserted\" style=\"\">...</div>\n  (Session info: chrome=143.0.7499.193); For documentation on this error, please visit: https://www.selenium.dev/documentation/webdriver/troubleshooting/errors#elementclickinterceptedexception\nStacktrace:\nSymbols not available. Dumping unresolved backtrace:\n\t0x7ff620a988d5\n\t0x7ff620a98930\n\t0x7ff62087165d\n\t0x7ff6208d19e8\n\t0x7ff6208cf40f\n\t0x7ff6208cc417\n\t0x7ff6208cb338\n\t0x7ff6208bce7f\n\t0x7ff6208f1fda\n\t0x7ff6208bc746\n\t0x7ff62091ac97\n\t0x7ff6208bac29\n\t0x7ff6208bba93\n\t0x7ff620db0620\n\t0x7ff620daaf60\n\t0x7ff620dc96c6\n\t0x7ff620ab5dd4\n\t0x7ff620abed7c\n\t0x7ff620aa1ff4\n\t0x7ff620aa21a5\n\t0x7ff620a87ed2\n\t0x7fff89247374\n\t0x7fff8b0fcc91\n\n", "trace": "  File \"C:\\Users\\Suchini\\Desktop\\Ateam Software\\Hire-X Automation scripts\\Hire-X-Test-Automation-Scripts\\tests\\test_create_order.py\", line 178, in test_login_and_create_order\n    dropdown.click()\n    ~~~~~~~~~~~~~~^^\n  File \"C:\\Users\\Suchini\\Desktop\\Ateam Software\\Hire-X Automation scripts\\Hire-X-Test-Automation-Scripts\\venv\\Lib\\site-packages\\selenium\\webdriver\\remote\\webelement.py\", line 114, in click\n    self._execute(Command.CLICK_ELEMENT)\n    ~~~~~~~~~~~~~^^^^^^^^^^^^^^^^^^^^^^^\n  File \"C:\\Users\\Suchini\\Desktop\\Ateam Software\\Hire-X Automation scripts\\Hire-X-Test-Automation-Scripts\\venv\\Lib\\site-packages\\selenium\\webdriver\\remote\\webelement.py\", line 508, in _execute\n    return self._parent.execute(command, params)\n           ~~~~~~~~~~~~~~~~~~~~^^^^^^^^^^^^^^^^^\n  File \"C:\\Users\\Suchini\\Desktop\\Ateam Software\\Hire-X Automation scripts\\Hire-X-Test-Automation-Scripts\\venv\\Lib\\site-packages\\selenium\\webdriver\\remote\\webdriver.py\", line 432, in execute\n    self.error_handler.check_response(response)\n    ~~~~~~~~~~~~~~~~~~~~~~~~~~~~~~~~~^^^^^^^^^^\n  File \"C:\\Users\\Suchini\\Desktop\\Ateam Software\\Hire-X Automation scripts\\Hire-X-Test-Automation-Scripts\\venv\\Lib\\site-packages\\selenium\\webdriver\\remote\\errorhandler.py\", line 232, in check_response\n    raise exception_class(message, screen, stacktrace)\n"}, "start": 1769052176386, "stop": 1769052177441}], "start": 1769052150462, "stop": 1769052177448, "uuid": "29247ab4-fe8f-4292-a6da-d9ba5a5db2d3", "historyId": "b287b2fc0027e5283ee55bbb62a9bf33", "testCaseId": "b287b2fc0027e5283ee55bbb62a9bf33", "fullName": "tests.test_create_order#test_login_and_create_order", "labels": [{"name": "subSuite", "value": "Create Order"}, {"name": "suite", "value": "Orders"}, {"name": "parentSuite", "value": "Web Automation"}, {"name": "feature", "value": "Order Management"}, {"name": "tag", "value": "smoke"}, {"name": "host", "value": "DESKTOP-SCU7Q85"}, {"name": "thread", "value": "11368-MainThread"}, {"name": "framework", "value": "pytest"}, {"name": "language", "value": "cpython3"}, {"name": "package", "value": "tests.test_create_order"}], "titlePath": ["tests", "test_create_order.py"]}