{"name": "TC01 - Login Test for GrandRest Tenant", "status": "broken", "statusDetails": {"message": "selenium.common.exceptions.ElementClickInterceptedException: Message: element click intercepted: Element <a _ngcontent-efe-c150=\"\" class=\"nav-link\" href=\"/login\">...</a> is not clickable at point (1348, 32). Other element would receive the click: <div _ngcontent-efe-c151=\"\" class=\"spinner-wrapper d-flex justify-content-center min-vh-100 ng-tns-c151-1 ng-trigger ng-trigger-fadeOut ng-star-inserted\">...</div>\n  (Session info: chrome=143.0.7499.193); For documentation on this error, please visit: https://www.selenium.dev/documentation/webdriver/troubleshooting/errors#elementclickinterceptedexception\nStacktrace:\nSymbols not available. Dumping unresolved backtrace:\n\t0x7ff661b688d5\n\t0x7ff661b68930\n\t0x7ff66194165d\n\t0x7ff6619a19e8\n\t0x7ff66199f40f\n\t0x7ff66199c417\n\t0x7ff66199b338\n\t0x7ff66198ce7f\n\t0x7ff6619c1fda\n\t0x7ff66198c746\n\t0x7ff6619eac97\n\t0x7ff66198ac29\n\t0x7ff66198ba93\n\t0x7ff661e80620\n\t0x7ff661e7af60\n\t0x7ff661e996c6\n\t0x7ff661b85dd4\n\t0x7ff661b8ed7c\n\t0x7ff661b71ff4\n\t0x7ff661b721a5\n\t0x7ff661b57ed2\n\t0x7fff89247374\n\t0x7fff8b0fcc91", "trace": "driver = <selenium.webdriver.chrome.webdriver.WebDriver (session=\"9e260459d0eccdb5af5a0297c129c1b2\")>\n\n    @pytest.mark.smoke\n    @allure.parent_suite(\"Web Automation\")\n    @allure.suite(\"Login\")\n    @allure.sub_suite(\"GrandRest Tenant\")\n    @allure.feature(\"Tenant Login\")\n    @allure.title(\"TC01 - Login Test for GrandRest Tenant\")\n    def test_login_grandrest(driver):\n    \n        wait = WebDriverWait(driver, 20)\n    \n        with allure.step(\"STEP 1: Open tenant select page\"):\n            driver.get(\n                \"https://app-hire-x-dev-multi-tenant-angular-01-bkgee7ewapa0c5es.southeastasia-01.azurewebsites.net/webshopnotfound\"\n            )\n    \n        with allure.step(\"STEP 2: Enter tenant ID\"):\n            tenant_input = wait.until(\n                EC.visibility_of_element_located((By.CSS_SELECTOR, \"input[type='text']\"))\n            )\n            tenant_input.clear()\n            tenant_input.send_keys(\"GrandRest\")\n    \n        with allure.step(\"STEP 3: Click Set Tenant\"):\n            set_tenant_button = wait.until(\n                EC.element_to_be_clickable((By.XPATH, \"//button[contains(text(),'Set Tenant')]\"))\n            )\n            set_tenant_button.click()\n    \n        with allure.step(\"STEP 4: Wait for Home page\"):\n            wait.until(EC.url_contains(\"/home\"))\n    \n        with allure.step(\"STEP 5: Click Sign In\"):\n            sign_in_button = wait.until(\n                EC.element_to_be_clickable((\n                    By.XPATH,\n                    \"//*[contains(translate(text(),'ABCDEFGHIJKLMNOPQRSTUVWXYZ','abcdefghijklmnopqrstuvwxyz'),'sign')]\"\n                ))\n            )\n>           sign_in_button.click()\n\ntests\\test_login.py:81: \n_ _ _ _ _ _ _ _ _ _ _ _ _ _ _ _ _ _ _ _ _ _ _ _ _ _ _ _ _ _ _ _ _ _ _ _ _ _ _ _ _ _ _ _ _ _ _ _\nvenv\\Lib\\site-packages\\selenium\\webdriver\\remote\\webelement.py:114: in click\n    self._execute(Command.CLICK_ELEMENT)\nvenv\\Lib\\site-packages\\selenium\\webdriver\\remote\\webelement.py:508: in _execute\n    return self._parent.execute(command, params)\n           ^^^^^^^^^^^^^^^^^^^^^^^^^^^^^^^^^^^^^\nvenv\\Lib\\site-packages\\selenium\\webdriver\\remote\\webdriver.py:432: in execute\n    self.error_handler.check_response(response)\n_ _ _ _ _ _ _ _ _ _ _ _ _ _ _ _ _ _ _ _ _ _ _ _ _ _ _ _ _ _ _ _ _ _ _ _ _ _ _ _ _ _ _ _ _ _ _ _\n\nself = <selenium.webdriver.remote.errorhandler.ErrorHandler object at 0x000001B08F860980>\nresponse = {'status': 400, 'value': '{\"value\":{\"error\":\"element click intercepted\",\"message\":\"element click intercepted: Element ...ff661b8ed7c\\\\n\\\\t0x7ff661b71ff4\\\\n\\\\t0x7ff661b721a5\\\\n\\\\t0x7ff661b57ed2\\\\n\\\\t0x7fff89247374\\\\n\\\\t0x7fff8b0fcc91\\\\n\"}}'}\n\n    def check_response(self, response: dict[str, Any]) -> None:\n        \"\"\"Check that a JSON response from the WebDriver does not have an error.\n    \n        Args:\n            response: The JSON response from the WebDriver server as a dictionary\n                object.\n    \n        Raises:\n            WebDriverException: If the response contains an error message.\n        \"\"\"\n        status = response.get(\"status\", None)\n        if not status or status == ErrorCode.SUCCESS:\n            return\n        value = None\n        message = response.get(\"message\", \"\")\n        screen: str = response.get(\"screen\", \"\")\n        stacktrace = None\n        if isinstance(status, int):\n            value_json = response.get(\"value\", None)\n            if value_json and isinstance(value_json, str):\n                try:\n                    value = json.loads(value_json)\n                    if isinstance(value, dict):\n                        if len(value) == 1:\n                            value = value[\"value\"]\n                        status = value.get(\"error\", None)\n                        if not status:\n                            status = value.get(\"status\", ErrorCode.UNKNOWN_ERROR)\n                            message = value.get(\"value\") or value.get(\"message\")\n                            if not isinstance(message, str):\n                                value = message\n                                message = message.get(\"message\") if isinstance(message, dict) else None\n                        else:\n                            message = value.get(\"message\", None)\n                except ValueError:\n                    pass\n    \n        exception_class: type[WebDriverException]\n        e = ErrorCode()\n        error_codes = [item for item in dir(e) if not item.startswith(\"__\")]\n        for error_code in error_codes:\n            error_info = getattr(ErrorCode, error_code)\n            if isinstance(error_info, list) and status in error_info:\n                exception_class = getattr(ExceptionMapping, error_code, WebDriverException)\n                break\n        else:\n            exception_class = WebDriverException\n    \n        if not value:\n            value = response[\"value\"]\n        if isinstance(value, str):\n            raise exception_class(value)\n        if message == \"\" and \"message\" in value:\n            message = value[\"message\"]\n    \n        screen = None  # type: ignore[assignment]\n        if \"screen\" in value:\n            screen = value[\"screen\"]\n    \n        stacktrace = None\n        st_value = value.get(\"stackTrace\") or value.get(\"stacktrace\")\n        if st_value:\n            if isinstance(st_value, str):\n                stacktrace = st_value.split(\"\\n\")\n            else:\n                stacktrace = []\n                try:\n                    for frame in st_value:\n                        line = frame.get(\"lineNumber\", \"\")\n                        file = frame.get(\"fileName\", \"<anonymous>\")\n                        if line:\n                            file = f\"{file}:{line}\"\n                        meth = frame.get(\"methodName\", \"<anonymous>\")\n                        if \"className\" in frame:\n                            meth = f\"{frame['className']}.{meth}\"\n                        msg = \"    at %s (%s)\"\n                        msg = msg % (meth, file)\n                        stacktrace.append(msg)\n                except TypeError:\n                    pass\n        if exception_class == UnexpectedAlertPresentException:\n            alert_text = None\n            if \"data\" in value:\n                alert_text = value[\"data\"].get(\"text\")\n            elif \"alert\" in value:\n                alert_text = value[\"alert\"].get(\"text\")\n            raise exception_class(message, screen, stacktrace, alert_text)  # type: ignore[call-arg]  # mypy is not smart enough here\n>       raise exception_class(message, screen, stacktrace)\nE       selenium.common.exceptions.ElementClickInterceptedException: Message: element click intercepted: Element <a _ngcontent-efe-c150=\"\" class=\"nav-link\" href=\"/login\">...</a> is not clickable at point (1348, 32). Other element would receive the click: <div _ngcontent-efe-c151=\"\" class=\"spinner-wrapper d-flex justify-content-center min-vh-100 ng-tns-c151-1 ng-trigger ng-trigger-fadeOut ng-star-inserted\">...</div>\nE         (Session info: chrome=143.0.7499.193); For documentation on this error, please visit: https://www.selenium.dev/documentation/webdriver/troubleshooting/errors#elementclickinterceptedexception\nE       Stacktrace:\nE       Symbols not available. Dumping unresolved backtrace:\nE       \t0x7ff661b688d5\nE       \t0x7ff661b68930\nE       \t0x7ff66194165d\nE       \t0x7ff6619a19e8\nE       \t0x7ff66199f40f\nE       \t0x7ff66199c417\nE       \t0x7ff66199b338\nE       \t0x7ff66198ce7f\nE       \t0x7ff6619c1fda\nE       \t0x7ff66198c746\nE       \t0x7ff6619eac97\nE       \t0x7ff66198ac29\nE       \t0x7ff66198ba93\nE       \t0x7ff661e80620\nE       \t0x7ff661e7af60\nE       \t0x7ff661e996c6\nE       \t0x7ff661b85dd4\nE       \t0x7ff661b8ed7c\nE       \t0x7ff661b71ff4\nE       \t0x7ff661b721a5\nE       \t0x7ff661b57ed2\nE       \t0x7fff89247374\nE       \t0x7fff8b0fcc91\n\nvenv\\Lib\\site-packages\\selenium\\webdriver\\remote\\errorhandler.py:232: ElementClickInterceptedException"}, "steps": [{"name": "STEP 1: Open tenant select page", "status": "passed", "start": 1768984201367, "stop": 1768984206692}, {"name": "STEP 2: Enter tenant ID", "status": "passed", "start": 1768984206692, "stop": 1768984212792}, {"name": "STEP 3: Click Set Tenant", "status": "passed", "start": 1768984212792, "stop": 1768984217091}, {"name": "STEP 4: Wait for Home page", "status": "passed", "start": 1768984217092, "stop": 1768984217192}, {"name": "STEP 5: Click Sign In", "status": "broken", "statusDetails": {"message": "selenium.common.exceptions.ElementClickInterceptedException: Message: element click intercepted: Element <a _ngcontent-efe-c150=\"\" class=\"nav-link\" href=\"/login\">...</a> is not clickable at point (1348, 32). Other element would receive the click: <div _ngcontent-efe-c151=\"\" class=\"spinner-wrapper d-flex justify-content-center min-vh-100 ng-tns-c151-1 ng-trigger ng-trigger-fadeOut ng-star-inserted\">...</div>\n  (Session info: chrome=143.0.7499.193); For documentation on this error, please visit: https://www.selenium.dev/documentation/webdriver/troubleshooting/errors#elementclickinterceptedexception\nStacktrace:\nSymbols not available. Dumping unresolved backtrace:\n\t0x7ff661b688d5\n\t0x7ff661b68930\n\t0x7ff66194165d\n\t0x7ff6619a19e8\n\t0x7ff66199f40f\n\t0x7ff66199c417\n\t0x7ff66199b338\n\t0x7ff66198ce7f\n\t0x7ff6619c1fda\n\t0x7ff66198c746\n\t0x7ff6619eac97\n\t0x7ff66198ac29\n\t0x7ff66198ba93\n\t0x7ff661e80620\n\t0x7ff661e7af60\n\t0x7ff661e996c6\n\t0x7ff661b85dd4\n\t0x7ff661b8ed7c\n\t0x7ff661b71ff4\n\t0x7ff661b721a5\n\t0x7ff661b57ed2\n\t0x7fff89247374\n\t0x7fff8b0fcc91\n\n", "trace": "  File \"C:\\Users\\Suchini\\Desktop\\Ateam Software\\Hire-X Automation scripts\\Hire-X-Test-Automation-Scripts\\tests\\test_login.py\", line 81, in test_login_grandrest\n    sign_in_button.click()\n    ~~~~~~~~~~~~~~~~~~~~^^\n  File \"C:\\Users\\Suchini\\Desktop\\Ateam Software\\Hire-X Automation scripts\\Hire-X-Test-Automation-Scripts\\venv\\Lib\\site-packages\\selenium\\webdriver\\remote\\webelement.py\", line 114, in click\n    self._execute(Command.CLICK_ELEMENT)\n    ~~~~~~~~~~~~~^^^^^^^^^^^^^^^^^^^^^^^\n  File \"C:\\Users\\Suchini\\Desktop\\Ateam Software\\Hire-X Automation scripts\\Hire-X-Test-Automation-Scripts\\venv\\Lib\\site-packages\\selenium\\webdriver\\remote\\webelement.py\", line 508, in _execute\n    return self._parent.execute(command, params)\n           ~~~~~~~~~~~~~~~~~~~~^^^^^^^^^^^^^^^^^\n  File \"C:\\Users\\Suchini\\Desktop\\Ateam Software\\Hire-X Automation scripts\\Hire-X-Test-Automation-Scripts\\venv\\Lib\\site-packages\\selenium\\webdriver\\remote\\webdriver.py\", line 432, in execute\n    self.error_handler.check_response(response)\n    ~~~~~~~~~~~~~~~~~~~~~~~~~~~~~~~~~^^^^^^^^^^\n  File \"C:\\Users\\Suchini\\Desktop\\Ateam Software\\Hire-X Automation scripts\\Hire-X-Test-Automation-Scripts\\venv\\Lib\\site-packages\\selenium\\webdriver\\remote\\errorhandler.py\", line 232, in check_response\n    raise exception_class(message, screen, stacktrace)\n"}, "start": 1768984217192, "stop": 1768984218864}], "attachments": [{"name": "stdout", "source": "94720866-a052-4479-8c57-f157245556b7-attachment.txt", "type": "text/plain"}], "start": 1768984201366, "stop": 1768984218874, "uuid": "e01d6d54-3e49-403a-abdd-6520344ad7cd", "historyId": "021805cc4ccf18b19dc51977c9a9215b", "testCaseId": "021805cc4ccf18b19dc51977c9a9215b", "fullName": "tests.test_login#test_login_grandrest", "labels": [{"name": "subSuite", "value": "GrandRest Tenant"}, {"name": "feature", "value": "Tenant Login"}, {"name": "suite", "value": "Login"}, {"name": "parentSuite", "value": "Web Automation"}, {"name": "tag", "value": "smoke"}, {"name": "host", "value": "DESKTOP-SCU7Q85"}, {"name": "thread", "value": "10040-MainThread"}, {"name": "framework", "value": "pytest"}, {"name": "language", "value": "cpython3"}, {"name": "package", "value": "tests.test_login"}], "titlePath": ["tests", "test_login.py"]}