{"name": "TC02 - Create Order with Product and Save", "status": "failed", "statusDetails": {"message": "Failed: Test failed due to error: Message: element click intercepted: Element <ng-select _ngcontent-usr-c107=\"\" name=\"selectCustomer\" bindlabel=\"fullName\" autofocus=\"\" bindvalue=\"id\" class=\"ng-select ng-select-single ng-select-searchable ng-select-clearable ng-untouched ng-pristine ng-valid\">...</ng-select> is not clickable at point (760, 159). Other element would receive the click: <div _ngcontent-usr-c150=\"\" class=\"spinner-wrapper d-flex justify-content-center min-vh-100 ng-tns-c150-1 ng-trigger ng-trigger-fadeOut ng-star-inserted\" style=\"\">...</div>\n  (Session info: chrome=143.0.7499.193); For documentation on this error, please visit: https://www.selenium.dev/documentation/webdriver/troubleshooting/errors#elementclickinterceptedexception\nStacktrace:\nSymbols not available. Dumping unresolved backtrace:\n\t0x7ff7311988d5\n\t0x7ff731198930\n\t0x7ff730f7165d\n\t0x7ff730fd19e8\n\t0x7ff730fcf40f\n\t0x7ff730fcc417\n\t0x7ff730fcb338\n\t0x7ff730fbce7f\n\t0x7ff730ff1fda\n\t0x7ff730fbc746\n\t0x7ff73101ac97\n\t0x7ff730fbac29\n\t0x7ff730fbba93\n\t0x7ff7314b0620\n\t0x7ff7314aaf60\n\t0x7ff7314c96c6\n\t0x7ff7311b5dd4\n\t0x7ff7311bed7c\n\t0x7ff7311a1ff4\n\t0x7ff7311a21a5\n\t0x7ff731187ed2\n\t0x7fff89247374\n\t0x7fff8b0fcc91", "trace": "driver = <selenium.webdriver.chrome.webdriver.WebDriver (session=\"c84a30c42f7417c5628d970ee5950d5d\")>\n\n    @pytest.mark.smoke\n    @allure.parent_suite(\"Web Automation\")\n    @allure.suite(\"Orders\")\n    @allure.sub_suite(\"Create Order\")\n    @allure.feature(\"Order Management\")\n    @allure.title(\"TC02 - Create Order with Product and Save\")\n    def test_login_and_create_order(driver):\n    \n        wait = WebDriverWait(driver, 25)\n    \n        try:\n            # ---------------- LOGIN ----------------\n            with allure.step(\"Open Tenant Select Page\"):\n                driver.get(\n                    \"https://app-hire-x-dev-multi-tenant-angular-01-bkgee7ewapa0c5es.southeastasia-01.azurewebsites.net/webshopnotfound\"\n                )\n    \n            with allure.step(\"Enter Tenant ID\"):\n                tenant = wait.until(EC.visibility_of_element_located((By.CSS_SELECTOR, \"input[type='text']\")))\n                tenant.clear()\n                tenant.send_keys(\"GrandRest\")\n    \n            with allure.step(\"Set Tenant\"):\n                wait.until(EC.element_to_be_clickable((By.XPATH, \"//button[contains(text(),'Set Tenant')]\"))).click()\n    \n            with allure.step(\"Navigate to Login\"):\n                wait.until(EC.url_contains(\"/home\"))\n                wait.until(\n                    EC.element_to_be_clickable(\n                        (By.XPATH, \"//*[contains(translate(text(),'ABCDEFGHIJKLMNOPQRSTUVWXYZ','abcdefghijklmnopqrstuvwxyz'),'sign')]\")\n                    )\n                ).click()\n    \n            with allure.step(\"Login with credentials\"):\n                wait.until(EC.url_contains(\"/login\"))\n                driver.find_element(By.XPATH, \"//input[contains(@type,'email')]\").send_keys(\"suchini@ateamsoftware.com\")\n                driver.find_element(By.XPATH, \"//input[contains(@type,'password')]\").send_keys(\"Abc12345\")\n                driver.find_element(By.XPATH, \"//button[contains(text(),'Login')]\").click()\n    \n            with allure.step(\"Verify Dashboard\"):\n                wait.until(EC.url_contains(\"/supplier/dashboard\"))\n                take_screenshot(driver, \"dashboard_loaded\")\n    \n            # ---------------- CREATE ORDER ----------------\n            with allure.step(\"Open Orders Page\"):\n                driver.get(\"https://app-hire-x-dev-multi-tenant-angular-01-bkgee7ewapa0c5es.southeastasia-01.azurewebsites.net/supplier/orders\")\n                wait.until(EC.url_contains(\"/supplier/orders\"))\n                take_screenshot(driver, \"orders_page\")\n    \n            with allure.step(\"Click New Order\"):\n                wait.until(EC.element_to_be_clickable((By.XPATH, \"//button[contains(text(),'New')]\"))).click()\n    \n            with allure.step(\"Verify Create Order Form\"):\n                wait.until(EC.visibility_of_element_located((By.XPATH, \"//*[contains(text(),'Create Order')]\")))\n                take_screenshot(driver, \"create_order_form\")\n    \n            # ---------------- SELECT CUSTOMER ----------------\n            with allure.step(\"Select Customer - Amantha Nirmal\"):\n                dropdown = wait.until(EC.element_to_be_clickable((By.XPATH, \"//ng-select\")))\n>               dropdown.click()\n\ntests\\test_create_order.py:141: \n_ _ _ _ _ _ _ _ _ _ _ _ _ _ _ _ _ _ _ _ _ _ _ _ _ _ _ _ _ _ _ _ _ _ _ _ _ _ _ _ _ _ _ _ _ _ _ _\nvenv\\Lib\\site-packages\\selenium\\webdriver\\remote\\webelement.py:114: in click\n    self._execute(Command.CLICK_ELEMENT)\nvenv\\Lib\\site-packages\\selenium\\webdriver\\remote\\webelement.py:508: in _execute\n    return self._parent.execute(command, params)\n           ^^^^^^^^^^^^^^^^^^^^^^^^^^^^^^^^^^^^^\nvenv\\Lib\\site-packages\\selenium\\webdriver\\remote\\webdriver.py:432: in execute\n    self.error_handler.check_response(response)\n_ _ _ _ _ _ _ _ _ _ _ _ _ _ _ _ _ _ _ _ _ _ _ _ _ _ _ _ _ _ _ _ _ _ _ _ _ _ _ _ _ _ _ _ _ _ _ _\n\nself = <selenium.webdriver.remote.errorhandler.ErrorHandler object at 0x000001FFC5A64AD0>\nresponse = {'status': 400, 'value': '{\"value\":{\"error\":\"element click intercepted\",\"message\":\"element click intercepted: Element ...ff7311bed7c\\\\n\\\\t0x7ff7311a1ff4\\\\n\\\\t0x7ff7311a21a5\\\\n\\\\t0x7ff731187ed2\\\\n\\\\t0x7fff89247374\\\\n\\\\t0x7fff8b0fcc91\\\\n\"}}'}\n\n    def check_response(self, response: dict[str, Any]) -> None:\n        \"\"\"Check that a JSON response from the WebDriver does not have an error.\n    \n        Args:\n            response: The JSON response from the WebDriver server as a dictionary\n                object.\n    \n        Raises:\n            WebDriverException: If the response contains an error message.\n        \"\"\"\n        status = response.get(\"status\", None)\n        if not status or status == ErrorCode.SUCCESS:\n            return\n        value = None\n        message = response.get(\"message\", \"\")\n        screen: str = response.get(\"screen\", \"\")\n        stacktrace = None\n        if isinstance(status, int):\n            value_json = response.get(\"value\", None)\n            if value_json and isinstance(value_json, str):\n                try:\n                    value = json.loads(value_json)\n                    if isinstance(value, dict):\n                        if len(value) == 1:\n                            value = value[\"value\"]\n                        status = value.get(\"error\", None)\n                        if not status:\n                            status = value.get(\"status\", ErrorCode.UNKNOWN_ERROR)\n                            message = value.get(\"value\") or value.get(\"message\")\n                            if not isinstance(message, str):\n                                value = message\n                                message = message.get(\"message\") if isinstance(message, dict) else None\n                        else:\n                            message = value.get(\"message\", None)\n                except ValueError:\n                    pass\n    \n        exception_class: type[WebDriverException]\n        e = ErrorCode()\n        error_codes = [item for item in dir(e) if not item.startswith(\"__\")]\n        for error_code in error_codes:\n            error_info = getattr(ErrorCode, error_code)\n            if isinstance(error_info, list) and status in error_info:\n                exception_class = getattr(ExceptionMapping, error_code, WebDriverException)\n                break\n        else:\n            exception_class = WebDriverException\n    \n        if not value:\n            value = response[\"value\"]\n        if isinstance(value, str):\n            raise exception_class(value)\n        if message == \"\" and \"message\" in value:\n            message = value[\"message\"]\n    \n        screen = None  # type: ignore[assignment]\n        if \"screen\" in value:\n            screen = value[\"screen\"]\n    \n        stacktrace = None\n        st_value = value.get(\"stackTrace\") or value.get(\"stacktrace\")\n        if st_value:\n            if isinstance(st_value, str):\n                stacktrace = st_value.split(\"\\n\")\n            else:\n                stacktrace = []\n                try:\n                    for frame in st_value:\n                        line = frame.get(\"lineNumber\", \"\")\n                        file = frame.get(\"fileName\", \"<anonymous>\")\n                        if line:\n                            file = f\"{file}:{line}\"\n                        meth = frame.get(\"methodName\", \"<anonymous>\")\n                        if \"className\" in frame:\n                            meth = f\"{frame['className']}.{meth}\"\n                        msg = \"    at %s (%s)\"\n                        msg = msg % (meth, file)\n                        stacktrace.append(msg)\n                except TypeError:\n                    pass\n        if exception_class == UnexpectedAlertPresentException:\n            alert_text = None\n            if \"data\" in value:\n                alert_text = value[\"data\"].get(\"text\")\n            elif \"alert\" in value:\n                alert_text = value[\"alert\"].get(\"text\")\n            raise exception_class(message, screen, stacktrace, alert_text)  # type: ignore[call-arg]  # mypy is not smart enough here\n>       raise exception_class(message, screen, stacktrace)\nE       selenium.common.exceptions.ElementClickInterceptedException: Message: element click intercepted: Element <ng-select _ngcontent-usr-c107=\"\" name=\"selectCustomer\" bindlabel=\"fullName\" autofocus=\"\" bindvalue=\"id\" class=\"ng-select ng-select-single ng-select-searchable ng-select-clearable ng-untouched ng-pristine ng-valid\">...</ng-select> is not clickable at point (760, 159). Other element would receive the click: <div _ngcontent-usr-c150=\"\" class=\"spinner-wrapper d-flex justify-content-center min-vh-100 ng-tns-c150-1 ng-trigger ng-trigger-fadeOut ng-star-inserted\" style=\"\">...</div>\nE         (Session info: chrome=143.0.7499.193); For documentation on this error, please visit: https://www.selenium.dev/documentation/webdriver/troubleshooting/errors#elementclickinterceptedexception\nE       Stacktrace:\nE       Symbols not available. Dumping unresolved backtrace:\nE       \t0x7ff7311988d5\nE       \t0x7ff731198930\nE       \t0x7ff730f7165d\nE       \t0x7ff730fd19e8\nE       \t0x7ff730fcf40f\nE       \t0x7ff730fcc417\nE       \t0x7ff730fcb338\nE       \t0x7ff730fbce7f\nE       \t0x7ff730ff1fda\nE       \t0x7ff730fbc746\nE       \t0x7ff73101ac97\nE       \t0x7ff730fbac29\nE       \t0x7ff730fbba93\nE       \t0x7ff7314b0620\nE       \t0x7ff7314aaf60\nE       \t0x7ff7314c96c6\nE       \t0x7ff7311b5dd4\nE       \t0x7ff7311bed7c\nE       \t0x7ff7311a1ff4\nE       \t0x7ff7311a21a5\nE       \t0x7ff731187ed2\nE       \t0x7fff89247374\nE       \t0x7fff8b0fcc91\n\nvenv\\Lib\\site-packages\\selenium\\webdriver\\remote\\errorhandler.py:232: ElementClickInterceptedException\n\nDuring handling of the above exception, another exception occurred:\n\ndriver = <selenium.webdriver.chrome.webdriver.WebDriver (session=\"c84a30c42f7417c5628d970ee5950d5d\")>\n\n    @pytest.mark.smoke\n    @allure.parent_suite(\"Web Automation\")\n    @allure.suite(\"Orders\")\n    @allure.sub_suite(\"Create Order\")\n    @allure.feature(\"Order Management\")\n    @allure.title(\"TC02 - Create Order with Product and Save\")\n    def test_login_and_create_order(driver):\n    \n        wait = WebDriverWait(driver, 25)\n    \n        try:\n            # ---------------- LOGIN ----------------\n            with allure.step(\"Open Tenant Select Page\"):\n                driver.get(\n                    \"https://app-hire-x-dev-multi-tenant-angular-01-bkgee7ewapa0c5es.southeastasia-01.azurewebsites.net/webshopnotfound\"\n                )\n    \n            with allure.step(\"Enter Tenant ID\"):\n                tenant = wait.until(EC.visibility_of_element_located((By.CSS_SELECTOR, \"input[type='text']\")))\n                tenant.clear()\n                tenant.send_keys(\"GrandRest\")\n    \n            with allure.step(\"Set Tenant\"):\n                wait.until(EC.element_to_be_clickable((By.XPATH, \"//button[contains(text(),'Set Tenant')]\"))).click()\n    \n            with allure.step(\"Navigate to Login\"):\n                wait.until(EC.url_contains(\"/home\"))\n                wait.until(\n                    EC.element_to_be_clickable(\n                        (By.XPATH, \"//*[contains(translate(text(),'ABCDEFGHIJKLMNOPQRSTUVWXYZ','abcdefghijklmnopqrstuvwxyz'),'sign')]\")\n                    )\n                ).click()\n    \n            with allure.step(\"Login with credentials\"):\n                wait.until(EC.url_contains(\"/login\"))\n                driver.find_element(By.XPATH, \"//input[contains(@type,'email')]\").send_keys(\"suchini@ateamsoftware.com\")\n                driver.find_element(By.XPATH, \"//input[contains(@type,'password')]\").send_keys(\"Abc12345\")\n                driver.find_element(By.XPATH, \"//button[contains(text(),'Login')]\").click()\n    \n            with allure.step(\"Verify Dashboard\"):\n                wait.until(EC.url_contains(\"/supplier/dashboard\"))\n                take_screenshot(driver, \"dashboard_loaded\")\n    \n            # ---------------- CREATE ORDER ----------------\n            with allure.step(\"Open Orders Page\"):\n                driver.get(\"https://app-hire-x-dev-multi-tenant-angular-01-bkgee7ewapa0c5es.southeastasia-01.azurewebsites.net/supplier/orders\")\n                wait.until(EC.url_contains(\"/supplier/orders\"))\n                take_screenshot(driver, \"orders_page\")\n    \n            with allure.step(\"Click New Order\"):\n                wait.until(EC.element_to_be_clickable((By.XPATH, \"//button[contains(text(),'New')]\"))).click()\n    \n            with allure.step(\"Verify Create Order Form\"):\n                wait.until(EC.visibility_of_element_located((By.XPATH, \"//*[contains(text(),'Create Order')]\")))\n                take_screenshot(driver, \"create_order_form\")\n    \n            # ---------------- SELECT CUSTOMER ----------------\n            with allure.step(\"Select Customer - Amantha Nirmal\"):\n                dropdown = wait.until(EC.element_to_be_clickable((By.XPATH, \"//ng-select\")))\n                dropdown.click()\n                time.sleep(1)\n                wait.until(\n                    EC.element_to_be_clickable((By.XPATH, \"//div[contains(@class,'ng-option') and contains(., 'Amantha Nirmal')]\"))\n                ).click()\n                take_screenshot(driver, \"customer_selected\")\n    \n            # ---------------- CLICK CREATE ----------------\n            with allure.step(\"Click Create Button\"):\n                create_btn = wait.until(\n                    EC.element_to_be_clickable((By.XPATH, \"//button[@type='submit' and contains(normalize-space(),'Create')]\"))\n                )\n                driver.execute_script(\"arguments[0].scrollIntoView({block:'center'});\", create_btn)\n                time.sleep(0.5)\n                create_btn.click()\n                take_screenshot(driver, \"create_clicked\")\n    \n            with allure.step(\"Wait for Order Details Page\"):\n                wait.until(EC.url_contains(\"/supplier/orders/\"))\n                take_screenshot(driver, \"order_details_page\")\n    \n            # ---------------- ADD PRODUCT ----------------\n            add_product(driver, wait, \"Set\", 2)\n    \n            # ---------------- SAVE ORDER ----------------\n            with allure.step(\"Save Order\"):\n                save_button = wait.until(\n                    EC.element_to_be_clickable((By.XPATH, \"//button[@type='submit' and normalize-space()='Save']\"))\n                )\n                driver.execute_script(\"arguments[0].scrollIntoView({block:'center'});\", save_button)\n                time.sleep(0.5)\n                save_button.click()\n                take_screenshot(driver, \"order_saved_successfully\")\n                print(\"âœ… Order saved successfully!\")\n    \n        except Exception as e:\n            take_screenshot(driver, \"test_failed\")\n>           pytest.fail(f\"Test failed due to error: {str(e)}\")\nE           Failed: Test failed due to error: Message: element click intercepted: Element <ng-select _ngcontent-usr-c107=\"\" name=\"selectCustomer\" bindlabel=\"fullName\" autofocus=\"\" bindvalue=\"id\" class=\"ng-select ng-select-single ng-select-searchable ng-select-clearable ng-untouched ng-pristine ng-valid\">...</ng-select> is not clickable at point (760, 159). Other element would receive the click: <div _ngcontent-usr-c150=\"\" class=\"spinner-wrapper d-flex justify-content-center min-vh-100 ng-tns-c150-1 ng-trigger ng-trigger-fadeOut ng-star-inserted\" style=\"\">...</div>\nE             (Session info: chrome=143.0.7499.193); For documentation on this error, please visit: https://www.selenium.dev/documentation/webdriver/troubleshooting/errors#elementclickinterceptedexception\nE           Stacktrace:\nE           Symbols not available. Dumping unresolved backtrace:\nE           \t0x7ff7311988d5\nE           \t0x7ff731198930\nE           \t0x7ff730f7165d\nE           \t0x7ff730fd19e8\nE           \t0x7ff730fcf40f\nE           \t0x7ff730fcc417\nE           \t0x7ff730fcb338\nE           \t0x7ff730fbce7f\nE           \t0x7ff730ff1fda\nE           \t0x7ff730fbc746\nE           \t0x7ff73101ac97\nE           \t0x7ff730fbac29\nE           \t0x7ff730fbba93\nE           \t0x7ff7314b0620\nE           \t0x7ff7314aaf60\nE           \t0x7ff7314c96c6\nE           \t0x7ff7311b5dd4\nE           \t0x7ff7311bed7c\nE           \t0x7ff7311a1ff4\nE           \t0x7ff7311a21a5\nE           \t0x7ff731187ed2\nE           \t0x7fff89247374\nE           \t0x7fff8b0fcc91\n\ntests\\test_create_order.py:178: Failed"}, "steps": [{"name": "Open Tenant Select Page", "status": "passed", "start": 1769055151021, "stop": 1769055164422}, {"name": "Enter Tenant ID", "status": "passed", "start": 1769055164422, "stop": 1769055164552}, {"name": "Set Tenant", "status": "passed", "start": 1769055164553, "stop": 1769055172185}, {"name": "Navigate to Login", "status": "passed", "start": 1769055172185, "stop": 1769055172294}, {"name": "Login with credentials", "status": "passed", "start": 1769055172294, "stop": 1769055172553}, {"name": "Verify Dashboard", "status": "passed", "attachments": [{"name": "dashboard_loaded", "source": "3fc97e06-53b0-4aad-b6a2-9150e2efb9e3-attachment.png", "type": "image/png"}], "start": 1769055172553, "stop": 1769055177273}, {"name": "Open Orders Page", "status": "passed", "attachments": [{"name": "orders_page", "source": "3d5ea34d-e9a0-4a8c-af8b-747e15cc9102-attachment.png", "type": "image/png"}], "start": 1769055177273, "stop": 1769055195457}, {"name": "Click New Order", "status": "passed", "start": 1769055195457, "stop": 1769055201290}, {"name": "Verify Create Order Form", "status": "passed", "attachments": [{"name": "create_order_form", "source": "04bfe300-e82f-40e4-8b30-b68421c4262e-attachment.png", "type": "image/png"}], "start": 1769055201290, "stop": 1769055201995}, {"name": "Select Customer - Amantha Nirmal", "status": "broken", "statusDetails": {"message": "selenium.common.exceptions.ElementClickInterceptedException: Message: element click intercepted: Element <ng-select _ngcontent-usr-c107=\"\" name=\"selectCustomer\" bindlabel=\"fullName\" autofocus=\"\" bindvalue=\"id\" class=\"ng-select ng-select-single ng-select-searchable ng-select-clearable ng-untouched ng-pristine ng-valid\">...</ng-select> is not clickable at point (760, 159). Other element would receive the click: <div _ngcontent-usr-c150=\"\" class=\"spinner-wrapper d-flex justify-content-center min-vh-100 ng-tns-c150-1 ng-trigger ng-trigger-fadeOut ng-star-inserted\" style=\"\">...</div>\n  (Session info: chrome=143.0.7499.193); For documentation on this error, please visit: https://www.selenium.dev/documentation/webdriver/troubleshooting/errors#elementclickinterceptedexception\nStacktrace:\nSymbols not available. Dumping unresolved backtrace:\n\t0x7ff7311988d5\n\t0x7ff731198930\n\t0x7ff730f7165d\n\t0x7ff730fd19e8\n\t0x7ff730fcf40f\n\t0x7ff730fcc417\n\t0x7ff730fcb338\n\t0x7ff730fbce7f\n\t0x7ff730ff1fda\n\t0x7ff730fbc746\n\t0x7ff73101ac97\n\t0x7ff730fbac29\n\t0x7ff730fbba93\n\t0x7ff7314b0620\n\t0x7ff7314aaf60\n\t0x7ff7314c96c6\n\t0x7ff7311b5dd4\n\t0x7ff7311bed7c\n\t0x7ff7311a1ff4\n\t0x7ff7311a21a5\n\t0x7ff731187ed2\n\t0x7fff89247374\n\t0x7fff8b0fcc91\n\n", "trace": "  File \"C:\\Users\\Suchini\\Desktop\\Ateam Software\\Hire-X Automation scripts\\Hire-X-Test-Automation-Scripts\\tests\\test_create_order.py\", line 141, in test_login_and_create_order\n    dropdown.click()\n    ~~~~~~~~~~~~~~^^\n  File \"C:\\Users\\Suchini\\Desktop\\Ateam Software\\Hire-X Automation scripts\\Hire-X-Test-Automation-Scripts\\venv\\Lib\\site-packages\\selenium\\webdriver\\remote\\webelement.py\", line 114, in click\n    self._execute(Command.CLICK_ELEMENT)\n    ~~~~~~~~~~~~~^^^^^^^^^^^^^^^^^^^^^^^\n  File \"C:\\Users\\Suchini\\Desktop\\Ateam Software\\Hire-X Automation scripts\\Hire-X-Test-Automation-Scripts\\venv\\Lib\\site-packages\\selenium\\webdriver\\remote\\webelement.py\", line 508, in _execute\n    return self._parent.execute(command, params)\n           ~~~~~~~~~~~~~~~~~~~~^^^^^^^^^^^^^^^^^\n  File \"C:\\Users\\Suchini\\Desktop\\Ateam Software\\Hire-X Automation scripts\\Hire-X-Test-Automation-Scripts\\venv\\Lib\\site-packages\\selenium\\webdriver\\remote\\webdriver.py\", line 432, in execute\n    self.error_handler.check_response(response)\n    ~~~~~~~~~~~~~~~~~~~~~~~~~~~~~~~~~^^^^^^^^^^\n  File \"C:\\Users\\Suchini\\Desktop\\Ateam Software\\Hire-X Automation scripts\\Hire-X-Test-Automation-Scripts\\venv\\Lib\\site-packages\\selenium\\webdriver\\remote\\errorhandler.py\", line 232, in check_response\n    raise exception_class(message, screen, stacktrace)\n"}, "start": 1769055201995, "stop": 1769055203085}], "attachments": [{"name": "test_failed", "source": "bf348c59-1cba-4a2b-b34c-dcf4720ab599-attachment.png", "type": "image/png"}], "start": 1769055151021, "stop": 1769055203258, "uuid": "d13b9bd3-815a-49d4-96a3-ba594bec8cde", "historyId": "b287b2fc0027e5283ee55bbb62a9bf33", "testCaseId": "b287b2fc0027e5283ee55bbb62a9bf33", "fullName": "tests.test_create_order#test_login_and_create_order", "labels": [{"name": "subSuite", "value": "Create Order"}, {"name": "parentSuite", "value": "Web Automation"}, {"name": "feature", "value": "Order Management"}, {"name": "suite", "value": "Orders"}, {"name": "tag", "value": "smoke"}, {"name": "host", "value": "DESKTOP-SCU7Q85"}, {"name": "thread", "value": "25104-MainThread"}, {"name": "framework", "value": "pytest"}, {"name": "language", "value": "cpython3"}, {"name": "package", "value": "tests.test_create_order"}], "titlePath": ["tests", "test_create_order.py"]}