{"name": "Supplier Dashboard - Open New Customer Form and Fill Name", "status": "broken", "statusDetails": {"message": "selenium.common.exceptions.ElementClickInterceptedException: Message: element click intercepted: Element <a _ngcontent-hrn-c150=\"\" class=\"nav-link\" href=\"/login\">...</a> is not clickable at point (1348, 32). Other element would receive the click: <div _ngcontent-hrn-c151=\"\" class=\"spinner-wrapper d-flex justify-content-center min-vh-100 ng-tns-c151-1 ng-trigger ng-trigger-fadeOut ng-star-inserted\">...</div>\n  (Session info: chrome=143.0.7499.193); For documentation on this error, please visit: https://www.selenium.dev/documentation/webdriver/troubleshooting/errors#elementclickinterceptedexception\nStacktrace:\nSymbols not available. Dumping unresolved backtrace:\n\t0x7ff7076988d5\n\t0x7ff707698930\n\t0x7ff70747165d\n\t0x7ff7074d19e8\n\t0x7ff7074cf40f\n\t0x7ff7074cc417\n\t0x7ff7074cb338\n\t0x7ff7074bce7f\n\t0x7ff7074f1fda\n\t0x7ff7074bc746\n\t0x7ff70751ac97\n\t0x7ff7074bac29\n\t0x7ff7074bba93\n\t0x7ff7079b0620\n\t0x7ff7079aaf60\n\t0x7ff7079c96c6\n\t0x7ff7076b5dd4\n\t0x7ff7076bed7c\n\t0x7ff7076a1ff4\n\t0x7ff7076a21a5\n\t0x7ff707687ed2\n\t0x7fff6d397374\n\t0x7fff6d7dcc91", "trace": "driver = <selenium.webdriver.chrome.webdriver.WebDriver (session=\"2f299dd0c4fb0124c1fd98781de3d964\")>\n\n    @allure.title(\"Supplier Dashboard - Open New Customer Form and Fill Name\")\n    def test_open_new_customer_form_fill_name(driver):\n        wait = WebDriverWait(driver, 30)\n    \n        try:\n            # ---------------- OPEN TENANT PAGE ----------------\n            driver.get(\n                \"https://app-hire-x-dev-multi-tenant-angular-01-bkgee7ewapa0c5es.southeastasia-01.azurewebsites.net/webshopnotfound\"\n            )\n    \n            tenant_input = wait.until(\n                EC.visibility_of_element_located((By.CSS_SELECTOR, \"input[type='text']\"))\n            )\n            tenant_input.clear()\n            tenant_input.send_keys(\"GrandRest\")\n    \n            wait.until(\n                EC.element_to_be_clickable((By.XPATH, \"//button[contains(text(),'Set Tenant')]\"))\n            ).click()\n    \n            wait.until(EC.url_contains(\"/home\"))\n    \n            # ---------------- LOGIN ----------------\n            wait.until(\n                EC.element_to_be_clickable((\n                    By.XPATH,\n                    \"//*[contains(translate(text(),'ABCDEFGHIJKLMNOPQRSTUVWXYZ','abcdefghijklmnopqrstuvwxyz'),'sign')]\"\n                ))\n>           ).click()\n              ^^^^^^^\n\ntests\\test_customer_create.py:64: \n_ _ _ _ _ _ _ _ _ _ _ _ _ _ _ _ _ _ _ _ _ _ _ _ _ _ _ _ _ _ _ _ _ _ _ _ _ _ _ _ _ _ _ _ _ _ _ _ _ _ _ _ _ _ _ _ _ _ _\nvenv\\Lib\\site-packages\\selenium\\webdriver\\remote\\webelement.py:114: in click\n    self._execute(Command.CLICK_ELEMENT)\nvenv\\Lib\\site-packages\\selenium\\webdriver\\remote\\webelement.py:508: in _execute\n    return self._parent.execute(command, params)\n           ^^^^^^^^^^^^^^^^^^^^^^^^^^^^^^^^^^^^^\nvenv\\Lib\\site-packages\\selenium\\webdriver\\remote\\webdriver.py:432: in execute\n    self.error_handler.check_response(response)\n_ _ _ _ _ _ _ _ _ _ _ _ _ _ _ _ _ _ _ _ _ _ _ _ _ _ _ _ _ _ _ _ _ _ _ _ _ _ _ _ _ _ _ _ _ _ _ _ _ _ _ _ _ _ _ _ _ _ _\n\nself = <selenium.webdriver.remote.errorhandler.ErrorHandler object at 0x000002AAF71806E0>\nresponse = {'status': 400, 'value': '{\"value\":{\"error\":\"element click intercepted\",\"message\":\"element click intercepted: Element ...ff7076bed7c\\\\n\\\\t0x7ff7076a1ff4\\\\n\\\\t0x7ff7076a21a5\\\\n\\\\t0x7ff707687ed2\\\\n\\\\t0x7fff6d397374\\\\n\\\\t0x7fff6d7dcc91\\\\n\"}}'}\n\n    def check_response(self, response: dict[str, Any]) -> None:\n        \"\"\"Check that a JSON response from the WebDriver does not have an error.\n    \n        Args:\n            response: The JSON response from the WebDriver server as a dictionary\n                object.\n    \n        Raises:\n            WebDriverException: If the response contains an error message.\n        \"\"\"\n        status = response.get(\"status\", None)\n        if not status or status == ErrorCode.SUCCESS:\n            return\n        value = None\n        message = response.get(\"message\", \"\")\n        screen: str = response.get(\"screen\", \"\")\n        stacktrace = None\n        if isinstance(status, int):\n            value_json = response.get(\"value\", None)\n            if value_json and isinstance(value_json, str):\n                try:\n                    value = json.loads(value_json)\n                    if isinstance(value, dict):\n                        if len(value) == 1:\n                            value = value[\"value\"]\n                        status = value.get(\"error\", None)\n                        if not status:\n                            status = value.get(\"status\", ErrorCode.UNKNOWN_ERROR)\n                            message = value.get(\"value\") or value.get(\"message\")\n                            if not isinstance(message, str):\n                                value = message\n                                message = message.get(\"message\") if isinstance(message, dict) else None\n                        else:\n                            message = value.get(\"message\", None)\n                except ValueError:\n                    pass\n    \n        exception_class: type[WebDriverException]\n        e = ErrorCode()\n        error_codes = [item for item in dir(e) if not item.startswith(\"__\")]\n        for error_code in error_codes:\n            error_info = getattr(ErrorCode, error_code)\n            if isinstance(error_info, list) and status in error_info:\n                exception_class = getattr(ExceptionMapping, error_code, WebDriverException)\n                break\n        else:\n            exception_class = WebDriverException\n    \n        if not value:\n            value = response[\"value\"]\n        if isinstance(value, str):\n            raise exception_class(value)\n        if message == \"\" and \"message\" in value:\n            message = value[\"message\"]\n    \n        screen = None  # type: ignore[assignment]\n        if \"screen\" in value:\n            screen = value[\"screen\"]\n    \n        stacktrace = None\n        st_value = value.get(\"stackTrace\") or value.get(\"stacktrace\")\n        if st_value:\n            if isinstance(st_value, str):\n                stacktrace = st_value.split(\"\\n\")\n            else:\n                stacktrace = []\n                try:\n                    for frame in st_value:\n                        line = frame.get(\"lineNumber\", \"\")\n                        file = frame.get(\"fileName\", \"<anonymous>\")\n                        if line:\n                            file = f\"{file}:{line}\"\n                        meth = frame.get(\"methodName\", \"<anonymous>\")\n                        if \"className\" in frame:\n                            meth = f\"{frame['className']}.{meth}\"\n                        msg = \"    at %s (%s)\"\n                        msg = msg % (meth, file)\n                        stacktrace.append(msg)\n                except TypeError:\n                    pass\n        if exception_class == UnexpectedAlertPresentException:\n            alert_text = None\n            if \"data\" in value:\n                alert_text = value[\"data\"].get(\"text\")\n            elif \"alert\" in value:\n                alert_text = value[\"alert\"].get(\"text\")\n            raise exception_class(message, screen, stacktrace, alert_text)  # type: ignore[call-arg]  # mypy is not smart enough here\n>       raise exception_class(message, screen, stacktrace)\nE       selenium.common.exceptions.ElementClickInterceptedException: Message: element click intercepted: Element <a _ngcontent-hrn-c150=\"\" class=\"nav-link\" href=\"/login\">...</a> is not clickable at point (1348, 32). Other element would receive the click: <div _ngcontent-hrn-c151=\"\" class=\"spinner-wrapper d-flex justify-content-center min-vh-100 ng-tns-c151-1 ng-trigger ng-trigger-fadeOut ng-star-inserted\">...</div>\nE         (Session info: chrome=143.0.7499.193); For documentation on this error, please visit: https://www.selenium.dev/documentation/webdriver/troubleshooting/errors#elementclickinterceptedexception\nE       Stacktrace:\nE       Symbols not available. Dumping unresolved backtrace:\nE       \t0x7ff7076988d5\nE       \t0x7ff707698930\nE       \t0x7ff70747165d\nE       \t0x7ff7074d19e8\nE       \t0x7ff7074cf40f\nE       \t0x7ff7074cc417\nE       \t0x7ff7074cb338\nE       \t0x7ff7074bce7f\nE       \t0x7ff7074f1fda\nE       \t0x7ff7074bc746\nE       \t0x7ff70751ac97\nE       \t0x7ff7074bac29\nE       \t0x7ff7074bba93\nE       \t0x7ff7079b0620\nE       \t0x7ff7079aaf60\nE       \t0x7ff7079c96c6\nE       \t0x7ff7076b5dd4\nE       \t0x7ff7076bed7c\nE       \t0x7ff7076a1ff4\nE       \t0x7ff7076a21a5\nE       \t0x7ff707687ed2\nE       \t0x7fff6d397374\nE       \t0x7fff6d7dcc91\n\nvenv\\Lib\\site-packages\\selenium\\webdriver\\remote\\errorhandler.py:232: ElementClickInterceptedException"}, "attachments": [{"name": "stdout", "source": "4386ee00-c41f-45c5-a31c-0eade83bc5ea-attachment.txt", "type": "text/plain"}], "start": 1769485582728, "stop": 1769485606851, "uuid": "fdfa2709-c090-49fe-80a2-70bf96f7dfec", "historyId": "c31c71d946261beab66b85b6321c0abf", "testCaseId": "c31c71d946261beab66b85b6321c0abf", "fullName": "tests.test_customer_create#test_open_new_customer_form_fill_name", "labels": [{"name": "parentSuite", "value": "tests"}, {"name": "suite", "value": "test_customer_create"}, {"name": "host", "value": "DESKTOP-SCU7Q85"}, {"name": "thread", "value": "22548-MainThread"}, {"name": "framework", "value": "pytest"}, {"name": "language", "value": "cpython3"}, {"name": "package", "value": "tests.test_customer_create"}], "titlePath": ["tests", "test_customer_create.py"]}