{"name": "TC02 - Create Order with Product and Save", "status": "failed", "statusDetails": {"message": "Failed: Test failed due to error: Message:", "trace": "driver = <selenium.webdriver.chrome.webdriver.WebDriver (session=\"c5e986bc1ecf447fa05864d2bb545756\")>\n\n    @pytest.mark.smoke\n    @allure.parent_suite(\"Web Automation\")\n    @allure.suite(\"Orders\")\n    @allure.sub_suite(\"Create Order\")\n    @allure.feature(\"Order Management\")\n    @allure.title(\"TC02 - Create Order with Product and Save\")\n    def test_login_and_create_order(driver):\n    \n        wait = WebDriverWait(driver, 25)\n    \n        try:\n            # ---------------- LOGIN ----------------\n            with allure.step(\"Open Tenant Select Page\"):\n                driver.get(\n                    \"https://app-hire-x-dev-multi-tenant-angular-01-bkgee7ewapa0c5es.southeastasia-01.azurewebsites.net/webshopnotfound\"\n                )\n    \n            with allure.step(\"Enter Tenant ID\"):\n                tenant = wait.until(EC.visibility_of_element_located((By.CSS_SELECTOR, \"input[type='text']\")))\n                tenant.clear()\n                tenant.send_keys(\"GrandRest\")\n    \n            with allure.step(\"Set Tenant\"):\n                wait.until(EC.element_to_be_clickable((By.XPATH, \"//button[contains(text(),'Set Tenant')]\"))).click()\n    \n            with allure.step(\"Navigate to Login\"):\n                wait.until(EC.url_contains(\"/home\"))\n                wait.until(\n                    EC.element_to_be_clickable(\n                        (By.XPATH, \"//*[contains(translate(text(),'ABCDEFGHIJKLMNOPQRSTUVWXYZ','abcdefghijklmnopqrstuvwxyz'),'sign')]\")\n                    )\n                ).click()\n    \n            with allure.step(\"Login with credentials\"):\n                wait.until(EC.url_contains(\"/login\"))\n                driver.find_element(By.XPATH, \"//input[contains(@type,'email')]\").send_keys(\"suchini@ateamsoftware.com\")\n                driver.find_element(By.XPATH, \"//input[contains(@type,'password')]\").send_keys(\"Abc12345\")\n                driver.find_element(By.XPATH, \"//button[contains(text(),'Login')]\").click()\n    \n            with allure.step(\"Verify Dashboard\"):\n                wait.until(EC.url_contains(\"/supplier/dashboard\"))\n                take_screenshot(driver, \"dashboard_loaded\")\n    \n            # ---------------- CREATE ORDER ----------------\n            with allure.step(\"Open Orders Page\"):\n                driver.get(\"https://app-hire-x-dev-multi-tenant-angular-01-bkgee7ewapa0c5es.southeastasia-01.azurewebsites.net/supplier/orders\")\n                wait.until(EC.url_contains(\"/supplier/orders\"))\n                take_screenshot(driver, \"orders_page\")\n    \n            with allure.step(\"Click New Order\"):\n                wait.until(EC.element_to_be_clickable((By.XPATH, \"//button[contains(text(),'New')]\"))).click()\n    \n            with allure.step(\"Verify Create Order Form\"):\n                wait.until(EC.visibility_of_element_located((By.XPATH, \"//*[contains(text(),'Create Order')]\")))\n                take_screenshot(driver, \"create_order_form\")\n    \n            # ---------------- SELECT CUSTOMER ----------------\n            with allure.step(\"Select Customer - Amantha Nirmal\"):\n                dropdown = wait.until(EC.element_to_be_clickable((By.XPATH, \"//ng-select\")))\n                dropdown.click()\n                time.sleep(1)\n                wait.until(\n                    EC.element_to_be_clickable((By.XPATH, \"//div[contains(@class,'ng-option') and contains(., 'Amantha Nirmal')]\"))\n                ).click()\n                take_screenshot(driver, \"customer_selected\")\n    \n            # ---------------- CLICK CREATE ----------------\n            with allure.step(\"Click Create Button\"):\n                create_btn = wait.until(\n                    EC.element_to_be_clickable((By.XPATH, \"//button[@type='submit' and contains(normalize-space(),'Create')]\"))\n                )\n                driver.execute_script(\"arguments[0].scrollIntoView({block:'center'});\", create_btn)\n                time.sleep(0.5)\n                create_btn.click()\n                take_screenshot(driver, \"create_clicked\")\n    \n            with allure.step(\"Wait for Order Details Page\"):\n                wait.until(EC.url_contains(\"/supplier/orders/\"))\n                take_screenshot(driver, \"order_details_page\")\n    \n            # ---------------- ADD PRODUCT ----------------\n>           add_product(driver, wait, \"Set\", 2)\n\ntests\\test_create_order.py:163: \n_ _ _ _ _ _ _ _ _ _ _ _ _ _ _ _ _ _ _ _ _ _ _ _ _ _ _ _ _ _ _ _ _ _ _ _ _ _ _ _ _ _ _ _ _ _ _ _\ntests\\test_create_order.py:77: in add_product\n    wait.until(\n_ _ _ _ _ _ _ _ _ _ _ _ _ _ _ _ _ _ _ _ _ _ _ _ _ _ _ _ _ _ _ _ _ _ _ _ _ _ _ _ _ _ _ _ _ _ _ _\n\nself = <selenium.webdriver.support.wait.WebDriverWait (session=\"c5e986bc1ecf447fa05864d2bb545756\")>\nmethod = <function visibility_of_element_located.<locals>._predicate at 0x000001670E32DBC0>\nmessage = ''\n\n    def until(self, method: Callable[[D], Literal[False] | T], message: str = \"\") -> T:\n        \"\"\"Wait until the method returns a value that is not False.\n    \n        Calls the method provided with the driver as an argument until the\n        return value does not evaluate to ``False``.\n    \n        Args:\n            method: A callable object that takes a WebDriver instance as an\n                argument.\n            message: Optional message for TimeoutException.\n    \n        Returns:\n            The result of the last call to `method`.\n    \n        Raises:\n            TimeoutException: If 'method' does not return a truthy value within\n                the WebDriverWait object's timeout.\n    \n        Example:\n            >>> from selenium.webdriver.common.by import By\n            >>> from selenium.webdriver.support.ui import WebDriverWait\n            >>> from selenium.webdriver.support import expected_conditions as EC\n            >>>\n            >>> # Wait until an element is visible on the page\n            >>> wait = WebDriverWait(driver, 10)\n            >>> element = wait.until(EC.visibility_of_element_located((By.ID, \"exampleId\")))\n            >>> print(element.text)\n        \"\"\"\n        screen = None\n        stacktrace = None\n    \n        end_time = time.monotonic() + self._timeout\n        while True:\n            try:\n                value = method(self._driver)\n                if value:\n                    return value\n            except self._ignored_exceptions as exc:\n                screen = getattr(exc, \"screen\", None)\n                stacktrace = getattr(exc, \"stacktrace\", None)\n            if time.monotonic() > end_time:\n                break\n            time.sleep(self._poll)\n>       raise TimeoutException(message, screen, stacktrace)\nE       selenium.common.exceptions.TimeoutException: Message:\n\nvenv\\Lib\\site-packages\\selenium\\webdriver\\support\\wait.py:121: TimeoutException\n\nDuring handling of the above exception, another exception occurred:\n\ndriver = <selenium.webdriver.chrome.webdriver.WebDriver (session=\"c5e986bc1ecf447fa05864d2bb545756\")>\n\n    @pytest.mark.smoke\n    @allure.parent_suite(\"Web Automation\")\n    @allure.suite(\"Orders\")\n    @allure.sub_suite(\"Create Order\")\n    @allure.feature(\"Order Management\")\n    @allure.title(\"TC02 - Create Order with Product and Save\")\n    def test_login_and_create_order(driver):\n    \n        wait = WebDriverWait(driver, 25)\n    \n        try:\n            # ---------------- LOGIN ----------------\n            with allure.step(\"Open Tenant Select Page\"):\n                driver.get(\n                    \"https://app-hire-x-dev-multi-tenant-angular-01-bkgee7ewapa0c5es.southeastasia-01.azurewebsites.net/webshopnotfound\"\n                )\n    \n            with allure.step(\"Enter Tenant ID\"):\n                tenant = wait.until(EC.visibility_of_element_located((By.CSS_SELECTOR, \"input[type='text']\")))\n                tenant.clear()\n                tenant.send_keys(\"GrandRest\")\n    \n            with allure.step(\"Set Tenant\"):\n                wait.until(EC.element_to_be_clickable((By.XPATH, \"//button[contains(text(),'Set Tenant')]\"))).click()\n    \n            with allure.step(\"Navigate to Login\"):\n                wait.until(EC.url_contains(\"/home\"))\n                wait.until(\n                    EC.element_to_be_clickable(\n                        (By.XPATH, \"//*[contains(translate(text(),'ABCDEFGHIJKLMNOPQRSTUVWXYZ','abcdefghijklmnopqrstuvwxyz'),'sign')]\")\n                    )\n                ).click()\n    \n            with allure.step(\"Login with credentials\"):\n                wait.until(EC.url_contains(\"/login\"))\n                driver.find_element(By.XPATH, \"//input[contains(@type,'email')]\").send_keys(\"suchini@ateamsoftware.com\")\n                driver.find_element(By.XPATH, \"//input[contains(@type,'password')]\").send_keys(\"Abc12345\")\n                driver.find_element(By.XPATH, \"//button[contains(text(),'Login')]\").click()\n    \n            with allure.step(\"Verify Dashboard\"):\n                wait.until(EC.url_contains(\"/supplier/dashboard\"))\n                take_screenshot(driver, \"dashboard_loaded\")\n    \n            # ---------------- CREATE ORDER ----------------\n            with allure.step(\"Open Orders Page\"):\n                driver.get(\"https://app-hire-x-dev-multi-tenant-angular-01-bkgee7ewapa0c5es.southeastasia-01.azurewebsites.net/supplier/orders\")\n                wait.until(EC.url_contains(\"/supplier/orders\"))\n                take_screenshot(driver, \"orders_page\")\n    \n            with allure.step(\"Click New Order\"):\n                wait.until(EC.element_to_be_clickable((By.XPATH, \"//button[contains(text(),'New')]\"))).click()\n    \n            with allure.step(\"Verify Create Order Form\"):\n                wait.until(EC.visibility_of_element_located((By.XPATH, \"//*[contains(text(),'Create Order')]\")))\n                take_screenshot(driver, \"create_order_form\")\n    \n            # ---------------- SELECT CUSTOMER ----------------\n            with allure.step(\"Select Customer - Amantha Nirmal\"):\n                dropdown = wait.until(EC.element_to_be_clickable((By.XPATH, \"//ng-select\")))\n                dropdown.click()\n                time.sleep(1)\n                wait.until(\n                    EC.element_to_be_clickable((By.XPATH, \"//div[contains(@class,'ng-option') and contains(., 'Amantha Nirmal')]\"))\n                ).click()\n                take_screenshot(driver, \"customer_selected\")\n    \n            # ---------------- CLICK CREATE ----------------\n            with allure.step(\"Click Create Button\"):\n                create_btn = wait.until(\n                    EC.element_to_be_clickable((By.XPATH, \"//button[@type='submit' and contains(normalize-space(),'Create')]\"))\n                )\n                driver.execute_script(\"arguments[0].scrollIntoView({block:'center'});\", create_btn)\n                time.sleep(0.5)\n                create_btn.click()\n                take_screenshot(driver, \"create_clicked\")\n    \n            with allure.step(\"Wait for Order Details Page\"):\n                wait.until(EC.url_contains(\"/supplier/orders/\"))\n                take_screenshot(driver, \"order_details_page\")\n    \n            # ---------------- ADD PRODUCT ----------------\n            add_product(driver, wait, \"Set\", 2)\n    \n            # ---------------- SAVE ORDER ----------------\n            with allure.step(\"Save Order\"):\n                save_button = wait.until(\n                    EC.presence_of_element_located(\n                        (By.XPATH, \"//button[@type='submit' and contains(@class,'btn-primary') and normalize-space()='Save']\")\n                    )\n                )\n    \n                driver.execute_script(\"arguments[0].scrollIntoView({block:'center'});\", save_button)\n                time.sleep(0.5)\n    \n                # Retry clicking save button\n                for _ in range(5):\n                    try:\n                        if save_button.is_displayed() and save_button.is_enabled():\n                            save_button.click()\n                            break\n                    except:\n                        time.sleep(0.5)\n                else:\n                    # Fallback to JS click\n                    driver.execute_script(\"arguments[0].click();\", save_button)\n    \n                take_screenshot(driver, \"order_saved_successfully\")\n                print(\"âœ… Order saved successfully!\")\n    \n        except Exception as e:\n            take_screenshot(driver, \"test_failed\")\n>           pytest.fail(f\"Test failed due to error: {str(e)}\")\nE           Failed: Test failed due to error: Message:\n\ntests\\test_create_order.py:193: Failed"}, "steps": [{"name": "Open Tenant Select Page", "status": "passed", "start": 1769055898912, "stop": 1769055904662}, {"name": "Enter Tenant ID", "status": "passed", "start": 1769055904662, "stop": 1769055904866}, {"name": "Set Tenant", "status": "passed", "start": 1769055904866, "stop": 1769055912610}, {"name": "Navigate to Login", "status": "passed", "start": 1769055912610, "stop": 1769055912775}, {"name": "Login with credentials", "status": "passed", "start": 1769055912775, "stop": 1769055913145}, {"name": "Verify Dashboard", "status": "passed", "attachments": [{"name": "dashboard_loaded", "source": "dbf88e0a-1d75-435c-8cb2-5672109a085d-attachment.png", "type": "image/png"}], "start": 1769055913145, "stop": 1769055916487}, {"name": "Open Orders Page", "status": "passed", "attachments": [{"name": "orders_page", "source": "c6f38929-6b5a-4c62-87c3-2fbaad096c7a-attachment.png", "type": "image/png"}], "start": 1769055916487, "stop": 1769055925974}, {"name": "Click New Order", "status": "passed", "start": 1769055925974, "stop": 1769055931925}, {"name": "Verify Create Order Form", "status": "passed", "attachments": [{"name": "create_order_form", "source": "9ebd6db5-7707-4b80-b63c-64e5098fdef6-attachment.png", "type": "image/png"}], "start": 1769055931925, "stop": 1769055932706}, {"name": "Select Customer - Amantha Nirmal", "status": "passed", "attachments": [{"name": "customer_selected", "source": "4aad6fae-14c4-4853-80f3-1125bfd0255e-attachment.png", "type": "image/png"}], "start": 1769055932706, "stop": 1769055934563}, {"name": "Click Create Button", "status": "passed", "attachments": [{"name": "create_clicked", "source": "6c6c1efc-002d-4394-9c88-d3be92410e90-attachment.png", "type": "image/png"}], "start": 1769055934563, "stop": 1769055935490}, {"name": "Wait for Order Details Page", "status": "passed", "attachments": [{"name": "order_details_page", "source": "01a573d6-0993-4954-aa39-f7abd4b8d72f-attachment.png", "type": "image/png"}], "start": 1769055935490, "stop": 1769055938752}, {"name": "Add Product - Set (Qty 2)", "status": "broken", "statusDetails": {"message": "selenium.common.exceptions.TimeoutException: Message: \n\n", "trace": "  File \"C:\\Users\\Suchini\\Desktop\\Ateam Software\\Hire-X Automation scripts\\Hire-X-Test-Automation-Scripts\\tests\\test_create_order.py\", line 77, in add_product\n    wait.until(\n    ~~~~~~~~~~^\n        EC.visibility_of_element_located((By.XPATH, f\"//*[contains(text(),'{product_name}')]\"))\n        ^^^^^^^^^^^^^^^^^^^^^^^^^^^^^^^^^^^^^^^^^^^^^^^^^^^^^^^^^^^^^^^^^^^^^^^^^^^^^^^^^^^^^^^\n    )\n    ^\n  File \"C:\\Users\\Suchini\\Desktop\\Ateam Software\\Hire-X Automation scripts\\Hire-X-Test-Automation-Scripts\\venv\\Lib\\site-packages\\selenium\\webdriver\\support\\wait.py\", line 121, in until\n    raise TimeoutException(message, screen, stacktrace)\n"}, "attachments": [{"name": "product_selected_qty", "source": "d0ece15a-37b5-41f9-8872-fe0c767986da-attachment.png", "type": "image/png"}, {"name": "product_added_success", "source": "06778a21-8b7c-46cd-8802-1487aa3d830e-attachment.png", "type": "image/png"}], "start": 1769055938752, "stop": 1769055976518}], "attachments": [{"name": "test_failed", "source": "26d9b647-329f-41cf-9ad2-ac7cbed3bc5a-attachment.png", "type": "image/png"}], "start": 1769055898911, "stop": 1769055976776, "uuid": "f8851586-2e78-4d1b-8a40-562da1ec6a0f", "historyId": "b287b2fc0027e5283ee55bbb62a9bf33", "testCaseId": "b287b2fc0027e5283ee55bbb62a9bf33", "fullName": "tests.test_create_order#test_login_and_create_order", "labels": [{"name": "parentSuite", "value": "Web Automation"}, {"name": "suite", "value": "Orders"}, {"name": "feature", "value": "Order Management"}, {"name": "subSuite", "value": "Create Order"}, {"name": "tag", "value": "smoke"}, {"name": "host", "value": "DESKTOP-SCU7Q85"}, {"name": "thread", "value": "25848-MainThread"}, {"name": "framework", "value": "pytest"}, {"name": "language", "value": "cpython3"}, {"name": "package", "value": "tests.test_create_order"}], "titlePath": ["tests", "test_create_order.py"]}