{"name": "TC02 - Create Order with Product (No Save)", "status": "failed", "statusDetails": {"message": "Failed: Test failed due to error: Message: element click intercepted: Element <ng-select _ngcontent-ait-c107=\"\" name=\"selectCustomer\" bindlabel=\"fullName\" autofocus=\"\" bindvalue=\"id\" class=\"ng-select ng-select-single ng-select-searchable ng-select-clearable ng-untouched ng-pristine ng-valid\">...</ng-select> is not clickable at point (760, 139). Other element would receive the click: <div _ngcontent-ait-c49=\"\" class=\"form-group\">...</div>\n  (Session info: chrome=143.0.7499.193); For documentation on this error, please visit: https://www.selenium.dev/documentation/webdriver/troubleshooting/errors#elementclickinterceptedexception\nStacktrace:\nSymbols not available. Dumping unresolved backtrace:\n\t0x7ff638c288d5\n\t0x7ff638c28930\n\t0x7ff638a0165d\n\t0x7ff638a619e8\n\t0x7ff638a5f40f\n\t0x7ff638a5c417\n\t0x7ff638a5b338\n\t0x7ff638a4ce7f\n\t0x7ff638a81fda\n\t0x7ff638a4c746\n\t0x7ff638aaac97\n\t0x7ff638a4ac29\n\t0x7ff638a4ba93\n\t0x7ff638f40620\n\t0x7ff638f3af60\n\t0x7ff638f596c6\n\t0x7ff638c45dd4\n\t0x7ff638c4ed7c\n\t0x7ff638c31ff4\n\t0x7ff638c321a5\n\t0x7ff638c17ed2\n\t0x7fff6d397374\n\t0x7fff6d7dcc91", "trace": "driver = <selenium.webdriver.chrome.webdriver.WebDriver (session=\"33898b8d112908b3b3ac1f6f32232749\")>\n\n    @pytest.mark.smoke\n    @allure.parent_suite(\"Web Automation\")\n    @allure.suite(\"Orders\")\n    @allure.sub_suite(\"Create Order\")\n    @allure.feature(\"Order Management\")\n    @allure.title(\"TC02 - Create Order with Product (No Save)\")\n    def test_login_and_create_order(driver):\n    \n        wait = WebDriverWait(driver, 30)\n    \n        try:\n            # ---------------- LOGIN ----------------\n            with allure.step(\"Open Tenant Select Page\"):\n                driver.get(\n                    \"https://app-hire-x-dev-multi-tenant-angular-01-bkgee7ewapa0c5es.southeastasia-01.azurewebsites.net/webshopnotfound\"\n                )\n    \n            with allure.step(\"Enter Tenant ID\"):\n                tenant = wait.until(\n                    EC.visibility_of_element_located((By.CSS_SELECTOR, \"input[type='text']\"))\n                )\n                tenant.clear()\n                tenant.send_keys(\"GrandRest\")\n    \n            with allure.step(\"Set Tenant\"):\n                wait.until(\n                    EC.element_to_be_clickable((By.XPATH, \"//button[contains(text(),'Set Tenant')]\"))\n                ).click()\n    \n            with allure.step(\"Navigate to Login\"):\n                wait.until(EC.url_contains(\"/home\"))\n                wait.until(\n                    EC.element_to_be_clickable(\n                        (By.XPATH, \"//*[contains(translate(text(),'ABCDEFGHIJKLMNOPQRSTUVWXYZ','abcdefghijklmnopqrstuvwxyz'),'sign')]\")\n                    )\n                ).click()\n    \n            with allure.step(\"Login with credentials\"):\n                wait.until(EC.url_contains(\"/login\"))\n                driver.find_element(By.XPATH, \"//input[contains(@type,'email')]\") \\\n                    .send_keys(\"suchini@ateamsoftware.com\")\n                driver.find_element(By.XPATH, \"//input[contains(@type,'password')]\") \\\n                    .send_keys(\"Abc12345\")\n                driver.find_element(By.XPATH, \"//button[contains(text(),'Login')]\").click()\n    \n            with allure.step(\"Verify Dashboard\"):\n                wait.until(EC.url_contains(\"/supplier/dashboard\"))\n                take_screenshot(driver, \"dashboard_loaded\")\n    \n            # ---------------- CREATE ORDER ----------------\n            with allure.step(\"Open Orders Page\"):\n                driver.get(\n                    \"https://app-hire-x-dev-multi-tenant-angular-01-bkgee7ewapa0c5es.southeastasia-01.azurewebsites.net/supplier/orders\"\n                )\n                wait.until(EC.url_contains(\"/supplier/orders\"))\n                take_screenshot(driver, \"orders_page\")\n    \n            with allure.step(\"Click New Order\"):\n                wait.until(\n                    EC.element_to_be_clickable((By.XPATH, \"//button[contains(text(),'New')]\"))\n                ).click()\n    \n            with allure.step(\"Verify Create Order Form\"):\n                wait.until(\n                    EC.presence_of_element_located((By.XPATH, \"//*[contains(text(),'Create Order')]\"))\n                )\n                take_screenshot(driver, \"create_order_form\")\n    \n            # ---------------- SELECT CUSTOMER ----------------\n            with allure.step(\"Select Customer - Amantha Nirmal\"):\n                dropdown = wait.until(\n                    EC.element_to_be_clickable((By.XPATH, \"//ng-select\"))\n                )\n>               dropdown.click()\n\ntests\\test_create_order.py:160: \n_ _ _ _ _ _ _ _ _ _ _ _ _ _ _ _ _ _ _ _ _ _ _ _ _ _ _ _ _ _ _ _ _ _ _ _ _ _ _ _ _ _ _ _ _ _ _ _ _ _ _ _ _ _ _ _ _ _ _\nvenv\\Lib\\site-packages\\selenium\\webdriver\\remote\\webelement.py:114: in click\n    self._execute(Command.CLICK_ELEMENT)\nvenv\\Lib\\site-packages\\selenium\\webdriver\\remote\\webelement.py:508: in _execute\n    return self._parent.execute(command, params)\n           ^^^^^^^^^^^^^^^^^^^^^^^^^^^^^^^^^^^^^\nvenv\\Lib\\site-packages\\selenium\\webdriver\\remote\\webdriver.py:432: in execute\n    self.error_handler.check_response(response)\n_ _ _ _ _ _ _ _ _ _ _ _ _ _ _ _ _ _ _ _ _ _ _ _ _ _ _ _ _ _ _ _ _ _ _ _ _ _ _ _ _ _ _ _ _ _ _ _ _ _ _ _ _ _ _ _ _ _ _\n\nself = <selenium.webdriver.remote.errorhandler.ErrorHandler object at 0x0000029B2B9D4AD0>\nresponse = {'status': 400, 'value': '{\"value\":{\"error\":\"element click intercepted\",\"message\":\"element click intercepted: Element ...ff638c4ed7c\\\\n\\\\t0x7ff638c31ff4\\\\n\\\\t0x7ff638c321a5\\\\n\\\\t0x7ff638c17ed2\\\\n\\\\t0x7fff6d397374\\\\n\\\\t0x7fff6d7dcc91\\\\n\"}}'}\n\n    def check_response(self, response: dict[str, Any]) -> None:\n        \"\"\"Check that a JSON response from the WebDriver does not have an error.\n    \n        Args:\n            response: The JSON response from the WebDriver server as a dictionary\n                object.\n    \n        Raises:\n            WebDriverException: If the response contains an error message.\n        \"\"\"\n        status = response.get(\"status\", None)\n        if not status or status == ErrorCode.SUCCESS:\n            return\n        value = None\n        message = response.get(\"message\", \"\")\n        screen: str = response.get(\"screen\", \"\")\n        stacktrace = None\n        if isinstance(status, int):\n            value_json = response.get(\"value\", None)\n            if value_json and isinstance(value_json, str):\n                try:\n                    value = json.loads(value_json)\n                    if isinstance(value, dict):\n                        if len(value) == 1:\n                            value = value[\"value\"]\n                        status = value.get(\"error\", None)\n                        if not status:\n                            status = value.get(\"status\", ErrorCode.UNKNOWN_ERROR)\n                            message = value.get(\"value\") or value.get(\"message\")\n                            if not isinstance(message, str):\n                                value = message\n                                message = message.get(\"message\") if isinstance(message, dict) else None\n                        else:\n                            message = value.get(\"message\", None)\n                except ValueError:\n                    pass\n    \n        exception_class: type[WebDriverException]\n        e = ErrorCode()\n        error_codes = [item for item in dir(e) if not item.startswith(\"__\")]\n        for error_code in error_codes:\n            error_info = getattr(ErrorCode, error_code)\n            if isinstance(error_info, list) and status in error_info:\n                exception_class = getattr(ExceptionMapping, error_code, WebDriverException)\n                break\n        else:\n            exception_class = WebDriverException\n    \n        if not value:\n            value = response[\"value\"]\n        if isinstance(value, str):\n            raise exception_class(value)\n        if message == \"\" and \"message\" in value:\n            message = value[\"message\"]\n    \n        screen = None  # type: ignore[assignment]\n        if \"screen\" in value:\n            screen = value[\"screen\"]\n    \n        stacktrace = None\n        st_value = value.get(\"stackTrace\") or value.get(\"stacktrace\")\n        if st_value:\n            if isinstance(st_value, str):\n                stacktrace = st_value.split(\"\\n\")\n            else:\n                stacktrace = []\n                try:\n                    for frame in st_value:\n                        line = frame.get(\"lineNumber\", \"\")\n                        file = frame.get(\"fileName\", \"<anonymous>\")\n                        if line:\n                            file = f\"{file}:{line}\"\n                        meth = frame.get(\"methodName\", \"<anonymous>\")\n                        if \"className\" in frame:\n                            meth = f\"{frame['className']}.{meth}\"\n                        msg = \"    at %s (%s)\"\n                        msg = msg % (meth, file)\n                        stacktrace.append(msg)\n                except TypeError:\n                    pass\n        if exception_class == UnexpectedAlertPresentException:\n            alert_text = None\n            if \"data\" in value:\n                alert_text = value[\"data\"].get(\"text\")\n            elif \"alert\" in value:\n                alert_text = value[\"alert\"].get(\"text\")\n            raise exception_class(message, screen, stacktrace, alert_text)  # type: ignore[call-arg]  # mypy is not smart enough here\n>       raise exception_class(message, screen, stacktrace)\nE       selenium.common.exceptions.ElementClickInterceptedException: Message: element click intercepted: Element <ng-select _ngcontent-ait-c107=\"\" name=\"selectCustomer\" bindlabel=\"fullName\" autofocus=\"\" bindvalue=\"id\" class=\"ng-select ng-select-single ng-select-searchable ng-select-clearable ng-untouched ng-pristine ng-valid\">...</ng-select> is not clickable at point (760, 139). Other element would receive the click: <div _ngcontent-ait-c49=\"\" class=\"form-group\">...</div>\nE         (Session info: chrome=143.0.7499.193); For documentation on this error, please visit: https://www.selenium.dev/documentation/webdriver/troubleshooting/errors#elementclickinterceptedexception\nE       Stacktrace:\nE       Symbols not available. Dumping unresolved backtrace:\nE       \t0x7ff638c288d5\nE       \t0x7ff638c28930\nE       \t0x7ff638a0165d\nE       \t0x7ff638a619e8\nE       \t0x7ff638a5f40f\nE       \t0x7ff638a5c417\nE       \t0x7ff638a5b338\nE       \t0x7ff638a4ce7f\nE       \t0x7ff638a81fda\nE       \t0x7ff638a4c746\nE       \t0x7ff638aaac97\nE       \t0x7ff638a4ac29\nE       \t0x7ff638a4ba93\nE       \t0x7ff638f40620\nE       \t0x7ff638f3af60\nE       \t0x7ff638f596c6\nE       \t0x7ff638c45dd4\nE       \t0x7ff638c4ed7c\nE       \t0x7ff638c31ff4\nE       \t0x7ff638c321a5\nE       \t0x7ff638c17ed2\nE       \t0x7fff6d397374\nE       \t0x7fff6d7dcc91\n\nvenv\\Lib\\site-packages\\selenium\\webdriver\\remote\\errorhandler.py:232: ElementClickInterceptedException\n\nDuring handling of the above exception, another exception occurred:\n\ndriver = <selenium.webdriver.chrome.webdriver.WebDriver (session=\"33898b8d112908b3b3ac1f6f32232749\")>\n\n    @pytest.mark.smoke\n    @allure.parent_suite(\"Web Automation\")\n    @allure.suite(\"Orders\")\n    @allure.sub_suite(\"Create Order\")\n    @allure.feature(\"Order Management\")\n    @allure.title(\"TC02 - Create Order with Product (No Save)\")\n    def test_login_and_create_order(driver):\n    \n        wait = WebDriverWait(driver, 30)\n    \n        try:\n            # ---------------- LOGIN ----------------\n            with allure.step(\"Open Tenant Select Page\"):\n                driver.get(\n                    \"https://app-hire-x-dev-multi-tenant-angular-01-bkgee7ewapa0c5es.southeastasia-01.azurewebsites.net/webshopnotfound\"\n                )\n    \n            with allure.step(\"Enter Tenant ID\"):\n                tenant = wait.until(\n                    EC.visibility_of_element_located((By.CSS_SELECTOR, \"input[type='text']\"))\n                )\n                tenant.clear()\n                tenant.send_keys(\"GrandRest\")\n    \n            with allure.step(\"Set Tenant\"):\n                wait.until(\n                    EC.element_to_be_clickable((By.XPATH, \"//button[contains(text(),'Set Tenant')]\"))\n                ).click()\n    \n            with allure.step(\"Navigate to Login\"):\n                wait.until(EC.url_contains(\"/home\"))\n                wait.until(\n                    EC.element_to_be_clickable(\n                        (By.XPATH, \"//*[contains(translate(text(),'ABCDEFGHIJKLMNOPQRSTUVWXYZ','abcdefghijklmnopqrstuvwxyz'),'sign')]\")\n                    )\n                ).click()\n    \n            with allure.step(\"Login with credentials\"):\n                wait.until(EC.url_contains(\"/login\"))\n                driver.find_element(By.XPATH, \"//input[contains(@type,'email')]\") \\\n                    .send_keys(\"suchini@ateamsoftware.com\")\n                driver.find_element(By.XPATH, \"//input[contains(@type,'password')]\") \\\n                    .send_keys(\"Abc12345\")\n                driver.find_element(By.XPATH, \"//button[contains(text(),'Login')]\").click()\n    \n            with allure.step(\"Verify Dashboard\"):\n                wait.until(EC.url_contains(\"/supplier/dashboard\"))\n                take_screenshot(driver, \"dashboard_loaded\")\n    \n            # ---------------- CREATE ORDER ----------------\n            with allure.step(\"Open Orders Page\"):\n                driver.get(\n                    \"https://app-hire-x-dev-multi-tenant-angular-01-bkgee7ewapa0c5es.southeastasia-01.azurewebsites.net/supplier/orders\"\n                )\n                wait.until(EC.url_contains(\"/supplier/orders\"))\n                take_screenshot(driver, \"orders_page\")\n    \n            with allure.step(\"Click New Order\"):\n                wait.until(\n                    EC.element_to_be_clickable((By.XPATH, \"//button[contains(text(),'New')]\"))\n                ).click()\n    \n            with allure.step(\"Verify Create Order Form\"):\n                wait.until(\n                    EC.presence_of_element_located((By.XPATH, \"//*[contains(text(),'Create Order')]\"))\n                )\n                take_screenshot(driver, \"create_order_form\")\n    \n            # ---------------- SELECT CUSTOMER ----------------\n            with allure.step(\"Select Customer - Amantha Nirmal\"):\n                dropdown = wait.until(\n                    EC.element_to_be_clickable((By.XPATH, \"//ng-select\"))\n                )\n                dropdown.click()\n                time.sleep(1)\n    \n                wait.until(\n                    EC.element_to_be_clickable(\n                        (By.XPATH, \"//div[contains(@class,'ng-option') and contains(., 'Amantha Nirmal')]\")\n                    )\n                ).click()\n    \n                take_screenshot(driver, \"customer_selected\")\n    \n            # ---------------- CLICK CREATE ----------------\n            with allure.step(\"Click Create Button\"):\n                create_btn = wait.until(\n                    EC.element_to_be_clickable(\n                        (By.XPATH, \"//button[@type='submit' and contains(normalize-space(),'Create')]\")\n                    )\n                )\n                driver.execute_script(\n                    \"arguments[0].scrollIntoView({block:'center'});\", create_btn\n                )\n                time.sleep(0.5)\n                create_btn.click()\n    \n                take_screenshot(driver, \"create_clicked\")\n    \n            with allure.step(\"Wait for Order Details Page\"):\n                wait.until(EC.url_contains(\"/supplier/orders/\"))\n                take_screenshot(driver, \"order_details_page\")\n    \n            # ---------------- ADD PRODUCT ONLY ----------------\n            add_product(driver, wait, \"Set\", 2)\n    \n            # ✅ Test intentionally ends here\n            take_screenshot(driver, \"test_completed_without_save\")\n            print(\"✅ Product added successfully (Save step skipped)\")\n    \n        except Exception as e:\n            take_screenshot(driver, \"test_failed\")\n>           pytest.fail(f\"Test failed due to error: {str(e)}\")\nE           Failed: Test failed due to error: Message: element click intercepted: Element <ng-select _ngcontent-ait-c107=\"\" name=\"selectCustomer\" bindlabel=\"fullName\" autofocus=\"\" bindvalue=\"id\" class=\"ng-select ng-select-single ng-select-searchable ng-select-clearable ng-untouched ng-pristine ng-valid\">...</ng-select> is not clickable at point (760, 139). Other element would receive the click: <div _ngcontent-ait-c49=\"\" class=\"form-group\">...</div>\nE             (Session info: chrome=143.0.7499.193); For documentation on this error, please visit: https://www.selenium.dev/documentation/webdriver/troubleshooting/errors#elementclickinterceptedexception\nE           Stacktrace:\nE           Symbols not available. Dumping unresolved backtrace:\nE           \t0x7ff638c288d5\nE           \t0x7ff638c28930\nE           \t0x7ff638a0165d\nE           \t0x7ff638a619e8\nE           \t0x7ff638a5f40f\nE           \t0x7ff638a5c417\nE           \t0x7ff638a5b338\nE           \t0x7ff638a4ce7f\nE           \t0x7ff638a81fda\nE           \t0x7ff638a4c746\nE           \t0x7ff638aaac97\nE           \t0x7ff638a4ac29\nE           \t0x7ff638a4ba93\nE           \t0x7ff638f40620\nE           \t0x7ff638f3af60\nE           \t0x7ff638f596c6\nE           \t0x7ff638c45dd4\nE           \t0x7ff638c4ed7c\nE           \t0x7ff638c31ff4\nE           \t0x7ff638c321a5\nE           \t0x7ff638c17ed2\nE           \t0x7fff6d397374\nE           \t0x7fff6d7dcc91\n\ntests\\test_create_order.py:199: Failed"}, "steps": [{"name": "Open Tenant Select Page", "status": "passed", "start": 1769075178920, "stop": 1769075193713}, {"name": "Enter Tenant ID", "status": "passed", "start": 1769075193713, "stop": 1769075194023}, {"name": "Set Tenant", "status": "passed", "start": 1769075194023, "stop": 1769075200830}, {"name": "Navigate to Login", "status": "passed", "start": 1769075200830, "stop": 1769075200928}, {"name": "Login with credentials", "status": "passed", "start": 1769075200928, "stop": 1769075201164}, {"name": "Verify Dashboard", "status": "passed", "attachments": [{"name": "dashboard_loaded", "source": "aa4455d6-82cf-40e1-8f81-d4bb0d3556b3-attachment.png", "type": "image/png"}], "start": 1769075201164, "stop": 1769075208478}, {"name": "Open Orders Page", "status": "passed", "attachments": [{"name": "orders_page", "source": "ea918ab8-4158-49ec-9cfd-d2ae179d6a94-attachment.png", "type": "image/png"}], "start": 1769075208478, "stop": 1769075218760}, {"name": "Click New Order", "status": "passed", "start": 1769075218760, "stop": 1769075225190}, {"name": "Verify Create Order Form", "status": "passed", "attachments": [{"name": "create_order_form", "source": "9092e565-dff1-44d0-bc9d-39ddf90d350f-attachment.png", "type": "image/png"}], "start": 1769075225190, "stop": 1769075225353}, {"name": "Select Customer - Amantha Nirmal", "status": "broken", "statusDetails": {"message": "selenium.common.exceptions.ElementClickInterceptedException: Message: element click intercepted: Element <ng-select _ngcontent-ait-c107=\"\" name=\"selectCustomer\" bindlabel=\"fullName\" autofocus=\"\" bindvalue=\"id\" class=\"ng-select ng-select-single ng-select-searchable ng-select-clearable ng-untouched ng-pristine ng-valid\">...</ng-select> is not clickable at point (760, 139). Other element would receive the click: <div _ngcontent-ait-c49=\"\" class=\"form-group\">...</div>\n  (Session info: chrome=143.0.7499.193); For documentation on this error, please visit: https://www.selenium.dev/documentation/webdriver/troubleshooting/errors#elementclickinterceptedexception\nStacktrace:\nSymbols not available. Dumping unresolved backtrace:\n\t0x7ff638c288d5\n\t0x7ff638c28930\n\t0x7ff638a0165d\n\t0x7ff638a619e8\n\t0x7ff638a5f40f\n\t0x7ff638a5c417\n\t0x7ff638a5b338\n\t0x7ff638a4ce7f\n\t0x7ff638a81fda\n\t0x7ff638a4c746\n\t0x7ff638aaac97\n\t0x7ff638a4ac29\n\t0x7ff638a4ba93\n\t0x7ff638f40620\n\t0x7ff638f3af60\n\t0x7ff638f596c6\n\t0x7ff638c45dd4\n\t0x7ff638c4ed7c\n\t0x7ff638c31ff4\n\t0x7ff638c321a5\n\t0x7ff638c17ed2\n\t0x7fff6d397374\n\t0x7fff6d7dcc91\n\n", "trace": "  File \"C:\\Users\\Suchini\\Desktop\\Ateam Software\\Hire-X Automation scripts\\Hire-X-Test-Automation-Scripts\\tests\\test_create_order.py\", line 160, in test_login_and_create_order\n    dropdown.click()\n    ~~~~~~~~~~~~~~^^\n  File \"C:\\Users\\Suchini\\Desktop\\Ateam Software\\Hire-X Automation scripts\\Hire-X-Test-Automation-Scripts\\venv\\Lib\\site-packages\\selenium\\webdriver\\remote\\webelement.py\", line 114, in click\n    self._execute(Command.CLICK_ELEMENT)\n    ~~~~~~~~~~~~~^^^^^^^^^^^^^^^^^^^^^^^\n  File \"C:\\Users\\Suchini\\Desktop\\Ateam Software\\Hire-X Automation scripts\\Hire-X-Test-Automation-Scripts\\venv\\Lib\\site-packages\\selenium\\webdriver\\remote\\webelement.py\", line 508, in _execute\n    return self._parent.execute(command, params)\n           ~~~~~~~~~~~~~~~~~~~~^^^^^^^^^^^^^^^^^\n  File \"C:\\Users\\Suchini\\Desktop\\Ateam Software\\Hire-X Automation scripts\\Hire-X-Test-Automation-Scripts\\venv\\Lib\\site-packages\\selenium\\webdriver\\remote\\webdriver.py\", line 432, in execute\n    self.error_handler.check_response(response)\n    ~~~~~~~~~~~~~~~~~~~~~~~~~~~~~~~~~^^^^^^^^^^\n  File \"C:\\Users\\Suchini\\Desktop\\Ateam Software\\Hire-X Automation scripts\\Hire-X-Test-Automation-Scripts\\venv\\Lib\\site-packages\\selenium\\webdriver\\remote\\errorhandler.py\", line 232, in check_response\n    raise exception_class(message, screen, stacktrace)\n"}, "start": 1769075225353, "stop": 1769075226470}], "attachments": [{"name": "test_failed", "source": "9db19240-04f5-439a-a2b1-f2d94e69dbf8-attachment.png", "type": "image/png"}], "start": 1769075178920, "stop": 1769075226614, "uuid": "0483092f-9f6a-4b58-a1ed-6dec782a1999", "historyId": "b287b2fc0027e5283ee55bbb62a9bf33", "testCaseId": "b287b2fc0027e5283ee55bbb62a9bf33", "fullName": "tests.test_create_order#test_login_and_create_order", "labels": [{"name": "feature", "value": "Order Management"}, {"name": "suite", "value": "Orders"}, {"name": "subSuite", "value": "Create Order"}, {"name": "parentSuite", "value": "Web Automation"}, {"name": "tag", "value": "smoke"}, {"name": "host", "value": "DESKTOP-SCU7Q85"}, {"name": "thread", "value": "9060-MainThread"}, {"name": "framework", "value": "pytest"}, {"name": "language", "value": "cpython3"}, {"name": "package", "value": "tests.test_create_order"}], "titlePath": ["tests", "test_create_order.py"]}