{"name": "TC02 - Create Order with Product and Save", "status": "broken", "statusDetails": {"message": "selenium.common.exceptions.TimeoutException: Message:", "trace": "driver = <selenium.webdriver.chrome.webdriver.WebDriver (session=\"f4af58d44a18e1840a07bafb10db08f2\")>\n\n    @pytest.mark.smoke\n    @allure.parent_suite(\"Web Automation\")\n    @allure.suite(\"Orders\")\n    @allure.sub_suite(\"Create Order\")\n    @allure.feature(\"Order Management\")\n    @allure.title(\"TC02 - Create Order with Product and Save\")\n    def test_login_and_create_order(driver):\n    \n        wait = WebDriverWait(driver, 25)\n    \n        # ---------------- LOGIN ----------------\n        with allure.step(\"Open Tenant Select Page\"):\n            driver.get(\n                \"https://app-hire-x-dev-multi-tenant-angular-01-bkgee7ewapa0c5es.southeastasia-01.azurewebsites.net/webshopnotfound\"\n            )\n    \n        with allure.step(\"Enter Tenant ID\"):\n            tenant = wait.until(\n                EC.visibility_of_element_located((By.CSS_SELECTOR, \"input[type='text']\"))\n            )\n            tenant.clear()\n            tenant.send_keys(\"GrandRest\")\n    \n        with allure.step(\"Set Tenant\"):\n            wait.until(\n                EC.element_to_be_clickable(\n                    (By.XPATH, \"//button[contains(text(),'Set Tenant')]\")\n                )\n            ).click()\n    \n        with allure.step(\"Navigate to Login\"):\n            wait.until(EC.url_contains(\"/home\"))\n            wait.until(\n                EC.element_to_be_clickable(\n                    (By.XPATH,\n                     \"//*[contains(translate(text(),'ABCDEFGHIJKLMNOPQRSTUVWXYZ','abcdefghijklmnopqrstuvwxyz'),'sign')]\")\n                )\n            ).click()\n    \n        with allure.step(\"Login with credentials\"):\n            wait.until(EC.url_contains(\"/login\"))\n            driver.find_element(By.XPATH, \"//input[contains(@type,'email')]\").send_keys(\n                \"suchini@ateamsoftware.com\"\n            )\n            driver.find_element(By.XPATH, \"//input[contains(@type,'password')]\").send_keys(\n                \"Abc12345\"\n            )\n            driver.find_element(By.XPATH, \"//button[contains(text(),'Login')]\").click()\n    \n        with allure.step(\"Verify Dashboard\"):\n            wait.until(EC.url_contains(\"/supplier/dashboard\"))\n            take_screenshot(driver, \"dashboard_loaded\")\n    \n        # ---------------- CREATE ORDER ----------------\n        with allure.step(\"Open Orders Page\"):\n            driver.get(\n                \"https://app-hire-x-dev-multi-tenant-angular-01-bkgee7ewapa0c5es.southeastasia-01.azurewebsites.net/supplier/orders\"\n            )\n            wait.until(EC.url_contains(\"/supplier/orders\"))\n            take_screenshot(driver, \"orders_page\")\n    \n        with allure.step(\"Click New Order\"):\n            wait.until(\n                EC.element_to_be_clickable(\n                    (By.XPATH, \"//button[contains(text(),'New')]\")\n                )\n            ).click()\n    \n        with allure.step(\"Verify Create Order Form\"):\n            wait.until(\n                EC.visibility_of_element_located(\n                    (By.XPATH, \"//*[contains(text(),'Create Order')]\")\n                )\n            )\n            take_screenshot(driver, \"create_order_form\")\n    \n        # ---------------- SELECT CUSTOMER ----------------\n        with allure.step(\"Select Customer - Amantha Nirmal\"):\n            dropdown = wait.until(\n                EC.element_to_be_clickable((By.XPATH, \"//ng-select\"))\n            )\n            dropdown.click()\n            time.sleep(1)\n    \n            wait.until(\n                EC.element_to_be_clickable(\n                    (By.XPATH,\n                     \"//div[contains(@class,'ng-option') and contains(., 'Amantha Nirmal')]\")\n                )\n            ).click()\n    \n            take_screenshot(driver, \"customer_selected\")\n    \n        # ---------------- CLICK CREATE ----------------\n        with allure.step(\"Click Create Button\"):\n            create_btn = wait.until(\n                EC.presence_of_element_located(\n                    (By.XPATH,\n                     \"//button[@type='submit' and contains(normalize-space(),'Create')]\")\n                )\n            )\n            driver.execute_script(\n                \"arguments[0].scrollIntoView({block:'center'});\", create_btn\n            )\n            wait.until(lambda d: create_btn.is_enabled())\n            driver.execute_script(\"arguments[0].click();\", create_btn)\n            take_screenshot(driver, \"create_clicked\")\n    \n        with allure.step(\"Wait for Order Details Page\"):\n            wait.until(EC.url_contains(\"/supplier/orders/\"))\n            take_screenshot(driver, \"order_details_page\")\n    \n        # ---------------- ADD PRODUCT ----------------\n>       add_product(driver, wait, \"Set\", 2)\n\ntests\\test_create_order.py:188: \n_ _ _ _ _ _ _ _ _ _ _ _ _ _ _ _ _ _ _ _ _ _ _ _ _ _ _ _ _ _ _ _ _ _ _ _ _ _ _ _ _ _ _ _ _ _ _ _\ntests\\test_create_order.py:67: in add_product\n    wait.until(\n_ _ _ _ _ _ _ _ _ _ _ _ _ _ _ _ _ _ _ _ _ _ _ _ _ _ _ _ _ _ _ _ _ _ _ _ _ _ _ _ _ _ _ _ _ _ _ _\n\nself = <selenium.webdriver.support.wait.WebDriverWait (session=\"f4af58d44a18e1840a07bafb10db08f2\")>\nmethod = <function visibility_of_element_located.<locals>._predicate at 0x0000026BE23A6840>\nmessage = ''\n\n    def until(self, method: Callable[[D], Literal[False] | T], message: str = \"\") -> T:\n        \"\"\"Wait until the method returns a value that is not False.\n    \n        Calls the method provided with the driver as an argument until the\n        return value does not evaluate to ``False``.\n    \n        Args:\n            method: A callable object that takes a WebDriver instance as an\n                argument.\n            message: Optional message for TimeoutException.\n    \n        Returns:\n            The result of the last call to `method`.\n    \n        Raises:\n            TimeoutException: If 'method' does not return a truthy value within\n                the WebDriverWait object's timeout.\n    \n        Example:\n            >>> from selenium.webdriver.common.by import By\n            >>> from selenium.webdriver.support.ui import WebDriverWait\n            >>> from selenium.webdriver.support import expected_conditions as EC\n            >>>\n            >>> # Wait until an element is visible on the page\n            >>> wait = WebDriverWait(driver, 10)\n            >>> element = wait.until(EC.visibility_of_element_located((By.ID, \"exampleId\")))\n            >>> print(element.text)\n        \"\"\"\n        screen = None\n        stacktrace = None\n    \n        end_time = time.monotonic() + self._timeout\n        while True:\n            try:\n                value = method(self._driver)\n                if value:\n                    return value\n            except self._ignored_exceptions as exc:\n                screen = getattr(exc, \"screen\", None)\n                stacktrace = getattr(exc, \"stacktrace\", None)\n            if time.monotonic() > end_time:\n                break\n            time.sleep(self._poll)\n>       raise TimeoutException(message, screen, stacktrace)\nE       selenium.common.exceptions.TimeoutException: Message:\n\nvenv\\Lib\\site-packages\\selenium\\webdriver\\support\\wait.py:121: TimeoutException"}, "steps": [{"name": "Open Tenant Select Page", "status": "passed", "start": 1769050772296, "stop": 1769050783157}, {"name": "Enter Tenant ID", "status": "passed", "start": 1769050783157, "stop": 1769050783299}, {"name": "Set Tenant", "status": "passed", "start": 1769050783299, "stop": 1769050791030}, {"name": "Navigate to Login", "status": "passed", "start": 1769050791030, "stop": 1769050791191}, {"name": "Login with credentials", "status": "passed", "start": 1769050791191, "stop": 1769050791599}, {"name": "Verify Dashboard", "status": "passed", "attachments": [{"name": "dashboard_loaded", "source": "dc7fafd9-dafc-44d5-9df7-ae47e53e7e99-attachment.png", "type": "image/png"}], "start": 1769050791599, "stop": 1769050796879}, {"name": "Open Orders Page", "status": "passed", "attachments": [{"name": "orders_page", "source": "388480ae-e7a7-4f84-a57b-99af54e5c168-attachment.png", "type": "image/png"}], "start": 1769050796879, "stop": 1769050802484}, {"name": "Click New Order", "status": "passed", "start": 1769050802484, "stop": 1769050806876}, {"name": "Verify Create Order Form", "status": "passed", "attachments": [{"name": "create_order_form", "source": "6bddc34f-f21c-44e0-bb84-4e8088eb12cb-attachment.png", "type": "image/png"}], "start": 1769050806876, "stop": 1769050807554}, {"name": "Select Customer - Amantha Nirmal", "status": "passed", "attachments": [{"name": "customer_selected", "source": "0f8e678e-1378-4697-8e18-c43c936cad8f-attachment.png", "type": "image/png"}], "start": 1769050807554, "stop": 1769050809751}, {"name": "Click Create Button", "status": "passed", "attachments": [{"name": "create_clicked", "source": "760f56b3-5d49-4637-a4c1-4cdb93ff7067-attachment.png", "type": "image/png"}], "start": 1769050809751, "stop": 1769050809972}, {"name": "Wait for Order Details Page", "status": "passed", "attachments": [{"name": "order_details_page", "source": "3a890244-29c1-46e2-bb51-cb93cf6c55f1-attachment.png", "type": "image/png"}], "start": 1769050809972, "stop": 1769050813210}, {"name": "Add Product - Set (Qty 2)", "status": "broken", "statusDetails": {"message": "selenium.common.exceptions.TimeoutException: Message: \n\n", "trace": "  File \"C:\\Users\\Suchini\\Desktop\\Ateam Software\\Hire-X Automation scripts\\Hire-X-Test-Automation-Scripts\\tests\\test_create_order.py\", line 67, in add_product\n    wait.until(\n    ~~~~~~~~~~^\n        EC.visibility_of_element_located(\n        ^^^^^^^^^^^^^^^^^^^^^^^^^^^^^^^^^\n            (By.XPATH, f\"//*[contains(text(),'{product_name}')]\")\n            ^^^^^^^^^^^^^^^^^^^^^^^^^^^^^^^^^^^^^^^^^^^^^^^^^^^^^\n        )\n        ^\n    )\n    ^\n  File \"C:\\Users\\Suchini\\Desktop\\Ateam Software\\Hire-X Automation scripts\\Hire-X-Test-Automation-Scripts\\venv\\Lib\\site-packages\\selenium\\webdriver\\support\\wait.py\", line 121, in until\n    raise TimeoutException(message, screen, stacktrace)\n"}, "attachments": [{"name": "product_added", "source": "d68e1e0b-45a4-46d1-8409-589fb2568570-attachment.png", "type": "image/png"}], "start": 1769050813210, "stop": 1769050845022}], "start": 1769050772296, "stop": 1769050845024, "uuid": "fd1f7f0f-f362-43e0-a58a-642b390b67e2", "historyId": "b287b2fc0027e5283ee55bbb62a9bf33", "testCaseId": "b287b2fc0027e5283ee55bbb62a9bf33", "fullName": "tests.test_create_order#test_login_and_create_order", "labels": [{"name": "subSuite", "value": "Create Order"}, {"name": "suite", "value": "Orders"}, {"name": "parentSuite", "value": "Web Automation"}, {"name": "feature", "value": "Order Management"}, {"name": "tag", "value": "smoke"}, {"name": "host", "value": "DESKTOP-SCU7Q85"}, {"name": "thread", "value": "32140-MainThread"}, {"name": "framework", "value": "pytest"}, {"name": "language", "value": "cpython3"}, {"name": "package", "value": "tests.test_create_order"}], "titlePath": ["tests", "test_create_order.py"]}