{"name": "TC02 - Create Order with Product and Save", "status": "failed", "statusDetails": {"message": "Failed: Test failed due to error: Message:", "trace": "driver = <selenium.webdriver.chrome.webdriver.WebDriver (session=\"022bac107dce6470153a45bd4f3bda45\")>\n\n    @pytest.mark.smoke\n    @allure.parent_suite(\"Web Automation\")\n    @allure.suite(\"Orders\")\n    @allure.sub_suite(\"Create Order\")\n    @allure.feature(\"Order Management\")\n    @allure.title(\"TC02 - Create Order with Product and Save\")\n    def test_login_and_create_order(driver):\n    \n        wait = WebDriverWait(driver, 25)\n    \n        try:\n            # ---------------- LOGIN ----------------\n            with allure.step(\"Open Tenant Select Page\"):\n                driver.get(\n                    \"https://app-hire-x-dev-multi-tenant-angular-01-bkgee7ewapa0c5es.southeastasia-01.azurewebsites.net/webshopnotfound\"\n                )\n    \n            with allure.step(\"Enter Tenant ID\"):\n                tenant = wait.until(EC.visibility_of_element_located((By.CSS_SELECTOR, \"input[type='text']\")))\n                tenant.clear()\n                tenant.send_keys(\"GrandRest\")\n    \n            with allure.step(\"Set Tenant\"):\n                wait.until(EC.element_to_be_clickable((By.XPATH, \"//button[contains(text(),'Set Tenant')]\"))).click()\n    \n            with allure.step(\"Navigate to Login\"):\n                wait.until(EC.url_contains(\"/home\"))\n                wait.until(\n                    EC.element_to_be_clickable(\n                        (By.XPATH, \"//*[contains(translate(text(),'ABCDEFGHIJKLMNOPQRSTUVWXYZ','abcdefghijklmnopqrstuvwxyz'),'sign')]\")\n                    )\n                ).click()\n    \n            with allure.step(\"Login with credentials\"):\n                wait.until(EC.url_contains(\"/login\"))\n                driver.find_element(By.XPATH, \"//input[contains(@type,'email')]\").send_keys(\"suchini@ateamsoftware.com\")\n                driver.find_element(By.XPATH, \"//input[contains(@type,'password')]\").send_keys(\"Abc12345\")\n                driver.find_element(By.XPATH, \"//button[contains(text(),'Login')]\").click()\n    \n            with allure.step(\"Verify Dashboard\"):\n                wait.until(EC.url_contains(\"/supplier/dashboard\"))\n                take_screenshot(driver, \"dashboard_loaded\")\n    \n            # ---------------- CREATE ORDER ----------------\n            with allure.step(\"Open Orders Page\"):\n                driver.get(\"https://app-hire-x-dev-multi-tenant-angular-01-bkgee7ewapa0c5es.southeastasia-01.azurewebsites.net/supplier/orders\")\n                wait.until(EC.url_contains(\"/supplier/orders\"))\n                take_screenshot(driver, \"orders_page\")\n    \n            with allure.step(\"Click New Order\"):\n                wait.until(EC.element_to_be_clickable((By.XPATH, \"//button[contains(text(),'New')]\"))).click()\n    \n            with allure.step(\"Verify Create Order Form\"):\n                wait.until(EC.visibility_of_element_located((By.XPATH, \"//*[contains(text(),'Create Order')]\")))\n                take_screenshot(driver, \"create_order_form\")\n    \n            # ---------------- SELECT CUSTOMER ----------------\n            with allure.step(\"Select Customer - Amantha Nirmal\"):\n                dropdown = wait.until(EC.element_to_be_clickable((By.XPATH, \"//ng-select\")))\n                dropdown.click()\n                time.sleep(1)\n                wait.until(\n                    EC.element_to_be_clickable((By.XPATH, \"//div[contains(@class,'ng-option') and contains(., 'Amantha Nirmal')]\"))\n                ).click()\n                take_screenshot(driver, \"customer_selected\")\n    \n            # ---------------- CLICK CREATE ----------------\n            with allure.step(\"Click Create Button\"):\n                create_btn = wait.until(\n                    EC.element_to_be_clickable((By.XPATH, \"//button[@type='submit' and contains(normalize-space(),'Create')]\"))\n                )\n                driver.execute_script(\"arguments[0].scrollIntoView({block:'center'});\", create_btn)\n                time.sleep(0.5)\n                create_btn.click()\n                take_screenshot(driver, \"create_clicked\")\n    \n            with allure.step(\"Wait for Order Details Page\"):\n                wait.until(EC.url_contains(\"/supplier/orders/\"))\n                take_screenshot(driver, \"order_details_page\")\n    \n            # ---------------- ADD PRODUCT ----------------\n>           add_product(driver, wait, \"Set\", 2)\n\ntests\\test_create_order.py:163: \n_ _ _ _ _ _ _ _ _ _ _ _ _ _ _ _ _ _ _ _ _ _ _ _ _ _ _ _ _ _ _ _ _ _ _ _ _ _ _ _ _ _ _ _ _ _ _ _\ntests\\test_create_order.py:77: in add_product\n    wait.until(\n_ _ _ _ _ _ _ _ _ _ _ _ _ _ _ _ _ _ _ _ _ _ _ _ _ _ _ _ _ _ _ _ _ _ _ _ _ _ _ _ _ _ _ _ _ _ _ _\n\nself = <selenium.webdriver.support.wait.WebDriverWait (session=\"022bac107dce6470153a45bd4f3bda45\")>\nmethod = <function visibility_of_element_located.<locals>._predicate at 0x0000023A74E3A8E0>\nmessage = ''\n\n    def until(self, method: Callable[[D], Literal[False] | T], message: str = \"\") -> T:\n        \"\"\"Wait until the method returns a value that is not False.\n    \n        Calls the method provided with the driver as an argument until the\n        return value does not evaluate to ``False``.\n    \n        Args:\n            method: A callable object that takes a WebDriver instance as an\n                argument.\n            message: Optional message for TimeoutException.\n    \n        Returns:\n            The result of the last call to `method`.\n    \n        Raises:\n            TimeoutException: If 'method' does not return a truthy value within\n                the WebDriverWait object's timeout.\n    \n        Example:\n            >>> from selenium.webdriver.common.by import By\n            >>> from selenium.webdriver.support.ui import WebDriverWait\n            >>> from selenium.webdriver.support import expected_conditions as EC\n            >>>\n            >>> # Wait until an element is visible on the page\n            >>> wait = WebDriverWait(driver, 10)\n            >>> element = wait.until(EC.visibility_of_element_located((By.ID, \"exampleId\")))\n            >>> print(element.text)\n        \"\"\"\n        screen = None\n        stacktrace = None\n    \n        end_time = time.monotonic() + self._timeout\n        while True:\n            try:\n                value = method(self._driver)\n                if value:\n                    return value\n            except self._ignored_exceptions as exc:\n                screen = getattr(exc, \"screen\", None)\n                stacktrace = getattr(exc, \"stacktrace\", None)\n            if time.monotonic() > end_time:\n                break\n            time.sleep(self._poll)\n>       raise TimeoutException(message, screen, stacktrace)\nE       selenium.common.exceptions.TimeoutException: Message:\n\nvenv\\Lib\\site-packages\\selenium\\webdriver\\support\\wait.py:121: TimeoutException\n\nDuring handling of the above exception, another exception occurred:\n\ndriver = <selenium.webdriver.chrome.webdriver.WebDriver (session=\"022bac107dce6470153a45bd4f3bda45\")>\n\n    @pytest.mark.smoke\n    @allure.parent_suite(\"Web Automation\")\n    @allure.suite(\"Orders\")\n    @allure.sub_suite(\"Create Order\")\n    @allure.feature(\"Order Management\")\n    @allure.title(\"TC02 - Create Order with Product and Save\")\n    def test_login_and_create_order(driver):\n    \n        wait = WebDriverWait(driver, 25)\n    \n        try:\n            # ---------------- LOGIN ----------------\n            with allure.step(\"Open Tenant Select Page\"):\n                driver.get(\n                    \"https://app-hire-x-dev-multi-tenant-angular-01-bkgee7ewapa0c5es.southeastasia-01.azurewebsites.net/webshopnotfound\"\n                )\n    \n            with allure.step(\"Enter Tenant ID\"):\n                tenant = wait.until(EC.visibility_of_element_located((By.CSS_SELECTOR, \"input[type='text']\")))\n                tenant.clear()\n                tenant.send_keys(\"GrandRest\")\n    \n            with allure.step(\"Set Tenant\"):\n                wait.until(EC.element_to_be_clickable((By.XPATH, \"//button[contains(text(),'Set Tenant')]\"))).click()\n    \n            with allure.step(\"Navigate to Login\"):\n                wait.until(EC.url_contains(\"/home\"))\n                wait.until(\n                    EC.element_to_be_clickable(\n                        (By.XPATH, \"//*[contains(translate(text(),'ABCDEFGHIJKLMNOPQRSTUVWXYZ','abcdefghijklmnopqrstuvwxyz'),'sign')]\")\n                    )\n                ).click()\n    \n            with allure.step(\"Login with credentials\"):\n                wait.until(EC.url_contains(\"/login\"))\n                driver.find_element(By.XPATH, \"//input[contains(@type,'email')]\").send_keys(\"suchini@ateamsoftware.com\")\n                driver.find_element(By.XPATH, \"//input[contains(@type,'password')]\").send_keys(\"Abc12345\")\n                driver.find_element(By.XPATH, \"//button[contains(text(),'Login')]\").click()\n    \n            with allure.step(\"Verify Dashboard\"):\n                wait.until(EC.url_contains(\"/supplier/dashboard\"))\n                take_screenshot(driver, \"dashboard_loaded\")\n    \n            # ---------------- CREATE ORDER ----------------\n            with allure.step(\"Open Orders Page\"):\n                driver.get(\"https://app-hire-x-dev-multi-tenant-angular-01-bkgee7ewapa0c5es.southeastasia-01.azurewebsites.net/supplier/orders\")\n                wait.until(EC.url_contains(\"/supplier/orders\"))\n                take_screenshot(driver, \"orders_page\")\n    \n            with allure.step(\"Click New Order\"):\n                wait.until(EC.element_to_be_clickable((By.XPATH, \"//button[contains(text(),'New')]\"))).click()\n    \n            with allure.step(\"Verify Create Order Form\"):\n                wait.until(EC.visibility_of_element_located((By.XPATH, \"//*[contains(text(),'Create Order')]\")))\n                take_screenshot(driver, \"create_order_form\")\n    \n            # ---------------- SELECT CUSTOMER ----------------\n            with allure.step(\"Select Customer - Amantha Nirmal\"):\n                dropdown = wait.until(EC.element_to_be_clickable((By.XPATH, \"//ng-select\")))\n                dropdown.click()\n                time.sleep(1)\n                wait.until(\n                    EC.element_to_be_clickable((By.XPATH, \"//div[contains(@class,'ng-option') and contains(., 'Amantha Nirmal')]\"))\n                ).click()\n                take_screenshot(driver, \"customer_selected\")\n    \n            # ---------------- CLICK CREATE ----------------\n            with allure.step(\"Click Create Button\"):\n                create_btn = wait.until(\n                    EC.element_to_be_clickable((By.XPATH, \"//button[@type='submit' and contains(normalize-space(),'Create')]\"))\n                )\n                driver.execute_script(\"arguments[0].scrollIntoView({block:'center'});\", create_btn)\n                time.sleep(0.5)\n                create_btn.click()\n                take_screenshot(driver, \"create_clicked\")\n    \n            with allure.step(\"Wait for Order Details Page\"):\n                wait.until(EC.url_contains(\"/supplier/orders/\"))\n                take_screenshot(driver, \"order_details_page\")\n    \n            # ---------------- ADD PRODUCT ----------------\n            add_product(driver, wait, \"Set\", 2)\n    \n            # ---------------- SAVE ORDER ----------------\n            with allure.step(\"Save Order\"):\n                # Wait until Save button is visible in DOM\n                save_button = WebDriverWait(driver, 20).until(\n                    EC.presence_of_element_located(\n                        (By.XPATH, \"//button[@type='submit' and contains(@class,'btn-primary') and normalize-space()='Save']\")\n                    )\n                )\n    \n                # Wait until Save button is clickable\n                WebDriverWait(driver, 20).until(\n                    EC.element_to_be_clickable(\n                         (By.XPATH, \"//button[@type='submit' and contains(@class,'btn-primary') and normalize-space()='Save']\")\n                    )\n                )\n    \n                # Scroll into view\n                driver.execute_script(\"arguments[0].scrollIntoView({block:'center'});\", save_button)\n                time.sleep(1)\n    \n                # Wait until no overlay covers the button\n                def is_clickable(el):\n                    try:\n                        el.click()\n                        return True\n                    except:\n                        return False\n    \n                for _ in range(5):  # retry 5 times\n                    if is_clickable(save_button):\n                        break\n                    else:\n                        time.sleep(1)\n    \n                else:\n                    # Fallback JS click\n                    driver.execute_script(\"arguments[0].click();\", save_button)\n    \n                # Wait for confirmation message or page update\n                WebDriverWait(driver, 15).until(\n                    EC.visibility_of_element_located((By.XPATH, \"//div[contains(text(),'Order saved successfully')]\"))\n                )\n    \n                take_screenshot(driver, \"order_saved_successfully\")\n                print(\"âœ… Order saved successfully!\")\n    \n        except Exception as e:\n            take_screenshot(driver, \"test_failed\")\n>           pytest.fail(f\"Test failed due to error: {str(e)}\")\nE           Failed: Test failed due to error: Message:\n\ntests\\test_create_order.py:213: Failed"}, "steps": [{"name": "Open Tenant Select Page", "status": "passed", "start": 1769056977806, "stop": 1769056986375}, {"name": "Enter Tenant ID", "status": "passed", "start": 1769056986375, "stop": 1769056986607}, {"name": "Set Tenant", "status": "passed", "start": 1769056986608, "stop": 1769056991802}, {"name": "Navigate to Login", "status": "passed", "start": 1769056991802, "stop": 1769056992064}, {"name": "Login with credentials", "status": "passed", "start": 1769056992064, "stop": 1769056992572}, {"name": "Verify Dashboard", "status": "passed", "attachments": [{"name": "dashboard_loaded", "source": "375596a9-4940-472c-8264-414f0fbfbddc-attachment.png", "type": "image/png"}], "start": 1769056992572, "stop": 1769056999973}, {"name": "Open Orders Page", "status": "passed", "attachments": [{"name": "orders_page", "source": "9860c39b-f480-4f09-8baa-34f2fa6893fa-attachment.png", "type": "image/png"}], "start": 1769056999973, "stop": 1769057003224}, {"name": "Click New Order", "status": "passed", "start": 1769057003224, "stop": 1769057008198}, {"name": "Verify Create Order Form", "status": "passed", "attachments": [{"name": "create_order_form", "source": "750681d7-7e9a-4b70-b6ba-7a8c491f244d-attachment.png", "type": "image/png"}], "start": 1769057008198, "stop": 1769057008964}, {"name": "Select Customer - Amantha Nirmal", "status": "passed", "attachments": [{"name": "customer_selected", "source": "ccbacec7-d1e9-46b3-bc29-bf92a85c9946-attachment.png", "type": "image/png"}], "start": 1769057008964, "stop": 1769057010583}, {"name": "Click Create Button", "status": "passed", "attachments": [{"name": "create_clicked", "source": "1e08c2e5-f728-449c-b1ed-5eefe2ee7485-attachment.png", "type": "image/png"}], "start": 1769057010583, "stop": 1769057011519}, {"name": "Wait for Order Details Page", "status": "passed", "attachments": [{"name": "order_details_page", "source": "0dacec9d-cec8-4f1e-854a-d5bf1c8a62cb-attachment.png", "type": "image/png"}], "start": 1769057011520, "stop": 1769057015270}, {"name": "Add Product - Set (Qty 2)", "status": "broken", "statusDetails": {"message": "selenium.common.exceptions.TimeoutException: Message: \n\n", "trace": "  File \"C:\\Users\\Suchini\\Desktop\\Ateam Software\\Hire-X Automation scripts\\Hire-X-Test-Automation-Scripts\\tests\\test_create_order.py\", line 77, in add_product\n    wait.until(\n    ~~~~~~~~~~^\n        EC.visibility_of_element_located((By.XPATH, f\"//*[contains(text(),'{product_name}')]\"))\n        ^^^^^^^^^^^^^^^^^^^^^^^^^^^^^^^^^^^^^^^^^^^^^^^^^^^^^^^^^^^^^^^^^^^^^^^^^^^^^^^^^^^^^^^\n    )\n    ^\n  File \"C:\\Users\\Suchini\\Desktop\\Ateam Software\\Hire-X Automation scripts\\Hire-X-Test-Automation-Scripts\\venv\\Lib\\site-packages\\selenium\\webdriver\\support\\wait.py\", line 121, in until\n    raise TimeoutException(message, screen, stacktrace)\n"}, "attachments": [{"name": "product_selected_qty", "source": "1e2b5dec-14a3-475a-875b-ad47a02c2dac-attachment.png", "type": "image/png"}, {"name": "product_added_success", "source": "00066c2b-4e28-4d82-bd06-529feedb3252-attachment.png", "type": "image/png"}], "start": 1769057015270, "stop": 1769057053143}], "attachments": [{"name": "test_failed", "source": "c6d12930-06c1-4d42-a798-fbe205f6b0e9-attachment.png", "type": "image/png"}], "start": 1769056977806, "stop": 1769057053338, "uuid": "c9ef2894-639f-4de9-9fd5-acd9f1334a3c", "historyId": "b287b2fc0027e5283ee55bbb62a9bf33", "testCaseId": "b287b2fc0027e5283ee55bbb62a9bf33", "fullName": "tests.test_create_order#test_login_and_create_order", "labels": [{"name": "suite", "value": "Orders"}, {"name": "subSuite", "value": "Create Order"}, {"name": "feature", "value": "Order Management"}, {"name": "parentSuite", "value": "Web Automation"}, {"name": "tag", "value": "smoke"}, {"name": "host", "value": "DESKTOP-SCU7Q85"}, {"name": "thread", "value": "1780-MainThread"}, {"name": "framework", "value": "pytest"}, {"name": "language", "value": "cpython3"}, {"name": "package", "value": "tests.test_create_order"}], "titlePath": ["tests", "test_create_order.py"]}