{"name": "Supplier Dashboard - Open Tasks Page", "status": "broken", "statusDetails": {"message": "selenium.common.exceptions.NoSuchDriverException: Message: Unable to obtain driver for chrome; For documentation on this error, please visit: https://www.selenium.dev/documentation/webdriver/troubleshooting/errors/driver_location", "trace": "self = <selenium.webdriver.common.driver_finder.DriverFinder object at 0x000001B2642934D0>\n\n    def _binary_paths(self) -> dict:\n        if self._paths[\"driver_path\"]:\n            return self._paths\n    \n        browser = self._options.capabilities[\"browserName\"]\n        try:\n            path = self._service.path\n            if path:\n                logger.debug(\n                    \"Skipping Selenium Manager; path to %s driver specified in Service class: %s\", browser, path\n                )\n                if not Path(path).is_file():\n>                   raise ValueError(f\"The path is not a valid file: {path}\")\nE                   ValueError: The path is not a valid file: C:\\Users\\Suchini\\Desktop\\Test Automation\\chromedriver.exe\n\nvenv\\Lib\\site-packages\\selenium\\webdriver\\common\\driver_finder.py:64: ValueError\n\nThe above exception was the direct cause of the following exception:\n\n    @pytest.fixture\n    def driver():\n        # Chrome options\n        chrome_options = Options()\n        chrome_options.add_experimental_option(\"detach\", True)  # Keep browser open\n    \n        service = Service(chrome_driver_path)\n>       driver = webdriver.Chrome(service=service, options=chrome_options)\n                 ^^^^^^^^^^^^^^^^^^^^^^^^^^^^^^^^^^^^^^^^^^^^^^^^^^^^^^^^^\n\ntests\\task.py:39: \n_ _ _ _ _ _ _ _ _ _ _ _ _ _ _ _ _ _ _ _ _ _ _ _ _ _ _ _ _ _ _ _ _ _ _ _ _ _ _ _ _ _ _ _ _ _ _ _\nvenv\\Lib\\site-packages\\selenium\\webdriver\\chrome\\webdriver.py:45: in __init__\n    super().__init__(\nvenv\\Lib\\site-packages\\selenium\\webdriver\\chromium\\webdriver.py:50: in __init__\n    if finder.get_browser_path():\n       ^^^^^^^^^^^^^^^^^^^^^^^^^\nvenv\\Lib\\site-packages\\selenium\\webdriver\\common\\driver_finder.py:47: in get_browser_path\n    return self._binary_paths()[\"browser_path\"]\n           ^^^^^^^^^^^^^^^^^^^^\n_ _ _ _ _ _ _ _ _ _ _ _ _ _ _ _ _ _ _ _ _ _ _ _ _ _ _ _ _ _ _ _ _ _ _ _ _ _ _ _ _ _ _ _ _ _ _ _\n\nself = <selenium.webdriver.common.driver_finder.DriverFinder object at 0x000001B2642934D0>\n\n    def _binary_paths(self) -> dict:\n        if self._paths[\"driver_path\"]:\n            return self._paths\n    \n        browser = self._options.capabilities[\"browserName\"]\n        try:\n            path = self._service.path\n            if path:\n                logger.debug(\n                    \"Skipping Selenium Manager; path to %s driver specified in Service class: %s\", browser, path\n                )\n                if not Path(path).is_file():\n                    raise ValueError(f\"The path is not a valid file: {path}\")\n                self._paths[\"driver_path\"] = path\n            else:\n                output = SeleniumManager().binary_paths(self._to_args())\n                if Path(output[\"driver_path\"]).is_file():\n                    self._paths[\"driver_path\"] = output[\"driver_path\"]\n                else:\n                    raise ValueError(f\"The driver path is not a valid file: {output['driver_path']}\")\n                if Path(output[\"browser_path\"]).is_file():\n                    self._paths[\"browser_path\"] = output[\"browser_path\"]\n                else:\n                    raise ValueError(f\"The browser path is not a valid file: {output['browser_path']}\")\n        except Exception as err:\n            msg = f\"Unable to obtain driver for {browser}\"\n>           raise NoSuchDriverException(msg) from err\nE           selenium.common.exceptions.NoSuchDriverException: Message: Unable to obtain driver for chrome; For documentation on this error, please visit: https://www.selenium.dev/documentation/webdriver/troubleshooting/errors/driver_location\n\nvenv\\Lib\\site-packages\\selenium\\webdriver\\common\\driver_finder.py:78: NoSuchDriverException"}, "start": 1768975584469, "stop": 1768975584469, "uuid": "c3f936a7-19ca-4a5e-853a-aeffa32c9599", "historyId": "8712c2d0c964de25850c9e2739be0d98", "testCaseId": "8712c2d0c964de25850c9e2739be0d98", "fullName": "tests.task#test_open_tasks_page", "labels": [{"name": "parentSuite", "value": "tests"}, {"name": "suite", "value": "task"}, {"name": "host", "value": "DESKTOP-SCU7Q85"}, {"name": "thread", "value": "21188-MainThread"}, {"name": "framework", "value": "pytest"}, {"name": "language", "value": "cpython3"}, {"name": "package", "value": "tests.task"}], "titlePath": ["tests", "task.py"]}