{"name": "Supplier Dashboard - Open New Customer Form and Fill Name", "status": "broken", "statusDetails": {"message": "selenium.common.exceptions.TimeoutException: Message:", "trace": "driver = <selenium.webdriver.chrome.webdriver.WebDriver (session=\"e1f7e58c7c3ed6a8d88a3d89a12b8dca\")>\n\n    @allure.title(\"Supplier Dashboard - Open New Customer Form and Fill Name\")\n    def test_open_new_customer_form_fill_name(driver):\n        wait = WebDriverWait(driver, 30)\n    \n        try:\n            # ---------------- OPEN TENANT PAGE ----------------\n            driver.get(\n                \"https://app-hire-x-dev-multi-tenant-angular-01-bkgee7ewapa0c5es.southeastasia-01.azurewebsites.net/webshopnotfound\"\n            )\n    \n            tenant_input = wait.until(\n                EC.visibility_of_element_located((By.CSS_SELECTOR, \"input[type='text']\"))\n            )\n            tenant_input.clear()\n            tenant_input.send_keys(\"GrandRest\")\n    \n            wait.until(\n                EC.element_to_be_clickable((By.XPATH, \"//button[contains(text(),'Set Tenant')]\"))\n            ).click()\n    \n            wait.until(EC.url_contains(\"/home\"))\n    \n            # ---------------- LOGIN ----------------\n            wait.until(\n                EC.element_to_be_clickable((\n                    By.XPATH,\n                    \"//*[contains(translate(text(),'ABCDEFGHIJKLMNOPQRSTUVWXYZ','abcdefghijklmnopqrstuvwxyz'),'sign')]\"\n                ))\n            ).click()\n    \n            wait.until(EC.url_contains(\"/login\"))\n    \n            wait.until(\n                EC.visibility_of_element_located((By.XPATH, \"//input[contains(@type,'email')]\"))\n            ).send_keys(\"suchini@ateamsoftware.com\")\n    \n            wait.until(\n                EC.visibility_of_element_located((By.XPATH, \"//input[contains(@type,'password')]\"))\n            ).send_keys(\"Abc12345\")\n    \n            wait.until(\n                EC.element_to_be_clickable((By.XPATH, \"//button[contains(text(),'Login')]\"))\n            ).click()\n    \n            # ---------------- DASHBOARD ----------------\n>           wait.until(EC.url_contains(\"/supplier/dashboard\"))\n\ntests\\test_customer_create.py:81: \n_ _ _ _ _ _ _ _ _ _ _ _ _ _ _ _ _ _ _ _ _ _ _ _ _ _ _ _ _ _ _ _ _ _ _ _ _ _ _ _ _ _ _ _ _ _ _ _ _ _ _ _ _ _ _ _ _ _ _\n\nself = <selenium.webdriver.support.wait.WebDriverWait (session=\"e1f7e58c7c3ed6a8d88a3d89a12b8dca\")>\nmethod = <function url_contains.<locals>._predicate at 0x00000187FEA2A8E0>, message = ''\n\n    def until(self, method: Callable[[D], Literal[False] | T], message: str = \"\") -> T:\n        \"\"\"Wait until the method returns a value that is not False.\n    \n        Calls the method provided with the driver as an argument until the\n        return value does not evaluate to ``False``.\n    \n        Args:\n            method: A callable object that takes a WebDriver instance as an\n                argument.\n            message: Optional message for TimeoutException.\n    \n        Returns:\n            The result of the last call to `method`.\n    \n        Raises:\n            TimeoutException: If 'method' does not return a truthy value within\n                the WebDriverWait object's timeout.\n    \n        Example:\n            >>> from selenium.webdriver.common.by import By\n            >>> from selenium.webdriver.support.ui import WebDriverWait\n            >>> from selenium.webdriver.support import expected_conditions as EC\n            >>>\n            >>> # Wait until an element is visible on the page\n            >>> wait = WebDriverWait(driver, 10)\n            >>> element = wait.until(EC.visibility_of_element_located((By.ID, \"exampleId\")))\n            >>> print(element.text)\n        \"\"\"\n        screen = None\n        stacktrace = None\n    \n        end_time = time.monotonic() + self._timeout\n        while True:\n            try:\n                value = method(self._driver)\n                if value:\n                    return value\n            except self._ignored_exceptions as exc:\n                screen = getattr(exc, \"screen\", None)\n                stacktrace = getattr(exc, \"stacktrace\", None)\n            if time.monotonic() > end_time:\n                break\n            time.sleep(self._poll)\n>       raise TimeoutException(message, screen, stacktrace)\nE       selenium.common.exceptions.TimeoutException: Message:\n\nvenv\\Lib\\site-packages\\selenium\\webdriver\\support\\wait.py:121: TimeoutException"}, "attachments": [{"name": "stdout", "source": "4e9c63a4-ab7e-4f6b-8d81-eff680778735-attachment.txt", "type": "text/plain"}], "start": 1769485615273, "stop": 1769485671550, "uuid": "2c65c296-1614-48eb-9e9a-27687e91f446", "historyId": "c31c71d946261beab66b85b6321c0abf", "testCaseId": "c31c71d946261beab66b85b6321c0abf", "fullName": "tests.test_customer_create#test_open_new_customer_form_fill_name", "labels": [{"name": "parentSuite", "value": "tests"}, {"name": "suite", "value": "test_customer_create"}, {"name": "host", "value": "DESKTOP-SCU7Q85"}, {"name": "thread", "value": "3568-MainThread"}, {"name": "framework", "value": "pytest"}, {"name": "language", "value": "cpython3"}, {"name": "package", "value": "tests.test_customer_create"}], "titlePath": ["tests", "test_customer_create.py"]}