{"name": "TC03 - Create Product with Category Meals → Breakfast", "status": "broken", "statusDetails": {"message": "selenium.common.exceptions.InvalidSessionIdException: Message: invalid session id: session deleted as the browser has closed the connection\nfrom disconnected: not connected to DevTools\n  (Session info: chrome=143.0.7499.193); For documentation on this error, please visit: https://www.selenium.dev/documentation/webdriver/troubleshooting/errors#invalidsessionidexception\nStacktrace:\nSymbols not available. Dumping unresolved backtrace:\n\t0x7ff7928988d5\n\t0x7ff792898930\n\t0x7ff79267165d\n\t0x7ff79265d202\n\t0x7ff7926827af\n\t0x7ff7926f9a29\n\t0x7ff79271a5c2\n\t0x7ff7926bac29\n\t0x7ff7926bba93\n\t0x7ff792bb0620\n\t0x7ff792baaf60\n\t0x7ff792bc96c6\n\t0x7ff7928b5dd4\n\t0x7ff7928bed7c\n\t0x7ff7928a1ff4\n\t0x7ff7928a21a5\n\t0x7ff792887ed2\n\t0x7fff6d397374\n\t0x7fff6d7dcc91", "trace": "driver = <selenium.webdriver.chrome.webdriver.WebDriver (session=\"3d352a03e2c7c077c3e89b9c462e4e92\")>\n\n    @pytest.mark.smoke\n    @allure.parent_suite(\"Web Automation\")\n    @allure.suite(\"Products\")\n    @allure.sub_suite(\"Create Product\")\n    @allure.feature(\"Product Management\")\n    @allure.title(\"TC03 - Create Product with Category Meals → Breakfast\")\n    def test_create_product_meals_breakfast(driver):\n    \n        wait = WebDriverWait(driver, 30)\n    \n        # ---------------- OPEN TENANT PAGE ----------------\n        with allure.step(\"Open Tenant Select Page\"):\n            driver.get(\n                \"https://app-hire-x-dev-multi-tenant-angular-01-bkgee7ewapa0c5es.southeastasia-01.azurewebsites.net/webshopnotfound\"\n            )\n    \n        with allure.step(\"Enter Tenant ID\"):\n            tenant_input = wait.until(\n                EC.visibility_of_element_located((By.CSS_SELECTOR, \"input[type='text']\"))\n            )\n            tenant_input.clear()\n            tenant_input.send_keys(\"GrandRest\")\n    \n            wait.until(\n                EC.element_to_be_clickable((By.XPATH, \"//button[contains(text(),'Set Tenant')]\"))\n            ).click()\n    \n            wait.until(EC.url_contains(\"/home\"))\n    \n        # ---------------- LOGIN ----------------\n        with allure.step(\"Login as Supplier\"):\n            wait.until(\n                EC.element_to_be_clickable((\n                    By.XPATH,\n                    \"//*[contains(translate(text(),'ABCDEFGHIJKLMNOPQRSTUVWXYZ','abcdefghijklmnopqrstuvwxyz'),'sign')]\"\n                ))\n            ).click()\n    \n            wait.until(EC.url_contains(\"/login\"))\n    \n            wait.until(\n                EC.visibility_of_element_located((By.XPATH, \"//input[contains(@type,'email')]\"))\n            ).send_keys(\"suchini@ateamsoftware.com\")\n    \n            wait.until(\n                EC.visibility_of_element_located((By.XPATH, \"//input[contains(@type,'password')]\"))\n            ).send_keys(\"Abc12345\")\n    \n            wait.until(\n                EC.element_to_be_clickable((By.XPATH, \"//button[contains(text(),'Login')]\"))\n            ).click()\n    \n            wait.until(EC.url_contains(\"/supplier/dashboard\"))\n    \n        # ---------------- PRODUCTS PAGE ----------------\n        with allure.step(\"Open Products Page\"):\n            driver.get(\n                \"https://app-hire-x-dev-multi-tenant-angular-01-bkgee7ewapa0c5es.southeastasia-01.azurewebsites.net/supplier/products\"\n            )\n            wait.until(EC.url_contains(\"/supplier/products\"))\n            take_screenshot(driver, \"products_page\")\n    \n        # ---------------- CLICK NEW ----------------\n        with allure.step(\"Click New Product\"):\n            wait.until(\n                EC.element_to_be_clickable((By.XPATH, \"//button[normalize-space()='New']\"))\n            ).click()\n    \n        # ---------------- CATEGORY SELECTION ----------------\n        with allure.step(\"Select Category: Meals → Breakfast\"):\n    \n            dropdown_btn = wait.until(\n                EC.element_to_be_clickable((\n                    By.XPATH,\n                    \"//button[contains(@class,'dropdown-toggle') and contains(.,'Please select')]\"\n                ))\n            )\n            driver.execute_script(\"arguments[0].click();\", dropdown_btn)\n    \n            meals_expand_icon = wait.until(\n                EC.element_to_be_clickable((\n                    By.XPATH,\n                    \"//label[normalize-space()='Meals']/preceding-sibling::span\"\n                ))\n            )\n            driver.execute_script(\"arguments[0].click();\", meals_expand_icon)\n    \n            breakfast_option = wait.until(\n                EC.element_to_be_clickable((\n                    By.XPATH,\n                    \"//label[normalize-space()='Breakfast']\"\n                ))\n            )\n            driver.execute_script(\"arguments[0].click();\", breakfast_option)\n    \n            take_screenshot(driver, \"category_meals_breakfast_selected\")\n    \n        # ---------------- PRODUCT DETAILS ----------------\n        with allure.step(\"Enter Product Name\"):\n            name_input = wait.until(\n                EC.visibility_of_element_located((By.NAME, \"name\"))\n            )\n            name_input.clear()\n            name_input.send_keys(\"Croissant\")\n            take_screenshot(driver, \"product_name_entered\")\n    \n        with allure.step(\"Enter Product Summary\"):\n            summary_input = wait.until(\n                EC.visibility_of_element_located((By.NAME, \"shortDescription\"))\n            )\n            summary_input.clear()\n            summary_input.send_keys(\n                \"A freshly baked, flaky butter croissant with a golden crust, \"\n                \"perfect for a light and satisfying breakfast.\"\n            )\n            take_screenshot(driver, \"product_summary_entered\")\n    \n        with allure.step(\"Enter Price Note\"):\n            price_note = wait.until(\n                EC.visibility_of_element_located((By.NAME, \"priceNote\"))\n            )\n            price_note.clear()\n            price_note.send_keys(\"Day Rental\")\n            take_screenshot(driver, \"price_note_entered\")\n    \n        with allure.step(\"Enter Base Price\"):\n            base_price = wait.until(\n                EC.visibility_of_element_located((By.NAME, \"basePrice\"))\n            )\n            base_price.clear()\n            base_price.send_keys(\"5\")\n            take_screenshot(driver, \"base_price_entered\")\n    \n        with allure.step(\"Enter Security Deposit\"):\n            bond_input = wait.until(\n                EC.visibility_of_element_located((By.NAME, \"bond\"))\n            )\n            bond_input.clear()\n            bond_input.send_keys(\"2\")\n            take_screenshot(driver, \"bond_entered\")\n    \n        # ---------------- IMAGE UPLOAD ----------------\n        with allure.step(\"Upload Product Image\"):\n            image_path = r\"C:\\Users\\Suchini\\Desktop\\Test Automation\\test_images\\croissant.jpg\"\n    \n            file_input = wait.until(\n                EC.presence_of_element_located((By.NAME, \"inputFieldName\"))\n            )\n            file_input.send_keys(image_path)\n    \n            take_screenshot(driver, \"image_uploaded\")\n    \n            wait.until(\n                EC.invisibility_of_element_located((By.CLASS_NAME, \"spinner-border\"))\n            )\n    \n        # ---------------- CREATE PRODUCT ----------------\n        with allure.step(\"Click Create Button\"):\n            create_btn = wait.until(\n                EC.element_to_be_clickable((\n                    By.XPATH,\n                    \"//button[@type='submit' and normalize-space()='Create']\"\n                ))\n            )\n    \n            driver.execute_script(\n                \"arguments[0].scrollIntoView({block:'center'});\", create_btn\n            )\n            time.sleep(0.5)\n            driver.execute_script(\"arguments[0].click();\", create_btn)\n    \n            take_screenshot(driver, \"product_created\")\n    \n        with allure.step(\"Verify Product Details Tab\"):\n>           details_tab = wait.until(\n                EC.element_to_be_clickable((\n                    By.XPATH,\n                    \"//a[contains(@class,'nav-link') and .//span[normalize-space()='Details']]\"\n                ))\n            )\n\ntests\\product_creation.py:200: \n_ _ _ _ _ _ _ _ _ _ _ _ _ _ _ _ _ _ _ _ _ _ _ _ _ _ _ _ _ _ _ _ _ _ _ _ _ _ _ _ _ _ _ _ _ _ _ _\nvenv\\Lib\\site-packages\\selenium\\webdriver\\support\\wait.py:112: in until\n    value = method(self._driver)\n            ^^^^^^^^^^^^^^^^^^^^\nvenv\\Lib\\site-packages\\selenium\\webdriver\\support\\expected_conditions.py:514: in _predicate\n    target = driver.find_element(*target)  # grab element at locator\n             ^^^^^^^^^^^^^^^^^^^^^^^^^^^^\nvenv\\Lib\\site-packages\\selenium\\webdriver\\remote\\webdriver.py:802: in find_element\n    return self.execute(Command.FIND_ELEMENT, {\"using\": by, \"value\": value})[\"value\"]\n           ^^^^^^^^^^^^^^^^^^^^^^^^^^^^^^^^^^^^^^^^^^^^^^^^^^^^^^^^^^^^^^^^^\nvenv\\Lib\\site-packages\\selenium\\webdriver\\remote\\webdriver.py:432: in execute\n    self.error_handler.check_response(response)\n_ _ _ _ _ _ _ _ _ _ _ _ _ _ _ _ _ _ _ _ _ _ _ _ _ _ _ _ _ _ _ _ _ _ _ _ _ _ _ _ _ _ _ _ _ _ _ _\n\nself = <selenium.webdriver.remote.errorhandler.ErrorHandler object at 0x0000022BBF204AD0>\nresponse = {'status': 404, 'value': '{\"value\":{\"error\":\"invalid session id\",\"message\":\"invalid session id: session deleted as the...ff7928bed7c\\\\n\\\\t0x7ff7928a1ff4\\\\n\\\\t0x7ff7928a21a5\\\\n\\\\t0x7ff792887ed2\\\\n\\\\t0x7fff6d397374\\\\n\\\\t0x7fff6d7dcc91\\\\n\"}}'}\n\n    def check_response(self, response: dict[str, Any]) -> None:\n        \"\"\"Check that a JSON response from the WebDriver does not have an error.\n    \n        Args:\n            response: The JSON response from the WebDriver server as a dictionary\n                object.\n    \n        Raises:\n            WebDriverException: If the response contains an error message.\n        \"\"\"\n        status = response.get(\"status\", None)\n        if not status or status == ErrorCode.SUCCESS:\n            return\n        value = None\n        message = response.get(\"message\", \"\")\n        screen: str = response.get(\"screen\", \"\")\n        stacktrace = None\n        if isinstance(status, int):\n            value_json = response.get(\"value\", None)\n            if value_json and isinstance(value_json, str):\n                try:\n                    value = json.loads(value_json)\n                    if isinstance(value, dict):\n                        if len(value) == 1:\n                            value = value[\"value\"]\n                        status = value.get(\"error\", None)\n                        if not status:\n                            status = value.get(\"status\", ErrorCode.UNKNOWN_ERROR)\n                            message = value.get(\"value\") or value.get(\"message\")\n                            if not isinstance(message, str):\n                                value = message\n                                message = message.get(\"message\") if isinstance(message, dict) else None\n                        else:\n                            message = value.get(\"message\", None)\n                except ValueError:\n                    pass\n    \n        exception_class: type[WebDriverException]\n        e = ErrorCode()\n        error_codes = [item for item in dir(e) if not item.startswith(\"__\")]\n        for error_code in error_codes:\n            error_info = getattr(ErrorCode, error_code)\n            if isinstance(error_info, list) and status in error_info:\n                exception_class = getattr(ExceptionMapping, error_code, WebDriverException)\n                break\n        else:\n            exception_class = WebDriverException\n    \n        if not value:\n            value = response[\"value\"]\n        if isinstance(value, str):\n            raise exception_class(value)\n        if message == \"\" and \"message\" in value:\n            message = value[\"message\"]\n    \n        screen = None  # type: ignore[assignment]\n        if \"screen\" in value:\n            screen = value[\"screen\"]\n    \n        stacktrace = None\n        st_value = value.get(\"stackTrace\") or value.get(\"stacktrace\")\n        if st_value:\n            if isinstance(st_value, str):\n                stacktrace = st_value.split(\"\\n\")\n            else:\n                stacktrace = []\n                try:\n                    for frame in st_value:\n                        line = frame.get(\"lineNumber\", \"\")\n                        file = frame.get(\"fileName\", \"<anonymous>\")\n                        if line:\n                            file = f\"{file}:{line}\"\n                        meth = frame.get(\"methodName\", \"<anonymous>\")\n                        if \"className\" in frame:\n                            meth = f\"{frame['className']}.{meth}\"\n                        msg = \"    at %s (%s)\"\n                        msg = msg % (meth, file)\n                        stacktrace.append(msg)\n                except TypeError:\n                    pass\n        if exception_class == UnexpectedAlertPresentException:\n            alert_text = None\n            if \"data\" in value:\n                alert_text = value[\"data\"].get(\"text\")\n            elif \"alert\" in value:\n                alert_text = value[\"alert\"].get(\"text\")\n            raise exception_class(message, screen, stacktrace, alert_text)  # type: ignore[call-arg]  # mypy is not smart enough here\n>       raise exception_class(message, screen, stacktrace)\nE       selenium.common.exceptions.InvalidSessionIdException: Message: invalid session id: session deleted as the browser has closed the connection\nE       from disconnected: not connected to DevTools\nE         (Session info: chrome=143.0.7499.193); For documentation on this error, please visit: https://www.selenium.dev/documentation/webdriver/troubleshooting/errors#invalidsessionidexception\nE       Stacktrace:\nE       Symbols not available. Dumping unresolved backtrace:\nE       \t0x7ff7928988d5\nE       \t0x7ff792898930\nE       \t0x7ff79267165d\nE       \t0x7ff79265d202\nE       \t0x7ff7926827af\nE       \t0x7ff7926f9a29\nE       \t0x7ff79271a5c2\nE       \t0x7ff7926bac29\nE       \t0x7ff7926bba93\nE       \t0x7ff792bb0620\nE       \t0x7ff792baaf60\nE       \t0x7ff792bc96c6\nE       \t0x7ff7928b5dd4\nE       \t0x7ff7928bed7c\nE       \t0x7ff7928a1ff4\nE       \t0x7ff7928a21a5\nE       \t0x7ff792887ed2\nE       \t0x7fff6d397374\nE       \t0x7fff6d7dcc91\n\nvenv\\Lib\\site-packages\\selenium\\webdriver\\remote\\errorhandler.py:232: InvalidSessionIdException"}, "steps": [{"name": "Open Tenant Select Page", "status": "passed", "start": 1769076513006, "stop": 1769076518208}, {"name": "Enter Tenant ID", "status": "passed", "start": 1769076518208, "stop": 1769076519108}, {"name": "Login as Supplier", "status": "passed", "start": 1769076519108, "stop": 1769076530624}, {"name": "Open Products Page", "status": "passed", "attachments": [{"name": "products_page", "source": "6d7b2a29-b32e-4ba3-8344-80d2f7ace31e-attachment.png", "type": "image/png"}], "start": 1769076530624, "stop": 1769076536675}, {"name": "Click New Product", "status": "passed", "start": 1769076536675, "stop": 1769076546003}, {"name": "Select Category: Meals → Breakfast", "status": "passed", "attachments": [{"name": "category_meals_breakfast_selected", "source": "430b284d-38fd-44ea-a3b8-b2d00138d07d-attachment.png", "type": "image/png"}], "start": 1769076546003, "stop": 1769076551576}, {"name": "Enter Product Name", "status": "passed", "attachments": [{"name": "product_name_entered", "source": "fd0d5d79-5fac-4183-97d8-ca7223aa4260-attachment.png", "type": "image/png"}], "start": 1769076551576, "stop": 1769076551797}, {"name": "Enter Product Summary", "status": "passed", "attachments": [{"name": "product_summary_entered", "source": "3c21f8ca-9039-494e-9e5d-0e5f3f2bb25a-attachment.png", "type": "image/png"}], "start": 1769076551797, "stop": 1769076552075}, {"name": "Enter Price Note", "status": "passed", "attachments": [{"name": "price_note_entered", "source": "37ebed53-577f-4bc8-a6cb-1e02f30e89d1-attachment.png", "type": "image/png"}], "start": 1769076552076, "stop": 1769076552323}, {"name": "Enter Base Price", "status": "passed", "attachments": [{"name": "base_price_entered", "source": "27c6b05f-b07f-4154-8d12-b2b8af601880-attachment.png", "type": "image/png"}], "start": 1769076552323, "stop": 1769076552542}, {"name": "Enter Security Deposit", "status": "passed", "attachments": [{"name": "bond_entered", "source": "32371688-478e-4388-855b-c5e7ac07d891-attachment.png", "type": "image/png"}], "start": 1769076552542, "stop": 1769076552812}, {"name": "Upload Product Image", "status": "passed", "attachments": [{"name": "image_uploaded", "source": "b8d56308-0850-4c9b-945f-14e8069c213d-attachment.png", "type": "image/png"}], "start": 1769076552812, "stop": 1769076553092}, {"name": "Click Create Button", "status": "passed", "attachments": [{"name": "product_created", "source": "585c2d49-1d5f-41b8-a495-36bffbf18953-attachment.png", "type": "image/png"}], "start": 1769076553092, "stop": 1769076553818}, {"name": "Verify Product Details Tab", "status": "broken", "statusDetails": {"message": "selenium.common.exceptions.InvalidSessionIdException: Message: invalid session id: session deleted as the browser has closed the connection\nfrom disconnected: not connected to DevTools\n  (Session info: chrome=143.0.7499.193); For documentation on this error, please visit: https://www.selenium.dev/documentation/webdriver/troubleshooting/errors#invalidsessionidexception\nStacktrace:\nSymbols not available. Dumping unresolved backtrace:\n\t0x7ff7928988d5\n\t0x7ff792898930\n\t0x7ff79267165d\n\t0x7ff79265d202\n\t0x7ff7926827af\n\t0x7ff7926f9a29\n\t0x7ff79271a5c2\n\t0x7ff7926bac29\n\t0x7ff7926bba93\n\t0x7ff792bb0620\n\t0x7ff792baaf60\n\t0x7ff792bc96c6\n\t0x7ff7928b5dd4\n\t0x7ff7928bed7c\n\t0x7ff7928a1ff4\n\t0x7ff7928a21a5\n\t0x7ff792887ed2\n\t0x7fff6d397374\n\t0x7fff6d7dcc91\n\n", "trace": "  File \"C:\\Users\\Suchini\\Desktop\\Ateam Software\\Hire-X Automation scripts\\Hire-X-Test-Automation-Scripts\\tests\\product_creation.py\", line 200, in test_create_product_meals_breakfast\n    details_tab = wait.until(\n        EC.element_to_be_clickable((\n    ...<2 lines>...\n        ))\n    )\n  File \"C:\\Users\\Suchini\\Desktop\\Ateam Software\\Hire-X Automation scripts\\Hire-X-Test-Automation-Scripts\\venv\\Lib\\site-packages\\selenium\\webdriver\\support\\wait.py\", line 112, in until\n    value = method(self._driver)\n  File \"C:\\Users\\Suchini\\Desktop\\Ateam Software\\Hire-X Automation scripts\\Hire-X-Test-Automation-Scripts\\venv\\Lib\\site-packages\\selenium\\webdriver\\support\\expected_conditions.py\", line 514, in _predicate\n    target = driver.find_element(*target)  # grab element at locator\n  File \"C:\\Users\\Suchini\\Desktop\\Ateam Software\\Hire-X Automation scripts\\Hire-X-Test-Automation-Scripts\\venv\\Lib\\site-packages\\selenium\\webdriver\\remote\\webdriver.py\", line 802, in find_element\n    return self.execute(Command.FIND_ELEMENT, {\"using\": by, \"value\": value})[\"value\"]\n           ~~~~~~~~~~~~^^^^^^^^^^^^^^^^^^^^^^^^^^^^^^^^^^^^^^^^^^^^^^^^^^^^^\n  File \"C:\\Users\\Suchini\\Desktop\\Ateam Software\\Hire-X Automation scripts\\Hire-X-Test-Automation-Scripts\\venv\\Lib\\site-packages\\selenium\\webdriver\\remote\\webdriver.py\", line 432, in execute\n    self.error_handler.check_response(response)\n    ~~~~~~~~~~~~~~~~~~~~~~~~~~~~~~~~~^^^^^^^^^^\n  File \"C:\\Users\\Suchini\\Desktop\\Ateam Software\\Hire-X Automation scripts\\Hire-X-Test-Automation-Scripts\\venv\\Lib\\site-packages\\selenium\\webdriver\\remote\\errorhandler.py\", line 232, in check_response\n    raise exception_class(message, screen, stacktrace)\n"}, "start": 1769076553818, "stop": 1769076560137}], "start": 1769076513005, "stop": 1769076560144, "uuid": "0a900fb1-0d56-4624-8da8-51a158cf2106", "historyId": "98c0709d52a89f339fe9824457ce85fd", "testCaseId": "98c0709d52a89f339fe9824457ce85fd", "fullName": "tests.product_creation#test_create_product_meals_breakfast", "labels": [{"name": "subSuite", "value": "Create Product"}, {"name": "parentSuite", "value": "Web Automation"}, {"name": "feature", "value": "Product Management"}, {"name": "suite", "value": "Products"}, {"name": "tag", "value": "smoke"}, {"name": "host", "value": "DESKTOP-SCU7Q85"}, {"name": "thread", "value": "21352-MainThread"}, {"name": "framework", "value": "pytest"}, {"name": "language", "value": "cpython3"}, {"name": "package", "value": "tests.product_creation"}], "titlePath": ["tests", "product_creation.py"]}