{"name": "Supplier Dashboard - Create New Customer", "status": "broken", "statusDetails": {"message": "selenium.common.exceptions.TimeoutException: Message: \nStacktrace:\nSymbols not available. Dumping unresolved backtrace:\n\t0x7ff6c41388d5\n\t0x7ff6c4138930\n\t0x7ff6c3f1165d\n\t0x7ff6c3f69a33\n\t0x7ff6c3f69d3c\n\t0x7ff6c3fbdf67\n\t0x7ff6c3fbac97\n\t0x7ff6c3f5ac29\n\t0x7ff6c3f5ba93\n\t0x7ff6c4450620\n\t0x7ff6c444af60\n\t0x7ff6c44696c6\n\t0x7ff6c4155dd4\n\t0x7ff6c415ed7c\n\t0x7ff6c4141ff4\n\t0x7ff6c41421a5\n\t0x7ff6c4127ed2\n\t0x7fff6d397374\n\t0x7fff6d7dcc91", "trace": "driver = <selenium.webdriver.chrome.webdriver.WebDriver (session=\"e0f24609d0809194d03440677c9023e7\")>\n\n    @allure.title(\"Supplier Dashboard - Create New Customer\")\n    def test_create_customer(driver):\n        wait = WebDriverWait(driver, 30)\n    \n        try:\n            # ---------------- OPEN CUSTOMER SECTION ----------------\n            driver.get(\"https://app-hire-x-dev-multi-tenant-angular-01-bkgee7ewapa0c5es.southeastasia-01.azurewebsites.net/supplier/customers\")\n    \n            # ---------------- LOGIN IF REQUIRED ----------------\n            # Check if login page loaded\n            if \"/login\" in driver.current_url:\n>               email_input = wait.until(EC.visibility_of_element_located((By.NAME, \"email\")))\n                              ^^^^^^^^^^^^^^^^^^^^^^^^^^^^^^^^^^^^^^^^^^^^^^^^^^^^^^^^^^^^^^^^\n\ntests\\test_customer_create.py:48: \n_ _ _ _ _ _ _ _ _ _ _ _ _ _ _ _ _ _ _ _ _ _ _ _ _ _ _ _ _ _ _ _ _ _ _ _ _ _ _ _ _ _ _ _ _ _ _ _ _ _ _ _ _ _ _ _ _ _ _\n\nself = <selenium.webdriver.support.wait.WebDriverWait (session=\"e0f24609d0809194d03440677c9023e7\")>\nmethod = <function visibility_of_element_located.<locals>._predicate at 0x000001239CDAA8E0>, message = ''\n\n    def until(self, method: Callable[[D], Literal[False] | T], message: str = \"\") -> T:\n        \"\"\"Wait until the method returns a value that is not False.\n    \n        Calls the method provided with the driver as an argument until the\n        return value does not evaluate to ``False``.\n    \n        Args:\n            method: A callable object that takes a WebDriver instance as an\n                argument.\n            message: Optional message for TimeoutException.\n    \n        Returns:\n            The result of the last call to `method`.\n    \n        Raises:\n            TimeoutException: If 'method' does not return a truthy value within\n                the WebDriverWait object's timeout.\n    \n        Example:\n            >>> from selenium.webdriver.common.by import By\n            >>> from selenium.webdriver.support.ui import WebDriverWait\n            >>> from selenium.webdriver.support import expected_conditions as EC\n            >>>\n            >>> # Wait until an element is visible on the page\n            >>> wait = WebDriverWait(driver, 10)\n            >>> element = wait.until(EC.visibility_of_element_located((By.ID, \"exampleId\")))\n            >>> print(element.text)\n        \"\"\"\n        screen = None\n        stacktrace = None\n    \n        end_time = time.monotonic() + self._timeout\n        while True:\n            try:\n                value = method(self._driver)\n                if value:\n                    return value\n            except self._ignored_exceptions as exc:\n                screen = getattr(exc, \"screen\", None)\n                stacktrace = getattr(exc, \"stacktrace\", None)\n            if time.monotonic() > end_time:\n                break\n            time.sleep(self._poll)\n>       raise TimeoutException(message, screen, stacktrace)\nE       selenium.common.exceptions.TimeoutException: Message: \nE       Stacktrace:\nE       Symbols not available. Dumping unresolved backtrace:\nE       \t0x7ff6c41388d5\nE       \t0x7ff6c4138930\nE       \t0x7ff6c3f1165d\nE       \t0x7ff6c3f69a33\nE       \t0x7ff6c3f69d3c\nE       \t0x7ff6c3fbdf67\nE       \t0x7ff6c3fbac97\nE       \t0x7ff6c3f5ac29\nE       \t0x7ff6c3f5ba93\nE       \t0x7ff6c4450620\nE       \t0x7ff6c444af60\nE       \t0x7ff6c44696c6\nE       \t0x7ff6c4155dd4\nE       \t0x7ff6c415ed7c\nE       \t0x7ff6c4141ff4\nE       \t0x7ff6c41421a5\nE       \t0x7ff6c4127ed2\nE       \t0x7fff6d397374\nE       \t0x7fff6d7dcc91\n\nvenv\\Lib\\site-packages\\selenium\\webdriver\\support\\wait.py:121: TimeoutException"}, "attachments": [{"name": "stdout", "source": "2fd4a0a7-7ec9-4917-9c79-6dc3d8857e62-attachment.txt", "type": "text/plain"}], "start": 1769401646865, "stop": 1769401729215, "uuid": "8ac68a7b-2838-42f5-9e94-05e75372e2e6", "historyId": "e2aa0a6ca73013cdffb41124bd5e99e2", "testCaseId": "e2aa0a6ca73013cdffb41124bd5e99e2", "fullName": "tests.test_customer_create#test_create_customer", "labels": [{"name": "parentSuite", "value": "tests"}, {"name": "suite", "value": "test_customer_create"}, {"name": "host", "value": "DESKTOP-SCU7Q85"}, {"name": "thread", "value": "10004-MainThread"}, {"name": "framework", "value": "pytest"}, {"name": "language", "value": "cpython3"}, {"name": "package", "value": "tests.test_customer_create"}], "titlePath": ["tests", "test_customer_create.py"]}