{"uid":"27d4491f27dccf3f","name":"TC02 - Create Order with Product and Save","fullName":"tests.test_create_order#test_login_and_create_order","historyId":"b287b2fc0027e5283ee55bbb62a9bf33","time":{"start":1769054111105,"stop":1769054183174,"duration":72069},"status":"failed","statusMessage":"Failed: Test failed due to error: Message:","statusTrace":"driver = <selenium.webdriver.chrome.webdriver.WebDriver (session=\"df8c89d680f908035ff338be4262473a\")>\n\n    @pytest.mark.smoke\n    @allure.parent_suite(\"Web Automation\")\n    @allure.suite(\"Orders\")\n    @allure.sub_suite(\"Create Order\")\n    @allure.feature(\"Order Management\")\n    @allure.title(\"TC02 - Create Order with Product and Save\")\n    def test_login_and_create_order(driver):\n    \n        wait = WebDriverWait(driver, 25)\n    \n        try:\n            # ---------------- LOGIN ----------------\n            with allure.step(\"Open Tenant Select Page\"):\n                driver.get(\n                    \"https://app-hire-x-dev-multi-tenant-angular-01-bkgee7ewapa0c5es.southeastasia-01.azurewebsites.net/webshopnotfound\"\n                )\n    \n            with allure.step(\"Enter Tenant ID\"):\n                tenant = wait.until(\n                    EC.visibility_of_element_located((By.CSS_SELECTOR, \"input[type='text']\"))\n                )\n                tenant.clear()\n                tenant.send_keys(\"GrandRest\")\n    \n            with allure.step(\"Set Tenant\"):\n                wait.until(\n                    EC.element_to_be_clickable(\n                        (By.XPATH, \"//button[contains(text(),'Set Tenant')]\")\n                    )\n                ).click()\n    \n            with allure.step(\"Navigate to Login\"):\n                wait.until(EC.url_contains(\"/home\"))\n                wait.until(\n                    EC.element_to_be_clickable(\n                        (By.XPATH,\n                         \"//*[contains(translate(text(),'ABCDEFGHIJKLMNOPQRSTUVWXYZ','abcdefghijklmnopqrstuvwxyz'),'sign')]\")\n                    )\n                ).click()\n    \n            with allure.step(\"Login with credentials\"):\n                wait.until(EC.url_contains(\"/login\"))\n                driver.find_element(By.XPATH, \"//input[contains(@type,'email')]\").send_keys(\n                    \"suchini@ateamsoftware.com\"\n                )\n                driver.find_element(By.XPATH, \"//input[contains(@type,'password')]\").send_keys(\n                    \"Abc12345\"\n                )\n                driver.find_element(By.XPATH, \"//button[contains(text(),'Login')]\").click()\n    \n            with allure.step(\"Verify Dashboard\"):\n                wait.until(EC.url_contains(\"/supplier/dashboard\"))\n                take_screenshot(driver, \"dashboard_loaded\")\n    \n            # ---------------- CREATE ORDER ----------------\n            with allure.step(\"Open Orders Page\"):\n                driver.get(\n                    \"https://app-hire-x-dev-multi-tenant-angular-01-bkgee7ewapa0c5es.southeastasia-01.azurewebsites.net/supplier/orders\"\n                )\n                wait.until(EC.url_contains(\"/supplier/orders\"))\n                take_screenshot(driver, \"orders_page\")\n    \n            with allure.step(\"Click New Order\"):\n                wait.until(\n                    EC.element_to_be_clickable(\n                        (By.XPATH, \"//button[contains(text(),'New')]\")\n                    )\n                ).click()\n    \n            with allure.step(\"Verify Create Order Form\"):\n                wait.until(\n                    EC.visibility_of_element_located(\n                        (By.XPATH, \"//*[contains(text(),'Create Order')]\")\n                    )\n                )\n                take_screenshot(driver, \"create_order_form\")\n    \n            # ---------------- SELECT CUSTOMER ----------------\n            with allure.step(\"Select Customer - Amantha Nirmal\"):\n                dropdown = wait.until(\n                    EC.element_to_be_clickable((By.XPATH, \"//ng-select\"))\n                )\n                dropdown.click()\n                time.sleep(1)\n    \n                wait.until(\n                    EC.element_to_be_clickable(\n                        (By.XPATH,\n                         \"//div[contains(@class,'ng-option') and contains(., 'Amantha Nirmal')]\")\n                    )\n                ).click()\n    \n                take_screenshot(driver, \"customer_selected\")\n    \n            # ---------------- CLICK CREATE ----------------\n            with allure.step(\"Click Create Button\"):\n                create_btn = wait.until(\n                    EC.presence_of_element_located(\n                        (By.XPATH, \"//button[@type='submit' and contains(normalize-space(),'Create')]\")\n                    )\n                )\n    \n                driver.execute_script(\n                    \"arguments[0].scrollIntoView({block:'center'});\", create_btn\n                )\n                wait.until(lambda d: create_btn.is_enabled())\n                driver.execute_script(\"arguments[0].click();\", create_btn)\n    \n                take_screenshot(driver, \"create_clicked\")\n    \n            with allure.step(\"Wait for Order Details Page\"):\n                wait.until(EC.url_contains(\"/supplier/orders/\"))\n                take_screenshot(driver, \"order_details_page\")\n    \n            # ---------------- ADD PRODUCT ----------------\n>           add_product(driver, wait, \"Set\", 2)\n\ntests\\test_create_order.py:209: \n_ _ _ _ _ _ _ _ _ _ _ _ _ _ _ _ _ _ _ _ _ _ _ _ _ _ _ _ _ _ _ _ _ _ _ _ _ _ _ _ _ _ _ _ _ _ _ _\ntests\\test_create_order.py:86: in add_product\n    wait.until(\n_ _ _ _ _ _ _ _ _ _ _ _ _ _ _ _ _ _ _ _ _ _ _ _ _ _ _ _ _ _ _ _ _ _ _ _ _ _ _ _ _ _ _ _ _ _ _ _\n\nself = <selenium.webdriver.support.wait.WebDriverWait (session=\"df8c89d680f908035ff338be4262473a\")>\nmethod = <function visibility_of_element_located.<locals>._predicate at 0x000001F394C6A8E0>\nmessage = ''\n\n    def until(self, method: Callable[[D], Literal[False] | T], message: str = \"\") -> T:\n        \"\"\"Wait until the method returns a value that is not False.\n    \n        Calls the method provided with the driver as an argument until the\n        return value does not evaluate to ``False``.\n    \n        Args:\n            method: A callable object that takes a WebDriver instance as an\n                argument.\n            message: Optional message for TimeoutException.\n    \n        Returns:\n            The result of the last call to `method`.\n    \n        Raises:\n            TimeoutException: If 'method' does not return a truthy value within\n                the WebDriverWait object's timeout.\n    \n        Example:\n            >>> from selenium.webdriver.common.by import By\n            >>> from selenium.webdriver.support.ui import WebDriverWait\n            >>> from selenium.webdriver.support import expected_conditions as EC\n            >>>\n            >>> # Wait until an element is visible on the page\n            >>> wait = WebDriverWait(driver, 10)\n            >>> element = wait.until(EC.visibility_of_element_located((By.ID, \"exampleId\")))\n            >>> print(element.text)\n        \"\"\"\n        screen = None\n        stacktrace = None\n    \n        end_time = time.monotonic() + self._timeout\n        while True:\n            try:\n                value = method(self._driver)\n                if value:\n                    return value\n            except self._ignored_exceptions as exc:\n                screen = getattr(exc, \"screen\", None)\n                stacktrace = getattr(exc, \"stacktrace\", None)\n            if time.monotonic() > end_time:\n                break\n            time.sleep(self._poll)\n>       raise TimeoutException(message, screen, stacktrace)\nE       selenium.common.exceptions.TimeoutException: Message:\n\nvenv\\Lib\\site-packages\\selenium\\webdriver\\support\\wait.py:121: TimeoutException\n\nDuring handling of the above exception, another exception occurred:\n\ndriver = <selenium.webdriver.chrome.webdriver.WebDriver (session=\"df8c89d680f908035ff338be4262473a\")>\n\n    @pytest.mark.smoke\n    @allure.parent_suite(\"Web Automation\")\n    @allure.suite(\"Orders\")\n    @allure.sub_suite(\"Create Order\")\n    @allure.feature(\"Order Management\")\n    @allure.title(\"TC02 - Create Order with Product and Save\")\n    def test_login_and_create_order(driver):\n    \n        wait = WebDriverWait(driver, 25)\n    \n        try:\n            # ---------------- LOGIN ----------------\n            with allure.step(\"Open Tenant Select Page\"):\n                driver.get(\n                    \"https://app-hire-x-dev-multi-tenant-angular-01-bkgee7ewapa0c5es.southeastasia-01.azurewebsites.net/webshopnotfound\"\n                )\n    \n            with allure.step(\"Enter Tenant ID\"):\n                tenant = wait.until(\n                    EC.visibility_of_element_located((By.CSS_SELECTOR, \"input[type='text']\"))\n                )\n                tenant.clear()\n                tenant.send_keys(\"GrandRest\")\n    \n            with allure.step(\"Set Tenant\"):\n                wait.until(\n                    EC.element_to_be_clickable(\n                        (By.XPATH, \"//button[contains(text(),'Set Tenant')]\")\n                    )\n                ).click()\n    \n            with allure.step(\"Navigate to Login\"):\n                wait.until(EC.url_contains(\"/home\"))\n                wait.until(\n                    EC.element_to_be_clickable(\n                        (By.XPATH,\n                         \"//*[contains(translate(text(),'ABCDEFGHIJKLMNOPQRSTUVWXYZ','abcdefghijklmnopqrstuvwxyz'),'sign')]\")\n                    )\n                ).click()\n    \n            with allure.step(\"Login with credentials\"):\n                wait.until(EC.url_contains(\"/login\"))\n                driver.find_element(By.XPATH, \"//input[contains(@type,'email')]\").send_keys(\n                    \"suchini@ateamsoftware.com\"\n                )\n                driver.find_element(By.XPATH, \"//input[contains(@type,'password')]\").send_keys(\n                    \"Abc12345\"\n                )\n                driver.find_element(By.XPATH, \"//button[contains(text(),'Login')]\").click()\n    \n            with allure.step(\"Verify Dashboard\"):\n                wait.until(EC.url_contains(\"/supplier/dashboard\"))\n                take_screenshot(driver, \"dashboard_loaded\")\n    \n            # ---------------- CREATE ORDER ----------------\n            with allure.step(\"Open Orders Page\"):\n                driver.get(\n                    \"https://app-hire-x-dev-multi-tenant-angular-01-bkgee7ewapa0c5es.southeastasia-01.azurewebsites.net/supplier/orders\"\n                )\n                wait.until(EC.url_contains(\"/supplier/orders\"))\n                take_screenshot(driver, \"orders_page\")\n    \n            with allure.step(\"Click New Order\"):\n                wait.until(\n                    EC.element_to_be_clickable(\n                        (By.XPATH, \"//button[contains(text(),'New')]\")\n                    )\n                ).click()\n    \n            with allure.step(\"Verify Create Order Form\"):\n                wait.until(\n                    EC.visibility_of_element_located(\n                        (By.XPATH, \"//*[contains(text(),'Create Order')]\")\n                    )\n                )\n                take_screenshot(driver, \"create_order_form\")\n    \n            # ---------------- SELECT CUSTOMER ----------------\n            with allure.step(\"Select Customer - Amantha Nirmal\"):\n                dropdown = wait.until(\n                    EC.element_to_be_clickable((By.XPATH, \"//ng-select\"))\n                )\n                dropdown.click()\n                time.sleep(1)\n    \n                wait.until(\n                    EC.element_to_be_clickable(\n                        (By.XPATH,\n                         \"//div[contains(@class,'ng-option') and contains(., 'Amantha Nirmal')]\")\n                    )\n                ).click()\n    \n                take_screenshot(driver, \"customer_selected\")\n    \n            # ---------------- CLICK CREATE ----------------\n            with allure.step(\"Click Create Button\"):\n                create_btn = wait.until(\n                    EC.presence_of_element_located(\n                        (By.XPATH, \"//button[@type='submit' and contains(normalize-space(),'Create')]\")\n                    )\n                )\n    \n                driver.execute_script(\n                    \"arguments[0].scrollIntoView({block:'center'});\", create_btn\n                )\n                wait.until(lambda d: create_btn.is_enabled())\n                driver.execute_script(\"arguments[0].click();\", create_btn)\n    \n                take_screenshot(driver, \"create_clicked\")\n    \n            with allure.step(\"Wait for Order Details Page\"):\n                wait.until(EC.url_contains(\"/supplier/orders/\"))\n                take_screenshot(driver, \"order_details_page\")\n    \n            # ---------------- ADD PRODUCT ----------------\n            add_product(driver, wait, \"Set\", 2)\n    \n            # -------- ADD BUTTON (Product form submit) --------\n            add_button = wait.until(EC.presence_of_element_located(\n                (By.XPATH, \"//button[@type='submit' and normalize-space()='Add']\")\n            ))\n    \n            # Ensure button is enabled\n            wait.until(lambda d: add_button.is_enabled())\n    \n            # Scroll into view\n            driver.execute_script(\"arguments[0].scrollIntoView({block:'center'});\", add_button)\n            time.sleep(0.5)\n    \n            # Angular-safe JS click\n            driver.execute_script(\"arguments[0].click();\", add_button)\n    \n            take_screenshot(driver, \"product_added_successfully\")\n            print(\"✅ Product 'Set Menu' added with Qty 2\")\n    \n            # -------- SAVE BUTTON (Order submit) --------\n            save_button = wait.until(EC.presence_of_element_located(\n                (By.XPATH, \"//button[@type='submit' and normalize-space()='Save']\")\n            ))\n    \n            # Wait until Save button is enabled\n            wait.until(lambda d: save_button.is_enabled())\n    \n            # Scroll into view\n            driver.execute_script(\"arguments[0].scrollIntoView({block:'center'});\", save_button)\n            time.sleep(0.5)\n    \n            # Angular-safe JS click\n            driver.execute_script(\"arguments[0].click();\", save_button)\n            take_screenshot(driver, \"order_saved_successfully\")\n            print(\"✅ Order saved successfully!\")\n    \n        except Exception as e:\n            take_screenshot(driver, \"test_failed\")\n>           pytest.fail(f\"Test failed due to error: {str(e)}\")\nE           Failed: Test failed due to error: Message:\n\ntests\\test_create_order.py:248: Failed","flaky":false,"newFailed":false,"newBroken":false,"newPassed":false,"retriesCount":0,"retriesStatusChange":false,"beforeStages":[{"name":"driver","time":{"start":1769054110161,"stop":1769054111104,"duration":943},"status":"passed","steps":[],"attachments":[],"parameters":[],"attachmentsCount":0,"shouldDisplayMessage":false,"hasContent":false,"stepsCount":0,"attachmentStep":false}],"testStage":{"status":"failed","statusMessage":"Failed: Test failed due to error: Message:","statusTrace":"driver = <selenium.webdriver.chrome.webdriver.WebDriver (session=\"df8c89d680f908035ff338be4262473a\")>\n\n    @pytest.mark.smoke\n    @allure.parent_suite(\"Web Automation\")\n    @allure.suite(\"Orders\")\n    @allure.sub_suite(\"Create Order\")\n    @allure.feature(\"Order Management\")\n    @allure.title(\"TC02 - Create Order with Product and Save\")\n    def test_login_and_create_order(driver):\n    \n        wait = WebDriverWait(driver, 25)\n    \n        try:\n            # ---------------- LOGIN ----------------\n            with allure.step(\"Open Tenant Select Page\"):\n                driver.get(\n                    \"https://app-hire-x-dev-multi-tenant-angular-01-bkgee7ewapa0c5es.southeastasia-01.azurewebsites.net/webshopnotfound\"\n                )\n    \n            with allure.step(\"Enter Tenant ID\"):\n                tenant = wait.until(\n                    EC.visibility_of_element_located((By.CSS_SELECTOR, \"input[type='text']\"))\n                )\n                tenant.clear()\n                tenant.send_keys(\"GrandRest\")\n    \n            with allure.step(\"Set Tenant\"):\n                wait.until(\n                    EC.element_to_be_clickable(\n                        (By.XPATH, \"//button[contains(text(),'Set Tenant')]\")\n                    )\n                ).click()\n    \n            with allure.step(\"Navigate to Login\"):\n                wait.until(EC.url_contains(\"/home\"))\n                wait.until(\n                    EC.element_to_be_clickable(\n                        (By.XPATH,\n                         \"//*[contains(translate(text(),'ABCDEFGHIJKLMNOPQRSTUVWXYZ','abcdefghijklmnopqrstuvwxyz'),'sign')]\")\n                    )\n                ).click()\n    \n            with allure.step(\"Login with credentials\"):\n                wait.until(EC.url_contains(\"/login\"))\n                driver.find_element(By.XPATH, \"//input[contains(@type,'email')]\").send_keys(\n                    \"suchini@ateamsoftware.com\"\n                )\n                driver.find_element(By.XPATH, \"//input[contains(@type,'password')]\").send_keys(\n                    \"Abc12345\"\n                )\n                driver.find_element(By.XPATH, \"//button[contains(text(),'Login')]\").click()\n    \n            with allure.step(\"Verify Dashboard\"):\n                wait.until(EC.url_contains(\"/supplier/dashboard\"))\n                take_screenshot(driver, \"dashboard_loaded\")\n    \n            # ---------------- CREATE ORDER ----------------\n            with allure.step(\"Open Orders Page\"):\n                driver.get(\n                    \"https://app-hire-x-dev-multi-tenant-angular-01-bkgee7ewapa0c5es.southeastasia-01.azurewebsites.net/supplier/orders\"\n                )\n                wait.until(EC.url_contains(\"/supplier/orders\"))\n                take_screenshot(driver, \"orders_page\")\n    \n            with allure.step(\"Click New Order\"):\n                wait.until(\n                    EC.element_to_be_clickable(\n                        (By.XPATH, \"//button[contains(text(),'New')]\")\n                    )\n                ).click()\n    \n            with allure.step(\"Verify Create Order Form\"):\n                wait.until(\n                    EC.visibility_of_element_located(\n                        (By.XPATH, \"//*[contains(text(),'Create Order')]\")\n                    )\n                )\n                take_screenshot(driver, \"create_order_form\")\n    \n            # ---------------- SELECT CUSTOMER ----------------\n            with allure.step(\"Select Customer - Amantha Nirmal\"):\n                dropdown = wait.until(\n                    EC.element_to_be_clickable((By.XPATH, \"//ng-select\"))\n                )\n                dropdown.click()\n                time.sleep(1)\n    \n                wait.until(\n                    EC.element_to_be_clickable(\n                        (By.XPATH,\n                         \"//div[contains(@class,'ng-option') and contains(., 'Amantha Nirmal')]\")\n                    )\n                ).click()\n    \n                take_screenshot(driver, \"customer_selected\")\n    \n            # ---------------- CLICK CREATE ----------------\n            with allure.step(\"Click Create Button\"):\n                create_btn = wait.until(\n                    EC.presence_of_element_located(\n                        (By.XPATH, \"//button[@type='submit' and contains(normalize-space(),'Create')]\")\n                    )\n                )\n    \n                driver.execute_script(\n                    \"arguments[0].scrollIntoView({block:'center'});\", create_btn\n                )\n                wait.until(lambda d: create_btn.is_enabled())\n                driver.execute_script(\"arguments[0].click();\", create_btn)\n    \n                take_screenshot(driver, \"create_clicked\")\n    \n            with allure.step(\"Wait for Order Details Page\"):\n                wait.until(EC.url_contains(\"/supplier/orders/\"))\n                take_screenshot(driver, \"order_details_page\")\n    \n            # ---------------- ADD PRODUCT ----------------\n>           add_product(driver, wait, \"Set\", 2)\n\ntests\\test_create_order.py:209: \n_ _ _ _ _ _ _ _ _ _ _ _ _ _ _ _ _ _ _ _ _ _ _ _ _ _ _ _ _ _ _ _ _ _ _ _ _ _ _ _ _ _ _ _ _ _ _ _\ntests\\test_create_order.py:86: in add_product\n    wait.until(\n_ _ _ _ _ _ _ _ _ _ _ _ _ _ _ _ _ _ _ _ _ _ _ _ _ _ _ _ _ _ _ _ _ _ _ _ _ _ _ _ _ _ _ _ _ _ _ _\n\nself = <selenium.webdriver.support.wait.WebDriverWait (session=\"df8c89d680f908035ff338be4262473a\")>\nmethod = <function visibility_of_element_located.<locals>._predicate at 0x000001F394C6A8E0>\nmessage = ''\n\n    def until(self, method: Callable[[D], Literal[False] | T], message: str = \"\") -> T:\n        \"\"\"Wait until the method returns a value that is not False.\n    \n        Calls the method provided with the driver as an argument until the\n        return value does not evaluate to ``False``.\n    \n        Args:\n            method: A callable object that takes a WebDriver instance as an\n                argument.\n            message: Optional message for TimeoutException.\n    \n        Returns:\n            The result of the last call to `method`.\n    \n        Raises:\n            TimeoutException: If 'method' does not return a truthy value within\n                the WebDriverWait object's timeout.\n    \n        Example:\n            >>> from selenium.webdriver.common.by import By\n            >>> from selenium.webdriver.support.ui import WebDriverWait\n            >>> from selenium.webdriver.support import expected_conditions as EC\n            >>>\n            >>> # Wait until an element is visible on the page\n            >>> wait = WebDriverWait(driver, 10)\n            >>> element = wait.until(EC.visibility_of_element_located((By.ID, \"exampleId\")))\n            >>> print(element.text)\n        \"\"\"\n        screen = None\n        stacktrace = None\n    \n        end_time = time.monotonic() + self._timeout\n        while True:\n            try:\n                value = method(self._driver)\n                if value:\n                    return value\n            except self._ignored_exceptions as exc:\n                screen = getattr(exc, \"screen\", None)\n                stacktrace = getattr(exc, \"stacktrace\", None)\n            if time.monotonic() > end_time:\n                break\n            time.sleep(self._poll)\n>       raise TimeoutException(message, screen, stacktrace)\nE       selenium.common.exceptions.TimeoutException: Message:\n\nvenv\\Lib\\site-packages\\selenium\\webdriver\\support\\wait.py:121: TimeoutException\n\nDuring handling of the above exception, another exception occurred:\n\ndriver = <selenium.webdriver.chrome.webdriver.WebDriver (session=\"df8c89d680f908035ff338be4262473a\")>\n\n    @pytest.mark.smoke\n    @allure.parent_suite(\"Web Automation\")\n    @allure.suite(\"Orders\")\n    @allure.sub_suite(\"Create Order\")\n    @allure.feature(\"Order Management\")\n    @allure.title(\"TC02 - Create Order with Product and Save\")\n    def test_login_and_create_order(driver):\n    \n        wait = WebDriverWait(driver, 25)\n    \n        try:\n            # ---------------- LOGIN ----------------\n            with allure.step(\"Open Tenant Select Page\"):\n                driver.get(\n                    \"https://app-hire-x-dev-multi-tenant-angular-01-bkgee7ewapa0c5es.southeastasia-01.azurewebsites.net/webshopnotfound\"\n                )\n    \n            with allure.step(\"Enter Tenant ID\"):\n                tenant = wait.until(\n                    EC.visibility_of_element_located((By.CSS_SELECTOR, \"input[type='text']\"))\n                )\n                tenant.clear()\n                tenant.send_keys(\"GrandRest\")\n    \n            with allure.step(\"Set Tenant\"):\n                wait.until(\n                    EC.element_to_be_clickable(\n                        (By.XPATH, \"//button[contains(text(),'Set Tenant')]\")\n                    )\n                ).click()\n    \n            with allure.step(\"Navigate to Login\"):\n                wait.until(EC.url_contains(\"/home\"))\n                wait.until(\n                    EC.element_to_be_clickable(\n                        (By.XPATH,\n                         \"//*[contains(translate(text(),'ABCDEFGHIJKLMNOPQRSTUVWXYZ','abcdefghijklmnopqrstuvwxyz'),'sign')]\")\n                    )\n                ).click()\n    \n            with allure.step(\"Login with credentials\"):\n                wait.until(EC.url_contains(\"/login\"))\n                driver.find_element(By.XPATH, \"//input[contains(@type,'email')]\").send_keys(\n                    \"suchini@ateamsoftware.com\"\n                )\n                driver.find_element(By.XPATH, \"//input[contains(@type,'password')]\").send_keys(\n                    \"Abc12345\"\n                )\n                driver.find_element(By.XPATH, \"//button[contains(text(),'Login')]\").click()\n    \n            with allure.step(\"Verify Dashboard\"):\n                wait.until(EC.url_contains(\"/supplier/dashboard\"))\n                take_screenshot(driver, \"dashboard_loaded\")\n    \n            # ---------------- CREATE ORDER ----------------\n            with allure.step(\"Open Orders Page\"):\n                driver.get(\n                    \"https://app-hire-x-dev-multi-tenant-angular-01-bkgee7ewapa0c5es.southeastasia-01.azurewebsites.net/supplier/orders\"\n                )\n                wait.until(EC.url_contains(\"/supplier/orders\"))\n                take_screenshot(driver, \"orders_page\")\n    \n            with allure.step(\"Click New Order\"):\n                wait.until(\n                    EC.element_to_be_clickable(\n                        (By.XPATH, \"//button[contains(text(),'New')]\")\n                    )\n                ).click()\n    \n            with allure.step(\"Verify Create Order Form\"):\n                wait.until(\n                    EC.visibility_of_element_located(\n                        (By.XPATH, \"//*[contains(text(),'Create Order')]\")\n                    )\n                )\n                take_screenshot(driver, \"create_order_form\")\n    \n            # ---------------- SELECT CUSTOMER ----------------\n            with allure.step(\"Select Customer - Amantha Nirmal\"):\n                dropdown = wait.until(\n                    EC.element_to_be_clickable((By.XPATH, \"//ng-select\"))\n                )\n                dropdown.click()\n                time.sleep(1)\n    \n                wait.until(\n                    EC.element_to_be_clickable(\n                        (By.XPATH,\n                         \"//div[contains(@class,'ng-option') and contains(., 'Amantha Nirmal')]\")\n                    )\n                ).click()\n    \n                take_screenshot(driver, \"customer_selected\")\n    \n            # ---------------- CLICK CREATE ----------------\n            with allure.step(\"Click Create Button\"):\n                create_btn = wait.until(\n                    EC.presence_of_element_located(\n                        (By.XPATH, \"//button[@type='submit' and contains(normalize-space(),'Create')]\")\n                    )\n                )\n    \n                driver.execute_script(\n                    \"arguments[0].scrollIntoView({block:'center'});\", create_btn\n                )\n                wait.until(lambda d: create_btn.is_enabled())\n                driver.execute_script(\"arguments[0].click();\", create_btn)\n    \n                take_screenshot(driver, \"create_clicked\")\n    \n            with allure.step(\"Wait for Order Details Page\"):\n                wait.until(EC.url_contains(\"/supplier/orders/\"))\n                take_screenshot(driver, \"order_details_page\")\n    \n            # ---------------- ADD PRODUCT ----------------\n            add_product(driver, wait, \"Set\", 2)\n    \n            # -------- ADD BUTTON (Product form submit) --------\n            add_button = wait.until(EC.presence_of_element_located(\n                (By.XPATH, \"//button[@type='submit' and normalize-space()='Add']\")\n            ))\n    \n            # Ensure button is enabled\n            wait.until(lambda d: add_button.is_enabled())\n    \n            # Scroll into view\n            driver.execute_script(\"arguments[0].scrollIntoView({block:'center'});\", add_button)\n            time.sleep(0.5)\n    \n            # Angular-safe JS click\n            driver.execute_script(\"arguments[0].click();\", add_button)\n    \n            take_screenshot(driver, \"product_added_successfully\")\n            print(\"✅ Product 'Set Menu' added with Qty 2\")\n    \n            # -------- SAVE BUTTON (Order submit) --------\n            save_button = wait.until(EC.presence_of_element_located(\n                (By.XPATH, \"//button[@type='submit' and normalize-space()='Save']\")\n            ))\n    \n            # Wait until Save button is enabled\n            wait.until(lambda d: save_button.is_enabled())\n    \n            # Scroll into view\n            driver.execute_script(\"arguments[0].scrollIntoView({block:'center'});\", save_button)\n            time.sleep(0.5)\n    \n            # Angular-safe JS click\n            driver.execute_script(\"arguments[0].click();\", save_button)\n            take_screenshot(driver, \"order_saved_successfully\")\n            print(\"✅ Order saved successfully!\")\n    \n        except Exception as e:\n            take_screenshot(driver, \"test_failed\")\n>           pytest.fail(f\"Test failed due to error: {str(e)}\")\nE           Failed: Test failed due to error: Message:\n\ntests\\test_create_order.py:248: Failed","steps":[{"name":"Open Tenant Select Page","time":{"start":1769054111105,"stop":1769054116527,"duration":5422},"status":"passed","steps":[],"attachments":[],"parameters":[],"attachmentsCount":0,"shouldDisplayMessage":false,"hasContent":false,"stepsCount":0,"attachmentStep":false},{"name":"Enter Tenant ID","time":{"start":1769054116527,"stop":1769054116621,"duration":94},"status":"passed","steps":[],"attachments":[],"parameters":[],"attachmentsCount":0,"shouldDisplayMessage":false,"hasContent":false,"stepsCount":0,"attachmentStep":false},{"name":"Set Tenant","time":{"start":1769054116621,"stop":1769054122210,"duration":5589},"status":"passed","steps":[],"attachments":[],"parameters":[],"attachmentsCount":0,"shouldDisplayMessage":false,"hasContent":false,"stepsCount":0,"attachmentStep":false},{"name":"Navigate to Login","time":{"start":1769054122210,"stop":1769054124280,"duration":2070},"status":"passed","steps":[],"attachments":[],"parameters":[],"attachmentsCount":0,"shouldDisplayMessage":false,"hasContent":false,"stepsCount":0,"attachmentStep":false},{"name":"Login with credentials","time":{"start":1769054124280,"stop":1769054124459,"duration":179},"status":"passed","steps":[],"attachments":[],"parameters":[],"attachmentsCount":0,"shouldDisplayMessage":false,"hasContent":false,"stepsCount":0,"attachmentStep":false},{"name":"Verify Dashboard","time":{"start":1769054124459,"stop":1769054132761,"duration":8302},"status":"passed","steps":[],"attachments":[{"uid":"d1255526db2cd6b8","name":"dashboard_loaded","source":"d1255526db2cd6b8.png","type":"image/png","size":56042}],"parameters":[],"attachmentsCount":1,"shouldDisplayMessage":false,"hasContent":true,"stepsCount":0,"attachmentStep":false},{"name":"Open Orders Page","time":{"start":1769054132761,"stop":1769054137469,"duration":4708},"status":"passed","steps":[],"attachments":[{"uid":"cb778bc9cb28ee58","name":"orders_page","source":"cb778bc9cb28ee58.png","type":"image/png","size":6756}],"parameters":[],"attachmentsCount":1,"shouldDisplayMessage":false,"hasContent":true,"stepsCount":0,"attachmentStep":false},{"name":"Click New Order","time":{"start":1769054137469,"stop":1769054143335,"duration":5866},"status":"passed","steps":[],"attachments":[],"parameters":[],"attachmentsCount":0,"shouldDisplayMessage":false,"hasContent":false,"stepsCount":0,"attachmentStep":false},{"name":"Verify Create Order Form","time":{"start":1769054143336,"stop":1769054144054,"duration":718},"status":"passed","steps":[],"attachments":[{"uid":"a664861ff49c8ab3","name":"create_order_form","source":"a664861ff49c8ab3.png","type":"image/png","size":90022}],"parameters":[],"attachmentsCount":1,"shouldDisplayMessage":false,"hasContent":true,"stepsCount":0,"attachmentStep":false},{"name":"Select Customer - Amantha Nirmal","time":{"start":1769054144054,"stop":1769054145985,"duration":1931},"status":"passed","steps":[],"attachments":[{"uid":"c4311955da874c1f","name":"customer_selected","source":"c4311955da874c1f.png","type":"image/png","size":102973}],"parameters":[],"attachmentsCount":1,"shouldDisplayMessage":false,"hasContent":true,"stepsCount":0,"attachmentStep":false},{"name":"Click Create Button","time":{"start":1769054145986,"stop":1769054146203,"duration":217},"status":"passed","steps":[],"attachments":[{"uid":"e7d6a4b882de1e5e","name":"create_clicked","source":"e7d6a4b882de1e5e.png","type":"image/png","size":98982}],"parameters":[],"attachmentsCount":1,"shouldDisplayMessage":false,"hasContent":true,"stepsCount":0,"attachmentStep":false},{"name":"Wait for Order Details Page","time":{"start":1769054146203,"stop":1769054151934,"duration":5731},"status":"passed","steps":[],"attachments":[{"uid":"45143788af91d869","name":"order_details_page","source":"45143788af91d869.png","type":"image/png","size":40461}],"parameters":[],"attachmentsCount":1,"shouldDisplayMessage":false,"hasContent":true,"stepsCount":0,"attachmentStep":false},{"name":"Add Product - Set (Qty 2)","time":{"start":1769054151935,"stop":1769054183068,"duration":31133},"status":"broken","statusMessage":"selenium.common.exceptions.TimeoutException: Message: \n\n","statusTrace":"  File \"C:\\Users\\Suchini\\Desktop\\Ateam Software\\Hire-X Automation scripts\\Hire-X-Test-Automation-Scripts\\tests\\test_create_order.py\", line 86, in add_product\n    wait.until(\n    ~~~~~~~~~~^\n        EC.visibility_of_element_located(\n        ^^^^^^^^^^^^^^^^^^^^^^^^^^^^^^^^^\n            (By.XPATH, f\"//*[contains(text(),'{product_name}')]\")\n            ^^^^^^^^^^^^^^^^^^^^^^^^^^^^^^^^^^^^^^^^^^^^^^^^^^^^^\n        )\n        ^\n    )\n    ^\n  File \"C:\\Users\\Suchini\\Desktop\\Ateam Software\\Hire-X Automation scripts\\Hire-X-Test-Automation-Scripts\\venv\\Lib\\site-packages\\selenium\\webdriver\\support\\wait.py\", line 121, in until\n    raise TimeoutException(message, screen, stacktrace)\n","steps":[],"attachments":[{"uid":"e39221815ec1f0af","name":"product_selected_qty","source":"e39221815ec1f0af.png","type":"image/png","size":62003},{"uid":"b5c8bbc78753106d","name":"product_added_success","source":"b5c8bbc78753106d.png","type":"image/png","size":61521}],"parameters":[],"attachmentsCount":2,"shouldDisplayMessage":true,"hasContent":true,"stepsCount":0,"attachmentStep":false}],"attachments":[{"uid":"179e7f3287862c9a","name":"test_failed","source":"179e7f3287862c9a.png","type":"image/png","size":61955}],"parameters":[],"attachmentsCount":9,"shouldDisplayMessage":true,"hasContent":true,"stepsCount":13,"attachmentStep":false},"afterStages":[{"name":"driver::0","time":{"start":1769054183307,"stop":1769054183307,"duration":0},"status":"passed","steps":[],"attachments":[],"parameters":[],"attachmentsCount":0,"shouldDisplayMessage":false,"hasContent":false,"stepsCount":0,"attachmentStep":false}],"labels":[{"name":"subSuite","value":"Create Order"},{"name":"feature","value":"Order Management"},{"name":"suite","value":"Orders"},{"name":"parentSuite","value":"Web Automation"},{"name":"tag","value":"smoke"},{"name":"host","value":"DESKTOP-SCU7Q85"},{"name":"thread","value":"21984-MainThread"},{"name":"framework","value":"pytest"},{"name":"language","value":"cpython3"},{"name":"package","value":"tests.test_create_order"},{"name":"resultFormat","value":"allure2"}],"parameters":[],"links":[],"hidden":true,"retry":true,"extra":{"categories":[],"tags":["smoke"]},"source":"27d4491f27dccf3f.json","parameterValues":[]}