{"uid":"4e80530068bb0aad","name":"TC02 - Create Order with Product and Save","fullName":"tests.test_create_order#test_login_and_create_order","historyId":"b287b2fc0027e5283ee55bbb62a9bf33","time":{"start":1769049281662,"stop":1769049301866,"duration":20204},"status":"broken","statusMessage":"selenium.common.exceptions.ElementClickInterceptedException: Message: element click intercepted: Element <a _ngcontent-ofv-c150=\"\" class=\"nav-link\" href=\"/login\">...</a> is not clickable at point (1348, 32). Other element would receive the click: <div _ngcontent-ofv-c151=\"\" class=\"spinner-wrapper d-flex justify-content-center min-vh-100 ng-tns-c151-1 ng-trigger ng-trigger-fadeOut ng-star-inserted\">...</div>\n  (Session info: chrome=143.0.7499.193); For documentation on this error, please visit: https://www.selenium.dev/documentation/webdriver/troubleshooting/errors#elementclickinterceptedexception\nStacktrace:\nSymbols not available. Dumping unresolved backtrace:\n\t0x7ff61c9288d5\n\t0x7ff61c928930\n\t0x7ff61c70165d\n\t0x7ff61c7619e8\n\t0x7ff61c75f40f\n\t0x7ff61c75c417\n\t0x7ff61c75b338\n\t0x7ff61c74ce7f\n\t0x7ff61c781fda\n\t0x7ff61c74c746\n\t0x7ff61c7aac97\n\t0x7ff61c74ac29\n\t0x7ff61c74ba93\n\t0x7ff61cc40620\n\t0x7ff61cc3af60\n\t0x7ff61cc596c6\n\t0x7ff61c945dd4\n\t0x7ff61c94ed7c\n\t0x7ff61c931ff4\n\t0x7ff61c9321a5\n\t0x7ff61c917ed2\n\t0x7fff89247374\n\t0x7fff8b0fcc91","statusTrace":"driver = <selenium.webdriver.chrome.webdriver.WebDriver (session=\"368e7bda6a96b8a6c821cc02385a4fd0\")>\n\n    @pytest.mark.smoke\n    @allure.parent_suite(\"Web Automation\")\n    @allure.suite(\"Orders\")\n    @allure.sub_suite(\"Create Order\")\n    @allure.feature(\"Order Management\")\n    @allure.title(\"TC02 - Create Order with Product and Save\")\n    def test_login_and_create_order(driver):\n    \n        wait = WebDriverWait(driver, 25)\n    \n        # ---------------- LOGIN ----------------\n        with allure.step(\"Open Tenant Select Page\"):\n            driver.get(\n                \"https://app-hire-x-dev-multi-tenant-angular-01-bkgee7ewapa0c5es.southeastasia-01.azurewebsites.net/webshopnotfound\"\n            )\n    \n        with allure.step(\"Enter Tenant ID\"):\n            tenant = wait.until(\n                EC.visibility_of_element_located((By.CSS_SELECTOR, \"input[type='text']\"))\n            )\n            tenant.clear()\n            tenant.send_keys(\"GrandRest\")\n    \n        with allure.step(\"Set Tenant\"):\n            wait.until(\n                EC.element_to_be_clickable((By.XPATH, \"//button[contains(text(),'Set Tenant')]\"))\n            ).click()\n    \n        with allure.step(\"Navigate to Login\"):\n            wait.until(EC.url_contains(\"/home\"))\n            wait.until(\n                EC.element_to_be_clickable(\n                    (By.XPATH, \"//*[contains(translate(text(),'ABCDEFGHIJKLMNOPQRSTUVWXYZ','abcdefghijklmnopqrstuvwxyz'),'sign')]\")\n                )\n>           ).click()\n              ^^^^^^^\n\ntests\\test_create_order.py:59: \n_ _ _ _ _ _ _ _ _ _ _ _ _ _ _ _ _ _ _ _ _ _ _ _ _ _ _ _ _ _ _ _ _ _ _ _ _ _ _ _ _ _ _ _ _ _ _ _\nvenv\\Lib\\site-packages\\selenium\\webdriver\\remote\\webelement.py:114: in click\n    self._execute(Command.CLICK_ELEMENT)\nvenv\\Lib\\site-packages\\selenium\\webdriver\\remote\\webelement.py:508: in _execute\n    return self._parent.execute(command, params)\n           ^^^^^^^^^^^^^^^^^^^^^^^^^^^^^^^^^^^^^\nvenv\\Lib\\site-packages\\selenium\\webdriver\\remote\\webdriver.py:432: in execute\n    self.error_handler.check_response(response)\n_ _ _ _ _ _ _ _ _ _ _ _ _ _ _ _ _ _ _ _ _ _ _ _ _ _ _ _ _ _ _ _ _ _ _ _ _ _ _ _ _ _ _ _ _ _ _ _\n\nself = <selenium.webdriver.remote.errorhandler.ErrorHandler object at 0x0000019D4FBF4AD0>\nresponse = {'status': 400, 'value': '{\"value\":{\"error\":\"element click intercepted\",\"message\":\"element click intercepted: Element ...ff61c94ed7c\\\\n\\\\t0x7ff61c931ff4\\\\n\\\\t0x7ff61c9321a5\\\\n\\\\t0x7ff61c917ed2\\\\n\\\\t0x7fff89247374\\\\n\\\\t0x7fff8b0fcc91\\\\n\"}}'}\n\n    def check_response(self, response: dict[str, Any]) -> None:\n        \"\"\"Check that a JSON response from the WebDriver does not have an error.\n    \n        Args:\n            response: The JSON response from the WebDriver server as a dictionary\n                object.\n    \n        Raises:\n            WebDriverException: If the response contains an error message.\n        \"\"\"\n        status = response.get(\"status\", None)\n        if not status or status == ErrorCode.SUCCESS:\n            return\n        value = None\n        message = response.get(\"message\", \"\")\n        screen: str = response.get(\"screen\", \"\")\n        stacktrace = None\n        if isinstance(status, int):\n            value_json = response.get(\"value\", None)\n            if value_json and isinstance(value_json, str):\n                try:\n                    value = json.loads(value_json)\n                    if isinstance(value, dict):\n                        if len(value) == 1:\n                            value = value[\"value\"]\n                        status = value.get(\"error\", None)\n                        if not status:\n                            status = value.get(\"status\", ErrorCode.UNKNOWN_ERROR)\n                            message = value.get(\"value\") or value.get(\"message\")\n                            if not isinstance(message, str):\n                                value = message\n                                message = message.get(\"message\") if isinstance(message, dict) else None\n                        else:\n                            message = value.get(\"message\", None)\n                except ValueError:\n                    pass\n    \n        exception_class: type[WebDriverException]\n        e = ErrorCode()\n        error_codes = [item for item in dir(e) if not item.startswith(\"__\")]\n        for error_code in error_codes:\n            error_info = getattr(ErrorCode, error_code)\n            if isinstance(error_info, list) and status in error_info:\n                exception_class = getattr(ExceptionMapping, error_code, WebDriverException)\n                break\n        else:\n            exception_class = WebDriverException\n    \n        if not value:\n            value = response[\"value\"]\n        if isinstance(value, str):\n            raise exception_class(value)\n        if message == \"\" and \"message\" in value:\n            message = value[\"message\"]\n    \n        screen = None  # type: ignore[assignment]\n        if \"screen\" in value:\n            screen = value[\"screen\"]\n    \n        stacktrace = None\n        st_value = value.get(\"stackTrace\") or value.get(\"stacktrace\")\n        if st_value:\n            if isinstance(st_value, str):\n                stacktrace = st_value.split(\"\\n\")\n            else:\n                stacktrace = []\n                try:\n                    for frame in st_value:\n                        line = frame.get(\"lineNumber\", \"\")\n                        file = frame.get(\"fileName\", \"<anonymous>\")\n                        if line:\n                            file = f\"{file}:{line}\"\n                        meth = frame.get(\"methodName\", \"<anonymous>\")\n                        if \"className\" in frame:\n                            meth = f\"{frame['className']}.{meth}\"\n                        msg = \"    at %s (%s)\"\n                        msg = msg % (meth, file)\n                        stacktrace.append(msg)\n                except TypeError:\n                    pass\n        if exception_class == UnexpectedAlertPresentException:\n            alert_text = None\n            if \"data\" in value:\n                alert_text = value[\"data\"].get(\"text\")\n            elif \"alert\" in value:\n                alert_text = value[\"alert\"].get(\"text\")\n            raise exception_class(message, screen, stacktrace, alert_text)  # type: ignore[call-arg]  # mypy is not smart enough here\n>       raise exception_class(message, screen, stacktrace)\nE       selenium.common.exceptions.ElementClickInterceptedException: Message: element click intercepted: Element <a _ngcontent-ofv-c150=\"\" class=\"nav-link\" href=\"/login\">...</a> is not clickable at point (1348, 32). Other element would receive the click: <div _ngcontent-ofv-c151=\"\" class=\"spinner-wrapper d-flex justify-content-center min-vh-100 ng-tns-c151-1 ng-trigger ng-trigger-fadeOut ng-star-inserted\">...</div>\nE         (Session info: chrome=143.0.7499.193); For documentation on this error, please visit: https://www.selenium.dev/documentation/webdriver/troubleshooting/errors#elementclickinterceptedexception\nE       Stacktrace:\nE       Symbols not available. Dumping unresolved backtrace:\nE       \t0x7ff61c9288d5\nE       \t0x7ff61c928930\nE       \t0x7ff61c70165d\nE       \t0x7ff61c7619e8\nE       \t0x7ff61c75f40f\nE       \t0x7ff61c75c417\nE       \t0x7ff61c75b338\nE       \t0x7ff61c74ce7f\nE       \t0x7ff61c781fda\nE       \t0x7ff61c74c746\nE       \t0x7ff61c7aac97\nE       \t0x7ff61c74ac29\nE       \t0x7ff61c74ba93\nE       \t0x7ff61cc40620\nE       \t0x7ff61cc3af60\nE       \t0x7ff61cc596c6\nE       \t0x7ff61c945dd4\nE       \t0x7ff61c94ed7c\nE       \t0x7ff61c931ff4\nE       \t0x7ff61c9321a5\nE       \t0x7ff61c917ed2\nE       \t0x7fff89247374\nE       \t0x7fff8b0fcc91\n\nvenv\\Lib\\site-packages\\selenium\\webdriver\\remote\\errorhandler.py:232: ElementClickInterceptedException","flaky":false,"newFailed":false,"newBroken":false,"newPassed":false,"retriesCount":0,"retriesStatusChange":false,"beforeStages":[{"name":"driver","time":{"start":1769049277454,"stop":1769049281660,"duration":4206},"status":"passed","steps":[],"attachments":[],"parameters":[],"attachmentsCount":0,"shouldDisplayMessage":false,"hasContent":false,"stepsCount":0,"attachmentStep":false}],"testStage":{"status":"broken","statusMessage":"selenium.common.exceptions.ElementClickInterceptedException: Message: element click intercepted: Element <a _ngcontent-ofv-c150=\"\" class=\"nav-link\" href=\"/login\">...</a> is not clickable at point (1348, 32). Other element would receive the click: <div _ngcontent-ofv-c151=\"\" class=\"spinner-wrapper d-flex justify-content-center min-vh-100 ng-tns-c151-1 ng-trigger ng-trigger-fadeOut ng-star-inserted\">...</div>\n  (Session info: chrome=143.0.7499.193); For documentation on this error, please visit: https://www.selenium.dev/documentation/webdriver/troubleshooting/errors#elementclickinterceptedexception\nStacktrace:\nSymbols not available. Dumping unresolved backtrace:\n\t0x7ff61c9288d5\n\t0x7ff61c928930\n\t0x7ff61c70165d\n\t0x7ff61c7619e8\n\t0x7ff61c75f40f\n\t0x7ff61c75c417\n\t0x7ff61c75b338\n\t0x7ff61c74ce7f\n\t0x7ff61c781fda\n\t0x7ff61c74c746\n\t0x7ff61c7aac97\n\t0x7ff61c74ac29\n\t0x7ff61c74ba93\n\t0x7ff61cc40620\n\t0x7ff61cc3af60\n\t0x7ff61cc596c6\n\t0x7ff61c945dd4\n\t0x7ff61c94ed7c\n\t0x7ff61c931ff4\n\t0x7ff61c9321a5\n\t0x7ff61c917ed2\n\t0x7fff89247374\n\t0x7fff8b0fcc91","statusTrace":"driver = <selenium.webdriver.chrome.webdriver.WebDriver (session=\"368e7bda6a96b8a6c821cc02385a4fd0\")>\n\n    @pytest.mark.smoke\n    @allure.parent_suite(\"Web Automation\")\n    @allure.suite(\"Orders\")\n    @allure.sub_suite(\"Create Order\")\n    @allure.feature(\"Order Management\")\n    @allure.title(\"TC02 - Create Order with Product and Save\")\n    def test_login_and_create_order(driver):\n    \n        wait = WebDriverWait(driver, 25)\n    \n        # ---------------- LOGIN ----------------\n        with allure.step(\"Open Tenant Select Page\"):\n            driver.get(\n                \"https://app-hire-x-dev-multi-tenant-angular-01-bkgee7ewapa0c5es.southeastasia-01.azurewebsites.net/webshopnotfound\"\n            )\n    \n        with allure.step(\"Enter Tenant ID\"):\n            tenant = wait.until(\n                EC.visibility_of_element_located((By.CSS_SELECTOR, \"input[type='text']\"))\n            )\n            tenant.clear()\n            tenant.send_keys(\"GrandRest\")\n    \n        with allure.step(\"Set Tenant\"):\n            wait.until(\n                EC.element_to_be_clickable((By.XPATH, \"//button[contains(text(),'Set Tenant')]\"))\n            ).click()\n    \n        with allure.step(\"Navigate to Login\"):\n            wait.until(EC.url_contains(\"/home\"))\n            wait.until(\n                EC.element_to_be_clickable(\n                    (By.XPATH, \"//*[contains(translate(text(),'ABCDEFGHIJKLMNOPQRSTUVWXYZ','abcdefghijklmnopqrstuvwxyz'),'sign')]\")\n                )\n>           ).click()\n              ^^^^^^^\n\ntests\\test_create_order.py:59: \n_ _ _ _ _ _ _ _ _ _ _ _ _ _ _ _ _ _ _ _ _ _ _ _ _ _ _ _ _ _ _ _ _ _ _ _ _ _ _ _ _ _ _ _ _ _ _ _\nvenv\\Lib\\site-packages\\selenium\\webdriver\\remote\\webelement.py:114: in click\n    self._execute(Command.CLICK_ELEMENT)\nvenv\\Lib\\site-packages\\selenium\\webdriver\\remote\\webelement.py:508: in _execute\n    return self._parent.execute(command, params)\n           ^^^^^^^^^^^^^^^^^^^^^^^^^^^^^^^^^^^^^\nvenv\\Lib\\site-packages\\selenium\\webdriver\\remote\\webdriver.py:432: in execute\n    self.error_handler.check_response(response)\n_ _ _ _ _ _ _ _ _ _ _ _ _ _ _ _ _ _ _ _ _ _ _ _ _ _ _ _ _ _ _ _ _ _ _ _ _ _ _ _ _ _ _ _ _ _ _ _\n\nself = <selenium.webdriver.remote.errorhandler.ErrorHandler object at 0x0000019D4FBF4AD0>\nresponse = {'status': 400, 'value': '{\"value\":{\"error\":\"element click intercepted\",\"message\":\"element click intercepted: Element ...ff61c94ed7c\\\\n\\\\t0x7ff61c931ff4\\\\n\\\\t0x7ff61c9321a5\\\\n\\\\t0x7ff61c917ed2\\\\n\\\\t0x7fff89247374\\\\n\\\\t0x7fff8b0fcc91\\\\n\"}}'}\n\n    def check_response(self, response: dict[str, Any]) -> None:\n        \"\"\"Check that a JSON response from the WebDriver does not have an error.\n    \n        Args:\n            response: The JSON response from the WebDriver server as a dictionary\n                object.\n    \n        Raises:\n            WebDriverException: If the response contains an error message.\n        \"\"\"\n        status = response.get(\"status\", None)\n        if not status or status == ErrorCode.SUCCESS:\n            return\n        value = None\n        message = response.get(\"message\", \"\")\n        screen: str = response.get(\"screen\", \"\")\n        stacktrace = None\n        if isinstance(status, int):\n            value_json = response.get(\"value\", None)\n            if value_json and isinstance(value_json, str):\n                try:\n                    value = json.loads(value_json)\n                    if isinstance(value, dict):\n                        if len(value) == 1:\n                            value = value[\"value\"]\n                        status = value.get(\"error\", None)\n                        if not status:\n                            status = value.get(\"status\", ErrorCode.UNKNOWN_ERROR)\n                            message = value.get(\"value\") or value.get(\"message\")\n                            if not isinstance(message, str):\n                                value = message\n                                message = message.get(\"message\") if isinstance(message, dict) else None\n                        else:\n                            message = value.get(\"message\", None)\n                except ValueError:\n                    pass\n    \n        exception_class: type[WebDriverException]\n        e = ErrorCode()\n        error_codes = [item for item in dir(e) if not item.startswith(\"__\")]\n        for error_code in error_codes:\n            error_info = getattr(ErrorCode, error_code)\n            if isinstance(error_info, list) and status in error_info:\n                exception_class = getattr(ExceptionMapping, error_code, WebDriverException)\n                break\n        else:\n            exception_class = WebDriverException\n    \n        if not value:\n            value = response[\"value\"]\n        if isinstance(value, str):\n            raise exception_class(value)\n        if message == \"\" and \"message\" in value:\n            message = value[\"message\"]\n    \n        screen = None  # type: ignore[assignment]\n        if \"screen\" in value:\n            screen = value[\"screen\"]\n    \n        stacktrace = None\n        st_value = value.get(\"stackTrace\") or value.get(\"stacktrace\")\n        if st_value:\n            if isinstance(st_value, str):\n                stacktrace = st_value.split(\"\\n\")\n            else:\n                stacktrace = []\n                try:\n                    for frame in st_value:\n                        line = frame.get(\"lineNumber\", \"\")\n                        file = frame.get(\"fileName\", \"<anonymous>\")\n                        if line:\n                            file = f\"{file}:{line}\"\n                        meth = frame.get(\"methodName\", \"<anonymous>\")\n                        if \"className\" in frame:\n                            meth = f\"{frame['className']}.{meth}\"\n                        msg = \"    at %s (%s)\"\n                        msg = msg % (meth, file)\n                        stacktrace.append(msg)\n                except TypeError:\n                    pass\n        if exception_class == UnexpectedAlertPresentException:\n            alert_text = None\n            if \"data\" in value:\n                alert_text = value[\"data\"].get(\"text\")\n            elif \"alert\" in value:\n                alert_text = value[\"alert\"].get(\"text\")\n            raise exception_class(message, screen, stacktrace, alert_text)  # type: ignore[call-arg]  # mypy is not smart enough here\n>       raise exception_class(message, screen, stacktrace)\nE       selenium.common.exceptions.ElementClickInterceptedException: Message: element click intercepted: Element <a _ngcontent-ofv-c150=\"\" class=\"nav-link\" href=\"/login\">...</a> is not clickable at point (1348, 32). Other element would receive the click: <div _ngcontent-ofv-c151=\"\" class=\"spinner-wrapper d-flex justify-content-center min-vh-100 ng-tns-c151-1 ng-trigger ng-trigger-fadeOut ng-star-inserted\">...</div>\nE         (Session info: chrome=143.0.7499.193); For documentation on this error, please visit: https://www.selenium.dev/documentation/webdriver/troubleshooting/errors#elementclickinterceptedexception\nE       Stacktrace:\nE       Symbols not available. Dumping unresolved backtrace:\nE       \t0x7ff61c9288d5\nE       \t0x7ff61c928930\nE       \t0x7ff61c70165d\nE       \t0x7ff61c7619e8\nE       \t0x7ff61c75f40f\nE       \t0x7ff61c75c417\nE       \t0x7ff61c75b338\nE       \t0x7ff61c74ce7f\nE       \t0x7ff61c781fda\nE       \t0x7ff61c74c746\nE       \t0x7ff61c7aac97\nE       \t0x7ff61c74ac29\nE       \t0x7ff61c74ba93\nE       \t0x7ff61cc40620\nE       \t0x7ff61cc3af60\nE       \t0x7ff61cc596c6\nE       \t0x7ff61c945dd4\nE       \t0x7ff61c94ed7c\nE       \t0x7ff61c931ff4\nE       \t0x7ff61c9321a5\nE       \t0x7ff61c917ed2\nE       \t0x7fff89247374\nE       \t0x7fff8b0fcc91\n\nvenv\\Lib\\site-packages\\selenium\\webdriver\\remote\\errorhandler.py:232: ElementClickInterceptedException","steps":[{"name":"Open Tenant Select Page","time":{"start":1769049281662,"stop":1769049292447,"duration":10785},"status":"passed","steps":[],"attachments":[],"parameters":[],"attachmentsCount":0,"shouldDisplayMessage":false,"hasContent":false,"stepsCount":0,"attachmentStep":false},{"name":"Enter Tenant ID","time":{"start":1769049292447,"stop":1769049297418,"duration":4971},"status":"passed","steps":[],"attachments":[],"parameters":[],"attachmentsCount":0,"shouldDisplayMessage":false,"hasContent":false,"stepsCount":0,"attachmentStep":false},{"name":"Set Tenant","time":{"start":1769049297418,"stop":1769049298070,"duration":652},"status":"passed","steps":[],"attachments":[],"parameters":[],"attachmentsCount":0,"shouldDisplayMessage":false,"hasContent":false,"stepsCount":0,"attachmentStep":false},{"name":"Navigate to Login","time":{"start":1769049298070,"stop":1769049301862,"duration":3792},"status":"broken","statusMessage":"selenium.common.exceptions.ElementClickInterceptedException: Message: element click intercepted: Element <a _ngcontent-ofv-c150=\"\" class=\"nav-link\" href=\"/login\">...</a> is not clickable at point (1348, 32). Other element would receive the click: <div _ngcontent-ofv-c151=\"\" class=\"spinner-wrapper d-flex justify-content-center min-vh-100 ng-tns-c151-1 ng-trigger ng-trigger-fadeOut ng-star-inserted\">...</div>\n  (Session info: chrome=143.0.7499.193); For documentation on this error, please visit: https://www.selenium.dev/documentation/webdriver/troubleshooting/errors#elementclickinterceptedexception\nStacktrace:\nSymbols not available. Dumping unresolved backtrace:\n\t0x7ff61c9288d5\n\t0x7ff61c928930\n\t0x7ff61c70165d\n\t0x7ff61c7619e8\n\t0x7ff61c75f40f\n\t0x7ff61c75c417\n\t0x7ff61c75b338\n\t0x7ff61c74ce7f\n\t0x7ff61c781fda\n\t0x7ff61c74c746\n\t0x7ff61c7aac97\n\t0x7ff61c74ac29\n\t0x7ff61c74ba93\n\t0x7ff61cc40620\n\t0x7ff61cc3af60\n\t0x7ff61cc596c6\n\t0x7ff61c945dd4\n\t0x7ff61c94ed7c\n\t0x7ff61c931ff4\n\t0x7ff61c9321a5\n\t0x7ff61c917ed2\n\t0x7fff89247374\n\t0x7fff8b0fcc91\n\n","statusTrace":"  File \"C:\\Users\\Suchini\\Desktop\\Ateam Software\\Hire-X Automation scripts\\Hire-X-Test-Automation-Scripts\\tests\\test_create_order.py\", line 59, in test_login_and_create_order\n    ).click()\n      ~~~~~^^\n  File \"C:\\Users\\Suchini\\Desktop\\Ateam Software\\Hire-X Automation scripts\\Hire-X-Test-Automation-Scripts\\venv\\Lib\\site-packages\\selenium\\webdriver\\remote\\webelement.py\", line 114, in click\n    self._execute(Command.CLICK_ELEMENT)\n    ~~~~~~~~~~~~~^^^^^^^^^^^^^^^^^^^^^^^\n  File \"C:\\Users\\Suchini\\Desktop\\Ateam Software\\Hire-X Automation scripts\\Hire-X-Test-Automation-Scripts\\venv\\Lib\\site-packages\\selenium\\webdriver\\remote\\webelement.py\", line 508, in _execute\n    return self._parent.execute(command, params)\n           ~~~~~~~~~~~~~~~~~~~~^^^^^^^^^^^^^^^^^\n  File \"C:\\Users\\Suchini\\Desktop\\Ateam Software\\Hire-X Automation scripts\\Hire-X-Test-Automation-Scripts\\venv\\Lib\\site-packages\\selenium\\webdriver\\remote\\webdriver.py\", line 432, in execute\n    self.error_handler.check_response(response)\n    ~~~~~~~~~~~~~~~~~~~~~~~~~~~~~~~~~^^^^^^^^^^\n  File \"C:\\Users\\Suchini\\Desktop\\Ateam Software\\Hire-X Automation scripts\\Hire-X-Test-Automation-Scripts\\venv\\Lib\\site-packages\\selenium\\webdriver\\remote\\errorhandler.py\", line 232, in check_response\n    raise exception_class(message, screen, stacktrace)\n","steps":[],"attachments":[],"parameters":[],"attachmentsCount":0,"shouldDisplayMessage":true,"hasContent":true,"stepsCount":0,"attachmentStep":false}],"attachments":[],"parameters":[],"attachmentsCount":0,"shouldDisplayMessage":true,"hasContent":true,"stepsCount":4,"attachmentStep":false},"afterStages":[{"name":"driver::0","time":{"start":1769049302115,"stop":1769049302115,"duration":0},"status":"passed","steps":[],"attachments":[],"parameters":[],"attachmentsCount":0,"shouldDisplayMessage":false,"hasContent":false,"stepsCount":0,"attachmentStep":false}],"labels":[{"name":"feature","value":"Order Management"},{"name":"subSuite","value":"Create Order"},{"name":"suite","value":"Orders"},{"name":"parentSuite","value":"Web Automation"},{"name":"tag","value":"smoke"},{"name":"host","value":"DESKTOP-SCU7Q85"},{"name":"thread","value":"28480-MainThread"},{"name":"framework","value":"pytest"},{"name":"language","value":"cpython3"},{"name":"package","value":"tests.test_create_order"},{"name":"resultFormat","value":"allure2"}],"parameters":[],"links":[],"hidden":true,"retry":true,"extra":{"categories":[],"tags":["smoke"]},"source":"4e80530068bb0aad.json","parameterValues":[]}