{"uid":"8744e04bb664b804","name":"TC02 - Create Order with Product and Save","fullName":"tests.test_create_order#test_login_and_create_order","historyId":"b287b2fc0027e5283ee55bbb62a9bf33","time":{"start":1769052201304,"stop":1769052274676,"duration":73372},"status":"broken","statusMessage":"selenium.common.exceptions.TimeoutException: Message:","statusTrace":"driver = <selenium.webdriver.chrome.webdriver.WebDriver (session=\"125b9dce1fd789904e6fb5ae55be034b\")>\n\n    @pytest.mark.smoke\n    @allure.parent_suite(\"Web Automation\")\n    @allure.suite(\"Orders\")\n    @allure.sub_suite(\"Create Order\")\n    @allure.feature(\"Order Management\")\n    @allure.title(\"TC02 - Create Order with Product and Save\")\n    def test_login_and_create_order(driver):\n    \n        wait = WebDriverWait(driver, 25)\n    \n        # ---------------- LOGIN ----------------\n        with allure.step(\"Open Tenant Select Page\"):\n            driver.get(\n                \"https://app-hire-x-dev-multi-tenant-angular-01-bkgee7ewapa0c5es.southeastasia-01.azurewebsites.net/webshopnotfound\"\n            )\n    \n        with allure.step(\"Enter Tenant ID\"):\n            tenant = wait.until(\n                EC.visibility_of_element_located((By.CSS_SELECTOR, \"input[type='text']\"))\n            )\n            tenant.clear()\n            tenant.send_keys(\"GrandRest\")\n    \n        with allure.step(\"Set Tenant\"):\n            wait.until(\n                EC.element_to_be_clickable(\n                    (By.XPATH, \"//button[contains(text(),'Set Tenant')]\")\n                )\n            ).click()\n    \n        with allure.step(\"Navigate to Login\"):\n            wait.until(EC.url_contains(\"/home\"))\n            wait.until(\n                EC.element_to_be_clickable(\n                    (By.XPATH,\n                     \"//*[contains(translate(text(),'ABCDEFGHIJKLMNOPQRSTUVWXYZ','abcdefghijklmnopqrstuvwxyz'),'sign')]\")\n                )\n            ).click()\n    \n        with allure.step(\"Login with credentials\"):\n            wait.until(EC.url_contains(\"/login\"))\n            driver.find_element(By.XPATH, \"//input[contains(@type,'email')]\").send_keys(\n                \"suchini@ateamsoftware.com\"\n            )\n            driver.find_element(By.XPATH, \"//input[contains(@type,'password')]\").send_keys(\n                \"Abc12345\"\n            )\n            driver.find_element(By.XPATH, \"//button[contains(text(),'Login')]\").click()\n    \n        with allure.step(\"Verify Dashboard\"):\n            wait.until(EC.url_contains(\"/supplier/dashboard\"))\n            take_screenshot(driver, \"dashboard_loaded\")\n    \n        # ---------------- CREATE ORDER ----------------\n        with allure.step(\"Open Orders Page\"):\n            driver.get(\n                \"https://app-hire-x-dev-multi-tenant-angular-01-bkgee7ewapa0c5es.southeastasia-01.azurewebsites.net/supplier/orders\"\n            )\n            wait.until(EC.url_contains(\"/supplier/orders\"))\n            take_screenshot(driver, \"orders_page\")\n    \n        with allure.step(\"Click New Order\"):\n            wait.until(\n                EC.element_to_be_clickable(\n                    (By.XPATH, \"//button[contains(text(),'New')]\")\n                )\n            ).click()\n    \n        with allure.step(\"Verify Create Order Form\"):\n            wait.until(\n                EC.visibility_of_element_located(\n                    (By.XPATH, \"//*[contains(text(),'Create Order')]\")\n                )\n            )\n            take_screenshot(driver, \"create_order_form\")\n    \n        # ---------------- SELECT CUSTOMER ----------------\n        with allure.step(\"Select Customer - Amantha Nirmal\"):\n            dropdown = wait.until(\n                EC.element_to_be_clickable((By.XPATH, \"//ng-select\"))\n            )\n            dropdown.click()\n            time.sleep(1)\n    \n            wait.until(\n                EC.element_to_be_clickable(\n                    (By.XPATH,\n                     \"//div[contains(@class,'ng-option') and contains(., 'Amantha Nirmal')]\")\n                )\n            ).click()\n    \n            take_screenshot(driver, \"customer_selected\")\n    \n        # ---------------- CLICK CREATE ----------------\n        with allure.step(\"Click Create Button\"):\n            create_btn = wait.until(\n                EC.presence_of_element_located(\n                    (By.XPATH,\n                     \"//button[@type='submit' and contains(normalize-space(),'Create')]\")\n                )\n            )\n    \n            driver.execute_script(\n                \"arguments[0].scrollIntoView({block:'center'});\", create_btn\n            )\n            wait.until(lambda d: create_btn.is_enabled())\n            driver.execute_script(\"arguments[0].click();\", create_btn)\n    \n            take_screenshot(driver, \"create_clicked\")\n    \n        with allure.step(\"Wait for Order Details Page\"):\n            wait.until(EC.url_contains(\"/supplier/orders/\"))\n            take_screenshot(driver, \"order_details_page\")\n    \n        # ---------------- ADD PRODUCT ----------------\n>       add_product(driver, wait, \"Set\", 2)\n\ntests\\test_create_order.py:212: \n_ _ _ _ _ _ _ _ _ _ _ _ _ _ _ _ _ _ _ _ _ _ _ _ _ _ _ _ _ _ _ _ _ _ _ _ _ _ _ _ _ _ _ _ _ _ _ _\ntests\\test_create_order.py:89: in add_product\n    wait.until(\n_ _ _ _ _ _ _ _ _ _ _ _ _ _ _ _ _ _ _ _ _ _ _ _ _ _ _ _ _ _ _ _ _ _ _ _ _ _ _ _ _ _ _ _ _ _ _ _\n\nself = <selenium.webdriver.support.wait.WebDriverWait (session=\"125b9dce1fd789904e6fb5ae55be034b\")>\nmethod = <function visibility_of_element_located.<locals>._predicate at 0x000002061ACAA8E0>\nmessage = ''\n\n    def until(self, method: Callable[[D], Literal[False] | T], message: str = \"\") -> T:\n        \"\"\"Wait until the method returns a value that is not False.\n    \n        Calls the method provided with the driver as an argument until the\n        return value does not evaluate to ``False``.\n    \n        Args:\n            method: A callable object that takes a WebDriver instance as an\n                argument.\n            message: Optional message for TimeoutException.\n    \n        Returns:\n            The result of the last call to `method`.\n    \n        Raises:\n            TimeoutException: If 'method' does not return a truthy value within\n                the WebDriverWait object's timeout.\n    \n        Example:\n            >>> from selenium.webdriver.common.by import By\n            >>> from selenium.webdriver.support.ui import WebDriverWait\n            >>> from selenium.webdriver.support import expected_conditions as EC\n            >>>\n            >>> # Wait until an element is visible on the page\n            >>> wait = WebDriverWait(driver, 10)\n            >>> element = wait.until(EC.visibility_of_element_located((By.ID, \"exampleId\")))\n            >>> print(element.text)\n        \"\"\"\n        screen = None\n        stacktrace = None\n    \n        end_time = time.monotonic() + self._timeout\n        while True:\n            try:\n                value = method(self._driver)\n                if value:\n                    return value\n            except self._ignored_exceptions as exc:\n                screen = getattr(exc, \"screen\", None)\n                stacktrace = getattr(exc, \"stacktrace\", None)\n            if time.monotonic() > end_time:\n                break\n            time.sleep(self._poll)\n>       raise TimeoutException(message, screen, stacktrace)\nE       selenium.common.exceptions.TimeoutException: Message:\n\nvenv\\Lib\\site-packages\\selenium\\webdriver\\support\\wait.py:121: TimeoutException","flaky":false,"newFailed":false,"newBroken":false,"newPassed":false,"retriesCount":0,"retriesStatusChange":false,"beforeStages":[{"name":"driver","time":{"start":1769052199999,"stop":1769052201303,"duration":1304},"status":"passed","steps":[],"attachments":[],"parameters":[],"attachmentsCount":0,"shouldDisplayMessage":false,"hasContent":false,"stepsCount":0,"attachmentStep":false}],"testStage":{"status":"broken","statusMessage":"selenium.common.exceptions.TimeoutException: Message:","statusTrace":"driver = <selenium.webdriver.chrome.webdriver.WebDriver (session=\"125b9dce1fd789904e6fb5ae55be034b\")>\n\n    @pytest.mark.smoke\n    @allure.parent_suite(\"Web Automation\")\n    @allure.suite(\"Orders\")\n    @allure.sub_suite(\"Create Order\")\n    @allure.feature(\"Order Management\")\n    @allure.title(\"TC02 - Create Order with Product and Save\")\n    def test_login_and_create_order(driver):\n    \n        wait = WebDriverWait(driver, 25)\n    \n        # ---------------- LOGIN ----------------\n        with allure.step(\"Open Tenant Select Page\"):\n            driver.get(\n                \"https://app-hire-x-dev-multi-tenant-angular-01-bkgee7ewapa0c5es.southeastasia-01.azurewebsites.net/webshopnotfound\"\n            )\n    \n        with allure.step(\"Enter Tenant ID\"):\n            tenant = wait.until(\n                EC.visibility_of_element_located((By.CSS_SELECTOR, \"input[type='text']\"))\n            )\n            tenant.clear()\n            tenant.send_keys(\"GrandRest\")\n    \n        with allure.step(\"Set Tenant\"):\n            wait.until(\n                EC.element_to_be_clickable(\n                    (By.XPATH, \"//button[contains(text(),'Set Tenant')]\")\n                )\n            ).click()\n    \n        with allure.step(\"Navigate to Login\"):\n            wait.until(EC.url_contains(\"/home\"))\n            wait.until(\n                EC.element_to_be_clickable(\n                    (By.XPATH,\n                     \"//*[contains(translate(text(),'ABCDEFGHIJKLMNOPQRSTUVWXYZ','abcdefghijklmnopqrstuvwxyz'),'sign')]\")\n                )\n            ).click()\n    \n        with allure.step(\"Login with credentials\"):\n            wait.until(EC.url_contains(\"/login\"))\n            driver.find_element(By.XPATH, \"//input[contains(@type,'email')]\").send_keys(\n                \"suchini@ateamsoftware.com\"\n            )\n            driver.find_element(By.XPATH, \"//input[contains(@type,'password')]\").send_keys(\n                \"Abc12345\"\n            )\n            driver.find_element(By.XPATH, \"//button[contains(text(),'Login')]\").click()\n    \n        with allure.step(\"Verify Dashboard\"):\n            wait.until(EC.url_contains(\"/supplier/dashboard\"))\n            take_screenshot(driver, \"dashboard_loaded\")\n    \n        # ---------------- CREATE ORDER ----------------\n        with allure.step(\"Open Orders Page\"):\n            driver.get(\n                \"https://app-hire-x-dev-multi-tenant-angular-01-bkgee7ewapa0c5es.southeastasia-01.azurewebsites.net/supplier/orders\"\n            )\n            wait.until(EC.url_contains(\"/supplier/orders\"))\n            take_screenshot(driver, \"orders_page\")\n    \n        with allure.step(\"Click New Order\"):\n            wait.until(\n                EC.element_to_be_clickable(\n                    (By.XPATH, \"//button[contains(text(),'New')]\")\n                )\n            ).click()\n    \n        with allure.step(\"Verify Create Order Form\"):\n            wait.until(\n                EC.visibility_of_element_located(\n                    (By.XPATH, \"//*[contains(text(),'Create Order')]\")\n                )\n            )\n            take_screenshot(driver, \"create_order_form\")\n    \n        # ---------------- SELECT CUSTOMER ----------------\n        with allure.step(\"Select Customer - Amantha Nirmal\"):\n            dropdown = wait.until(\n                EC.element_to_be_clickable((By.XPATH, \"//ng-select\"))\n            )\n            dropdown.click()\n            time.sleep(1)\n    \n            wait.until(\n                EC.element_to_be_clickable(\n                    (By.XPATH,\n                     \"//div[contains(@class,'ng-option') and contains(., 'Amantha Nirmal')]\")\n                )\n            ).click()\n    \n            take_screenshot(driver, \"customer_selected\")\n    \n        # ---------------- CLICK CREATE ----------------\n        with allure.step(\"Click Create Button\"):\n            create_btn = wait.until(\n                EC.presence_of_element_located(\n                    (By.XPATH,\n                     \"//button[@type='submit' and contains(normalize-space(),'Create')]\")\n                )\n            )\n    \n            driver.execute_script(\n                \"arguments[0].scrollIntoView({block:'center'});\", create_btn\n            )\n            wait.until(lambda d: create_btn.is_enabled())\n            driver.execute_script(\"arguments[0].click();\", create_btn)\n    \n            take_screenshot(driver, \"create_clicked\")\n    \n        with allure.step(\"Wait for Order Details Page\"):\n            wait.until(EC.url_contains(\"/supplier/orders/\"))\n            take_screenshot(driver, \"order_details_page\")\n    \n        # ---------------- ADD PRODUCT ----------------\n>       add_product(driver, wait, \"Set\", 2)\n\ntests\\test_create_order.py:212: \n_ _ _ _ _ _ _ _ _ _ _ _ _ _ _ _ _ _ _ _ _ _ _ _ _ _ _ _ _ _ _ _ _ _ _ _ _ _ _ _ _ _ _ _ _ _ _ _\ntests\\test_create_order.py:89: in add_product\n    wait.until(\n_ _ _ _ _ _ _ _ _ _ _ _ _ _ _ _ _ _ _ _ _ _ _ _ _ _ _ _ _ _ _ _ _ _ _ _ _ _ _ _ _ _ _ _ _ _ _ _\n\nself = <selenium.webdriver.support.wait.WebDriverWait (session=\"125b9dce1fd789904e6fb5ae55be034b\")>\nmethod = <function visibility_of_element_located.<locals>._predicate at 0x000002061ACAA8E0>\nmessage = ''\n\n    def until(self, method: Callable[[D], Literal[False] | T], message: str = \"\") -> T:\n        \"\"\"Wait until the method returns a value that is not False.\n    \n        Calls the method provided with the driver as an argument until the\n        return value does not evaluate to ``False``.\n    \n        Args:\n            method: A callable object that takes a WebDriver instance as an\n                argument.\n            message: Optional message for TimeoutException.\n    \n        Returns:\n            The result of the last call to `method`.\n    \n        Raises:\n            TimeoutException: If 'method' does not return a truthy value within\n                the WebDriverWait object's timeout.\n    \n        Example:\n            >>> from selenium.webdriver.common.by import By\n            >>> from selenium.webdriver.support.ui import WebDriverWait\n            >>> from selenium.webdriver.support import expected_conditions as EC\n            >>>\n            >>> # Wait until an element is visible on the page\n            >>> wait = WebDriverWait(driver, 10)\n            >>> element = wait.until(EC.visibility_of_element_located((By.ID, \"exampleId\")))\n            >>> print(element.text)\n        \"\"\"\n        screen = None\n        stacktrace = None\n    \n        end_time = time.monotonic() + self._timeout\n        while True:\n            try:\n                value = method(self._driver)\n                if value:\n                    return value\n            except self._ignored_exceptions as exc:\n                screen = getattr(exc, \"screen\", None)\n                stacktrace = getattr(exc, \"stacktrace\", None)\n            if time.monotonic() > end_time:\n                break\n            time.sleep(self._poll)\n>       raise TimeoutException(message, screen, stacktrace)\nE       selenium.common.exceptions.TimeoutException: Message:\n\nvenv\\Lib\\site-packages\\selenium\\webdriver\\support\\wait.py:121: TimeoutException","steps":[{"name":"Open Tenant Select Page","time":{"start":1769052201305,"stop":1769052212847,"duration":11542},"status":"passed","steps":[],"attachments":[],"parameters":[],"attachmentsCount":0,"shouldDisplayMessage":false,"hasContent":false,"stepsCount":0,"attachmentStep":false},{"name":"Enter Tenant ID","time":{"start":1769052212848,"stop":1769052212962,"duration":114},"status":"passed","steps":[],"attachments":[],"parameters":[],"attachmentsCount":0,"shouldDisplayMessage":false,"hasContent":false,"stepsCount":0,"attachmentStep":false},{"name":"Set Tenant","time":{"start":1769052212962,"stop":1769052219142,"duration":6180},"status":"passed","steps":[],"attachments":[],"parameters":[],"attachmentsCount":0,"shouldDisplayMessage":false,"hasContent":false,"stepsCount":0,"attachmentStep":false},{"name":"Navigate to Login","time":{"start":1769052219143,"stop":1769052219233,"duration":90},"status":"passed","steps":[],"attachments":[],"parameters":[],"attachmentsCount":0,"shouldDisplayMessage":false,"hasContent":false,"stepsCount":0,"attachmentStep":false},{"name":"Login with credentials","time":{"start":1769052219233,"stop":1769052219456,"duration":223},"status":"passed","steps":[],"attachments":[],"parameters":[],"attachmentsCount":0,"shouldDisplayMessage":false,"hasContent":false,"stepsCount":0,"attachmentStep":false},{"name":"Verify Dashboard","time":{"start":1769052219456,"stop":1769052229295,"duration":9839},"status":"passed","steps":[],"attachments":[{"uid":"cb257037ad1dee35","name":"dashboard_loaded","source":"cb257037ad1dee35.png","type":"image/png","size":56042}],"parameters":[],"attachmentsCount":1,"shouldDisplayMessage":false,"hasContent":true,"stepsCount":0,"attachmentStep":false},{"name":"Open Orders Page","time":{"start":1769052229296,"stop":1769052232563,"duration":3267},"status":"passed","steps":[],"attachments":[{"uid":"97ca53f0ddea1301","name":"orders_page","source":"97ca53f0ddea1301.png","type":"image/png","size":6756}],"parameters":[],"attachmentsCount":1,"shouldDisplayMessage":false,"hasContent":true,"stepsCount":0,"attachmentStep":false},{"name":"Click New Order","time":{"start":1769052232563,"stop":1769052237437,"duration":4874},"status":"passed","steps":[],"attachments":[],"parameters":[],"attachmentsCount":0,"shouldDisplayMessage":false,"hasContent":false,"stepsCount":0,"attachmentStep":false},{"name":"Verify Create Order Form","time":{"start":1769052237437,"stop":1769052238116,"duration":679},"status":"passed","steps":[],"attachments":[{"uid":"7300bd5688f90354","name":"create_order_form","source":"7300bd5688f90354.png","type":"image/png","size":89701}],"parameters":[],"attachmentsCount":1,"shouldDisplayMessage":false,"hasContent":true,"stepsCount":0,"attachmentStep":false},{"name":"Select Customer - Amantha Nirmal","time":{"start":1769052238116,"stop":1769052239724,"duration":1608},"status":"passed","steps":[],"attachments":[{"uid":"89f7fd277df558a","name":"customer_selected","source":"89f7fd277df558a.png","type":"image/png","size":102674}],"parameters":[],"attachmentsCount":1,"shouldDisplayMessage":false,"hasContent":true,"stepsCount":0,"attachmentStep":false},{"name":"Click Create Button","time":{"start":1769052239724,"stop":1769052239956,"duration":232},"status":"passed","steps":[],"attachments":[{"uid":"88ca5796d75801eb","name":"create_clicked","source":"88ca5796d75801eb.png","type":"image/png","size":98547}],"parameters":[],"attachmentsCount":1,"shouldDisplayMessage":false,"hasContent":true,"stepsCount":0,"attachmentStep":false},{"name":"Wait for Order Details Page","time":{"start":1769052239956,"stop":1769052242660,"duration":2704},"status":"passed","steps":[],"attachments":[{"uid":"34100a7835837fbc","name":"order_details_page","source":"34100a7835837fbc.png","type":"image/png","size":40525}],"parameters":[],"attachmentsCount":1,"shouldDisplayMessage":false,"hasContent":true,"stepsCount":0,"attachmentStep":false},{"name":"Add Product - Set (Qty 2)","time":{"start":1769052242660,"stop":1769052274673,"duration":32013},"status":"broken","statusMessage":"selenium.common.exceptions.TimeoutException: Message: \n\n","statusTrace":"  File \"C:\\Users\\Suchini\\Desktop\\Ateam Software\\Hire-X Automation scripts\\Hire-X-Test-Automation-Scripts\\tests\\test_create_order.py\", line 89, in add_product\n    wait.until(\n    ~~~~~~~~~~^\n        EC.visibility_of_element_located(\n        ^^^^^^^^^^^^^^^^^^^^^^^^^^^^^^^^^\n            (By.XPATH, f\"//*[contains(text(),'{product_name}')]\")\n            ^^^^^^^^^^^^^^^^^^^^^^^^^^^^^^^^^^^^^^^^^^^^^^^^^^^^^\n        )\n        ^\n    )\n    ^\n  File \"C:\\Users\\Suchini\\Desktop\\Ateam Software\\Hire-X Automation scripts\\Hire-X-Test-Automation-Scripts\\venv\\Lib\\site-packages\\selenium\\webdriver\\support\\wait.py\", line 121, in until\n    raise TimeoutException(message, screen, stacktrace)\n","steps":[],"attachments":[{"uid":"bf6596936c4626e6","name":"product_selected_qty","source":"bf6596936c4626e6.png","type":"image/png","size":65177},{"uid":"e6aea86171caa69a","name":"product_added_success","source":"e6aea86171caa69a.png","type":"image/png","size":65387}],"parameters":[],"attachmentsCount":2,"shouldDisplayMessage":true,"hasContent":true,"stepsCount":0,"attachmentStep":false}],"attachments":[],"parameters":[],"attachmentsCount":8,"shouldDisplayMessage":true,"hasContent":true,"stepsCount":13,"attachmentStep":false},"afterStages":[{"name":"driver::0","time":{"start":1769052274772,"stop":1769052274772,"duration":0},"status":"passed","steps":[],"attachments":[],"parameters":[],"attachmentsCount":0,"shouldDisplayMessage":false,"hasContent":false,"stepsCount":0,"attachmentStep":false}],"labels":[{"name":"suite","value":"Orders"},{"name":"subSuite","value":"Create Order"},{"name":"parentSuite","value":"Web Automation"},{"name":"feature","value":"Order Management"},{"name":"tag","value":"smoke"},{"name":"host","value":"DESKTOP-SCU7Q85"},{"name":"thread","value":"21584-MainThread"},{"name":"framework","value":"pytest"},{"name":"language","value":"cpython3"},{"name":"package","value":"tests.test_create_order"},{"name":"resultFormat","value":"allure2"}],"parameters":[],"links":[],"hidden":true,"retry":true,"extra":{"categories":[],"tags":["smoke"]},"source":"8744e04bb664b804.json","parameterValues":[]}