{"uid":"9110381d15e447ba","name":"TC02 - Create Order with Product and Save","fullName":"tests.test_create_order#test_login_and_create_order","historyId":"b287b2fc0027e5283ee55bbb62a9bf33","time":{"start":1769059365560,"stop":1769059447580,"duration":82020},"status":"failed","statusMessage":"Failed: Test failed due to error: Message:","statusTrace":"driver = <selenium.webdriver.chrome.webdriver.WebDriver (session=\"8e0b5683cefd9fbbc1799c7761d94b39\")>\n\n    @pytest.mark.smoke\n    @allure.parent_suite(\"Web Automation\")\n    @allure.suite(\"Orders\")\n    @allure.sub_suite(\"Create Order\")\n    @allure.feature(\"Order Management\")\n    @allure.title(\"TC02 - Create Order with Product and Save\")\n    def test_login_and_create_order(driver):\n    \n        wait = WebDriverWait(driver, 30)  # Increased wait for slow pages\n    \n        try:\n            driver.maximize_window()\n    \n            # ---------------- LOGIN ----------------\n            with allure.step(\"Open Tenant Select Page\"):\n                driver.get(\"https://app-hire-x-dev-multi-tenant-angular-01-bkgee7ewapa0c5es.southeastasia-01.azurewebsites.net/webshopnotfound\")\n    \n            with allure.step(\"Enter Tenant ID\"):\n                tenant = wait.until(EC.visibility_of_element_located((By.CSS_SELECTOR, \"input[type='text']\")))\n                tenant.clear()\n                tenant.send_keys(\"GrandRest\")\n    \n            with allure.step(\"Set Tenant\"):\n                wait.until(EC.element_to_be_clickable((By.XPATH, \"//button[contains(text(),'Set Tenant')]\"))).click()\n    \n            with allure.step(\"Navigate to Login\"):\n                wait.until(EC.url_contains(\"/home\"))\n                wait.until(\n                    EC.element_to_be_clickable((By.XPATH, \"//*[contains(translate(text(),'ABCDEFGHIJKLMNOPQRSTUVWXYZ','abcdefghijklmnopqrstuvwxyz'),'sign')]\"))\n                ).click()\n    \n            with allure.step(\"Login with credentials\"):\n                wait.until(EC.url_contains(\"/login\"))\n                driver.find_element(By.XPATH, \"//input[contains(@type,'email')]\").send_keys(\"suchini@ateamsoftware.com\")\n                driver.find_element(By.XPATH, \"//input[contains(@type,'password')]\").send_keys(\"Abc12345\")\n                driver.find_element(By.XPATH, \"//button[contains(text(),'Login')]\").click()\n    \n            with allure.step(\"Verify Dashboard\"):\n                wait.until(EC.url_contains(\"/supplier/dashboard\"))\n                take_screenshot(driver, \"dashboard_loaded\")\n    \n            # ---------------- CREATE ORDER ----------------\n            with allure.step(\"Open Orders Page\"):\n                driver.get(\"https://app-hire-x-dev-multi-tenant-angular-01-bkgee7ewapa0c5es.southeastasia-01.azurewebsites.net/supplier/orders\")\n                wait.until(EC.url_contains(\"/supplier/orders\"))\n                take_screenshot(driver, \"orders_page\")\n    \n            with allure.step(\"Click New Order\"):\n                wait.until(EC.element_to_be_clickable((By.XPATH, \"//button[contains(text(),'New')]\"))).click()\n    \n            with allure.step(\"Verify Create Order Form\"):\n                wait.until(EC.visibility_of_element_located((By.XPATH, \"//*[contains(text(),'Create Order')]\")))\n                take_screenshot(driver, \"create_order_form\")\n    \n            # ---------------- SELECT CUSTOMER ----------------\n            with allure.step(\"Select Customer - Amantha Nirmal\"):\n                dropdown = wait.until(EC.element_to_be_clickable((By.XPATH, \"//ng-select\")))\n                dropdown.click()\n                time.sleep(1)\n                wait.until(\n                    EC.element_to_be_clickable((By.XPATH, \"//div[contains(@class,'ng-option') and contains(., 'Amantha Nirmal')]\"))\n                ).click()\n                take_screenshot(driver, \"customer_selected\")\n    \n            # ---------------- CLICK CREATE ----------------\n            with allure.step(\"Click Create Button\"):\n                create_btn = wait.until(EC.element_to_be_clickable((By.XPATH, \"//button[@type='submit' and contains(normalize-space(),'Create')]\")))\n                driver.execute_script(\"arguments[0].scrollIntoView({block:'center'});\", create_btn)\n                time.sleep(0.5)\n                driver.execute_script(\"arguments[0].click();\", create_btn)\n                take_screenshot(driver, \"create_clicked\")\n    \n            with allure.step(\"Wait for Order Details Page\"):\n                wait.until(EC.url_contains(\"/supplier/orders/\"))\n                take_screenshot(driver, \"order_details_page\")\n    \n            # ---------------- ADD PRODUCT ----------------\n>           add_product(driver, wait, \"Set\", 2)\n\ntests\\test_create_order.py:148: \n_ _ _ _ _ _ _ _ _ _ _ _ _ _ _ _ _ _ _ _ _ _ _ _ _ _ _ _ _ _ _ _ _ _ _ _ _ _ _ _ _ _ _ _ _ _ _ _\ntests\\test_create_order.py:68: in add_product\n    wait.until(EC.visibility_of_element_located((By.XPATH, f\"//*[contains(text(),'{product_name}')]\")))\n_ _ _ _ _ _ _ _ _ _ _ _ _ _ _ _ _ _ _ _ _ _ _ _ _ _ _ _ _ _ _ _ _ _ _ _ _ _ _ _ _ _ _ _ _ _ _ _\n\nself = <selenium.webdriver.support.wait.WebDriverWait (session=\"8e0b5683cefd9fbbc1799c7761d94b39\")>\nmethod = <function visibility_of_element_located.<locals>._predicate at 0x000001B2A9E4A8E0>\nmessage = ''\n\n    def until(self, method: Callable[[D], Literal[False] | T], message: str = \"\") -> T:\n        \"\"\"Wait until the method returns a value that is not False.\n    \n        Calls the method provided with the driver as an argument until the\n        return value does not evaluate to ``False``.\n    \n        Args:\n            method: A callable object that takes a WebDriver instance as an\n                argument.\n            message: Optional message for TimeoutException.\n    \n        Returns:\n            The result of the last call to `method`.\n    \n        Raises:\n            TimeoutException: If 'method' does not return a truthy value within\n                the WebDriverWait object's timeout.\n    \n        Example:\n            >>> from selenium.webdriver.common.by import By\n            >>> from selenium.webdriver.support.ui import WebDriverWait\n            >>> from selenium.webdriver.support import expected_conditions as EC\n            >>>\n            >>> # Wait until an element is visible on the page\n            >>> wait = WebDriverWait(driver, 10)\n            >>> element = wait.until(EC.visibility_of_element_located((By.ID, \"exampleId\")))\n            >>> print(element.text)\n        \"\"\"\n        screen = None\n        stacktrace = None\n    \n        end_time = time.monotonic() + self._timeout\n        while True:\n            try:\n                value = method(self._driver)\n                if value:\n                    return value\n            except self._ignored_exceptions as exc:\n                screen = getattr(exc, \"screen\", None)\n                stacktrace = getattr(exc, \"stacktrace\", None)\n            if time.monotonic() > end_time:\n                break\n            time.sleep(self._poll)\n>       raise TimeoutException(message, screen, stacktrace)\nE       selenium.common.exceptions.TimeoutException: Message:\n\nvenv\\Lib\\site-packages\\selenium\\webdriver\\support\\wait.py:121: TimeoutException\n\nDuring handling of the above exception, another exception occurred:\n\ndriver = <selenium.webdriver.chrome.webdriver.WebDriver (session=\"8e0b5683cefd9fbbc1799c7761d94b39\")>\n\n    @pytest.mark.smoke\n    @allure.parent_suite(\"Web Automation\")\n    @allure.suite(\"Orders\")\n    @allure.sub_suite(\"Create Order\")\n    @allure.feature(\"Order Management\")\n    @allure.title(\"TC02 - Create Order with Product and Save\")\n    def test_login_and_create_order(driver):\n    \n        wait = WebDriverWait(driver, 30)  # Increased wait for slow pages\n    \n        try:\n            driver.maximize_window()\n    \n            # ---------------- LOGIN ----------------\n            with allure.step(\"Open Tenant Select Page\"):\n                driver.get(\"https://app-hire-x-dev-multi-tenant-angular-01-bkgee7ewapa0c5es.southeastasia-01.azurewebsites.net/webshopnotfound\")\n    \n            with allure.step(\"Enter Tenant ID\"):\n                tenant = wait.until(EC.visibility_of_element_located((By.CSS_SELECTOR, \"input[type='text']\")))\n                tenant.clear()\n                tenant.send_keys(\"GrandRest\")\n    \n            with allure.step(\"Set Tenant\"):\n                wait.until(EC.element_to_be_clickable((By.XPATH, \"//button[contains(text(),'Set Tenant')]\"))).click()\n    \n            with allure.step(\"Navigate to Login\"):\n                wait.until(EC.url_contains(\"/home\"))\n                wait.until(\n                    EC.element_to_be_clickable((By.XPATH, \"//*[contains(translate(text(),'ABCDEFGHIJKLMNOPQRSTUVWXYZ','abcdefghijklmnopqrstuvwxyz'),'sign')]\"))\n                ).click()\n    \n            with allure.step(\"Login with credentials\"):\n                wait.until(EC.url_contains(\"/login\"))\n                driver.find_element(By.XPATH, \"//input[contains(@type,'email')]\").send_keys(\"suchini@ateamsoftware.com\")\n                driver.find_element(By.XPATH, \"//input[contains(@type,'password')]\").send_keys(\"Abc12345\")\n                driver.find_element(By.XPATH, \"//button[contains(text(),'Login')]\").click()\n    \n            with allure.step(\"Verify Dashboard\"):\n                wait.until(EC.url_contains(\"/supplier/dashboard\"))\n                take_screenshot(driver, \"dashboard_loaded\")\n    \n            # ---------------- CREATE ORDER ----------------\n            with allure.step(\"Open Orders Page\"):\n                driver.get(\"https://app-hire-x-dev-multi-tenant-angular-01-bkgee7ewapa0c5es.southeastasia-01.azurewebsites.net/supplier/orders\")\n                wait.until(EC.url_contains(\"/supplier/orders\"))\n                take_screenshot(driver, \"orders_page\")\n    \n            with allure.step(\"Click New Order\"):\n                wait.until(EC.element_to_be_clickable((By.XPATH, \"//button[contains(text(),'New')]\"))).click()\n    \n            with allure.step(\"Verify Create Order Form\"):\n                wait.until(EC.visibility_of_element_located((By.XPATH, \"//*[contains(text(),'Create Order')]\")))\n                take_screenshot(driver, \"create_order_form\")\n    \n            # ---------------- SELECT CUSTOMER ----------------\n            with allure.step(\"Select Customer - Amantha Nirmal\"):\n                dropdown = wait.until(EC.element_to_be_clickable((By.XPATH, \"//ng-select\")))\n                dropdown.click()\n                time.sleep(1)\n                wait.until(\n                    EC.element_to_be_clickable((By.XPATH, \"//div[contains(@class,'ng-option') and contains(., 'Amantha Nirmal')]\"))\n                ).click()\n                take_screenshot(driver, \"customer_selected\")\n    \n            # ---------------- CLICK CREATE ----------------\n            with allure.step(\"Click Create Button\"):\n                create_btn = wait.until(EC.element_to_be_clickable((By.XPATH, \"//button[@type='submit' and contains(normalize-space(),'Create')]\")))\n                driver.execute_script(\"arguments[0].scrollIntoView({block:'center'});\", create_btn)\n                time.sleep(0.5)\n                driver.execute_script(\"arguments[0].click();\", create_btn)\n                take_screenshot(driver, \"create_clicked\")\n    \n            with allure.step(\"Wait for Order Details Page\"):\n                wait.until(EC.url_contains(\"/supplier/orders/\"))\n                take_screenshot(driver, \"order_details_page\")\n    \n            # ---------------- ADD PRODUCT ----------------\n            add_product(driver, wait, \"Set\", 2)\n    \n            # ---------------- SAVE ORDER ----------------\n            with allure.step(\"Save Order\"):\n                wait_for_no_overlay(driver)\n    \n                save_button = wait.until(EC.presence_of_element_located(\n                    (By.XPATH, \"//button[@type='submit' and normalize-space()='Save']\")\n                ))\n    \n                # Wait until Save button is visible & enabled\n                wait.until(lambda d: save_button.is_displayed() and save_button.is_enabled())\n    \n                driver.execute_script(\"arguments[0].scrollIntoView({block:'center'});\", save_button)\n                time.sleep(0.5)\n                driver.execute_script(\"arguments[0].click();\", save_button)\n    \n                # Wait for success message\n                wait.until(EC.visibility_of_element_located(\n                    (By.XPATH, \"//div[contains(text(),'Order saved successfully')]\")\n                ))\n                take_screenshot(driver, \"order_saved_successfully\")\n                print(\"✅ Order saved successfully!\")\n    \n        except Exception as e:\n            take_screenshot(driver, \"test_failed\")\n>           pytest.fail(f\"Test failed due to error: {str(e)}\")\nE           Failed: Test failed due to error: Message:\n\ntests\\test_create_order.py:174: Failed","flaky":false,"newFailed":false,"newBroken":false,"newPassed":false,"retriesCount":0,"retriesStatusChange":false,"beforeStages":[{"name":"driver","time":{"start":1769059364214,"stop":1769059365559,"duration":1345},"status":"passed","steps":[],"attachments":[],"parameters":[],"attachmentsCount":0,"shouldDisplayMessage":false,"hasContent":false,"stepsCount":0,"attachmentStep":false}],"testStage":{"status":"failed","statusMessage":"Failed: Test failed due to error: Message:","statusTrace":"driver = <selenium.webdriver.chrome.webdriver.WebDriver (session=\"8e0b5683cefd9fbbc1799c7761d94b39\")>\n\n    @pytest.mark.smoke\n    @allure.parent_suite(\"Web Automation\")\n    @allure.suite(\"Orders\")\n    @allure.sub_suite(\"Create Order\")\n    @allure.feature(\"Order Management\")\n    @allure.title(\"TC02 - Create Order with Product and Save\")\n    def test_login_and_create_order(driver):\n    \n        wait = WebDriverWait(driver, 30)  # Increased wait for slow pages\n    \n        try:\n            driver.maximize_window()\n    \n            # ---------------- LOGIN ----------------\n            with allure.step(\"Open Tenant Select Page\"):\n                driver.get(\"https://app-hire-x-dev-multi-tenant-angular-01-bkgee7ewapa0c5es.southeastasia-01.azurewebsites.net/webshopnotfound\")\n    \n            with allure.step(\"Enter Tenant ID\"):\n                tenant = wait.until(EC.visibility_of_element_located((By.CSS_SELECTOR, \"input[type='text']\")))\n                tenant.clear()\n                tenant.send_keys(\"GrandRest\")\n    \n            with allure.step(\"Set Tenant\"):\n                wait.until(EC.element_to_be_clickable((By.XPATH, \"//button[contains(text(),'Set Tenant')]\"))).click()\n    \n            with allure.step(\"Navigate to Login\"):\n                wait.until(EC.url_contains(\"/home\"))\n                wait.until(\n                    EC.element_to_be_clickable((By.XPATH, \"//*[contains(translate(text(),'ABCDEFGHIJKLMNOPQRSTUVWXYZ','abcdefghijklmnopqrstuvwxyz'),'sign')]\"))\n                ).click()\n    \n            with allure.step(\"Login with credentials\"):\n                wait.until(EC.url_contains(\"/login\"))\n                driver.find_element(By.XPATH, \"//input[contains(@type,'email')]\").send_keys(\"suchini@ateamsoftware.com\")\n                driver.find_element(By.XPATH, \"//input[contains(@type,'password')]\").send_keys(\"Abc12345\")\n                driver.find_element(By.XPATH, \"//button[contains(text(),'Login')]\").click()\n    \n            with allure.step(\"Verify Dashboard\"):\n                wait.until(EC.url_contains(\"/supplier/dashboard\"))\n                take_screenshot(driver, \"dashboard_loaded\")\n    \n            # ---------------- CREATE ORDER ----------------\n            with allure.step(\"Open Orders Page\"):\n                driver.get(\"https://app-hire-x-dev-multi-tenant-angular-01-bkgee7ewapa0c5es.southeastasia-01.azurewebsites.net/supplier/orders\")\n                wait.until(EC.url_contains(\"/supplier/orders\"))\n                take_screenshot(driver, \"orders_page\")\n    \n            with allure.step(\"Click New Order\"):\n                wait.until(EC.element_to_be_clickable((By.XPATH, \"//button[contains(text(),'New')]\"))).click()\n    \n            with allure.step(\"Verify Create Order Form\"):\n                wait.until(EC.visibility_of_element_located((By.XPATH, \"//*[contains(text(),'Create Order')]\")))\n                take_screenshot(driver, \"create_order_form\")\n    \n            # ---------------- SELECT CUSTOMER ----------------\n            with allure.step(\"Select Customer - Amantha Nirmal\"):\n                dropdown = wait.until(EC.element_to_be_clickable((By.XPATH, \"//ng-select\")))\n                dropdown.click()\n                time.sleep(1)\n                wait.until(\n                    EC.element_to_be_clickable((By.XPATH, \"//div[contains(@class,'ng-option') and contains(., 'Amantha Nirmal')]\"))\n                ).click()\n                take_screenshot(driver, \"customer_selected\")\n    \n            # ---------------- CLICK CREATE ----------------\n            with allure.step(\"Click Create Button\"):\n                create_btn = wait.until(EC.element_to_be_clickable((By.XPATH, \"//button[@type='submit' and contains(normalize-space(),'Create')]\")))\n                driver.execute_script(\"arguments[0].scrollIntoView({block:'center'});\", create_btn)\n                time.sleep(0.5)\n                driver.execute_script(\"arguments[0].click();\", create_btn)\n                take_screenshot(driver, \"create_clicked\")\n    \n            with allure.step(\"Wait for Order Details Page\"):\n                wait.until(EC.url_contains(\"/supplier/orders/\"))\n                take_screenshot(driver, \"order_details_page\")\n    \n            # ---------------- ADD PRODUCT ----------------\n>           add_product(driver, wait, \"Set\", 2)\n\ntests\\test_create_order.py:148: \n_ _ _ _ _ _ _ _ _ _ _ _ _ _ _ _ _ _ _ _ _ _ _ _ _ _ _ _ _ _ _ _ _ _ _ _ _ _ _ _ _ _ _ _ _ _ _ _\ntests\\test_create_order.py:68: in add_product\n    wait.until(EC.visibility_of_element_located((By.XPATH, f\"//*[contains(text(),'{product_name}')]\")))\n_ _ _ _ _ _ _ _ _ _ _ _ _ _ _ _ _ _ _ _ _ _ _ _ _ _ _ _ _ _ _ _ _ _ _ _ _ _ _ _ _ _ _ _ _ _ _ _\n\nself = <selenium.webdriver.support.wait.WebDriverWait (session=\"8e0b5683cefd9fbbc1799c7761d94b39\")>\nmethod = <function visibility_of_element_located.<locals>._predicate at 0x000001B2A9E4A8E0>\nmessage = ''\n\n    def until(self, method: Callable[[D], Literal[False] | T], message: str = \"\") -> T:\n        \"\"\"Wait until the method returns a value that is not False.\n    \n        Calls the method provided with the driver as an argument until the\n        return value does not evaluate to ``False``.\n    \n        Args:\n            method: A callable object that takes a WebDriver instance as an\n                argument.\n            message: Optional message for TimeoutException.\n    \n        Returns:\n            The result of the last call to `method`.\n    \n        Raises:\n            TimeoutException: If 'method' does not return a truthy value within\n                the WebDriverWait object's timeout.\n    \n        Example:\n            >>> from selenium.webdriver.common.by import By\n            >>> from selenium.webdriver.support.ui import WebDriverWait\n            >>> from selenium.webdriver.support import expected_conditions as EC\n            >>>\n            >>> # Wait until an element is visible on the page\n            >>> wait = WebDriverWait(driver, 10)\n            >>> element = wait.until(EC.visibility_of_element_located((By.ID, \"exampleId\")))\n            >>> print(element.text)\n        \"\"\"\n        screen = None\n        stacktrace = None\n    \n        end_time = time.monotonic() + self._timeout\n        while True:\n            try:\n                value = method(self._driver)\n                if value:\n                    return value\n            except self._ignored_exceptions as exc:\n                screen = getattr(exc, \"screen\", None)\n                stacktrace = getattr(exc, \"stacktrace\", None)\n            if time.monotonic() > end_time:\n                break\n            time.sleep(self._poll)\n>       raise TimeoutException(message, screen, stacktrace)\nE       selenium.common.exceptions.TimeoutException: Message:\n\nvenv\\Lib\\site-packages\\selenium\\webdriver\\support\\wait.py:121: TimeoutException\n\nDuring handling of the above exception, another exception occurred:\n\ndriver = <selenium.webdriver.chrome.webdriver.WebDriver (session=\"8e0b5683cefd9fbbc1799c7761d94b39\")>\n\n    @pytest.mark.smoke\n    @allure.parent_suite(\"Web Automation\")\n    @allure.suite(\"Orders\")\n    @allure.sub_suite(\"Create Order\")\n    @allure.feature(\"Order Management\")\n    @allure.title(\"TC02 - Create Order with Product and Save\")\n    def test_login_and_create_order(driver):\n    \n        wait = WebDriverWait(driver, 30)  # Increased wait for slow pages\n    \n        try:\n            driver.maximize_window()\n    \n            # ---------------- LOGIN ----------------\n            with allure.step(\"Open Tenant Select Page\"):\n                driver.get(\"https://app-hire-x-dev-multi-tenant-angular-01-bkgee7ewapa0c5es.southeastasia-01.azurewebsites.net/webshopnotfound\")\n    \n            with allure.step(\"Enter Tenant ID\"):\n                tenant = wait.until(EC.visibility_of_element_located((By.CSS_SELECTOR, \"input[type='text']\")))\n                tenant.clear()\n                tenant.send_keys(\"GrandRest\")\n    \n            with allure.step(\"Set Tenant\"):\n                wait.until(EC.element_to_be_clickable((By.XPATH, \"//button[contains(text(),'Set Tenant')]\"))).click()\n    \n            with allure.step(\"Navigate to Login\"):\n                wait.until(EC.url_contains(\"/home\"))\n                wait.until(\n                    EC.element_to_be_clickable((By.XPATH, \"//*[contains(translate(text(),'ABCDEFGHIJKLMNOPQRSTUVWXYZ','abcdefghijklmnopqrstuvwxyz'),'sign')]\"))\n                ).click()\n    \n            with allure.step(\"Login with credentials\"):\n                wait.until(EC.url_contains(\"/login\"))\n                driver.find_element(By.XPATH, \"//input[contains(@type,'email')]\").send_keys(\"suchini@ateamsoftware.com\")\n                driver.find_element(By.XPATH, \"//input[contains(@type,'password')]\").send_keys(\"Abc12345\")\n                driver.find_element(By.XPATH, \"//button[contains(text(),'Login')]\").click()\n    \n            with allure.step(\"Verify Dashboard\"):\n                wait.until(EC.url_contains(\"/supplier/dashboard\"))\n                take_screenshot(driver, \"dashboard_loaded\")\n    \n            # ---------------- CREATE ORDER ----------------\n            with allure.step(\"Open Orders Page\"):\n                driver.get(\"https://app-hire-x-dev-multi-tenant-angular-01-bkgee7ewapa0c5es.southeastasia-01.azurewebsites.net/supplier/orders\")\n                wait.until(EC.url_contains(\"/supplier/orders\"))\n                take_screenshot(driver, \"orders_page\")\n    \n            with allure.step(\"Click New Order\"):\n                wait.until(EC.element_to_be_clickable((By.XPATH, \"//button[contains(text(),'New')]\"))).click()\n    \n            with allure.step(\"Verify Create Order Form\"):\n                wait.until(EC.visibility_of_element_located((By.XPATH, \"//*[contains(text(),'Create Order')]\")))\n                take_screenshot(driver, \"create_order_form\")\n    \n            # ---------------- SELECT CUSTOMER ----------------\n            with allure.step(\"Select Customer - Amantha Nirmal\"):\n                dropdown = wait.until(EC.element_to_be_clickable((By.XPATH, \"//ng-select\")))\n                dropdown.click()\n                time.sleep(1)\n                wait.until(\n                    EC.element_to_be_clickable((By.XPATH, \"//div[contains(@class,'ng-option') and contains(., 'Amantha Nirmal')]\"))\n                ).click()\n                take_screenshot(driver, \"customer_selected\")\n    \n            # ---------------- CLICK CREATE ----------------\n            with allure.step(\"Click Create Button\"):\n                create_btn = wait.until(EC.element_to_be_clickable((By.XPATH, \"//button[@type='submit' and contains(normalize-space(),'Create')]\")))\n                driver.execute_script(\"arguments[0].scrollIntoView({block:'center'});\", create_btn)\n                time.sleep(0.5)\n                driver.execute_script(\"arguments[0].click();\", create_btn)\n                take_screenshot(driver, \"create_clicked\")\n    \n            with allure.step(\"Wait for Order Details Page\"):\n                wait.until(EC.url_contains(\"/supplier/orders/\"))\n                take_screenshot(driver, \"order_details_page\")\n    \n            # ---------------- ADD PRODUCT ----------------\n            add_product(driver, wait, \"Set\", 2)\n    \n            # ---------------- SAVE ORDER ----------------\n            with allure.step(\"Save Order\"):\n                wait_for_no_overlay(driver)\n    \n                save_button = wait.until(EC.presence_of_element_located(\n                    (By.XPATH, \"//button[@type='submit' and normalize-space()='Save']\")\n                ))\n    \n                # Wait until Save button is visible & enabled\n                wait.until(lambda d: save_button.is_displayed() and save_button.is_enabled())\n    \n                driver.execute_script(\"arguments[0].scrollIntoView({block:'center'});\", save_button)\n                time.sleep(0.5)\n                driver.execute_script(\"arguments[0].click();\", save_button)\n    \n                # Wait for success message\n                wait.until(EC.visibility_of_element_located(\n                    (By.XPATH, \"//div[contains(text(),'Order saved successfully')]\")\n                ))\n                take_screenshot(driver, \"order_saved_successfully\")\n                print(\"✅ Order saved successfully!\")\n    \n        except Exception as e:\n            take_screenshot(driver, \"test_failed\")\n>           pytest.fail(f\"Test failed due to error: {str(e)}\")\nE           Failed: Test failed due to error: Message:\n\ntests\\test_create_order.py:174: Failed","steps":[{"name":"Open Tenant Select Page","time":{"start":1769059365565,"stop":1769059377378,"duration":11813},"status":"passed","steps":[],"attachments":[],"parameters":[],"attachmentsCount":0,"shouldDisplayMessage":false,"hasContent":false,"stepsCount":0,"attachmentStep":false},{"name":"Enter Tenant ID","time":{"start":1769059377378,"stop":1769059377579,"duration":201},"status":"passed","steps":[],"attachments":[],"parameters":[],"attachmentsCount":0,"shouldDisplayMessage":false,"hasContent":false,"stepsCount":0,"attachmentStep":false},{"name":"Set Tenant","time":{"start":1769059377579,"stop":1769059384161,"duration":6582},"status":"passed","steps":[],"attachments":[],"parameters":[],"attachmentsCount":0,"shouldDisplayMessage":false,"hasContent":false,"stepsCount":0,"attachmentStep":false},{"name":"Navigate to Login","time":{"start":1769059384161,"stop":1769059384365,"duration":204},"status":"passed","steps":[],"attachments":[],"parameters":[],"attachmentsCount":0,"shouldDisplayMessage":false,"hasContent":false,"stepsCount":0,"attachmentStep":false},{"name":"Login with credentials","time":{"start":1769059384365,"stop":1769059384801,"duration":436},"status":"passed","steps":[],"attachments":[],"parameters":[],"attachmentsCount":0,"shouldDisplayMessage":false,"hasContent":false,"stepsCount":0,"attachmentStep":false},{"name":"Verify Dashboard","time":{"start":1769059384801,"stop":1769059389099,"duration":4298},"status":"passed","steps":[],"attachments":[{"uid":"6878c27cd8b32150","name":"dashboard_loaded","source":"6878c27cd8b32150.png","type":"image/png","size":56300}],"parameters":[],"attachmentsCount":1,"shouldDisplayMessage":false,"hasContent":true,"stepsCount":0,"attachmentStep":false},{"name":"Open Orders Page","time":{"start":1769059389099,"stop":1769059392015,"duration":2916},"status":"passed","steps":[],"attachments":[{"uid":"8c87de039742d669","name":"orders_page","source":"8c87de039742d669.png","type":"image/png","size":6756}],"parameters":[],"attachmentsCount":1,"shouldDisplayMessage":false,"hasContent":true,"stepsCount":0,"attachmentStep":false},{"name":"Click New Order","time":{"start":1769059392016,"stop":1769059398643,"duration":6627},"status":"passed","steps":[],"attachments":[],"parameters":[],"attachmentsCount":0,"shouldDisplayMessage":false,"hasContent":false,"stepsCount":0,"attachmentStep":false},{"name":"Verify Create Order Form","time":{"start":1769059398643,"stop":1769059399393,"duration":750},"status":"passed","steps":[],"attachments":[{"uid":"f1b852460b08c717","name":"create_order_form","source":"f1b852460b08c717.png","type":"image/png","size":88864}],"parameters":[],"attachmentsCount":1,"shouldDisplayMessage":false,"hasContent":true,"stepsCount":0,"attachmentStep":false},{"name":"Select Customer - Amantha Nirmal","time":{"start":1769059399393,"stop":1769059401599,"duration":2206},"status":"passed","steps":[],"attachments":[{"uid":"524d507574b87980","name":"customer_selected","source":"524d507574b87980.png","type":"image/png","size":101814}],"parameters":[],"attachmentsCount":1,"shouldDisplayMessage":false,"hasContent":true,"stepsCount":0,"attachmentStep":false},{"name":"Click Create Button","time":{"start":1769059401600,"stop":1769059403241,"duration":1641},"status":"passed","steps":[],"attachments":[{"uid":"c7454ec6441a91ff","name":"create_clicked","source":"c7454ec6441a91ff.png","type":"image/png","size":97668}],"parameters":[],"attachmentsCount":1,"shouldDisplayMessage":false,"hasContent":true,"stepsCount":0,"attachmentStep":false},{"name":"Wait for Order Details Page","time":{"start":1769059403242,"stop":1769059408673,"duration":5431},"status":"passed","steps":[],"attachments":[{"uid":"8ebca67cb13a678b","name":"order_details_page","source":"8ebca67cb13a678b.png","type":"image/png","size":40520}],"parameters":[],"attachmentsCount":1,"shouldDisplayMessage":false,"hasContent":true,"stepsCount":0,"attachmentStep":false},{"name":"Add Product - Set (Qty 2)","time":{"start":1769059408673,"stop":1769059447356,"duration":38683},"status":"broken","statusMessage":"selenium.common.exceptions.TimeoutException: Message: \n\n","statusTrace":"  File \"C:\\Users\\Suchini\\Desktop\\Ateam Software\\Hire-X Automation scripts\\Hire-X-Test-Automation-Scripts\\tests\\test_create_order.py\", line 68, in add_product\n    wait.until(EC.visibility_of_element_located((By.XPATH, f\"//*[contains(text(),'{product_name}')]\")))\n    ~~~~~~~~~~^^^^^^^^^^^^^^^^^^^^^^^^^^^^^^^^^^^^^^^^^^^^^^^^^^^^^^^^^^^^^^^^^^^^^^^^^^^^^^^^^^^^^^^^^\n  File \"C:\\Users\\Suchini\\Desktop\\Ateam Software\\Hire-X Automation scripts\\Hire-X-Test-Automation-Scripts\\venv\\Lib\\site-packages\\selenium\\webdriver\\support\\wait.py\", line 121, in until\n    raise TimeoutException(message, screen, stacktrace)\n","steps":[],"attachments":[{"uid":"e56c2501da570b55","name":"product_selected_qty","source":"e56c2501da570b55.png","type":"image/png","size":61825},{"uid":"1fe5a28b9dd31c3b","name":"product_added_success","source":"1fe5a28b9dd31c3b.png","type":"image/png","size":61510}],"parameters":[],"attachmentsCount":2,"shouldDisplayMessage":true,"hasContent":true,"stepsCount":0,"attachmentStep":false}],"attachments":[{"uid":"f783eb723fde8859","name":"test_failed","source":"f783eb723fde8859.png","type":"image/png","size":61323}],"parameters":[],"attachmentsCount":9,"shouldDisplayMessage":true,"hasContent":true,"stepsCount":13,"attachmentStep":false},"afterStages":[{"name":"driver::0","time":{"start":1769059447781,"stop":1769059447782,"duration":1},"status":"passed","steps":[],"attachments":[],"parameters":[],"attachmentsCount":0,"shouldDisplayMessage":false,"hasContent":false,"stepsCount":0,"attachmentStep":false}],"labels":[{"name":"feature","value":"Order Management"},{"name":"suite","value":"Orders"},{"name":"subSuite","value":"Create Order"},{"name":"parentSuite","value":"Web Automation"},{"name":"tag","value":"smoke"},{"name":"host","value":"DESKTOP-SCU7Q85"},{"name":"thread","value":"35204-MainThread"},{"name":"framework","value":"pytest"},{"name":"language","value":"cpython3"},{"name":"package","value":"tests.test_create_order"},{"name":"resultFormat","value":"allure2"}],"parameters":[],"links":[],"hidden":true,"retry":true,"extra":{"categories":[],"tags":["smoke"]},"source":"9110381d15e447ba.json","parameterValues":[]}