{"uid":"97d18120b57436d4","name":"TC02 - Create Order with Product (No Save)","fullName":"tests.test_create_order#test_login_and_create_order","historyId":"b287b2fc0027e5283ee55bbb62a9bf33","time":{"start":1769067338518,"stop":1769067368613,"duration":30095},"status":"failed","statusMessage":"Failed: Test failed due to error: Message: element click intercepted: Element <ng-select _ngcontent-qrb-c107=\"\" name=\"selectCustomer\" bindlabel=\"fullName\" autofocus=\"\" bindvalue=\"id\" class=\"ng-select ng-select-single ng-select-searchable ng-select-clearable ng-untouched ng-pristine ng-valid\">...</ng-select> is not clickable at point (760, 156). Other element would receive the click: <div _ngcontent-qrb-c150=\"\" class=\"spinner-wrapper d-flex justify-content-center min-vh-100 ng-tns-c150-1 ng-trigger ng-trigger-fadeOut ng-star-inserted\" style=\"\">...</div>\n  (Session info: chrome=143.0.7499.193); For documentation on this error, please visit: https://www.selenium.dev/documentation/webdriver/troubleshooting/errors#elementclickinterceptedexception\nStacktrace:\nSymbols not available. Dumping unresolved backtrace:\n\t0x7ff6d49188d5\n\t0x7ff6d4918930\n\t0x7ff6d46f165d\n\t0x7ff6d47519e8\n\t0x7ff6d474f40f\n\t0x7ff6d474c417\n\t0x7ff6d474b338\n\t0x7ff6d473ce7f\n\t0x7ff6d4771fda\n\t0x7ff6d473c746\n\t0x7ff6d479ac97\n\t0x7ff6d473ac29\n\t0x7ff6d473ba93\n\t0x7ff6d4c30620\n\t0x7ff6d4c2af60\n\t0x7ff6d4c496c6\n\t0x7ff6d4935dd4\n\t0x7ff6d493ed7c\n\t0x7ff6d4921ff4\n\t0x7ff6d49221a5\n\t0x7ff6d4907ed2\n\t0x7fff89247374\n\t0x7fff8b0fcc91","statusTrace":"driver = <selenium.webdriver.chrome.webdriver.WebDriver (session=\"6d6e6f94dcb4bb9a2efe2a7c77b24f35\")>\n\n    @pytest.mark.smoke\n    @allure.parent_suite(\"Web Automation\")\n    @allure.suite(\"Orders\")\n    @allure.sub_suite(\"Create Order\")\n    @allure.feature(\"Order Management\")\n    @allure.title(\"TC02 - Create Order with Product (No Save)\")\n    def test_login_and_create_order(driver):\n    \n        wait = WebDriverWait(driver, 30)\n    \n        try:\n            # ---------------- LOGIN ----------------\n            with allure.step(\"Open Tenant Select Page\"):\n                driver.get(\n                    \"https://app-hire-x-dev-multi-tenant-angular-01-bkgee7ewapa0c5es.southeastasia-01.azurewebsites.net/webshopnotfound\"\n                )\n    \n            with allure.step(\"Enter Tenant ID\"):\n                tenant = wait.until(\n                    EC.visibility_of_element_located((By.CSS_SELECTOR, \"input[type='text']\"))\n                )\n                tenant.clear()\n                tenant.send_keys(\"GrandRest\")\n    \n            with allure.step(\"Set Tenant\"):\n                wait.until(\n                    EC.element_to_be_clickable((By.XPATH, \"//button[contains(text(),'Set Tenant')]\"))\n                ).click()\n    \n            with allure.step(\"Navigate to Login\"):\n                wait.until(EC.url_contains(\"/home\"))\n                wait.until(\n                    EC.element_to_be_clickable(\n                        (By.XPATH, \"//*[contains(translate(text(),'ABCDEFGHIJKLMNOPQRSTUVWXYZ','abcdefghijklmnopqrstuvwxyz'),'sign')]\")\n                    )\n                ).click()\n    \n            with allure.step(\"Login with credentials\"):\n                wait.until(EC.url_contains(\"/login\"))\n                driver.find_element(By.XPATH, \"//input[contains(@type,'email')]\") \\\n                    .send_keys(\"suchini@ateamsoftware.com\")\n                driver.find_element(By.XPATH, \"//input[contains(@type,'password')]\") \\\n                    .send_keys(\"Abc12345\")\n                driver.find_element(By.XPATH, \"//button[contains(text(),'Login')]\").click()\n    \n            with allure.step(\"Verify Dashboard\"):\n                wait.until(EC.url_contains(\"/supplier/dashboard\"))\n                take_screenshot(driver, \"dashboard_loaded\")\n    \n            # ---------------- CREATE ORDER ----------------\n            with allure.step(\"Open Orders Page\"):\n                driver.get(\n                    \"https://app-hire-x-dev-multi-tenant-angular-01-bkgee7ewapa0c5es.southeastasia-01.azurewebsites.net/supplier/orders\"\n                )\n                wait.until(EC.url_contains(\"/supplier/orders\"))\n                take_screenshot(driver, \"orders_page\")\n    \n            with allure.step(\"Click New Order\"):\n                wait.until(\n                    EC.element_to_be_clickable((By.XPATH, \"//button[contains(text(),'New')]\"))\n                ).click()\n    \n            with allure.step(\"Verify Create Order Form\"):\n                wait.until(\n                    EC.presence_of_element_located((By.XPATH, \"//*[contains(text(),'Create Order')]\"))\n                )\n                take_screenshot(driver, \"create_order_form\")\n    \n            # ---------------- SELECT CUSTOMER ----------------\n            with allure.step(\"Select Customer - Amantha Nirmal\"):\n                dropdown = wait.until(\n                    EC.element_to_be_clickable((By.XPATH, \"//ng-select\"))\n                )\n>               dropdown.click()\n\ntests\\test_create_order.py:160: \n_ _ _ _ _ _ _ _ _ _ _ _ _ _ _ _ _ _ _ _ _ _ _ _ _ _ _ _ _ _ _ _ _ _ _ _ _ _ _ _ _ _ _ _ _ _ _ _\nvenv\\Lib\\site-packages\\selenium\\webdriver\\remote\\webelement.py:114: in click\n    self._execute(Command.CLICK_ELEMENT)\nvenv\\Lib\\site-packages\\selenium\\webdriver\\remote\\webelement.py:508: in _execute\n    return self._parent.execute(command, params)\n           ^^^^^^^^^^^^^^^^^^^^^^^^^^^^^^^^^^^^^\nvenv\\Lib\\site-packages\\selenium\\webdriver\\remote\\webdriver.py:432: in execute\n    self.error_handler.check_response(response)\n_ _ _ _ _ _ _ _ _ _ _ _ _ _ _ _ _ _ _ _ _ _ _ _ _ _ _ _ _ _ _ _ _ _ _ _ _ _ _ _ _ _ _ _ _ _ _ _\n\nself = <selenium.webdriver.remote.errorhandler.ErrorHandler object at 0x0000020B1FF24AD0>\nresponse = {'status': 400, 'value': '{\"value\":{\"error\":\"element click intercepted\",\"message\":\"element click intercepted: Element ...ff6d493ed7c\\\\n\\\\t0x7ff6d4921ff4\\\\n\\\\t0x7ff6d49221a5\\\\n\\\\t0x7ff6d4907ed2\\\\n\\\\t0x7fff89247374\\\\n\\\\t0x7fff8b0fcc91\\\\n\"}}'}\n\n    def check_response(self, response: dict[str, Any]) -> None:\n        \"\"\"Check that a JSON response from the WebDriver does not have an error.\n    \n        Args:\n            response: The JSON response from the WebDriver server as a dictionary\n                object.\n    \n        Raises:\n            WebDriverException: If the response contains an error message.\n        \"\"\"\n        status = response.get(\"status\", None)\n        if not status or status == ErrorCode.SUCCESS:\n            return\n        value = None\n        message = response.get(\"message\", \"\")\n        screen: str = response.get(\"screen\", \"\")\n        stacktrace = None\n        if isinstance(status, int):\n            value_json = response.get(\"value\", None)\n            if value_json and isinstance(value_json, str):\n                try:\n                    value = json.loads(value_json)\n                    if isinstance(value, dict):\n                        if len(value) == 1:\n                            value = value[\"value\"]\n                        status = value.get(\"error\", None)\n                        if not status:\n                            status = value.get(\"status\", ErrorCode.UNKNOWN_ERROR)\n                            message = value.get(\"value\") or value.get(\"message\")\n                            if not isinstance(message, str):\n                                value = message\n                                message = message.get(\"message\") if isinstance(message, dict) else None\n                        else:\n                            message = value.get(\"message\", None)\n                except ValueError:\n                    pass\n    \n        exception_class: type[WebDriverException]\n        e = ErrorCode()\n        error_codes = [item for item in dir(e) if not item.startswith(\"__\")]\n        for error_code in error_codes:\n            error_info = getattr(ErrorCode, error_code)\n            if isinstance(error_info, list) and status in error_info:\n                exception_class = getattr(ExceptionMapping, error_code, WebDriverException)\n                break\n        else:\n            exception_class = WebDriverException\n    \n        if not value:\n            value = response[\"value\"]\n        if isinstance(value, str):\n            raise exception_class(value)\n        if message == \"\" and \"message\" in value:\n            message = value[\"message\"]\n    \n        screen = None  # type: ignore[assignment]\n        if \"screen\" in value:\n            screen = value[\"screen\"]\n    \n        stacktrace = None\n        st_value = value.get(\"stackTrace\") or value.get(\"stacktrace\")\n        if st_value:\n            if isinstance(st_value, str):\n                stacktrace = st_value.split(\"\\n\")\n            else:\n                stacktrace = []\n                try:\n                    for frame in st_value:\n                        line = frame.get(\"lineNumber\", \"\")\n                        file = frame.get(\"fileName\", \"<anonymous>\")\n                        if line:\n                            file = f\"{file}:{line}\"\n                        meth = frame.get(\"methodName\", \"<anonymous>\")\n                        if \"className\" in frame:\n                            meth = f\"{frame['className']}.{meth}\"\n                        msg = \"    at %s (%s)\"\n                        msg = msg % (meth, file)\n                        stacktrace.append(msg)\n                except TypeError:\n                    pass\n        if exception_class == UnexpectedAlertPresentException:\n            alert_text = None\n            if \"data\" in value:\n                alert_text = value[\"data\"].get(\"text\")\n            elif \"alert\" in value:\n                alert_text = value[\"alert\"].get(\"text\")\n            raise exception_class(message, screen, stacktrace, alert_text)  # type: ignore[call-arg]  # mypy is not smart enough here\n>       raise exception_class(message, screen, stacktrace)\nE       selenium.common.exceptions.ElementClickInterceptedException: Message: element click intercepted: Element <ng-select _ngcontent-qrb-c107=\"\" name=\"selectCustomer\" bindlabel=\"fullName\" autofocus=\"\" bindvalue=\"id\" class=\"ng-select ng-select-single ng-select-searchable ng-select-clearable ng-untouched ng-pristine ng-valid\">...</ng-select> is not clickable at point (760, 156). Other element would receive the click: <div _ngcontent-qrb-c150=\"\" class=\"spinner-wrapper d-flex justify-content-center min-vh-100 ng-tns-c150-1 ng-trigger ng-trigger-fadeOut ng-star-inserted\" style=\"\">...</div>\nE         (Session info: chrome=143.0.7499.193); For documentation on this error, please visit: https://www.selenium.dev/documentation/webdriver/troubleshooting/errors#elementclickinterceptedexception\nE       Stacktrace:\nE       Symbols not available. Dumping unresolved backtrace:\nE       \t0x7ff6d49188d5\nE       \t0x7ff6d4918930\nE       \t0x7ff6d46f165d\nE       \t0x7ff6d47519e8\nE       \t0x7ff6d474f40f\nE       \t0x7ff6d474c417\nE       \t0x7ff6d474b338\nE       \t0x7ff6d473ce7f\nE       \t0x7ff6d4771fda\nE       \t0x7ff6d473c746\nE       \t0x7ff6d479ac97\nE       \t0x7ff6d473ac29\nE       \t0x7ff6d473ba93\nE       \t0x7ff6d4c30620\nE       \t0x7ff6d4c2af60\nE       \t0x7ff6d4c496c6\nE       \t0x7ff6d4935dd4\nE       \t0x7ff6d493ed7c\nE       \t0x7ff6d4921ff4\nE       \t0x7ff6d49221a5\nE       \t0x7ff6d4907ed2\nE       \t0x7fff89247374\nE       \t0x7fff8b0fcc91\n\nvenv\\Lib\\site-packages\\selenium\\webdriver\\remote\\errorhandler.py:232: ElementClickInterceptedException\n\nDuring handling of the above exception, another exception occurred:\n\ndriver = <selenium.webdriver.chrome.webdriver.WebDriver (session=\"6d6e6f94dcb4bb9a2efe2a7c77b24f35\")>\n\n    @pytest.mark.smoke\n    @allure.parent_suite(\"Web Automation\")\n    @allure.suite(\"Orders\")\n    @allure.sub_suite(\"Create Order\")\n    @allure.feature(\"Order Management\")\n    @allure.title(\"TC02 - Create Order with Product (No Save)\")\n    def test_login_and_create_order(driver):\n    \n        wait = WebDriverWait(driver, 30)\n    \n        try:\n            # ---------------- LOGIN ----------------\n            with allure.step(\"Open Tenant Select Page\"):\n                driver.get(\n                    \"https://app-hire-x-dev-multi-tenant-angular-01-bkgee7ewapa0c5es.southeastasia-01.azurewebsites.net/webshopnotfound\"\n                )\n    \n            with allure.step(\"Enter Tenant ID\"):\n                tenant = wait.until(\n                    EC.visibility_of_element_located((By.CSS_SELECTOR, \"input[type='text']\"))\n                )\n                tenant.clear()\n                tenant.send_keys(\"GrandRest\")\n    \n            with allure.step(\"Set Tenant\"):\n                wait.until(\n                    EC.element_to_be_clickable((By.XPATH, \"//button[contains(text(),'Set Tenant')]\"))\n                ).click()\n    \n            with allure.step(\"Navigate to Login\"):\n                wait.until(EC.url_contains(\"/home\"))\n                wait.until(\n                    EC.element_to_be_clickable(\n                        (By.XPATH, \"//*[contains(translate(text(),'ABCDEFGHIJKLMNOPQRSTUVWXYZ','abcdefghijklmnopqrstuvwxyz'),'sign')]\")\n                    )\n                ).click()\n    \n            with allure.step(\"Login with credentials\"):\n                wait.until(EC.url_contains(\"/login\"))\n                driver.find_element(By.XPATH, \"//input[contains(@type,'email')]\") \\\n                    .send_keys(\"suchini@ateamsoftware.com\")\n                driver.find_element(By.XPATH, \"//input[contains(@type,'password')]\") \\\n                    .send_keys(\"Abc12345\")\n                driver.find_element(By.XPATH, \"//button[contains(text(),'Login')]\").click()\n    \n            with allure.step(\"Verify Dashboard\"):\n                wait.until(EC.url_contains(\"/supplier/dashboard\"))\n                take_screenshot(driver, \"dashboard_loaded\")\n    \n            # ---------------- CREATE ORDER ----------------\n            with allure.step(\"Open Orders Page\"):\n                driver.get(\n                    \"https://app-hire-x-dev-multi-tenant-angular-01-bkgee7ewapa0c5es.southeastasia-01.azurewebsites.net/supplier/orders\"\n                )\n                wait.until(EC.url_contains(\"/supplier/orders\"))\n                take_screenshot(driver, \"orders_page\")\n    \n            with allure.step(\"Click New Order\"):\n                wait.until(\n                    EC.element_to_be_clickable((By.XPATH, \"//button[contains(text(),'New')]\"))\n                ).click()\n    \n            with allure.step(\"Verify Create Order Form\"):\n                wait.until(\n                    EC.presence_of_element_located((By.XPATH, \"//*[contains(text(),'Create Order')]\"))\n                )\n                take_screenshot(driver, \"create_order_form\")\n    \n            # ---------------- SELECT CUSTOMER ----------------\n            with allure.step(\"Select Customer - Amantha Nirmal\"):\n                dropdown = wait.until(\n                    EC.element_to_be_clickable((By.XPATH, \"//ng-select\"))\n                )\n                dropdown.click()\n                time.sleep(1)\n    \n                wait.until(\n                    EC.element_to_be_clickable(\n                        (By.XPATH, \"//div[contains(@class,'ng-option') and contains(., 'Amantha Nirmal')]\")\n                    )\n                ).click()\n    \n                take_screenshot(driver, \"customer_selected\")\n    \n            # ---------------- CLICK CREATE ----------------\n            with allure.step(\"Click Create Button\"):\n                create_btn = wait.until(\n                    EC.element_to_be_clickable(\n                        (By.XPATH, \"//button[@type='submit' and contains(normalize-space(),'Create')]\")\n                    )\n                )\n                driver.execute_script(\n                    \"arguments[0].scrollIntoView({block:'center'});\", create_btn\n                )\n                time.sleep(0.5)\n                create_btn.click()\n    \n                take_screenshot(driver, \"create_clicked\")\n    \n            with allure.step(\"Wait for Order Details Page\"):\n                wait.until(EC.url_contains(\"/supplier/orders/\"))\n                take_screenshot(driver, \"order_details_page\")\n    \n            # ---------------- ADD PRODUCT ONLY ----------------\n            add_product(driver, wait, \"Set\", 2)\n    \n            # ✅ Test intentionally ends here\n            take_screenshot(driver, \"test_completed_without_save\")\n            print(\"✅ Product added successfully (Save step skipped)\")\n    \n        except Exception as e:\n            take_screenshot(driver, \"test_failed\")\n>           pytest.fail(f\"Test failed due to error: {str(e)}\")\nE           Failed: Test failed due to error: Message: element click intercepted: Element <ng-select _ngcontent-qrb-c107=\"\" name=\"selectCustomer\" bindlabel=\"fullName\" autofocus=\"\" bindvalue=\"id\" class=\"ng-select ng-select-single ng-select-searchable ng-select-clearable ng-untouched ng-pristine ng-valid\">...</ng-select> is not clickable at point (760, 156). Other element would receive the click: <div _ngcontent-qrb-c150=\"\" class=\"spinner-wrapper d-flex justify-content-center min-vh-100 ng-tns-c150-1 ng-trigger ng-trigger-fadeOut ng-star-inserted\" style=\"\">...</div>\nE             (Session info: chrome=143.0.7499.193); For documentation on this error, please visit: https://www.selenium.dev/documentation/webdriver/troubleshooting/errors#elementclickinterceptedexception\nE           Stacktrace:\nE           Symbols not available. Dumping unresolved backtrace:\nE           \t0x7ff6d49188d5\nE           \t0x7ff6d4918930\nE           \t0x7ff6d46f165d\nE           \t0x7ff6d47519e8\nE           \t0x7ff6d474f40f\nE           \t0x7ff6d474c417\nE           \t0x7ff6d474b338\nE           \t0x7ff6d473ce7f\nE           \t0x7ff6d4771fda\nE           \t0x7ff6d473c746\nE           \t0x7ff6d479ac97\nE           \t0x7ff6d473ac29\nE           \t0x7ff6d473ba93\nE           \t0x7ff6d4c30620\nE           \t0x7ff6d4c2af60\nE           \t0x7ff6d4c496c6\nE           \t0x7ff6d4935dd4\nE           \t0x7ff6d493ed7c\nE           \t0x7ff6d4921ff4\nE           \t0x7ff6d49221a5\nE           \t0x7ff6d4907ed2\nE           \t0x7fff89247374\nE           \t0x7fff8b0fcc91\n\ntests\\test_create_order.py:199: Failed","flaky":false,"newFailed":false,"newBroken":false,"newPassed":false,"retriesCount":0,"retriesStatusChange":false,"beforeStages":[{"name":"driver","time":{"start":1769067337447,"stop":1769067338515,"duration":1068},"status":"passed","steps":[],"attachments":[],"parameters":[],"attachmentsCount":0,"shouldDisplayMessage":false,"hasContent":false,"stepsCount":0,"attachmentStep":false}],"testStage":{"status":"failed","statusMessage":"Failed: Test failed due to error: Message: element click intercepted: Element <ng-select _ngcontent-qrb-c107=\"\" name=\"selectCustomer\" bindlabel=\"fullName\" autofocus=\"\" bindvalue=\"id\" class=\"ng-select ng-select-single ng-select-searchable ng-select-clearable ng-untouched ng-pristine ng-valid\">...</ng-select> is not clickable at point (760, 156). Other element would receive the click: <div _ngcontent-qrb-c150=\"\" class=\"spinner-wrapper d-flex justify-content-center min-vh-100 ng-tns-c150-1 ng-trigger ng-trigger-fadeOut ng-star-inserted\" style=\"\">...</div>\n  (Session info: chrome=143.0.7499.193); For documentation on this error, please visit: https://www.selenium.dev/documentation/webdriver/troubleshooting/errors#elementclickinterceptedexception\nStacktrace:\nSymbols not available. Dumping unresolved backtrace:\n\t0x7ff6d49188d5\n\t0x7ff6d4918930\n\t0x7ff6d46f165d\n\t0x7ff6d47519e8\n\t0x7ff6d474f40f\n\t0x7ff6d474c417\n\t0x7ff6d474b338\n\t0x7ff6d473ce7f\n\t0x7ff6d4771fda\n\t0x7ff6d473c746\n\t0x7ff6d479ac97\n\t0x7ff6d473ac29\n\t0x7ff6d473ba93\n\t0x7ff6d4c30620\n\t0x7ff6d4c2af60\n\t0x7ff6d4c496c6\n\t0x7ff6d4935dd4\n\t0x7ff6d493ed7c\n\t0x7ff6d4921ff4\n\t0x7ff6d49221a5\n\t0x7ff6d4907ed2\n\t0x7fff89247374\n\t0x7fff8b0fcc91","statusTrace":"driver = <selenium.webdriver.chrome.webdriver.WebDriver (session=\"6d6e6f94dcb4bb9a2efe2a7c77b24f35\")>\n\n    @pytest.mark.smoke\n    @allure.parent_suite(\"Web Automation\")\n    @allure.suite(\"Orders\")\n    @allure.sub_suite(\"Create Order\")\n    @allure.feature(\"Order Management\")\n    @allure.title(\"TC02 - Create Order with Product (No Save)\")\n    def test_login_and_create_order(driver):\n    \n        wait = WebDriverWait(driver, 30)\n    \n        try:\n            # ---------------- LOGIN ----------------\n            with allure.step(\"Open Tenant Select Page\"):\n                driver.get(\n                    \"https://app-hire-x-dev-multi-tenant-angular-01-bkgee7ewapa0c5es.southeastasia-01.azurewebsites.net/webshopnotfound\"\n                )\n    \n            with allure.step(\"Enter Tenant ID\"):\n                tenant = wait.until(\n                    EC.visibility_of_element_located((By.CSS_SELECTOR, \"input[type='text']\"))\n                )\n                tenant.clear()\n                tenant.send_keys(\"GrandRest\")\n    \n            with allure.step(\"Set Tenant\"):\n                wait.until(\n                    EC.element_to_be_clickable((By.XPATH, \"//button[contains(text(),'Set Tenant')]\"))\n                ).click()\n    \n            with allure.step(\"Navigate to Login\"):\n                wait.until(EC.url_contains(\"/home\"))\n                wait.until(\n                    EC.element_to_be_clickable(\n                        (By.XPATH, \"//*[contains(translate(text(),'ABCDEFGHIJKLMNOPQRSTUVWXYZ','abcdefghijklmnopqrstuvwxyz'),'sign')]\")\n                    )\n                ).click()\n    \n            with allure.step(\"Login with credentials\"):\n                wait.until(EC.url_contains(\"/login\"))\n                driver.find_element(By.XPATH, \"//input[contains(@type,'email')]\") \\\n                    .send_keys(\"suchini@ateamsoftware.com\")\n                driver.find_element(By.XPATH, \"//input[contains(@type,'password')]\") \\\n                    .send_keys(\"Abc12345\")\n                driver.find_element(By.XPATH, \"//button[contains(text(),'Login')]\").click()\n    \n            with allure.step(\"Verify Dashboard\"):\n                wait.until(EC.url_contains(\"/supplier/dashboard\"))\n                take_screenshot(driver, \"dashboard_loaded\")\n    \n            # ---------------- CREATE ORDER ----------------\n            with allure.step(\"Open Orders Page\"):\n                driver.get(\n                    \"https://app-hire-x-dev-multi-tenant-angular-01-bkgee7ewapa0c5es.southeastasia-01.azurewebsites.net/supplier/orders\"\n                )\n                wait.until(EC.url_contains(\"/supplier/orders\"))\n                take_screenshot(driver, \"orders_page\")\n    \n            with allure.step(\"Click New Order\"):\n                wait.until(\n                    EC.element_to_be_clickable((By.XPATH, \"//button[contains(text(),'New')]\"))\n                ).click()\n    \n            with allure.step(\"Verify Create Order Form\"):\n                wait.until(\n                    EC.presence_of_element_located((By.XPATH, \"//*[contains(text(),'Create Order')]\"))\n                )\n                take_screenshot(driver, \"create_order_form\")\n    \n            # ---------------- SELECT CUSTOMER ----------------\n            with allure.step(\"Select Customer - Amantha Nirmal\"):\n                dropdown = wait.until(\n                    EC.element_to_be_clickable((By.XPATH, \"//ng-select\"))\n                )\n>               dropdown.click()\n\ntests\\test_create_order.py:160: \n_ _ _ _ _ _ _ _ _ _ _ _ _ _ _ _ _ _ _ _ _ _ _ _ _ _ _ _ _ _ _ _ _ _ _ _ _ _ _ _ _ _ _ _ _ _ _ _\nvenv\\Lib\\site-packages\\selenium\\webdriver\\remote\\webelement.py:114: in click\n    self._execute(Command.CLICK_ELEMENT)\nvenv\\Lib\\site-packages\\selenium\\webdriver\\remote\\webelement.py:508: in _execute\n    return self._parent.execute(command, params)\n           ^^^^^^^^^^^^^^^^^^^^^^^^^^^^^^^^^^^^^\nvenv\\Lib\\site-packages\\selenium\\webdriver\\remote\\webdriver.py:432: in execute\n    self.error_handler.check_response(response)\n_ _ _ _ _ _ _ _ _ _ _ _ _ _ _ _ _ _ _ _ _ _ _ _ _ _ _ _ _ _ _ _ _ _ _ _ _ _ _ _ _ _ _ _ _ _ _ _\n\nself = <selenium.webdriver.remote.errorhandler.ErrorHandler object at 0x0000020B1FF24AD0>\nresponse = {'status': 400, 'value': '{\"value\":{\"error\":\"element click intercepted\",\"message\":\"element click intercepted: Element ...ff6d493ed7c\\\\n\\\\t0x7ff6d4921ff4\\\\n\\\\t0x7ff6d49221a5\\\\n\\\\t0x7ff6d4907ed2\\\\n\\\\t0x7fff89247374\\\\n\\\\t0x7fff8b0fcc91\\\\n\"}}'}\n\n    def check_response(self, response: dict[str, Any]) -> None:\n        \"\"\"Check that a JSON response from the WebDriver does not have an error.\n    \n        Args:\n            response: The JSON response from the WebDriver server as a dictionary\n                object.\n    \n        Raises:\n            WebDriverException: If the response contains an error message.\n        \"\"\"\n        status = response.get(\"status\", None)\n        if not status or status == ErrorCode.SUCCESS:\n            return\n        value = None\n        message = response.get(\"message\", \"\")\n        screen: str = response.get(\"screen\", \"\")\n        stacktrace = None\n        if isinstance(status, int):\n            value_json = response.get(\"value\", None)\n            if value_json and isinstance(value_json, str):\n                try:\n                    value = json.loads(value_json)\n                    if isinstance(value, dict):\n                        if len(value) == 1:\n                            value = value[\"value\"]\n                        status = value.get(\"error\", None)\n                        if not status:\n                            status = value.get(\"status\", ErrorCode.UNKNOWN_ERROR)\n                            message = value.get(\"value\") or value.get(\"message\")\n                            if not isinstance(message, str):\n                                value = message\n                                message = message.get(\"message\") if isinstance(message, dict) else None\n                        else:\n                            message = value.get(\"message\", None)\n                except ValueError:\n                    pass\n    \n        exception_class: type[WebDriverException]\n        e = ErrorCode()\n        error_codes = [item for item in dir(e) if not item.startswith(\"__\")]\n        for error_code in error_codes:\n            error_info = getattr(ErrorCode, error_code)\n            if isinstance(error_info, list) and status in error_info:\n                exception_class = getattr(ExceptionMapping, error_code, WebDriverException)\n                break\n        else:\n            exception_class = WebDriverException\n    \n        if not value:\n            value = response[\"value\"]\n        if isinstance(value, str):\n            raise exception_class(value)\n        if message == \"\" and \"message\" in value:\n            message = value[\"message\"]\n    \n        screen = None  # type: ignore[assignment]\n        if \"screen\" in value:\n            screen = value[\"screen\"]\n    \n        stacktrace = None\n        st_value = value.get(\"stackTrace\") or value.get(\"stacktrace\")\n        if st_value:\n            if isinstance(st_value, str):\n                stacktrace = st_value.split(\"\\n\")\n            else:\n                stacktrace = []\n                try:\n                    for frame in st_value:\n                        line = frame.get(\"lineNumber\", \"\")\n                        file = frame.get(\"fileName\", \"<anonymous>\")\n                        if line:\n                            file = f\"{file}:{line}\"\n                        meth = frame.get(\"methodName\", \"<anonymous>\")\n                        if \"className\" in frame:\n                            meth = f\"{frame['className']}.{meth}\"\n                        msg = \"    at %s (%s)\"\n                        msg = msg % (meth, file)\n                        stacktrace.append(msg)\n                except TypeError:\n                    pass\n        if exception_class == UnexpectedAlertPresentException:\n            alert_text = None\n            if \"data\" in value:\n                alert_text = value[\"data\"].get(\"text\")\n            elif \"alert\" in value:\n                alert_text = value[\"alert\"].get(\"text\")\n            raise exception_class(message, screen, stacktrace, alert_text)  # type: ignore[call-arg]  # mypy is not smart enough here\n>       raise exception_class(message, screen, stacktrace)\nE       selenium.common.exceptions.ElementClickInterceptedException: Message: element click intercepted: Element <ng-select _ngcontent-qrb-c107=\"\" name=\"selectCustomer\" bindlabel=\"fullName\" autofocus=\"\" bindvalue=\"id\" class=\"ng-select ng-select-single ng-select-searchable ng-select-clearable ng-untouched ng-pristine ng-valid\">...</ng-select> is not clickable at point (760, 156). Other element would receive the click: <div _ngcontent-qrb-c150=\"\" class=\"spinner-wrapper d-flex justify-content-center min-vh-100 ng-tns-c150-1 ng-trigger ng-trigger-fadeOut ng-star-inserted\" style=\"\">...</div>\nE         (Session info: chrome=143.0.7499.193); For documentation on this error, please visit: https://www.selenium.dev/documentation/webdriver/troubleshooting/errors#elementclickinterceptedexception\nE       Stacktrace:\nE       Symbols not available. Dumping unresolved backtrace:\nE       \t0x7ff6d49188d5\nE       \t0x7ff6d4918930\nE       \t0x7ff6d46f165d\nE       \t0x7ff6d47519e8\nE       \t0x7ff6d474f40f\nE       \t0x7ff6d474c417\nE       \t0x7ff6d474b338\nE       \t0x7ff6d473ce7f\nE       \t0x7ff6d4771fda\nE       \t0x7ff6d473c746\nE       \t0x7ff6d479ac97\nE       \t0x7ff6d473ac29\nE       \t0x7ff6d473ba93\nE       \t0x7ff6d4c30620\nE       \t0x7ff6d4c2af60\nE       \t0x7ff6d4c496c6\nE       \t0x7ff6d4935dd4\nE       \t0x7ff6d493ed7c\nE       \t0x7ff6d4921ff4\nE       \t0x7ff6d49221a5\nE       \t0x7ff6d4907ed2\nE       \t0x7fff89247374\nE       \t0x7fff8b0fcc91\n\nvenv\\Lib\\site-packages\\selenium\\webdriver\\remote\\errorhandler.py:232: ElementClickInterceptedException\n\nDuring handling of the above exception, another exception occurred:\n\ndriver = <selenium.webdriver.chrome.webdriver.WebDriver (session=\"6d6e6f94dcb4bb9a2efe2a7c77b24f35\")>\n\n    @pytest.mark.smoke\n    @allure.parent_suite(\"Web Automation\")\n    @allure.suite(\"Orders\")\n    @allure.sub_suite(\"Create Order\")\n    @allure.feature(\"Order Management\")\n    @allure.title(\"TC02 - Create Order with Product (No Save)\")\n    def test_login_and_create_order(driver):\n    \n        wait = WebDriverWait(driver, 30)\n    \n        try:\n            # ---------------- LOGIN ----------------\n            with allure.step(\"Open Tenant Select Page\"):\n                driver.get(\n                    \"https://app-hire-x-dev-multi-tenant-angular-01-bkgee7ewapa0c5es.southeastasia-01.azurewebsites.net/webshopnotfound\"\n                )\n    \n            with allure.step(\"Enter Tenant ID\"):\n                tenant = wait.until(\n                    EC.visibility_of_element_located((By.CSS_SELECTOR, \"input[type='text']\"))\n                )\n                tenant.clear()\n                tenant.send_keys(\"GrandRest\")\n    \n            with allure.step(\"Set Tenant\"):\n                wait.until(\n                    EC.element_to_be_clickable((By.XPATH, \"//button[contains(text(),'Set Tenant')]\"))\n                ).click()\n    \n            with allure.step(\"Navigate to Login\"):\n                wait.until(EC.url_contains(\"/home\"))\n                wait.until(\n                    EC.element_to_be_clickable(\n                        (By.XPATH, \"//*[contains(translate(text(),'ABCDEFGHIJKLMNOPQRSTUVWXYZ','abcdefghijklmnopqrstuvwxyz'),'sign')]\")\n                    )\n                ).click()\n    \n            with allure.step(\"Login with credentials\"):\n                wait.until(EC.url_contains(\"/login\"))\n                driver.find_element(By.XPATH, \"//input[contains(@type,'email')]\") \\\n                    .send_keys(\"suchini@ateamsoftware.com\")\n                driver.find_element(By.XPATH, \"//input[contains(@type,'password')]\") \\\n                    .send_keys(\"Abc12345\")\n                driver.find_element(By.XPATH, \"//button[contains(text(),'Login')]\").click()\n    \n            with allure.step(\"Verify Dashboard\"):\n                wait.until(EC.url_contains(\"/supplier/dashboard\"))\n                take_screenshot(driver, \"dashboard_loaded\")\n    \n            # ---------------- CREATE ORDER ----------------\n            with allure.step(\"Open Orders Page\"):\n                driver.get(\n                    \"https://app-hire-x-dev-multi-tenant-angular-01-bkgee7ewapa0c5es.southeastasia-01.azurewebsites.net/supplier/orders\"\n                )\n                wait.until(EC.url_contains(\"/supplier/orders\"))\n                take_screenshot(driver, \"orders_page\")\n    \n            with allure.step(\"Click New Order\"):\n                wait.until(\n                    EC.element_to_be_clickable((By.XPATH, \"//button[contains(text(),'New')]\"))\n                ).click()\n    \n            with allure.step(\"Verify Create Order Form\"):\n                wait.until(\n                    EC.presence_of_element_located((By.XPATH, \"//*[contains(text(),'Create Order')]\"))\n                )\n                take_screenshot(driver, \"create_order_form\")\n    \n            # ---------------- SELECT CUSTOMER ----------------\n            with allure.step(\"Select Customer - Amantha Nirmal\"):\n                dropdown = wait.until(\n                    EC.element_to_be_clickable((By.XPATH, \"//ng-select\"))\n                )\n                dropdown.click()\n                time.sleep(1)\n    \n                wait.until(\n                    EC.element_to_be_clickable(\n                        (By.XPATH, \"//div[contains(@class,'ng-option') and contains(., 'Amantha Nirmal')]\")\n                    )\n                ).click()\n    \n                take_screenshot(driver, \"customer_selected\")\n    \n            # ---------------- CLICK CREATE ----------------\n            with allure.step(\"Click Create Button\"):\n                create_btn = wait.until(\n                    EC.element_to_be_clickable(\n                        (By.XPATH, \"//button[@type='submit' and contains(normalize-space(),'Create')]\")\n                    )\n                )\n                driver.execute_script(\n                    \"arguments[0].scrollIntoView({block:'center'});\", create_btn\n                )\n                time.sleep(0.5)\n                create_btn.click()\n    \n                take_screenshot(driver, \"create_clicked\")\n    \n            with allure.step(\"Wait for Order Details Page\"):\n                wait.until(EC.url_contains(\"/supplier/orders/\"))\n                take_screenshot(driver, \"order_details_page\")\n    \n            # ---------------- ADD PRODUCT ONLY ----------------\n            add_product(driver, wait, \"Set\", 2)\n    \n            # ✅ Test intentionally ends here\n            take_screenshot(driver, \"test_completed_without_save\")\n            print(\"✅ Product added successfully (Save step skipped)\")\n    \n        except Exception as e:\n            take_screenshot(driver, \"test_failed\")\n>           pytest.fail(f\"Test failed due to error: {str(e)}\")\nE           Failed: Test failed due to error: Message: element click intercepted: Element <ng-select _ngcontent-qrb-c107=\"\" name=\"selectCustomer\" bindlabel=\"fullName\" autofocus=\"\" bindvalue=\"id\" class=\"ng-select ng-select-single ng-select-searchable ng-select-clearable ng-untouched ng-pristine ng-valid\">...</ng-select> is not clickable at point (760, 156). Other element would receive the click: <div _ngcontent-qrb-c150=\"\" class=\"spinner-wrapper d-flex justify-content-center min-vh-100 ng-tns-c150-1 ng-trigger ng-trigger-fadeOut ng-star-inserted\" style=\"\">...</div>\nE             (Session info: chrome=143.0.7499.193); For documentation on this error, please visit: https://www.selenium.dev/documentation/webdriver/troubleshooting/errors#elementclickinterceptedexception\nE           Stacktrace:\nE           Symbols not available. Dumping unresolved backtrace:\nE           \t0x7ff6d49188d5\nE           \t0x7ff6d4918930\nE           \t0x7ff6d46f165d\nE           \t0x7ff6d47519e8\nE           \t0x7ff6d474f40f\nE           \t0x7ff6d474c417\nE           \t0x7ff6d474b338\nE           \t0x7ff6d473ce7f\nE           \t0x7ff6d4771fda\nE           \t0x7ff6d473c746\nE           \t0x7ff6d479ac97\nE           \t0x7ff6d473ac29\nE           \t0x7ff6d473ba93\nE           \t0x7ff6d4c30620\nE           \t0x7ff6d4c2af60\nE           \t0x7ff6d4c496c6\nE           \t0x7ff6d4935dd4\nE           \t0x7ff6d493ed7c\nE           \t0x7ff6d4921ff4\nE           \t0x7ff6d49221a5\nE           \t0x7ff6d4907ed2\nE           \t0x7fff89247374\nE           \t0x7fff8b0fcc91\n\ntests\\test_create_order.py:199: Failed","steps":[{"name":"Open Tenant Select Page","time":{"start":1769067338518,"stop":1769067344877,"duration":6359},"status":"passed","steps":[],"attachments":[],"parameters":[],"attachmentsCount":0,"shouldDisplayMessage":false,"hasContent":false,"stepsCount":0,"attachmentStep":false},{"name":"Enter Tenant ID","time":{"start":1769067344877,"stop":1769067344974,"duration":97},"status":"passed","steps":[],"attachments":[],"parameters":[],"attachmentsCount":0,"shouldDisplayMessage":false,"hasContent":false,"stepsCount":0,"attachmentStep":false},{"name":"Set Tenant","time":{"start":1769067344974,"stop":1769067351207,"duration":6233},"status":"passed","steps":[],"attachments":[],"parameters":[],"attachmentsCount":0,"shouldDisplayMessage":false,"hasContent":false,"stepsCount":0,"attachmentStep":false},{"name":"Navigate to Login","time":{"start":1769067351207,"stop":1769067351379,"duration":172},"status":"passed","steps":[],"attachments":[],"parameters":[],"attachmentsCount":0,"shouldDisplayMessage":false,"hasContent":false,"stepsCount":0,"attachmentStep":false},{"name":"Login with credentials","time":{"start":1769067351379,"stop":1769067351601,"duration":222},"status":"passed","steps":[],"attachments":[],"parameters":[],"attachmentsCount":0,"shouldDisplayMessage":false,"hasContent":false,"stepsCount":0,"attachmentStep":false},{"name":"Verify Dashboard","time":{"start":1769067351601,"stop":1769067356843,"duration":5242},"status":"passed","steps":[],"attachments":[{"uid":"48117450cf5c92ae","name":"dashboard_loaded","source":"48117450cf5c92ae.png","type":"image/png","size":56119}],"parameters":[],"attachmentsCount":1,"shouldDisplayMessage":false,"hasContent":true,"stepsCount":0,"attachmentStep":false},{"name":"Open Orders Page","time":{"start":1769067356843,"stop":1769067362411,"duration":5568},"status":"passed","steps":[],"attachments":[{"uid":"7a7addea0ca14cb","name":"orders_page","source":"7a7addea0ca14cb.png","type":"image/png","size":6756}],"parameters":[],"attachmentsCount":1,"shouldDisplayMessage":false,"hasContent":true,"stepsCount":0,"attachmentStep":false},{"name":"Click New Order","time":{"start":1769067362411,"stop":1769067367127,"duration":4716},"status":"passed","steps":[],"attachments":[],"parameters":[],"attachmentsCount":0,"shouldDisplayMessage":false,"hasContent":false,"stepsCount":0,"attachmentStep":false},{"name":"Verify Create Order Form","time":{"start":1769067367127,"stop":1769067367295,"duration":168},"status":"passed","steps":[],"attachments":[{"uid":"d62a51d6aaac8d35","name":"create_order_form","source":"d62a51d6aaac8d35.png","type":"image/png","size":89507}],"parameters":[],"attachmentsCount":1,"shouldDisplayMessage":false,"hasContent":true,"stepsCount":0,"attachmentStep":false},{"name":"Select Customer - Amantha Nirmal","time":{"start":1769067367296,"stop":1769067368459,"duration":1163},"status":"broken","statusMessage":"selenium.common.exceptions.ElementClickInterceptedException: Message: element click intercepted: Element <ng-select _ngcontent-qrb-c107=\"\" name=\"selectCustomer\" bindlabel=\"fullName\" autofocus=\"\" bindvalue=\"id\" class=\"ng-select ng-select-single ng-select-searchable ng-select-clearable ng-untouched ng-pristine ng-valid\">...</ng-select> is not clickable at point (760, 156). Other element would receive the click: <div _ngcontent-qrb-c150=\"\" class=\"spinner-wrapper d-flex justify-content-center min-vh-100 ng-tns-c150-1 ng-trigger ng-trigger-fadeOut ng-star-inserted\" style=\"\">...</div>\n  (Session info: chrome=143.0.7499.193); For documentation on this error, please visit: https://www.selenium.dev/documentation/webdriver/troubleshooting/errors#elementclickinterceptedexception\nStacktrace:\nSymbols not available. Dumping unresolved backtrace:\n\t0x7ff6d49188d5\n\t0x7ff6d4918930\n\t0x7ff6d46f165d\n\t0x7ff6d47519e8\n\t0x7ff6d474f40f\n\t0x7ff6d474c417\n\t0x7ff6d474b338\n\t0x7ff6d473ce7f\n\t0x7ff6d4771fda\n\t0x7ff6d473c746\n\t0x7ff6d479ac97\n\t0x7ff6d473ac29\n\t0x7ff6d473ba93\n\t0x7ff6d4c30620\n\t0x7ff6d4c2af60\n\t0x7ff6d4c496c6\n\t0x7ff6d4935dd4\n\t0x7ff6d493ed7c\n\t0x7ff6d4921ff4\n\t0x7ff6d49221a5\n\t0x7ff6d4907ed2\n\t0x7fff89247374\n\t0x7fff8b0fcc91\n\n","statusTrace":"  File \"C:\\Users\\Suchini\\Desktop\\Ateam Software\\Hire-X Automation scripts\\Hire-X-Test-Automation-Scripts\\tests\\test_create_order.py\", line 160, in test_login_and_create_order\n    dropdown.click()\n    ~~~~~~~~~~~~~~^^\n  File \"C:\\Users\\Suchini\\Desktop\\Ateam Software\\Hire-X Automation scripts\\Hire-X-Test-Automation-Scripts\\venv\\Lib\\site-packages\\selenium\\webdriver\\remote\\webelement.py\", line 114, in click\n    self._execute(Command.CLICK_ELEMENT)\n    ~~~~~~~~~~~~~^^^^^^^^^^^^^^^^^^^^^^^\n  File \"C:\\Users\\Suchini\\Desktop\\Ateam Software\\Hire-X Automation scripts\\Hire-X-Test-Automation-Scripts\\venv\\Lib\\site-packages\\selenium\\webdriver\\remote\\webelement.py\", line 508, in _execute\n    return self._parent.execute(command, params)\n           ~~~~~~~~~~~~~~~~~~~~^^^^^^^^^^^^^^^^^\n  File \"C:\\Users\\Suchini\\Desktop\\Ateam Software\\Hire-X Automation scripts\\Hire-X-Test-Automation-Scripts\\venv\\Lib\\site-packages\\selenium\\webdriver\\remote\\webdriver.py\", line 432, in execute\n    self.error_handler.check_response(response)\n    ~~~~~~~~~~~~~~~~~~~~~~~~~~~~~~~~~^^^^^^^^^^\n  File \"C:\\Users\\Suchini\\Desktop\\Ateam Software\\Hire-X Automation scripts\\Hire-X-Test-Automation-Scripts\\venv\\Lib\\site-packages\\selenium\\webdriver\\remote\\errorhandler.py\", line 232, in check_response\n    raise exception_class(message, screen, stacktrace)\n","steps":[],"attachments":[],"parameters":[],"attachmentsCount":0,"shouldDisplayMessage":true,"hasContent":true,"stepsCount":0,"attachmentStep":false}],"attachments":[{"uid":"86aea9d90526d702","name":"test_failed","source":"86aea9d90526d702.png","type":"image/png","size":89650}],"parameters":[],"attachmentsCount":4,"shouldDisplayMessage":true,"hasContent":true,"stepsCount":10,"attachmentStep":false},"afterStages":[{"name":"driver::0","time":{"start":1769067368782,"stop":1769067368782,"duration":0},"status":"passed","steps":[],"attachments":[],"parameters":[],"attachmentsCount":0,"shouldDisplayMessage":false,"hasContent":false,"stepsCount":0,"attachmentStep":false}],"labels":[{"name":"feature","value":"Order Management"},{"name":"parentSuite","value":"Web Automation"},{"name":"suite","value":"Orders"},{"name":"subSuite","value":"Create Order"},{"name":"tag","value":"smoke"},{"name":"host","value":"DESKTOP-SCU7Q85"},{"name":"thread","value":"10664-MainThread"},{"name":"framework","value":"pytest"},{"name":"language","value":"cpython3"},{"name":"package","value":"tests.test_create_order"},{"name":"resultFormat","value":"allure2"}],"parameters":[],"links":[],"hidden":true,"retry":true,"extra":{"categories":[],"tags":["smoke"]},"source":"97d18120b57436d4.json","parameterValues":[]}