{"uid":"a4132ad480817684","name":"TC02 - Create Order with Product (No Save)","fullName":"tests.test_create_order#test_login_and_create_order","historyId":"b287b2fc0027e5283ee55bbb62a9bf33","time":{"start":1769075234960,"stop":1769075307137,"duration":72177},"status":"passed","flaky":false,"newFailed":false,"newBroken":false,"newPassed":false,"retriesCount":60,"retriesStatusChange":true,"beforeStages":[{"name":"driver","time":{"start":1769075233702,"stop":1769075234958,"duration":1256},"status":"passed","steps":[],"attachments":[],"parameters":[],"attachmentsCount":0,"shouldDisplayMessage":false,"hasContent":false,"stepsCount":0,"attachmentStep":false}],"testStage":{"status":"passed","steps":[{"name":"Open Tenant Select Page","time":{"start":1769075234961,"stop":1769075248978,"duration":14017},"status":"passed","steps":[],"attachments":[],"parameters":[],"attachmentsCount":0,"shouldDisplayMessage":false,"hasContent":false,"stepsCount":0,"attachmentStep":false},{"name":"Enter Tenant ID","time":{"start":1769075248978,"stop":1769075249109,"duration":131},"status":"passed","steps":[],"attachments":[],"parameters":[],"attachmentsCount":0,"shouldDisplayMessage":false,"hasContent":false,"stepsCount":0,"attachmentStep":false},{"name":"Set Tenant","time":{"start":1769075249109,"stop":1769075258974,"duration":9865},"status":"passed","steps":[],"attachments":[],"parameters":[],"attachmentsCount":0,"shouldDisplayMessage":false,"hasContent":false,"stepsCount":0,"attachmentStep":false},{"name":"Navigate to Login","time":{"start":1769075258974,"stop":1769075259061,"duration":87},"status":"passed","steps":[],"attachments":[],"parameters":[],"attachmentsCount":0,"shouldDisplayMessage":false,"hasContent":false,"stepsCount":0,"attachmentStep":false},{"name":"Login with credentials","time":{"start":1769075259061,"stop":1769075259274,"duration":213},"status":"passed","steps":[],"attachments":[],"parameters":[],"attachmentsCount":0,"shouldDisplayMessage":false,"hasContent":false,"stepsCount":0,"attachmentStep":false},{"name":"Verify Dashboard","time":{"start":1769075259274,"stop":1769075265569,"duration":6295},"status":"passed","steps":[],"attachments":[{"uid":"3c5cc62592c60bbb","name":"dashboard_loaded","source":"3c5cc62592c60bbb.png","type":"image/png","size":55934}],"parameters":[],"attachmentsCount":1,"shouldDisplayMessage":false,"hasContent":true,"stepsCount":0,"attachmentStep":false},{"name":"Open Orders Page","time":{"start":1769075265569,"stop":1769075270287,"duration":4718},"status":"passed","steps":[],"attachments":[{"uid":"f78690fcbdc4a8a4","name":"orders_page","source":"f78690fcbdc4a8a4.png","type":"image/png","size":6756}],"parameters":[],"attachmentsCount":1,"shouldDisplayMessage":false,"hasContent":true,"stepsCount":0,"attachmentStep":false},{"name":"Click New Order","time":{"start":1769075270287,"stop":1769075283992,"duration":13705},"status":"passed","steps":[],"attachments":[],"parameters":[],"attachmentsCount":0,"shouldDisplayMessage":false,"hasContent":false,"stepsCount":0,"attachmentStep":false},{"name":"Verify Create Order Form","time":{"start":1769075283993,"stop":1769075284151,"duration":158},"status":"passed","steps":[],"attachments":[{"uid":"46dd7379477bc564","name":"create_order_form","source":"46dd7379477bc564.png","type":"image/png","size":90312}],"parameters":[],"attachmentsCount":1,"shouldDisplayMessage":false,"hasContent":true,"stepsCount":0,"attachmentStep":false},{"name":"Select Customer - Amantha Nirmal","time":{"start":1769075284152,"stop":1769075286239,"duration":2087},"status":"passed","steps":[],"attachments":[{"uid":"e755dad1eb81ef29","name":"customer_selected","source":"e755dad1eb81ef29.png","type":"image/png","size":102595}],"parameters":[],"attachmentsCount":1,"shouldDisplayMessage":false,"hasContent":true,"stepsCount":0,"attachmentStep":false},{"name":"Click Create Button","time":{"start":1769075286239,"stop":1769075287046,"duration":807},"status":"passed","steps":[],"attachments":[{"uid":"4eea8bc74dea1d8b","name":"create_clicked","source":"4eea8bc74dea1d8b.png","type":"image/png","size":98523}],"parameters":[],"attachmentsCount":1,"shouldDisplayMessage":false,"hasContent":true,"stepsCount":0,"attachmentStep":false},{"name":"Wait for Order Details Page","time":{"start":1769075287046,"stop":1769075290756,"duration":3710},"status":"passed","steps":[],"attachments":[{"uid":"f3e5c88dc498beec","name":"order_details_page","source":"f3e5c88dc498beec.png","type":"image/png","size":40653}],"parameters":[],"attachmentsCount":1,"shouldDisplayMessage":false,"hasContent":true,"stepsCount":0,"attachmentStep":false},{"name":"Add Product - Set (Qty 2)","time":{"start":1769075290756,"stop":1769075306977,"duration":16221},"status":"passed","steps":[],"attachments":[{"uid":"60c2e26da5a4f6d1","name":"product_selected_qty","source":"60c2e26da5a4f6d1.png","type":"image/png","size":60564},{"uid":"e6382ff6e38d6445","name":"product_added_success","source":"e6382ff6e38d6445.png","type":"image/png","size":61968}],"parameters":[],"attachmentsCount":2,"shouldDisplayMessage":false,"hasContent":true,"stepsCount":0,"attachmentStep":false}],"attachments":[{"uid":"1ccfbd500a7f65ad","name":"test_completed_without_save","source":"1ccfbd500a7f65ad.png","type":"image/png","size":61929},{"uid":"d80f713dbd1e4be","name":"stdout","source":"d80f713dbd1e4be.txt","type":"text/plain","size":51}],"parameters":[],"attachmentsCount":10,"shouldDisplayMessage":false,"hasContent":true,"stepsCount":13,"attachmentStep":false},"afterStages":[{"name":"driver::0","time":{"start":1769075307139,"stop":1769075307139,"duration":0},"status":"passed","steps":[],"attachments":[],"parameters":[],"attachmentsCount":0,"shouldDisplayMessage":false,"hasContent":false,"stepsCount":0,"attachmentStep":false}],"labels":[{"name":"subSuite","value":"Create Order"},{"name":"feature","value":"Order Management"},{"name":"suite","value":"Orders"},{"name":"parentSuite","value":"Web Automation"},{"name":"tag","value":"smoke"},{"name":"host","value":"DESKTOP-SCU7Q85"},{"name":"thread","value":"16468-MainThread"},{"name":"framework","value":"pytest"},{"name":"language","value":"cpython3"},{"name":"package","value":"tests.test_create_order"},{"name":"resultFormat","value":"allure2"}],"parameters":[],"links":[],"hidden":false,"retry":false,"extra":{"severity":"normal","retries":[{"uid":"83c0a6fb743e80da","status":"failed","statusDetails":"Failed: Test failed due to error: Message: element click intercepted: Element <ng-select _ngcontent-ait-c107=\"\" name=\"selectCustomer\" bindlabel=\"fullName\" autofocus=\"\" bindvalue=\"id\" class=\"ng-select ng-select-single ng-select-searchable ng-select-clearable ng-untouched ng-pristine ng-valid\">...</ng-select> is not clickable at point (760, 139). Other element would receive the click: <div _ngcontent-ait-c49=\"\" class=\"form-group\">...</div>\n  (Session info: chrome=143.0.7499.193); For documentation on this error, please visit: https://www.selenium.dev/documentation/webdriver/troubleshooting/errors#elementclickinterceptedexception\nStacktrace:\nSymbols not available. Dumping unresolved backtrace:\n\t0x7ff638c288d5\n\t0x7ff638c28930\n\t0x7ff638a0165d\n\t0x7ff638a619e8\n\t0x7ff638a5f40f\n\t0x7ff638a5c417\n\t0x7ff638a5b338\n\t0x7ff638a4ce7f\n\t0x7ff638a81fda\n\t0x7ff638a4c746\n\t0x7ff638aaac97\n\t0x7ff638a4ac29\n\t0x7ff638a4ba93\n\t0x7ff638f40620\n\t0x7ff638f3af60\n\t0x7ff638f596c6\n\t0x7ff638c45dd4\n\t0x7ff638c4ed7c\n\t0x7ff638c31ff4\n\t0x7ff638c321a5\n\t0x7ff638c17ed2\n\t0x7fff6d397374\n\t0x7fff6d7dcc91","time":{"start":1769075178920,"stop":1769075226614,"duration":47694}},{"uid":"ccabe6dc4da544f4","status":"passed","time":{"start":1769067379386,"stop":1769067428371,"duration":48985}},{"uid":"97d18120b57436d4","status":"failed","statusDetails":"Failed: Test failed due to error: Message: element click intercepted: Element <ng-select _ngcontent-qrb-c107=\"\" name=\"selectCustomer\" bindlabel=\"fullName\" autofocus=\"\" bindvalue=\"id\" class=\"ng-select ng-select-single ng-select-searchable ng-select-clearable ng-untouched ng-pristine ng-valid\">...</ng-select> is not clickable at point (760, 156). Other element would receive the click: <div _ngcontent-qrb-c150=\"\" class=\"spinner-wrapper d-flex justify-content-center min-vh-100 ng-tns-c150-1 ng-trigger ng-trigger-fadeOut ng-star-inserted\" style=\"\">...</div>\n  (Session info: chrome=143.0.7499.193); For documentation on this error, please visit: https://www.selenium.dev/documentation/webdriver/troubleshooting/errors#elementclickinterceptedexception\nStacktrace:\nSymbols not available. Dumping unresolved backtrace:\n\t0x7ff6d49188d5\n\t0x7ff6d4918930\n\t0x7ff6d46f165d\n\t0x7ff6d47519e8\n\t0x7ff6d474f40f\n\t0x7ff6d474c417\n\t0x7ff6d474b338\n\t0x7ff6d473ce7f\n\t0x7ff6d4771fda\n\t0x7ff6d473c746\n\t0x7ff6d479ac97\n\t0x7ff6d473ac29\n\t0x7ff6d473ba93\n\t0x7ff6d4c30620\n\t0x7ff6d4c2af60\n\t0x7ff6d4c496c6\n\t0x7ff6d4935dd4\n\t0x7ff6d493ed7c\n\t0x7ff6d4921ff4\n\t0x7ff6d49221a5\n\t0x7ff6d4907ed2\n\t0x7fff89247374\n\t0x7fff8b0fcc91","time":{"start":1769067338518,"stop":1769067368613,"duration":30095}},{"uid":"8f751844fb1f6782","status":"failed","statusDetails":"Failed: Test failed due to error: Message: element click intercepted: Element <a _ngcontent-upu-c150=\"\" class=\"nav-link\" href=\"/login\">...</a> is not clickable at point (1348, 32). Other element would receive the click: <div _ngcontent-upu-c151=\"\" class=\"spinner-wrapper d-flex justify-content-center min-vh-100 ng-tns-c151-1 ng-trigger ng-trigger-fadeOut ng-star-inserted\">...</div>\n  (Session info: chrome=143.0.7499.193); For documentation on this error, please visit: https://www.selenium.dev/documentation/webdriver/troubleshooting/errors#elementclickinterceptedexception\nStacktrace:\nSymbols not available. Dumping unresolved backtrace:\n\t0x7ff7728488d5\n\t0x7ff772848930\n\t0x7ff77262165d\n\t0x7ff7726819e8\n\t0x7ff77267f40f\n\t0x7ff77267c417\n\t0x7ff77267b338\n\t0x7ff77266ce7f\n\t0x7ff7726a1fda\n\t0x7ff77266c746\n\t0x7ff7726cac97\n\t0x7ff77266ac29\n\t0x7ff77266ba93\n\t0x7ff772b60620\n\t0x7ff772b5af60\n\t0x7ff772b796c6\n\t0x7ff772865dd4\n\t0x7ff77286ed7c\n\t0x7ff772851ff4\n\t0x7ff7728521a5\n\t0x7ff772837ed2\n\t0x7fff89247374\n\t0x7fff8b0fcc91","time":{"start":1769067287933,"stop":1769067313027,"duration":25094}},{"uid":"93100372a3e8618d","status":"passed","time":{"start":1769066561217,"stop":1769066617664,"duration":56447}},{"uid":"95fae54efcafbb82","status":"failed","statusDetails":"Failed: Test failed due to error: Message:","time":{"start":1769066215463,"stop":1769066288940,"duration":73477}},{"uid":"e85a1aa68c166865","status":"broken","statusDetails":"selenium.common.exceptions.NoSuchWindowException: Message: no such window: target window already closed\nfrom unknown error: web view not found\n  (Session info: chrome=143.0.7499.193)\nStacktrace:\nSymbols not available. Dumping unresolved backtrace:\n\t0x7ff6b60e88d5\n\t0x7ff6b60e8930\n\t0x7ff6b5ec165d\n\t0x7ff6b5e991b1\n\t0x7ff6b5f497e6\n\t0x7ff6b5f6a5c2\n\t0x7ff6b5f0ac29\n\t0x7ff6b5f0ba93\n\t0x7ff6b6400620\n\t0x7ff6b63faf60\n\t0x7ff6b64196c6\n\t0x7ff6b6105dd4\n\t0x7ff6b610ed7c\n\t0x7ff6b60f1ff4\n\t0x7ff6b60f21a5\n\t0x7ff6b60d7ed2\n\t0x7fff89247374\n\t0x7fff8b0fcc91","time":{"start":1769066150468,"stop":1769066205025,"duration":54557}},{"uid":"fe3cc8c1dd40c11d","status":"failed","statusDetails":"Failed: Test failed due to error: Message: element click intercepted: Element <ng-select _ngcontent-smm-c107=\"\" name=\"selectCustomer\" bindlabel=\"fullName\" autofocus=\"\" bindvalue=\"id\" class=\"ng-select ng-select-single ng-select-searchable ng-select-clearable ng-untouched ng-pristine ng-valid\">...</ng-select> is not clickable at point (760, 159). Other element would receive the click: <div _ngcontent-smm-c150=\"\" class=\"spinner-wrapper d-flex justify-content-center min-vh-100 ng-tns-c150-1 ng-trigger ng-trigger-fadeOut ng-star-inserted\" style=\"\">...</div>\n  (Session info: chrome=143.0.7499.193); For documentation on this error, please visit: https://www.selenium.dev/documentation/webdriver/troubleshooting/errors#elementclickinterceptedexception\nStacktrace:\nSymbols not available. Dumping unresolved backtrace:\n\t0x7ff7f99088d5\n\t0x7ff7f9908930\n\t0x7ff7f96e165d\n\t0x7ff7f97419e8\n\t0x7ff7f973f40f\n\t0x7ff7f973c417\n\t0x7ff7f973b338\n\t0x7ff7f972ce7f\n\t0x7ff7f9761fda\n\t0x7ff7f972c746\n\t0x7ff7f978ac97\n\t0x7ff7f972ac29\n\t0x7ff7f972ba93\n\t0x7ff7f9c20620\n\t0x7ff7f9c1af60\n\t0x7ff7f9c396c6\n\t0x7ff7f9925dd4\n\t0x7ff7f992ed7c\n\t0x7ff7f9911ff4\n\t0x7ff7f99121a5\n\t0x7ff7f98f7ed2\n\t0x7fff89247374\n\t0x7fff8b0fcc91","time":{"start":1769066042717,"stop":1769066096255,"duration":53538}},{"uid":"d27d7902e4046a02","status":"failed","statusDetails":"Failed: Test failed due to error: Message: \nStacktrace:\nSymbols not available. Dumping unresolved backtrace:\n\t0x7ff6958e88d5\n\t0x7ff6958e8930\n\t0x7ff6956c165d\n\t0x7ff695719a33\n\t0x7ff695719d3c\n\t0x7ff69576df67\n\t0x7ff69576ac97\n\t0x7ff69570ac29\n\t0x7ff69570ba93\n\t0x7ff695c00620\n\t0x7ff695bfaf60\n\t0x7ff695c196c6\n\t0x7ff695905dd4\n\t0x7ff69590ed7c\n\t0x7ff6958f1ff4\n\t0x7ff6958f21a5\n\t0x7ff6958d7ed2\n\t0x7fff89247374\n\t0x7fff8b0fcc91","time":{"start":1769064226364,"stop":1769064284094,"duration":57730}},{"uid":"e3ffbbb31c0bdce","status":"failed","statusDetails":"Failed: Test failed due to error: Message:","time":{"start":1769060540988,"stop":1769060619859,"duration":78871}},{"uid":"4bb708869f916048","status":"failed","statusDetails":"Failed: Test failed due to error: Message: element click intercepted: Element <a _ngcontent-lgg-c150=\"\" class=\"nav-link\" href=\"/login\">...</a> is not clickable at point (1348, 32). Other element would receive the click: <div _ngcontent-lgg-c151=\"\" class=\"spinner-wrapper d-flex justify-content-center min-vh-100 ng-tns-c151-1 ng-trigger ng-trigger-fadeOut ng-star-inserted\">...</div>\n  (Session info: chrome=143.0.7499.193); For documentation on this error, please visit: https://www.selenium.dev/documentation/webdriver/troubleshooting/errors#elementclickinterceptedexception\nStacktrace:\nSymbols not available. Dumping unresolved backtrace:\n\t0x7ff71d5188d5\n\t0x7ff71d518930\n\t0x7ff71d2f165d\n\t0x7ff71d3519e8\n\t0x7ff71d34f40f\n\t0x7ff71d34c417\n\t0x7ff71d34b338\n\t0x7ff71d33ce7f\n\t0x7ff71d371fda\n\t0x7ff71d33c746\n\t0x7ff71d39ac97\n\t0x7ff71d33ac29\n\t0x7ff71d33ba93\n\t0x7ff71d830620\n\t0x7ff71d82af60\n\t0x7ff71d8496c6\n\t0x7ff71d535dd4\n\t0x7ff71d53ed7c\n\t0x7ff71d521ff4\n\t0x7ff71d5221a5\n\t0x7ff71d507ed2\n\t0x7fff89247374\n\t0x7fff8b0fcc91","time":{"start":1769060487531,"stop":1769060509713,"duration":22182}},{"uid":"c310db63d4a328ff","status":"failed","statusDetails":"Failed: Test failed due to error: Message: element click intercepted: Element <a _ngcontent-kax-c150=\"\" class=\"nav-link\" href=\"/login\">...</a> is not clickable at point (1348, 32). Other element would receive the click: <div _ngcontent-kax-c151=\"\" class=\"spinner-wrapper d-flex justify-content-center min-vh-100 ng-tns-c151-1 ng-trigger ng-trigger-fadeOut ng-star-inserted ng-animating\">...</div>\n  (Session info: chrome=143.0.7499.193); For documentation on this error, please visit: https://www.selenium.dev/documentation/webdriver/troubleshooting/errors#elementclickinterceptedexception\nStacktrace:\nSymbols not available. Dumping unresolved backtrace:\n\t0x7ff71d5188d5\n\t0x7ff71d518930\n\t0x7ff71d2f165d\n\t0x7ff71d3519e8\n\t0x7ff71d34f40f\n\t0x7ff71d34c417\n\t0x7ff71d34b338\n\t0x7ff71d33ce7f\n\t0x7ff71d371fda\n\t0x7ff71d33c746\n\t0x7ff71d39ac97\n\t0x7ff71d33ac29\n\t0x7ff71d33ba93\n\t0x7ff71d830620\n\t0x7ff71d82af60\n\t0x7ff71d8496c6\n\t0x7ff71d535dd4\n\t0x7ff71d53ed7c\n\t0x7ff71d521ff4\n\t0x7ff71d5221a5\n\t0x7ff71d507ed2\n\t0x7fff89247374\n\t0x7fff8b0fcc91","time":{"start":1769060454703,"stop":1769060474477,"duration":19774}},{"uid":"215f3e8d6f4f750d","status":"failed","statusDetails":"Failed: Test failed due to error: Message:","time":{"start":1769060056605,"stop":1769060134109,"duration":77504}},{"uid":"4499f24e95d53d1f","status":"failed","statusDetails":"Failed: Test failed due to error: Message:","time":{"start":1769059628494,"stop":1769059719000,"duration":90506}},{"uid":"c99a3a3877eeab92","status":"failed","statusDetails":"Failed: Test failed due to error: Message: element click intercepted: Element <a _ngcontent-okb-c150=\"\" class=\"nav-link\" href=\"/login\">...</a> is not clickable at point (1348, 32). Other element would receive the click: <div _ngcontent-okb-c151=\"\" class=\"spinner-wrapper d-flex justify-content-center min-vh-100 ng-tns-c151-1 ng-trigger ng-trigger-fadeOut ng-star-inserted\">...</div>\n  (Session info: chrome=143.0.7499.193); For documentation on this error, please visit: https://www.selenium.dev/documentation/webdriver/troubleshooting/errors#elementclickinterceptedexception\nStacktrace:\nSymbols not available. Dumping unresolved backtrace:\n\t0x7ff6f41488d5\n\t0x7ff6f4148930\n\t0x7ff6f3f2165d\n\t0x7ff6f3f819e8\n\t0x7ff6f3f7f40f\n\t0x7ff6f3f7c417\n\t0x7ff6f3f7b338\n\t0x7ff6f3f6ce7f\n\t0x7ff6f3fa1fda\n\t0x7ff6f3f6c746\n\t0x7ff6f3fcac97\n\t0x7ff6f3f6ac29\n\t0x7ff6f3f6ba93\n\t0x7ff6f4460620\n\t0x7ff6f445af60\n\t0x7ff6f44796c6\n\t0x7ff6f4165dd4\n\t0x7ff6f416ed7c\n\t0x7ff6f4151ff4\n\t0x7ff6f41521a5\n\t0x7ff6f4137ed2\n\t0x7fff89247374\n\t0x7fff8b0fcc91","time":{"start":1769059601082,"stop":1769059616184,"duration":15102}},{"uid":"9110381d15e447ba","status":"failed","statusDetails":"Failed: Test failed due to error: Message:","time":{"start":1769059365560,"stop":1769059447580,"duration":82020}},{"uid":"5bf5be6a18866731","status":"failed","statusDetails":"Failed: Test failed due to error: Message: element click intercepted: Element <ng-select _ngcontent-plv-c107=\"\" name=\"selectCustomer\" bindlabel=\"fullName\" autofocus=\"\" bindvalue=\"id\" class=\"ng-select ng-select-single ng-select-searchable ng-select-clearable ng-untouched ng-pristine ng-valid\">...</ng-select> is not clickable at point (760, 159). Other element would receive the click: <div _ngcontent-plv-c150=\"\" class=\"spinner-wrapper d-flex justify-content-center min-vh-100 ng-tns-c150-1 ng-trigger ng-trigger-fadeOut ng-star-inserted\" style=\"\">...</div>\n  (Session info: chrome=143.0.7499.193); For documentation on this error, please visit: https://www.selenium.dev/documentation/webdriver/troubleshooting/errors#elementclickinterceptedexception\nStacktrace:\nSymbols not available. Dumping unresolved backtrace:\n\t0x7ff668f588d5\n\t0x7ff668f58930\n\t0x7ff668d3165d\n\t0x7ff668d919e8\n\t0x7ff668d8f40f\n\t0x7ff668d8c417\n\t0x7ff668d8b338\n\t0x7ff668d7ce7f\n\t0x7ff668db1fda\n\t0x7ff668d7c746\n\t0x7ff668ddac97\n\t0x7ff668d7ac29\n\t0x7ff668d7ba93\n\t0x7ff669270620\n\t0x7ff66926af60\n\t0x7ff6692896c6\n\t0x7ff668f75dd4\n\t0x7ff668f7ed7c\n\t0x7ff668f61ff4\n\t0x7ff668f621a5\n\t0x7ff668f47ed2\n\t0x7fff89247374\n\t0x7fff8b0fcc91","time":{"start":1769059311637,"stop":1769059352461,"duration":40824}},{"uid":"ef739dc93be2f6b9","status":"failed","statusDetails":"Failed: Test failed due to error: Message:","time":{"start":1769059203061,"stop":1769059302550,"duration":99489}},{"uid":"6557a39820d251ff","status":"failed","statusDetails":"Failed: Test failed due to error: Message:","time":{"start":1769059051480,"stop":1769059129464,"duration":77984}},{"uid":"4eb41782ead4f4b8","status":"failed","statusDetails":"Failed: Test failed due to error: Message:","time":{"start":1769058952803,"stop":1769059042582,"duration":89779}},{"uid":"36cd846d8462089f","status":"failed","statusDetails":"Failed: Test failed due to error: Message:","time":{"start":1769058854280,"stop":1769058942365,"duration":88085}},{"uid":"55f5a3ced1d2769b","status":"failed","statusDetails":"Failed: Test failed due to error: Message: element click intercepted: Element <ng-select _ngcontent-rqj-c107=\"\" name=\"selectCustomer\" bindlabel=\"fullName\" autofocus=\"\" bindvalue=\"id\" class=\"ng-select ng-select-single ng-select-searchable ng-select-clearable ng-untouched ng-pristine ng-valid\">...</ng-select> is not clickable at point (760, 159). Other element would receive the click: <div _ngcontent-rqj-c150=\"\" class=\"spinner-wrapper d-flex justify-content-center min-vh-100 ng-tns-c150-1 ng-trigger ng-trigger-fadeOut ng-star-inserted\" style=\"\">...</div>\n  (Session info: chrome=143.0.7499.193); For documentation on this error, please visit: https://www.selenium.dev/documentation/webdriver/troubleshooting/errors#elementclickinterceptedexception\nStacktrace:\nSymbols not available. Dumping unresolved backtrace:\n\t0x7ff7a21e88d5\n\t0x7ff7a21e8930\n\t0x7ff7a1fc165d\n\t0x7ff7a20219e8\n\t0x7ff7a201f40f\n\t0x7ff7a201c417\n\t0x7ff7a201b338\n\t0x7ff7a200ce7f\n\t0x7ff7a2041fda\n\t0x7ff7a200c746\n\t0x7ff7a206ac97\n\t0x7ff7a200ac29\n\t0x7ff7a200ba93\n\t0x7ff7a2500620\n\t0x7ff7a24faf60\n\t0x7ff7a25196c6\n\t0x7ff7a2205dd4\n\t0x7ff7a220ed7c\n\t0x7ff7a21f1ff4\n\t0x7ff7a21f21a5\n\t0x7ff7a21d7ed2\n\t0x7fff89247374\n\t0x7fff8b0fcc91","time":{"start":1769058769734,"stop":1769058811676,"duration":41942}},{"uid":"70d3062b3fb1590a","status":"failed","statusDetails":"Failed: Test failed due to error: Message: element click intercepted: Element <ng-select _ngcontent-evk-c107=\"\" name=\"selectCustomer\" bindlabel=\"fullName\" autofocus=\"\" bindvalue=\"id\" class=\"ng-select ng-select-single ng-select-searchable ng-select-clearable ng-untouched ng-pristine ng-valid\">...</ng-select> is not clickable at point (760, 159). Other element would receive the click: <div _ngcontent-evk-c150=\"\" class=\"spinner-wrapper d-flex justify-content-center min-vh-100 ng-tns-c150-1 ng-trigger ng-trigger-fadeOut ng-star-inserted\" style=\"\">...</div>\n  (Session info: chrome=143.0.7499.193); For documentation on this error, please visit: https://www.selenium.dev/documentation/webdriver/troubleshooting/errors#elementclickinterceptedexception\nStacktrace:\nSymbols not available. Dumping unresolved backtrace:\n\t0x7ff7a21e88d5\n\t0x7ff7a21e8930\n\t0x7ff7a1fc165d\n\t0x7ff7a20219e8\n\t0x7ff7a201f40f\n\t0x7ff7a201c417\n\t0x7ff7a201b338\n\t0x7ff7a200ce7f\n\t0x7ff7a2041fda\n\t0x7ff7a200c746\n\t0x7ff7a206ac97\n\t0x7ff7a200ac29\n\t0x7ff7a200ba93\n\t0x7ff7a2500620\n\t0x7ff7a24faf60\n\t0x7ff7a25196c6\n\t0x7ff7a2205dd4\n\t0x7ff7a220ed7c\n\t0x7ff7a21f1ff4\n\t0x7ff7a21f21a5\n\t0x7ff7a21d7ed2\n\t0x7fff89247374\n\t0x7fff8b0fcc91","time":{"start":1769058635627,"stop":1769058672462,"duration":36835}},{"uid":"90b684c01767f719","status":"broken","statusDetails":"selenium.common.exceptions.InvalidSessionIdException: Message: invalid session id; For documentation on this error, please visit: https://www.selenium.dev/documentation/webdriver/troubleshooting/errors#invalidsessionidexception\nStacktrace:\nSymbols not available. Dumping unresolved backtrace:\n\t0x7ff7a21e88d5\n\t0x7ff7a21e8930\n\t0x7ff7a1fc1465\n\t0x7ff7a2009d83\n\t0x7ff7a2041ee2\n\t0x7ff7a203c500\n\t0x7ff7a203b6f0\n\t0x7ff7a1f8b325\n\t0x7ff7a2500620\n\t0x7ff7a24faf60\n\t0x7ff7a25196c6\n\t0x7ff7a2205dd4\n\t0x7ff7a220ed7c\n\t0x7ff7a1f89cb8\n\t0x7ff7a265efe8\n\t0x7fff89247374\n\t0x7fff8b0fcc91","time":{"start":1769058535873,"stop":1769058620550,"duration":84677}},{"uid":"982a6f2f60e665a1","status":"failed","statusDetails":"Failed: Test failed due to error: Message:","time":{"start":1769058139181,"stop":1769058229127,"duration":89946}},{"uid":"4010fa596c8be778","status":"failed","statusDetails":"Failed: Test failed due to error: Message:","time":{"start":1769057911805,"stop":1769057998292,"duration":86487}},{"uid":"66b99020f6b50798","status":"failed","statusDetails":"Failed: Test failed due to error: Message:","time":{"start":1769057774711,"stop":1769057877892,"duration":103181}},{"uid":"ac6870f96ef37768","status":"failed","statusDetails":"Failed: Test failed due to error: Message:","time":{"start":1769056977806,"stop":1769057053338,"duration":75532}},{"uid":"dd23e1d13eeacf4f","status":"failed","statusDetails":"Failed: Test failed due to error: Message: element click intercepted: Element <a _ngcontent-hws-c150=\"\" class=\"nav-link\" href=\"/login\">...</a> is not clickable at point (1348, 32). Other element would receive the click: <div _ngcontent-hws-c151=\"\" class=\"spinner-wrapper d-flex justify-content-center min-vh-100 ng-tns-c151-1 ng-trigger ng-trigger-fadeOut ng-star-inserted\">...</div>\n  (Session info: chrome=143.0.7499.193); For documentation on this error, please visit: https://www.selenium.dev/documentation/webdriver/troubleshooting/errors#elementclickinterceptedexception\nStacktrace:\nSymbols not available. Dumping unresolved backtrace:\n\t0x7ff7009488d5\n\t0x7ff700948930\n\t0x7ff70072165d\n\t0x7ff7007819e8\n\t0x7ff70077f40f\n\t0x7ff70077c417\n\t0x7ff70077b338\n\t0x7ff70076ce7f\n\t0x7ff7007a1fda\n\t0x7ff70076c746\n\t0x7ff7007cac97\n\t0x7ff70076ac29\n\t0x7ff70076ba93\n\t0x7ff700c60620\n\t0x7ff700c5af60\n\t0x7ff700c796c6\n\t0x7ff700965dd4\n\t0x7ff70096ed7c\n\t0x7ff700951ff4\n\t0x7ff7009521a5\n\t0x7ff700937ed2\n\t0x7fff89247374\n\t0x7fff8b0fcc91","time":{"start":1769056928568,"stop":1769056948360,"duration":19792}},{"uid":"4d190586a3acc903","status":"failed","statusDetails":"Failed: Test failed due to error: Message:","time":{"start":1769056439764,"stop":1769056524204,"duration":84440}},{"uid":"7551176fb4f81ad5","status":"failed","statusDetails":"Failed: Test failed due to error: Message:","time":{"start":1769055898911,"stop":1769055976776,"duration":77865}},{"uid":"33dab7e50cd5a6d3","status":"failed","statusDetails":"Failed: Test failed due to error: Message: element click intercepted: Element <a _ngcontent-rcr-c150=\"\" class=\"nav-link\" href=\"/login\">...</a> is not clickable at point (1348, 32). Other element would receive the click: <div _ngcontent-rcr-c151=\"\" class=\"spinner-wrapper d-flex justify-content-center min-vh-100 ng-tns-c151-1 ng-trigger ng-trigger-fadeOut ng-star-inserted\">...</div>\n  (Session info: chrome=143.0.7499.193); For documentation on this error, please visit: https://www.selenium.dev/documentation/webdriver/troubleshooting/errors#elementclickinterceptedexception\nStacktrace:\nSymbols not available. Dumping unresolved backtrace:\n\t0x7ff75af688d5\n\t0x7ff75af68930\n\t0x7ff75ad4165d\n\t0x7ff75ada19e8\n\t0x7ff75ad9f40f\n\t0x7ff75ad9c417\n\t0x7ff75ad9b338\n\t0x7ff75ad8ce7f\n\t0x7ff75adc1fda\n\t0x7ff75ad8c746\n\t0x7ff75adeac97\n\t0x7ff75ad8ac29\n\t0x7ff75ad8ba93\n\t0x7ff75b280620\n\t0x7ff75b27af60\n\t0x7ff75b2996c6\n\t0x7ff75af85dd4\n\t0x7ff75af8ed7c\n\t0x7ff75af71ff4\n\t0x7ff75af721a5\n\t0x7ff75af57ed2\n\t0x7fff89247374\n\t0x7fff8b0fcc91","time":{"start":1769055870488,"stop":1769055889458,"duration":18970}},{"uid":"335c2bbf4dd09ca5","status":"failed","statusDetails":"Failed: Test failed due to error: Message:","time":{"start":1769055764091,"stop":1769055856928,"duration":92837}},{"uid":"e1aa8e8a994bd0e4","status":"failed","statusDetails":"Failed: Test failed due to error: Message:","time":{"start":1769055216121,"stop":1769055304788,"duration":88667}},{"uid":"a99f06ba9d7397e2","status":"failed","statusDetails":"Failed: Test failed due to error: Message: element click intercepted: Element <ng-select _ngcontent-usr-c107=\"\" name=\"selectCustomer\" bindlabel=\"fullName\" autofocus=\"\" bindvalue=\"id\" class=\"ng-select ng-select-single ng-select-searchable ng-select-clearable ng-untouched ng-pristine ng-valid\">...</ng-select> is not clickable at point (760, 159). Other element would receive the click: <div _ngcontent-usr-c150=\"\" class=\"spinner-wrapper d-flex justify-content-center min-vh-100 ng-tns-c150-1 ng-trigger ng-trigger-fadeOut ng-star-inserted\" style=\"\">...</div>\n  (Session info: chrome=143.0.7499.193); For documentation on this error, please visit: https://www.selenium.dev/documentation/webdriver/troubleshooting/errors#elementclickinterceptedexception\nStacktrace:\nSymbols not available. Dumping unresolved backtrace:\n\t0x7ff7311988d5\n\t0x7ff731198930\n\t0x7ff730f7165d\n\t0x7ff730fd19e8\n\t0x7ff730fcf40f\n\t0x7ff730fcc417\n\t0x7ff730fcb338\n\t0x7ff730fbce7f\n\t0x7ff730ff1fda\n\t0x7ff730fbc746\n\t0x7ff73101ac97\n\t0x7ff730fbac29\n\t0x7ff730fbba93\n\t0x7ff7314b0620\n\t0x7ff7314aaf60\n\t0x7ff7314c96c6\n\t0x7ff7311b5dd4\n\t0x7ff7311bed7c\n\t0x7ff7311a1ff4\n\t0x7ff7311a21a5\n\t0x7ff731187ed2\n\t0x7fff89247374\n\t0x7fff8b0fcc91","time":{"start":1769055151021,"stop":1769055203258,"duration":52237}},{"uid":"a93fcbed64d6536d","status":"failed","statusDetails":"Failed: Test failed due to error: Message: element click intercepted: Element <a _ngcontent-tmw-c150=\"\" class=\"nav-link\" href=\"/login\">...</a> is not clickable at point (1348, 32). Other element would receive the click: <div _ngcontent-tmw-c151=\"\" class=\"spinner-wrapper d-flex justify-content-center min-vh-100 ng-tns-c151-1 ng-trigger ng-trigger-fadeOut ng-star-inserted ng-animating\">...</div>\n  (Session info: chrome=143.0.7499.193); For documentation on this error, please visit: https://www.selenium.dev/documentation/webdriver/troubleshooting/errors#elementclickinterceptedexception\nStacktrace:\nSymbols not available. Dumping unresolved backtrace:\n\t0x7ff7acf688d5\n\t0x7ff7acf68930\n\t0x7ff7acd4165d\n\t0x7ff7acda19e8\n\t0x7ff7acd9f40f\n\t0x7ff7acd9c417\n\t0x7ff7acd9b338\n\t0x7ff7acd8ce7f\n\t0x7ff7acdc1fda\n\t0x7ff7acd8c746\n\t0x7ff7acdeac97\n\t0x7ff7acd8ac29\n\t0x7ff7acd8ba93\n\t0x7ff7ad280620\n\t0x7ff7ad27af60\n\t0x7ff7ad2996c6\n\t0x7ff7acf85dd4\n\t0x7ff7acf8ed7c\n\t0x7ff7acf71ff4\n\t0x7ff7acf721a5\n\t0x7ff7acf57ed2\n\t0x7fff89247374\n\t0x7fff8b0fcc91","time":{"start":1769055116152,"stop":1769055139231,"duration":23079}},{"uid":"e35082629a347a92","status":"failed","statusDetails":"Failed: Test failed due to error: Message:","time":{"start":1769054882281,"stop":1769054964457,"duration":82176}},{"uid":"36b13a07a15b1d46","status":"failed","statusDetails":"Failed: Test failed due to error: Message:","time":{"start":1769054378404,"stop":1769054454900,"duration":76496}},{"uid":"fa399082cb2534f1","status":"failed","statusDetails":"Failed: Test failed due to error: Message: element click intercepted: Element <a _ngcontent-bwo-c150=\"\" class=\"nav-link\" href=\"/login\">...</a> is not clickable at point (1348, 32). Other element would receive the click: <div _ngcontent-bwo-c151=\"\" class=\"spinner-wrapper d-flex justify-content-center min-vh-100 ng-tns-c151-1 ng-trigger ng-trigger-fadeOut ng-star-inserted\">...</div>\n  (Session info: chrome=143.0.7499.193); For documentation on this error, please visit: https://www.selenium.dev/documentation/webdriver/troubleshooting/errors#elementclickinterceptedexception\nStacktrace:\nSymbols not available. Dumping unresolved backtrace:\n\t0x7ff6c00188d5\n\t0x7ff6c0018930\n\t0x7ff6bfdf165d\n\t0x7ff6bfe519e8\n\t0x7ff6bfe4f40f\n\t0x7ff6bfe4c417\n\t0x7ff6bfe4b338\n\t0x7ff6bfe3ce7f\n\t0x7ff6bfe71fda\n\t0x7ff6bfe3c746\n\t0x7ff6bfe9ac97\n\t0x7ff6bfe3ac29\n\t0x7ff6bfe3ba93\n\t0x7ff6c0330620\n\t0x7ff6c032af60\n\t0x7ff6c03496c6\n\t0x7ff6c0035dd4\n\t0x7ff6c003ed7c\n\t0x7ff6c0021ff4\n\t0x7ff6c00221a5\n\t0x7ff6c0007ed2\n\t0x7fff89247374\n\t0x7fff8b0fcc91","time":{"start":1769054332162,"stop":1769054340756,"duration":8594}},{"uid":"27d4491f27dccf3f","status":"failed","statusDetails":"Failed: Test failed due to error: Message:","time":{"start":1769054111105,"stop":1769054183174,"duration":72069}},{"uid":"352281d2a3d21a3b","status":"failed","statusDetails":"Failed: Test failed due to error: Message: element click intercepted: Element <ng-select _ngcontent-axy-c107=\"\" name=\"selectCustomer\" bindlabel=\"fullName\" autofocus=\"\" bindvalue=\"id\" class=\"ng-select ng-select-single ng-select-searchable ng-select-clearable ng-untouched ng-pristine ng-valid\">...</ng-select> is not clickable at point (760, 159). Other element would receive the click: <div _ngcontent-axy-c150=\"\" class=\"spinner-wrapper d-flex justify-content-center min-vh-100 ng-tns-c150-1 ng-trigger ng-trigger-fadeOut ng-star-inserted ng-animating\" style=\"\">...</div>\n  (Session info: chrome=143.0.7499.193); For documentation on this error, please visit: https://www.selenium.dev/documentation/webdriver/troubleshooting/errors#elementclickinterceptedexception\nStacktrace:\nSymbols not available. Dumping unresolved backtrace:\n\t0x7ff771c188d5\n\t0x7ff771c18930\n\t0x7ff7719f165d\n\t0x7ff771a519e8\n\t0x7ff771a4f40f\n\t0x7ff771a4c417\n\t0x7ff771a4b338\n\t0x7ff771a3ce7f\n\t0x7ff771a71fda\n\t0x7ff771a3c746\n\t0x7ff771a9ac97\n\t0x7ff771a3ac29\n\t0x7ff771a3ba93\n\t0x7ff771f30620\n\t0x7ff771f2af60\n\t0x7ff771f496c6\n\t0x7ff771c35dd4\n\t0x7ff771c3ed7c\n\t0x7ff771c21ff4\n\t0x7ff771c221a5\n\t0x7ff771c07ed2\n\t0x7fff89247374\n\t0x7fff8b0fcc91","time":{"start":1769054051119,"stop":1769054104222,"duration":53103}},{"uid":"73cf9011901e54ba","status":"failed","statusDetails":"Failed: Test failed due to error: Message: element click intercepted: Element <a _ngcontent-kmf-c150=\"\" class=\"nav-link\" href=\"/login\">...</a> is not clickable at point (1355, 32). Other element would receive the click: <div _ngcontent-kmf-c151=\"\" class=\"spinner-wrapper d-flex justify-content-center min-vh-100 ng-tns-c151-1 ng-trigger ng-trigger-fadeOut ng-star-inserted ng-animating\">...</div>\n  (Session info: chrome=143.0.7499.193); For documentation on this error, please visit: https://www.selenium.dev/documentation/webdriver/troubleshooting/errors#elementclickinterceptedexception\nStacktrace:\nSymbols not available. Dumping unresolved backtrace:\n\t0x7ff771c188d5\n\t0x7ff771c18930\n\t0x7ff7719f165d\n\t0x7ff771a519e8\n\t0x7ff771a4f40f\n\t0x7ff771a4c417\n\t0x7ff771a4b338\n\t0x7ff771a3ce7f\n\t0x7ff771a71fda\n\t0x7ff771a3c746\n\t0x7ff771a9ac97\n\t0x7ff771a3ac29\n\t0x7ff771a3ba93\n\t0x7ff771f30620\n\t0x7ff771f2af60\n\t0x7ff771f496c6\n\t0x7ff771c35dd4\n\t0x7ff771c3ed7c\n\t0x7ff771c21ff4\n\t0x7ff771c221a5\n\t0x7ff771c07ed2\n\t0x7fff89247374\n\t0x7fff8b0fcc91","time":{"start":1769054019330,"stop":1769054033355,"duration":14025}},{"uid":"6ca0e5834103cf5a","status":"failed","statusDetails":"Failed: Test failed due to error: Message: element click intercepted: Element <a _ngcontent-wpb-c150=\"\" class=\"nav-link\" href=\"/login\">...</a> is not clickable at point (1348, 32). Other element would receive the click: <div _ngcontent-wpb-c151=\"\" class=\"spinner-wrapper d-flex justify-content-center min-vh-100 ng-tns-c151-1 ng-trigger ng-trigger-fadeOut ng-star-inserted ng-animating\">...</div>\n  (Session info: chrome=143.0.7499.193); For documentation on this error, please visit: https://www.selenium.dev/documentation/webdriver/troubleshooting/errors#elementclickinterceptedexception\nStacktrace:\nSymbols not available. Dumping unresolved backtrace:\n\t0x7ff6a57988d5\n\t0x7ff6a5798930\n\t0x7ff6a557165d\n\t0x7ff6a55d19e8\n\t0x7ff6a55cf40f\n\t0x7ff6a55cc417\n\t0x7ff6a55cb338\n\t0x7ff6a55bce7f\n\t0x7ff6a55f1fda\n\t0x7ff6a55bc746\n\t0x7ff6a561ac97\n\t0x7ff6a55bac29\n\t0x7ff6a55bba93\n\t0x7ff6a5ab0620\n\t0x7ff6a5aaaf60\n\t0x7ff6a5ac96c6\n\t0x7ff6a57b5dd4\n\t0x7ff6a57bed7c\n\t0x7ff6a57a1ff4\n\t0x7ff6a57a21a5\n\t0x7ff6a5787ed2\n\t0x7fff89247374\n\t0x7fff8b0fcc91","time":{"start":1769053986373,"stop":1769053999802,"duration":13429}},{"uid":"945a5b13704c27fb","status":"failed","statusDetails":"Failed: Test failed due to error: Message:","time":{"start":1769053676229,"stop":1769053752983,"duration":76754}},{"uid":"514682c889c83479","status":"failed","statusDetails":"Failed: Test failed due to error: Message: element click intercepted: Element <ng-select _ngcontent-llm-c107=\"\" name=\"selectCustomer\" bindlabel=\"fullName\" autofocus=\"\" bindvalue=\"id\" class=\"ng-select ng-select-single ng-select-searchable ng-select-clearable ng-untouched ng-pristine ng-valid\">...</ng-select> is not clickable at point (760, 159). Other element would receive the click: <div _ngcontent-llm-c150=\"\" class=\"spinner-wrapper d-flex justify-content-center min-vh-100 ng-tns-c150-1 ng-trigger ng-trigger-fadeOut ng-star-inserted\" style=\"\">...</div>\n  (Session info: chrome=143.0.7499.193); For documentation on this error, please visit: https://www.selenium.dev/documentation/webdriver/troubleshooting/errors#elementclickinterceptedexception\nStacktrace:\nSymbols not available. Dumping unresolved backtrace:\n\t0x7ff7456788d5\n\t0x7ff745678930\n\t0x7ff74545165d\n\t0x7ff7454b19e8\n\t0x7ff7454af40f\n\t0x7ff7454ac417\n\t0x7ff7454ab338\n\t0x7ff74549ce7f\n\t0x7ff7454d1fda\n\t0x7ff74549c746\n\t0x7ff7454fac97\n\t0x7ff74549ac29\n\t0x7ff74549ba93\n\t0x7ff745990620\n\t0x7ff74598af60\n\t0x7ff7459a96c6\n\t0x7ff745695dd4\n\t0x7ff74569ed7c\n\t0x7ff745681ff4\n\t0x7ff7456821a5\n\t0x7ff745667ed2\n\t0x7fff89247374\n\t0x7fff8b0fcc91","time":{"start":1769052804311,"stop":1769052855278,"duration":50967}},{"uid":"70f532a88016db46","status":"failed","statusDetails":"Failed: Test failed due to error: Message: element click intercepted: Element <ng-select _ngcontent-hmi-c107=\"\" name=\"selectCustomer\" bindlabel=\"fullName\" autofocus=\"\" bindvalue=\"id\" class=\"ng-select ng-select-single ng-select-searchable ng-select-clearable ng-untouched ng-pristine ng-valid\">...</ng-select> is not clickable at point (760, 159). Other element would receive the click: <div _ngcontent-hmi-c150=\"\" class=\"spinner-wrapper d-flex justify-content-center min-vh-100 ng-tns-c150-1 ng-trigger ng-trigger-fadeOut ng-star-inserted\" style=\"\">...</div>\n  (Session info: chrome=143.0.7499.193); For documentation on this error, please visit: https://www.selenium.dev/documentation/webdriver/troubleshooting/errors#elementclickinterceptedexception\nStacktrace:\nSymbols not available. Dumping unresolved backtrace:\n\t0x7ff7456788d5\n\t0x7ff745678930\n\t0x7ff74545165d\n\t0x7ff7454b19e8\n\t0x7ff7454af40f\n\t0x7ff7454ac417\n\t0x7ff7454ab338\n\t0x7ff74549ce7f\n\t0x7ff7454d1fda\n\t0x7ff74549c746\n\t0x7ff7454fac97\n\t0x7ff74549ac29\n\t0x7ff74549ba93\n\t0x7ff745990620\n\t0x7ff74598af60\n\t0x7ff7459a96c6\n\t0x7ff745695dd4\n\t0x7ff74569ed7c\n\t0x7ff745681ff4\n\t0x7ff7456821a5\n\t0x7ff745667ed2\n\t0x7fff89247374\n\t0x7fff8b0fcc91","time":{"start":1769052727512,"stop":1769052764296,"duration":36784}},{"uid":"e0b3e7880eed834","status":"failed","statusDetails":"Failed: Test failed due to error: Message: element click intercepted: Element <a _ngcontent-pap-c150=\"\" class=\"nav-link\" href=\"/login\">...</a> is not clickable at point (1348, 32). Other element would receive the click: <div _ngcontent-pap-c151=\"\" class=\"spinner-wrapper d-flex justify-content-center min-vh-100 ng-tns-c151-1 ng-trigger ng-trigger-fadeOut ng-star-inserted ng-animating\">...</div>\n  (Session info: chrome=143.0.7499.193); For documentation on this error, please visit: https://www.selenium.dev/documentation/webdriver/troubleshooting/errors#elementclickinterceptedexception\nStacktrace:\nSymbols not available. Dumping unresolved backtrace:\n\t0x7ff7bf0e88d5\n\t0x7ff7bf0e8930\n\t0x7ff7beec165d\n\t0x7ff7bef219e8\n\t0x7ff7bef1f40f\n\t0x7ff7bef1c417\n\t0x7ff7bef1b338\n\t0x7ff7bef0ce7f\n\t0x7ff7bef41fda\n\t0x7ff7bef0c746\n\t0x7ff7bef6ac97\n\t0x7ff7bef0ac29\n\t0x7ff7bef0ba93\n\t0x7ff7bf400620\n\t0x7ff7bf3faf60\n\t0x7ff7bf4196c6\n\t0x7ff7bf105dd4\n\t0x7ff7bf10ed7c\n\t0x7ff7bf0f1ff4\n\t0x7ff7bf0f21a5\n\t0x7ff7bf0d7ed2\n\t0x7fff89247374\n\t0x7fff8b0fcc91","time":{"start":1769052685012,"stop":1769052705696,"duration":20684}},{"uid":"8744e04bb664b804","status":"broken","statusDetails":"selenium.common.exceptions.TimeoutException: Message:","time":{"start":1769052201304,"stop":1769052274676,"duration":73372}},{"uid":"fcdeb7c3ca1f246d","status":"broken","statusDetails":"selenium.common.exceptions.ElementClickInterceptedException: Message: element click intercepted: Element <ng-select _ngcontent-hgq-c107=\"\" name=\"selectCustomer\" bindlabel=\"fullName\" autofocus=\"\" bindvalue=\"id\" class=\"ng-select ng-select-single ng-select-searchable ng-select-clearable ng-untouched ng-pristine ng-valid\">...</ng-select> is not clickable at point (760, 159). Other element would receive the click: <div _ngcontent-hgq-c150=\"\" class=\"spinner-wrapper d-flex justify-content-center min-vh-100 ng-tns-c150-1 ng-trigger ng-trigger-fadeOut ng-star-inserted\" style=\"\">...</div>\n  (Session info: chrome=143.0.7499.193); For documentation on this error, please visit: https://www.selenium.dev/documentation/webdriver/troubleshooting/errors#elementclickinterceptedexception\nStacktrace:\nSymbols not available. Dumping unresolved backtrace:\n\t0x7ff620a988d5\n\t0x7ff620a98930\n\t0x7ff62087165d\n\t0x7ff6208d19e8\n\t0x7ff6208cf40f\n\t0x7ff6208cc417\n\t0x7ff6208cb338\n\t0x7ff6208bce7f\n\t0x7ff6208f1fda\n\t0x7ff6208bc746\n\t0x7ff62091ac97\n\t0x7ff6208bac29\n\t0x7ff6208bba93\n\t0x7ff620db0620\n\t0x7ff620daaf60\n\t0x7ff620dc96c6\n\t0x7ff620ab5dd4\n\t0x7ff620abed7c\n\t0x7ff620aa1ff4\n\t0x7ff620aa21a5\n\t0x7ff620a87ed2\n\t0x7fff89247374\n\t0x7fff8b0fcc91","time":{"start":1769052150462,"stop":1769052177448,"duration":26986}},{"uid":"4bee1d8d73fa0b3c","status":"broken","statusDetails":"selenium.common.exceptions.ElementClickInterceptedException: Message: element click intercepted: Element <a _ngcontent-qnn-c150=\"\" class=\"nav-link\" href=\"/login\">...</a> is not clickable at point (1348, 32). Other element would receive the click: <div _ngcontent-qnn-c151=\"\" class=\"spinner-wrapper d-flex justify-content-center min-vh-100 ng-tns-c151-1 ng-trigger ng-trigger-fadeOut ng-star-inserted\">...</div>\n  (Session info: chrome=143.0.7499.193); For documentation on this error, please visit: https://www.selenium.dev/documentation/webdriver/troubleshooting/errors#elementclickinterceptedexception\nStacktrace:\nSymbols not available. Dumping unresolved backtrace:\n\t0x7ff620a988d5\n\t0x7ff620a98930\n\t0x7ff62087165d\n\t0x7ff6208d19e8\n\t0x7ff6208cf40f\n\t0x7ff6208cc417\n\t0x7ff6208cb338\n\t0x7ff6208bce7f\n\t0x7ff6208f1fda\n\t0x7ff6208bc746\n\t0x7ff62091ac97\n\t0x7ff6208bac29\n\t0x7ff6208bba93\n\t0x7ff620db0620\n\t0x7ff620daaf60\n\t0x7ff620dc96c6\n\t0x7ff620ab5dd4\n\t0x7ff620abed7c\n\t0x7ff620aa1ff4\n\t0x7ff620aa21a5\n\t0x7ff620a87ed2\n\t0x7fff89247374\n\t0x7fff8b0fcc91","time":{"start":1769052066960,"stop":1769052118602,"duration":51642}},{"uid":"e4067dcb099302d0","status":"broken","statusDetails":"selenium.common.exceptions.ElementClickInterceptedException: Message: element click intercepted: Element <a _ngcontent-aib-c150=\"\" class=\"nav-link\" href=\"/login\">...</a> is not clickable at point (1348, 32). Other element would receive the click: <div _ngcontent-aib-c151=\"\" class=\"spinner-wrapper d-flex justify-content-center min-vh-100 ng-tns-c151-1 ng-trigger ng-trigger-fadeOut ng-star-inserted ng-animating\">...</div>\n  (Session info: chrome=143.0.7499.193); For documentation on this error, please visit: https://www.selenium.dev/documentation/webdriver/troubleshooting/errors#elementclickinterceptedexception\nStacktrace:\nSymbols not available. Dumping unresolved backtrace:\n\t0x7ff620a988d5\n\t0x7ff620a98930\n\t0x7ff62087165d\n\t0x7ff6208d19e8\n\t0x7ff6208cf40f\n\t0x7ff6208cc417\n\t0x7ff6208cb338\n\t0x7ff6208bce7f\n\t0x7ff6208f1fda\n\t0x7ff6208bc746\n\t0x7ff62091ac97\n\t0x7ff6208bac29\n\t0x7ff6208bba93\n\t0x7ff620db0620\n\t0x7ff620daaf60\n\t0x7ff620dc96c6\n\t0x7ff620ab5dd4\n\t0x7ff620abed7c\n\t0x7ff620aa1ff4\n\t0x7ff620aa21a5\n\t0x7ff620a87ed2\n\t0x7fff89247374\n\t0x7fff8b0fcc91","time":{"start":1769052046599,"stop":1769052056072,"duration":9473}},{"uid":"6e996c7e29679853","status":"broken","statusDetails":"selenium.common.exceptions.ElementClickInterceptedException: Message: element click intercepted: Element <a _ngcontent-cgc-c150=\"\" class=\"nav-link\" href=\"/login\">...</a> is not clickable at point (1355, 32). Other element would receive the click: <div _ngcontent-cgc-c151=\"\" class=\"spinner-wrapper d-flex justify-content-center min-vh-100 ng-tns-c151-1 ng-trigger ng-trigger-fadeOut ng-star-inserted ng-animating\">...</div>\n  (Session info: chrome=143.0.7499.193); For documentation on this error, please visit: https://www.selenium.dev/documentation/webdriver/troubleshooting/errors#elementclickinterceptedexception\nStacktrace:\nSymbols not available. Dumping unresolved backtrace:\n\t0x7ff620a988d5\n\t0x7ff620a98930\n\t0x7ff62087165d\n\t0x7ff6208d19e8\n\t0x7ff6208cf40f\n\t0x7ff6208cc417\n\t0x7ff6208cb338\n\t0x7ff6208bce7f\n\t0x7ff6208f1fda\n\t0x7ff6208bc746\n\t0x7ff62091ac97\n\t0x7ff6208bac29\n\t0x7ff6208bba93\n\t0x7ff620db0620\n\t0x7ff620daaf60\n\t0x7ff620dc96c6\n\t0x7ff620ab5dd4\n\t0x7ff620abed7c\n\t0x7ff620aa1ff4\n\t0x7ff620aa21a5\n\t0x7ff620a87ed2\n\t0x7fff89247374\n\t0x7fff8b0fcc91","time":{"start":1769052018568,"stop":1769052034627,"duration":16059}},{"uid":"d3d443725a18008d","status":"broken","statusDetails":"selenium.common.exceptions.TimeoutException: Message:","time":{"start":1769050772296,"stop":1769050845024,"duration":72728}},{"uid":"db251f37988b6dcd","status":"passed","time":{"start":1769049558750,"stop":1769049596728,"duration":37978}},{"uid":"9eea98c3569e6f57","status":"passed","time":{"start":1769049311939,"stop":1769049348540,"duration":36601}},{"uid":"4e80530068bb0aad","status":"broken","statusDetails":"selenium.common.exceptions.ElementClickInterceptedException: Message: element click intercepted: Element <a _ngcontent-ofv-c150=\"\" class=\"nav-link\" href=\"/login\">...</a> is not clickable at point (1348, 32). Other element would receive the click: <div _ngcontent-ofv-c151=\"\" class=\"spinner-wrapper d-flex justify-content-center min-vh-100 ng-tns-c151-1 ng-trigger ng-trigger-fadeOut ng-star-inserted\">...</div>\n  (Session info: chrome=143.0.7499.193); For documentation on this error, please visit: https://www.selenium.dev/documentation/webdriver/troubleshooting/errors#elementclickinterceptedexception\nStacktrace:\nSymbols not available. Dumping unresolved backtrace:\n\t0x7ff61c9288d5\n\t0x7ff61c928930\n\t0x7ff61c70165d\n\t0x7ff61c7619e8\n\t0x7ff61c75f40f\n\t0x7ff61c75c417\n\t0x7ff61c75b338\n\t0x7ff61c74ce7f\n\t0x7ff61c781fda\n\t0x7ff61c74c746\n\t0x7ff61c7aac97\n\t0x7ff61c74ac29\n\t0x7ff61c74ba93\n\t0x7ff61cc40620\n\t0x7ff61cc3af60\n\t0x7ff61cc596c6\n\t0x7ff61c945dd4\n\t0x7ff61c94ed7c\n\t0x7ff61c931ff4\n\t0x7ff61c9321a5\n\t0x7ff61c917ed2\n\t0x7fff89247374\n\t0x7fff8b0fcc91","time":{"start":1769049281662,"stop":1769049301866,"duration":20204}},{"uid":"adcafd274e002031","status":"passed","time":{"start":1768989463004,"stop":1768989497122,"duration":34118}},{"uid":"787a2ea48b794576","status":"passed","time":{"start":1768988695829,"stop":1768988743514,"duration":47685}},{"uid":"6a7da3a53215c9b9","status":"passed","time":{"start":1768988548242,"stop":1768988590202,"duration":41960}},{"uid":"606bacc171bf7c43","status":"broken","statusDetails":"selenium.common.exceptions.ElementClickInterceptedException: Message: element click intercepted: Element <a _ngcontent-nyp-c150=\"\" class=\"nav-link\" href=\"/login\">...</a> is not clickable at point (1348, 32). Other element would receive the click: <div _ngcontent-nyp-c151=\"\" class=\"spinner-wrapper d-flex justify-content-center min-vh-100 ng-tns-c151-1 ng-trigger ng-trigger-fadeOut ng-star-inserted\">...</div>\n  (Session info: chrome=143.0.7499.193); For documentation on this error, please visit: https://www.selenium.dev/documentation/webdriver/troubleshooting/errors#elementclickinterceptedexception\nStacktrace:\nSymbols not available. Dumping unresolved backtrace:\n\t0x7ff6630d88d5\n\t0x7ff6630d8930\n\t0x7ff662eb165d\n\t0x7ff662f119e8\n\t0x7ff662f0f40f\n\t0x7ff662f0c417\n\t0x7ff662f0b338\n\t0x7ff662efce7f\n\t0x7ff662f31fda\n\t0x7ff662efc746\n\t0x7ff662f5ac97\n\t0x7ff662efac29\n\t0x7ff662efba93\n\t0x7ff6633f0620\n\t0x7ff6633eaf60\n\t0x7ff6634096c6\n\t0x7ff6630f5dd4\n\t0x7ff6630fed7c\n\t0x7ff6630e1ff4\n\t0x7ff6630e21a5\n\t0x7ff6630c7ed2\n\t0x7fff89247374\n\t0x7fff8b0fcc91","time":{"start":1768985998682,"stop":1768986014219,"duration":15537}}],"categories":[],"tags":["smoke"]},"source":"a4132ad480817684.json","parameterValues":[]}