{"uid":"d3d443725a18008d","name":"TC02 - Create Order with Product and Save","fullName":"tests.test_create_order#test_login_and_create_order","historyId":"b287b2fc0027e5283ee55bbb62a9bf33","time":{"start":1769050772296,"stop":1769050845024,"duration":72728},"status":"broken","statusMessage":"selenium.common.exceptions.TimeoutException: Message:","statusTrace":"driver = <selenium.webdriver.chrome.webdriver.WebDriver (session=\"f4af58d44a18e1840a07bafb10db08f2\")>\n\n    @pytest.mark.smoke\n    @allure.parent_suite(\"Web Automation\")\n    @allure.suite(\"Orders\")\n    @allure.sub_suite(\"Create Order\")\n    @allure.feature(\"Order Management\")\n    @allure.title(\"TC02 - Create Order with Product and Save\")\n    def test_login_and_create_order(driver):\n    \n        wait = WebDriverWait(driver, 25)\n    \n        # ---------------- LOGIN ----------------\n        with allure.step(\"Open Tenant Select Page\"):\n            driver.get(\n                \"https://app-hire-x-dev-multi-tenant-angular-01-bkgee7ewapa0c5es.southeastasia-01.azurewebsites.net/webshopnotfound\"\n            )\n    \n        with allure.step(\"Enter Tenant ID\"):\n            tenant = wait.until(\n                EC.visibility_of_element_located((By.CSS_SELECTOR, \"input[type='text']\"))\n            )\n            tenant.clear()\n            tenant.send_keys(\"GrandRest\")\n    \n        with allure.step(\"Set Tenant\"):\n            wait.until(\n                EC.element_to_be_clickable(\n                    (By.XPATH, \"//button[contains(text(),'Set Tenant')]\")\n                )\n            ).click()\n    \n        with allure.step(\"Navigate to Login\"):\n            wait.until(EC.url_contains(\"/home\"))\n            wait.until(\n                EC.element_to_be_clickable(\n                    (By.XPATH,\n                     \"//*[contains(translate(text(),'ABCDEFGHIJKLMNOPQRSTUVWXYZ','abcdefghijklmnopqrstuvwxyz'),'sign')]\")\n                )\n            ).click()\n    \n        with allure.step(\"Login with credentials\"):\n            wait.until(EC.url_contains(\"/login\"))\n            driver.find_element(By.XPATH, \"//input[contains(@type,'email')]\").send_keys(\n                \"suchini@ateamsoftware.com\"\n            )\n            driver.find_element(By.XPATH, \"//input[contains(@type,'password')]\").send_keys(\n                \"Abc12345\"\n            )\n            driver.find_element(By.XPATH, \"//button[contains(text(),'Login')]\").click()\n    \n        with allure.step(\"Verify Dashboard\"):\n            wait.until(EC.url_contains(\"/supplier/dashboard\"))\n            take_screenshot(driver, \"dashboard_loaded\")\n    \n        # ---------------- CREATE ORDER ----------------\n        with allure.step(\"Open Orders Page\"):\n            driver.get(\n                \"https://app-hire-x-dev-multi-tenant-angular-01-bkgee7ewapa0c5es.southeastasia-01.azurewebsites.net/supplier/orders\"\n            )\n            wait.until(EC.url_contains(\"/supplier/orders\"))\n            take_screenshot(driver, \"orders_page\")\n    \n        with allure.step(\"Click New Order\"):\n            wait.until(\n                EC.element_to_be_clickable(\n                    (By.XPATH, \"//button[contains(text(),'New')]\")\n                )\n            ).click()\n    \n        with allure.step(\"Verify Create Order Form\"):\n            wait.until(\n                EC.visibility_of_element_located(\n                    (By.XPATH, \"//*[contains(text(),'Create Order')]\")\n                )\n            )\n            take_screenshot(driver, \"create_order_form\")\n    \n        # ---------------- SELECT CUSTOMER ----------------\n        with allure.step(\"Select Customer - Amantha Nirmal\"):\n            dropdown = wait.until(\n                EC.element_to_be_clickable((By.XPATH, \"//ng-select\"))\n            )\n            dropdown.click()\n            time.sleep(1)\n    \n            wait.until(\n                EC.element_to_be_clickable(\n                    (By.XPATH,\n                     \"//div[contains(@class,'ng-option') and contains(., 'Amantha Nirmal')]\")\n                )\n            ).click()\n    \n            take_screenshot(driver, \"customer_selected\")\n    \n        # ---------------- CLICK CREATE ----------------\n        with allure.step(\"Click Create Button\"):\n            create_btn = wait.until(\n                EC.presence_of_element_located(\n                    (By.XPATH,\n                     \"//button[@type='submit' and contains(normalize-space(),'Create')]\")\n                )\n            )\n            driver.execute_script(\n                \"arguments[0].scrollIntoView({block:'center'});\", create_btn\n            )\n            wait.until(lambda d: create_btn.is_enabled())\n            driver.execute_script(\"arguments[0].click();\", create_btn)\n            take_screenshot(driver, \"create_clicked\")\n    \n        with allure.step(\"Wait for Order Details Page\"):\n            wait.until(EC.url_contains(\"/supplier/orders/\"))\n            take_screenshot(driver, \"order_details_page\")\n    \n        # ---------------- ADD PRODUCT ----------------\n>       add_product(driver, wait, \"Set\", 2)\n\ntests\\test_create_order.py:188: \n_ _ _ _ _ _ _ _ _ _ _ _ _ _ _ _ _ _ _ _ _ _ _ _ _ _ _ _ _ _ _ _ _ _ _ _ _ _ _ _ _ _ _ _ _ _ _ _\ntests\\test_create_order.py:67: in add_product\n    wait.until(\n_ _ _ _ _ _ _ _ _ _ _ _ _ _ _ _ _ _ _ _ _ _ _ _ _ _ _ _ _ _ _ _ _ _ _ _ _ _ _ _ _ _ _ _ _ _ _ _\n\nself = <selenium.webdriver.support.wait.WebDriverWait (session=\"f4af58d44a18e1840a07bafb10db08f2\")>\nmethod = <function visibility_of_element_located.<locals>._predicate at 0x0000026BE23A6840>\nmessage = ''\n\n    def until(self, method: Callable[[D], Literal[False] | T], message: str = \"\") -> T:\n        \"\"\"Wait until the method returns a value that is not False.\n    \n        Calls the method provided with the driver as an argument until the\n        return value does not evaluate to ``False``.\n    \n        Args:\n            method: A callable object that takes a WebDriver instance as an\n                argument.\n            message: Optional message for TimeoutException.\n    \n        Returns:\n            The result of the last call to `method`.\n    \n        Raises:\n            TimeoutException: If 'method' does not return a truthy value within\n                the WebDriverWait object's timeout.\n    \n        Example:\n            >>> from selenium.webdriver.common.by import By\n            >>> from selenium.webdriver.support.ui import WebDriverWait\n            >>> from selenium.webdriver.support import expected_conditions as EC\n            >>>\n            >>> # Wait until an element is visible on the page\n            >>> wait = WebDriverWait(driver, 10)\n            >>> element = wait.until(EC.visibility_of_element_located((By.ID, \"exampleId\")))\n            >>> print(element.text)\n        \"\"\"\n        screen = None\n        stacktrace = None\n    \n        end_time = time.monotonic() + self._timeout\n        while True:\n            try:\n                value = method(self._driver)\n                if value:\n                    return value\n            except self._ignored_exceptions as exc:\n                screen = getattr(exc, \"screen\", None)\n                stacktrace = getattr(exc, \"stacktrace\", None)\n            if time.monotonic() > end_time:\n                break\n            time.sleep(self._poll)\n>       raise TimeoutException(message, screen, stacktrace)\nE       selenium.common.exceptions.TimeoutException: Message:\n\nvenv\\Lib\\site-packages\\selenium\\webdriver\\support\\wait.py:121: TimeoutException","flaky":false,"newFailed":false,"newBroken":false,"newPassed":false,"retriesCount":0,"retriesStatusChange":false,"beforeStages":[{"name":"driver","time":{"start":1769050770207,"stop":1769050772294,"duration":2087},"status":"passed","steps":[],"attachments":[],"parameters":[],"attachmentsCount":0,"shouldDisplayMessage":false,"hasContent":false,"stepsCount":0,"attachmentStep":false}],"testStage":{"status":"broken","statusMessage":"selenium.common.exceptions.TimeoutException: Message:","statusTrace":"driver = <selenium.webdriver.chrome.webdriver.WebDriver (session=\"f4af58d44a18e1840a07bafb10db08f2\")>\n\n    @pytest.mark.smoke\n    @allure.parent_suite(\"Web Automation\")\n    @allure.suite(\"Orders\")\n    @allure.sub_suite(\"Create Order\")\n    @allure.feature(\"Order Management\")\n    @allure.title(\"TC02 - Create Order with Product and Save\")\n    def test_login_and_create_order(driver):\n    \n        wait = WebDriverWait(driver, 25)\n    \n        # ---------------- LOGIN ----------------\n        with allure.step(\"Open Tenant Select Page\"):\n            driver.get(\n                \"https://app-hire-x-dev-multi-tenant-angular-01-bkgee7ewapa0c5es.southeastasia-01.azurewebsites.net/webshopnotfound\"\n            )\n    \n        with allure.step(\"Enter Tenant ID\"):\n            tenant = wait.until(\n                EC.visibility_of_element_located((By.CSS_SELECTOR, \"input[type='text']\"))\n            )\n            tenant.clear()\n            tenant.send_keys(\"GrandRest\")\n    \n        with allure.step(\"Set Tenant\"):\n            wait.until(\n                EC.element_to_be_clickable(\n                    (By.XPATH, \"//button[contains(text(),'Set Tenant')]\")\n                )\n            ).click()\n    \n        with allure.step(\"Navigate to Login\"):\n            wait.until(EC.url_contains(\"/home\"))\n            wait.until(\n                EC.element_to_be_clickable(\n                    (By.XPATH,\n                     \"//*[contains(translate(text(),'ABCDEFGHIJKLMNOPQRSTUVWXYZ','abcdefghijklmnopqrstuvwxyz'),'sign')]\")\n                )\n            ).click()\n    \n        with allure.step(\"Login with credentials\"):\n            wait.until(EC.url_contains(\"/login\"))\n            driver.find_element(By.XPATH, \"//input[contains(@type,'email')]\").send_keys(\n                \"suchini@ateamsoftware.com\"\n            )\n            driver.find_element(By.XPATH, \"//input[contains(@type,'password')]\").send_keys(\n                \"Abc12345\"\n            )\n            driver.find_element(By.XPATH, \"//button[contains(text(),'Login')]\").click()\n    \n        with allure.step(\"Verify Dashboard\"):\n            wait.until(EC.url_contains(\"/supplier/dashboard\"))\n            take_screenshot(driver, \"dashboard_loaded\")\n    \n        # ---------------- CREATE ORDER ----------------\n        with allure.step(\"Open Orders Page\"):\n            driver.get(\n                \"https://app-hire-x-dev-multi-tenant-angular-01-bkgee7ewapa0c5es.southeastasia-01.azurewebsites.net/supplier/orders\"\n            )\n            wait.until(EC.url_contains(\"/supplier/orders\"))\n            take_screenshot(driver, \"orders_page\")\n    \n        with allure.step(\"Click New Order\"):\n            wait.until(\n                EC.element_to_be_clickable(\n                    (By.XPATH, \"//button[contains(text(),'New')]\")\n                )\n            ).click()\n    \n        with allure.step(\"Verify Create Order Form\"):\n            wait.until(\n                EC.visibility_of_element_located(\n                    (By.XPATH, \"//*[contains(text(),'Create Order')]\")\n                )\n            )\n            take_screenshot(driver, \"create_order_form\")\n    \n        # ---------------- SELECT CUSTOMER ----------------\n        with allure.step(\"Select Customer - Amantha Nirmal\"):\n            dropdown = wait.until(\n                EC.element_to_be_clickable((By.XPATH, \"//ng-select\"))\n            )\n            dropdown.click()\n            time.sleep(1)\n    \n            wait.until(\n                EC.element_to_be_clickable(\n                    (By.XPATH,\n                     \"//div[contains(@class,'ng-option') and contains(., 'Amantha Nirmal')]\")\n                )\n            ).click()\n    \n            take_screenshot(driver, \"customer_selected\")\n    \n        # ---------------- CLICK CREATE ----------------\n        with allure.step(\"Click Create Button\"):\n            create_btn = wait.until(\n                EC.presence_of_element_located(\n                    (By.XPATH,\n                     \"//button[@type='submit' and contains(normalize-space(),'Create')]\")\n                )\n            )\n            driver.execute_script(\n                \"arguments[0].scrollIntoView({block:'center'});\", create_btn\n            )\n            wait.until(lambda d: create_btn.is_enabled())\n            driver.execute_script(\"arguments[0].click();\", create_btn)\n            take_screenshot(driver, \"create_clicked\")\n    \n        with allure.step(\"Wait for Order Details Page\"):\n            wait.until(EC.url_contains(\"/supplier/orders/\"))\n            take_screenshot(driver, \"order_details_page\")\n    \n        # ---------------- ADD PRODUCT ----------------\n>       add_product(driver, wait, \"Set\", 2)\n\ntests\\test_create_order.py:188: \n_ _ _ _ _ _ _ _ _ _ _ _ _ _ _ _ _ _ _ _ _ _ _ _ _ _ _ _ _ _ _ _ _ _ _ _ _ _ _ _ _ _ _ _ _ _ _ _\ntests\\test_create_order.py:67: in add_product\n    wait.until(\n_ _ _ _ _ _ _ _ _ _ _ _ _ _ _ _ _ _ _ _ _ _ _ _ _ _ _ _ _ _ _ _ _ _ _ _ _ _ _ _ _ _ _ _ _ _ _ _\n\nself = <selenium.webdriver.support.wait.WebDriverWait (session=\"f4af58d44a18e1840a07bafb10db08f2\")>\nmethod = <function visibility_of_element_located.<locals>._predicate at 0x0000026BE23A6840>\nmessage = ''\n\n    def until(self, method: Callable[[D], Literal[False] | T], message: str = \"\") -> T:\n        \"\"\"Wait until the method returns a value that is not False.\n    \n        Calls the method provided with the driver as an argument until the\n        return value does not evaluate to ``False``.\n    \n        Args:\n            method: A callable object that takes a WebDriver instance as an\n                argument.\n            message: Optional message for TimeoutException.\n    \n        Returns:\n            The result of the last call to `method`.\n    \n        Raises:\n            TimeoutException: If 'method' does not return a truthy value within\n                the WebDriverWait object's timeout.\n    \n        Example:\n            >>> from selenium.webdriver.common.by import By\n            >>> from selenium.webdriver.support.ui import WebDriverWait\n            >>> from selenium.webdriver.support import expected_conditions as EC\n            >>>\n            >>> # Wait until an element is visible on the page\n            >>> wait = WebDriverWait(driver, 10)\n            >>> element = wait.until(EC.visibility_of_element_located((By.ID, \"exampleId\")))\n            >>> print(element.text)\n        \"\"\"\n        screen = None\n        stacktrace = None\n    \n        end_time = time.monotonic() + self._timeout\n        while True:\n            try:\n                value = method(self._driver)\n                if value:\n                    return value\n            except self._ignored_exceptions as exc:\n                screen = getattr(exc, \"screen\", None)\n                stacktrace = getattr(exc, \"stacktrace\", None)\n            if time.monotonic() > end_time:\n                break\n            time.sleep(self._poll)\n>       raise TimeoutException(message, screen, stacktrace)\nE       selenium.common.exceptions.TimeoutException: Message:\n\nvenv\\Lib\\site-packages\\selenium\\webdriver\\support\\wait.py:121: TimeoutException","steps":[{"name":"Open Tenant Select Page","time":{"start":1769050772296,"stop":1769050783157,"duration":10861},"status":"passed","steps":[],"attachments":[],"parameters":[],"attachmentsCount":0,"shouldDisplayMessage":false,"hasContent":false,"stepsCount":0,"attachmentStep":false},{"name":"Enter Tenant ID","time":{"start":1769050783157,"stop":1769050783299,"duration":142},"status":"passed","steps":[],"attachments":[],"parameters":[],"attachmentsCount":0,"shouldDisplayMessage":false,"hasContent":false,"stepsCount":0,"attachmentStep":false},{"name":"Set Tenant","time":{"start":1769050783299,"stop":1769050791030,"duration":7731},"status":"passed","steps":[],"attachments":[],"parameters":[],"attachmentsCount":0,"shouldDisplayMessage":false,"hasContent":false,"stepsCount":0,"attachmentStep":false},{"name":"Navigate to Login","time":{"start":1769050791030,"stop":1769050791191,"duration":161},"status":"passed","steps":[],"attachments":[],"parameters":[],"attachmentsCount":0,"shouldDisplayMessage":false,"hasContent":false,"stepsCount":0,"attachmentStep":false},{"name":"Login with credentials","time":{"start":1769050791191,"stop":1769050791599,"duration":408},"status":"passed","steps":[],"attachments":[],"parameters":[],"attachmentsCount":0,"shouldDisplayMessage":false,"hasContent":false,"stepsCount":0,"attachmentStep":false},{"name":"Verify Dashboard","time":{"start":1769050791599,"stop":1769050796879,"duration":5280},"status":"passed","steps":[],"attachments":[{"uid":"48ccb40e3134d6ce","name":"dashboard_loaded","source":"48ccb40e3134d6ce.png","type":"image/png","size":56087}],"parameters":[],"attachmentsCount":1,"shouldDisplayMessage":false,"hasContent":true,"stepsCount":0,"attachmentStep":false},{"name":"Open Orders Page","time":{"start":1769050796879,"stop":1769050802484,"duration":5605},"status":"passed","steps":[],"attachments":[{"uid":"4a78a4d2f2475d81","name":"orders_page","source":"4a78a4d2f2475d81.png","type":"image/png","size":6756}],"parameters":[],"attachmentsCount":1,"shouldDisplayMessage":false,"hasContent":true,"stepsCount":0,"attachmentStep":false},{"name":"Click New Order","time":{"start":1769050802484,"stop":1769050806876,"duration":4392},"status":"passed","steps":[],"attachments":[],"parameters":[],"attachmentsCount":0,"shouldDisplayMessage":false,"hasContent":false,"stepsCount":0,"attachmentStep":false},{"name":"Verify Create Order Form","time":{"start":1769050806876,"stop":1769050807554,"duration":678},"status":"passed","steps":[],"attachments":[{"uid":"80fcff5dfff1220a","name":"create_order_form","source":"80fcff5dfff1220a.png","type":"image/png","size":90259}],"parameters":[],"attachmentsCount":1,"shouldDisplayMessage":false,"hasContent":true,"stepsCount":0,"attachmentStep":false},{"name":"Select Customer - Amantha Nirmal","time":{"start":1769050807554,"stop":1769050809751,"duration":2197},"status":"passed","steps":[],"attachments":[{"uid":"2f76bf21fbe00d4d","name":"customer_selected","source":"2f76bf21fbe00d4d.png","type":"image/png","size":103136}],"parameters":[],"attachmentsCount":1,"shouldDisplayMessage":false,"hasContent":true,"stepsCount":0,"attachmentStep":false},{"name":"Click Create Button","time":{"start":1769050809751,"stop":1769050809972,"duration":221},"status":"passed","steps":[],"attachments":[{"uid":"51ec058a12a0afc3","name":"create_clicked","source":"51ec058a12a0afc3.png","type":"image/png","size":99288}],"parameters":[],"attachmentsCount":1,"shouldDisplayMessage":false,"hasContent":true,"stepsCount":0,"attachmentStep":false},{"name":"Wait for Order Details Page","time":{"start":1769050809972,"stop":1769050813210,"duration":3238},"status":"passed","steps":[],"attachments":[{"uid":"1a7fb82f9b27591e","name":"order_details_page","source":"1a7fb82f9b27591e.png","type":"image/png","size":40556}],"parameters":[],"attachmentsCount":1,"shouldDisplayMessage":false,"hasContent":true,"stepsCount":0,"attachmentStep":false},{"name":"Add Product - Set (Qty 2)","time":{"start":1769050813210,"stop":1769050845022,"duration":31812},"status":"broken","statusMessage":"selenium.common.exceptions.TimeoutException: Message: \n\n","statusTrace":"  File \"C:\\Users\\Suchini\\Desktop\\Ateam Software\\Hire-X Automation scripts\\Hire-X-Test-Automation-Scripts\\tests\\test_create_order.py\", line 67, in add_product\n    wait.until(\n    ~~~~~~~~~~^\n        EC.visibility_of_element_located(\n        ^^^^^^^^^^^^^^^^^^^^^^^^^^^^^^^^^\n            (By.XPATH, f\"//*[contains(text(),'{product_name}')]\")\n            ^^^^^^^^^^^^^^^^^^^^^^^^^^^^^^^^^^^^^^^^^^^^^^^^^^^^^\n        )\n        ^\n    )\n    ^\n  File \"C:\\Users\\Suchini\\Desktop\\Ateam Software\\Hire-X Automation scripts\\Hire-X-Test-Automation-Scripts\\venv\\Lib\\site-packages\\selenium\\webdriver\\support\\wait.py\", line 121, in until\n    raise TimeoutException(message, screen, stacktrace)\n","steps":[],"attachments":[{"uid":"a8d726450f0f111d","name":"product_added","source":"a8d726450f0f111d.png","type":"image/png","size":61494}],"parameters":[],"attachmentsCount":1,"shouldDisplayMessage":true,"hasContent":true,"stepsCount":0,"attachmentStep":false}],"attachments":[],"parameters":[],"attachmentsCount":7,"shouldDisplayMessage":true,"hasContent":true,"stepsCount":13,"attachmentStep":false},"afterStages":[{"name":"driver::0","time":{"start":1769050845243,"stop":1769050845243,"duration":0},"status":"passed","steps":[],"attachments":[],"parameters":[],"attachmentsCount":0,"shouldDisplayMessage":false,"hasContent":false,"stepsCount":0,"attachmentStep":false}],"labels":[{"name":"subSuite","value":"Create Order"},{"name":"suite","value":"Orders"},{"name":"parentSuite","value":"Web Automation"},{"name":"feature","value":"Order Management"},{"name":"tag","value":"smoke"},{"name":"host","value":"DESKTOP-SCU7Q85"},{"name":"thread","value":"32140-MainThread"},{"name":"framework","value":"pytest"},{"name":"language","value":"cpython3"},{"name":"package","value":"tests.test_create_order"},{"name":"resultFormat","value":"allure2"}],"parameters":[],"links":[],"hidden":true,"retry":true,"extra":{"categories":[],"tags":["smoke"]},"source":"d3d443725a18008d.json","parameterValues":[]}