{"uid":"e3ffbbb31c0bdce","name":"TC02 - Create Order with Product and Save","fullName":"tests.test_create_order#test_login_and_create_order","historyId":"b287b2fc0027e5283ee55bbb62a9bf33","time":{"start":1769060540988,"stop":1769060619859,"duration":78871},"status":"failed","statusMessage":"Failed: Test failed due to error: Message:","statusTrace":"driver = <selenium.webdriver.chrome.webdriver.WebDriver (session=\"4bd0525cba722619718e0beecaccd1d3\")>\n\n    @pytest.mark.smoke\n    @allure.parent_suite(\"Web Automation\")\n    @allure.suite(\"Orders\")\n    @allure.sub_suite(\"Create Order\")\n    @allure.feature(\"Order Management\")\n    @allure.title(\"TC02 - Create Order with Product and Save\")\n    def test_login_and_create_order(driver):\n    \n        wait = WebDriverWait(driver, 25)\n    \n        try:\n            # ---------------- LOGIN ----------------\n            with allure.step(\"Open Tenant Select Page\"):\n                driver.get(\n                    \"https://app-hire-x-dev-multi-tenant-angular-01-bkgee7ewapa0c5es.southeastasia-01.azurewebsites.net/webshopnotfound\"\n                )\n    \n            with allure.step(\"Enter Tenant ID\"):\n                tenant = wait.until(EC.visibility_of_element_located((By.CSS_SELECTOR, \"input[type='text']\")))\n                tenant.clear()\n                tenant.send_keys(\"GrandRest\")\n    \n            with allure.step(\"Set Tenant\"):\n                wait.until(EC.element_to_be_clickable((By.XPATH, \"//button[contains(text(),'Set Tenant')]\"))).click()\n    \n            with allure.step(\"Navigate to Login\"):\n                wait.until(EC.url_contains(\"/home\"))\n                wait.until(\n                    EC.element_to_be_clickable(\n                        (By.XPATH, \"//*[contains(translate(text(),'ABCDEFGHIJKLMNOPQRSTUVWXYZ','abcdefghijklmnopqrstuvwxyz'),'sign')]\")\n                    )\n                ).click()\n    \n            with allure.step(\"Login with credentials\"):\n                wait.until(EC.url_contains(\"/login\"))\n                driver.find_element(By.XPATH, \"//input[contains(@type,'email')]\").send_keys(\"suchini@ateamsoftware.com\")\n                driver.find_element(By.XPATH, \"//input[contains(@type,'password')]\").send_keys(\"Abc12345\")\n                driver.find_element(By.XPATH, \"//button[contains(text(),'Login')]\").click()\n    \n            with allure.step(\"Verify Dashboard\"):\n                wait.until(EC.url_contains(\"/supplier/dashboard\"))\n                take_screenshot(driver, \"dashboard_loaded\")\n    \n            # ---------------- CREATE ORDER ----------------\n            with allure.step(\"Open Orders Page\"):\n                driver.get(\"https://app-hire-x-dev-multi-tenant-angular-01-bkgee7ewapa0c5es.southeastasia-01.azurewebsites.net/supplier/orders\")\n                wait.until(EC.url_contains(\"/supplier/orders\"))\n                take_screenshot(driver, \"orders_page\")\n    \n            with allure.step(\"Click New Order\"):\n                wait.until(EC.element_to_be_clickable((By.XPATH, \"//button[contains(text(),'New')]\"))).click()\n    \n            with allure.step(\"Verify Create Order Form\"):\n                wait.until(EC.visibility_of_element_located((By.XPATH, \"//*[contains(text(),'Create Order')]\")))\n                take_screenshot(driver, \"create_order_form\")\n    \n            # ---------------- SELECT CUSTOMER ----------------\n            with allure.step(\"Select Customer - Amantha Nirmal\"):\n                dropdown = wait.until(EC.element_to_be_clickable((By.XPATH, \"//ng-select\")))\n                dropdown.click()\n                time.sleep(1)\n                wait.until(\n                    EC.element_to_be_clickable((By.XPATH, \"//div[contains(@class,'ng-option') and contains(., 'Amantha Nirmal')]\"))\n                ).click()\n                take_screenshot(driver, \"customer_selected\")\n    \n            # ---------------- CLICK CREATE ----------------\n            with allure.step(\"Click Create Button\"):\n                create_btn = wait.until(\n                    EC.element_to_be_clickable((By.XPATH, \"//button[@type='submit' and contains(normalize-space(),'Create')]\"))\n                )\n                driver.execute_script(\"arguments[0].scrollIntoView({block:'center'});\", create_btn)\n                time.sleep(0.5)\n                create_btn.click()\n                take_screenshot(driver, \"create_clicked\")\n    \n            with allure.step(\"Wait for Order Details Page\"):\n                wait.until(EC.url_contains(\"/supplier/orders/\"))\n                take_screenshot(driver, \"order_details_page\")\n    \n            # ---------------- ADD PRODUCT ----------------\n>           add_product(driver, wait, \"Set\", 2)\n\ntests\\test_create_order.py:163: \n_ _ _ _ _ _ _ _ _ _ _ _ _ _ _ _ _ _ _ _ _ _ _ _ _ _ _ _ _ _ _ _ _ _ _ _ _ _ _ _ _ _ _ _ _ _ _ _\ntests\\test_create_order.py:77: in add_product\n    wait.until(\n_ _ _ _ _ _ _ _ _ _ _ _ _ _ _ _ _ _ _ _ _ _ _ _ _ _ _ _ _ _ _ _ _ _ _ _ _ _ _ _ _ _ _ _ _ _ _ _\n\nself = <selenium.webdriver.support.wait.WebDriverWait (session=\"4bd0525cba722619718e0beecaccd1d3\")>\nmethod = <function visibility_of_element_located.<locals>._predicate at 0x0000020118DFDBC0>\nmessage = ''\n\n    def until(self, method: Callable[[D], Literal[False] | T], message: str = \"\") -> T:\n        \"\"\"Wait until the method returns a value that is not False.\n    \n        Calls the method provided with the driver as an argument until the\n        return value does not evaluate to ``False``.\n    \n        Args:\n            method: A callable object that takes a WebDriver instance as an\n                argument.\n            message: Optional message for TimeoutException.\n    \n        Returns:\n            The result of the last call to `method`.\n    \n        Raises:\n            TimeoutException: If 'method' does not return a truthy value within\n                the WebDriverWait object's timeout.\n    \n        Example:\n            >>> from selenium.webdriver.common.by import By\n            >>> from selenium.webdriver.support.ui import WebDriverWait\n            >>> from selenium.webdriver.support import expected_conditions as EC\n            >>>\n            >>> # Wait until an element is visible on the page\n            >>> wait = WebDriverWait(driver, 10)\n            >>> element = wait.until(EC.visibility_of_element_located((By.ID, \"exampleId\")))\n            >>> print(element.text)\n        \"\"\"\n        screen = None\n        stacktrace = None\n    \n        end_time = time.monotonic() + self._timeout\n        while True:\n            try:\n                value = method(self._driver)\n                if value:\n                    return value\n            except self._ignored_exceptions as exc:\n                screen = getattr(exc, \"screen\", None)\n                stacktrace = getattr(exc, \"stacktrace\", None)\n            if time.monotonic() > end_time:\n                break\n            time.sleep(self._poll)\n>       raise TimeoutException(message, screen, stacktrace)\nE       selenium.common.exceptions.TimeoutException: Message:\n\nvenv\\Lib\\site-packages\\selenium\\webdriver\\support\\wait.py:121: TimeoutException\n\nDuring handling of the above exception, another exception occurred:\n\ndriver = <selenium.webdriver.chrome.webdriver.WebDriver (session=\"4bd0525cba722619718e0beecaccd1d3\")>\n\n    @pytest.mark.smoke\n    @allure.parent_suite(\"Web Automation\")\n    @allure.suite(\"Orders\")\n    @allure.sub_suite(\"Create Order\")\n    @allure.feature(\"Order Management\")\n    @allure.title(\"TC02 - Create Order with Product and Save\")\n    def test_login_and_create_order(driver):\n    \n        wait = WebDriverWait(driver, 25)\n    \n        try:\n            # ---------------- LOGIN ----------------\n            with allure.step(\"Open Tenant Select Page\"):\n                driver.get(\n                    \"https://app-hire-x-dev-multi-tenant-angular-01-bkgee7ewapa0c5es.southeastasia-01.azurewebsites.net/webshopnotfound\"\n                )\n    \n            with allure.step(\"Enter Tenant ID\"):\n                tenant = wait.until(EC.visibility_of_element_located((By.CSS_SELECTOR, \"input[type='text']\")))\n                tenant.clear()\n                tenant.send_keys(\"GrandRest\")\n    \n            with allure.step(\"Set Tenant\"):\n                wait.until(EC.element_to_be_clickable((By.XPATH, \"//button[contains(text(),'Set Tenant')]\"))).click()\n    \n            with allure.step(\"Navigate to Login\"):\n                wait.until(EC.url_contains(\"/home\"))\n                wait.until(\n                    EC.element_to_be_clickable(\n                        (By.XPATH, \"//*[contains(translate(text(),'ABCDEFGHIJKLMNOPQRSTUVWXYZ','abcdefghijklmnopqrstuvwxyz'),'sign')]\")\n                    )\n                ).click()\n    \n            with allure.step(\"Login with credentials\"):\n                wait.until(EC.url_contains(\"/login\"))\n                driver.find_element(By.XPATH, \"//input[contains(@type,'email')]\").send_keys(\"suchini@ateamsoftware.com\")\n                driver.find_element(By.XPATH, \"//input[contains(@type,'password')]\").send_keys(\"Abc12345\")\n                driver.find_element(By.XPATH, \"//button[contains(text(),'Login')]\").click()\n    \n            with allure.step(\"Verify Dashboard\"):\n                wait.until(EC.url_contains(\"/supplier/dashboard\"))\n                take_screenshot(driver, \"dashboard_loaded\")\n    \n            # ---------------- CREATE ORDER ----------------\n            with allure.step(\"Open Orders Page\"):\n                driver.get(\"https://app-hire-x-dev-multi-tenant-angular-01-bkgee7ewapa0c5es.southeastasia-01.azurewebsites.net/supplier/orders\")\n                wait.until(EC.url_contains(\"/supplier/orders\"))\n                take_screenshot(driver, \"orders_page\")\n    \n            with allure.step(\"Click New Order\"):\n                wait.until(EC.element_to_be_clickable((By.XPATH, \"//button[contains(text(),'New')]\"))).click()\n    \n            with allure.step(\"Verify Create Order Form\"):\n                wait.until(EC.visibility_of_element_located((By.XPATH, \"//*[contains(text(),'Create Order')]\")))\n                take_screenshot(driver, \"create_order_form\")\n    \n            # ---------------- SELECT CUSTOMER ----------------\n            with allure.step(\"Select Customer - Amantha Nirmal\"):\n                dropdown = wait.until(EC.element_to_be_clickable((By.XPATH, \"//ng-select\")))\n                dropdown.click()\n                time.sleep(1)\n                wait.until(\n                    EC.element_to_be_clickable((By.XPATH, \"//div[contains(@class,'ng-option') and contains(., 'Amantha Nirmal')]\"))\n                ).click()\n                take_screenshot(driver, \"customer_selected\")\n    \n            # ---------------- CLICK CREATE ----------------\n            with allure.step(\"Click Create Button\"):\n                create_btn = wait.until(\n                    EC.element_to_be_clickable((By.XPATH, \"//button[@type='submit' and contains(normalize-space(),'Create')]\"))\n                )\n                driver.execute_script(\"arguments[0].scrollIntoView({block:'center'});\", create_btn)\n                time.sleep(0.5)\n                create_btn.click()\n                take_screenshot(driver, \"create_clicked\")\n    \n            with allure.step(\"Wait for Order Details Page\"):\n                wait.until(EC.url_contains(\"/supplier/orders/\"))\n                take_screenshot(driver, \"order_details_page\")\n    \n            # ---------------- ADD PRODUCT ----------------\n            add_product(driver, wait, \"Set\", 2)\n    \n            # ---------------- SAVE ORDER ----------------\n            with allure.step(\"Save Order\"):\n                save_button = wait.until(\n                    EC.presence_of_element_located(\n                        (By.XPATH, \"//button[@type='submit' and contains(@class,'btn-primary') and normalize-space()='Save']\")\n                    )\n                )\n    \n                driver.execute_script(\"arguments[0].scrollIntoView({block:'center'});\", save_button)\n                time.sleep(0.5)\n    \n                # Retry clicking save button\n                for _ in range(5):\n                    try:\n                        if save_button.is_displayed() and save_button.is_enabled():\n                            save_button.click()\n                            break\n                    except:\n                        time.sleep(0.5)\n                else:\n                    # Fallback to JS click\n                    driver.execute_script(\"arguments[0].click();\", save_button)\n    \n                take_screenshot(driver, \"order_saved_successfully\")\n                print(\"✅ Order saved successfully!\")\n    \n        except Exception as e:\n            take_screenshot(driver, \"test_failed\")\n>           pytest.fail(f\"Test failed due to error: {str(e)}\")\nE           Failed: Test failed due to error: Message:\n\ntests\\test_create_order.py:193: Failed","flaky":false,"newFailed":false,"newBroken":false,"newPassed":false,"retriesCount":0,"retriesStatusChange":false,"beforeStages":[{"name":"driver","time":{"start":1769060539854,"stop":1769060540987,"duration":1133},"status":"passed","steps":[],"attachments":[],"parameters":[],"attachmentsCount":0,"shouldDisplayMessage":false,"hasContent":false,"stepsCount":0,"attachmentStep":false}],"testStage":{"status":"failed","statusMessage":"Failed: Test failed due to error: Message:","statusTrace":"driver = <selenium.webdriver.chrome.webdriver.WebDriver (session=\"4bd0525cba722619718e0beecaccd1d3\")>\n\n    @pytest.mark.smoke\n    @allure.parent_suite(\"Web Automation\")\n    @allure.suite(\"Orders\")\n    @allure.sub_suite(\"Create Order\")\n    @allure.feature(\"Order Management\")\n    @allure.title(\"TC02 - Create Order with Product and Save\")\n    def test_login_and_create_order(driver):\n    \n        wait = WebDriverWait(driver, 25)\n    \n        try:\n            # ---------------- LOGIN ----------------\n            with allure.step(\"Open Tenant Select Page\"):\n                driver.get(\n                    \"https://app-hire-x-dev-multi-tenant-angular-01-bkgee7ewapa0c5es.southeastasia-01.azurewebsites.net/webshopnotfound\"\n                )\n    \n            with allure.step(\"Enter Tenant ID\"):\n                tenant = wait.until(EC.visibility_of_element_located((By.CSS_SELECTOR, \"input[type='text']\")))\n                tenant.clear()\n                tenant.send_keys(\"GrandRest\")\n    \n            with allure.step(\"Set Tenant\"):\n                wait.until(EC.element_to_be_clickable((By.XPATH, \"//button[contains(text(),'Set Tenant')]\"))).click()\n    \n            with allure.step(\"Navigate to Login\"):\n                wait.until(EC.url_contains(\"/home\"))\n                wait.until(\n                    EC.element_to_be_clickable(\n                        (By.XPATH, \"//*[contains(translate(text(),'ABCDEFGHIJKLMNOPQRSTUVWXYZ','abcdefghijklmnopqrstuvwxyz'),'sign')]\")\n                    )\n                ).click()\n    \n            with allure.step(\"Login with credentials\"):\n                wait.until(EC.url_contains(\"/login\"))\n                driver.find_element(By.XPATH, \"//input[contains(@type,'email')]\").send_keys(\"suchini@ateamsoftware.com\")\n                driver.find_element(By.XPATH, \"//input[contains(@type,'password')]\").send_keys(\"Abc12345\")\n                driver.find_element(By.XPATH, \"//button[contains(text(),'Login')]\").click()\n    \n            with allure.step(\"Verify Dashboard\"):\n                wait.until(EC.url_contains(\"/supplier/dashboard\"))\n                take_screenshot(driver, \"dashboard_loaded\")\n    \n            # ---------------- CREATE ORDER ----------------\n            with allure.step(\"Open Orders Page\"):\n                driver.get(\"https://app-hire-x-dev-multi-tenant-angular-01-bkgee7ewapa0c5es.southeastasia-01.azurewebsites.net/supplier/orders\")\n                wait.until(EC.url_contains(\"/supplier/orders\"))\n                take_screenshot(driver, \"orders_page\")\n    \n            with allure.step(\"Click New Order\"):\n                wait.until(EC.element_to_be_clickable((By.XPATH, \"//button[contains(text(),'New')]\"))).click()\n    \n            with allure.step(\"Verify Create Order Form\"):\n                wait.until(EC.visibility_of_element_located((By.XPATH, \"//*[contains(text(),'Create Order')]\")))\n                take_screenshot(driver, \"create_order_form\")\n    \n            # ---------------- SELECT CUSTOMER ----------------\n            with allure.step(\"Select Customer - Amantha Nirmal\"):\n                dropdown = wait.until(EC.element_to_be_clickable((By.XPATH, \"//ng-select\")))\n                dropdown.click()\n                time.sleep(1)\n                wait.until(\n                    EC.element_to_be_clickable((By.XPATH, \"//div[contains(@class,'ng-option') and contains(., 'Amantha Nirmal')]\"))\n                ).click()\n                take_screenshot(driver, \"customer_selected\")\n    \n            # ---------------- CLICK CREATE ----------------\n            with allure.step(\"Click Create Button\"):\n                create_btn = wait.until(\n                    EC.element_to_be_clickable((By.XPATH, \"//button[@type='submit' and contains(normalize-space(),'Create')]\"))\n                )\n                driver.execute_script(\"arguments[0].scrollIntoView({block:'center'});\", create_btn)\n                time.sleep(0.5)\n                create_btn.click()\n                take_screenshot(driver, \"create_clicked\")\n    \n            with allure.step(\"Wait for Order Details Page\"):\n                wait.until(EC.url_contains(\"/supplier/orders/\"))\n                take_screenshot(driver, \"order_details_page\")\n    \n            # ---------------- ADD PRODUCT ----------------\n>           add_product(driver, wait, \"Set\", 2)\n\ntests\\test_create_order.py:163: \n_ _ _ _ _ _ _ _ _ _ _ _ _ _ _ _ _ _ _ _ _ _ _ _ _ _ _ _ _ _ _ _ _ _ _ _ _ _ _ _ _ _ _ _ _ _ _ _\ntests\\test_create_order.py:77: in add_product\n    wait.until(\n_ _ _ _ _ _ _ _ _ _ _ _ _ _ _ _ _ _ _ _ _ _ _ _ _ _ _ _ _ _ _ _ _ _ _ _ _ _ _ _ _ _ _ _ _ _ _ _\n\nself = <selenium.webdriver.support.wait.WebDriverWait (session=\"4bd0525cba722619718e0beecaccd1d3\")>\nmethod = <function visibility_of_element_located.<locals>._predicate at 0x0000020118DFDBC0>\nmessage = ''\n\n    def until(self, method: Callable[[D], Literal[False] | T], message: str = \"\") -> T:\n        \"\"\"Wait until the method returns a value that is not False.\n    \n        Calls the method provided with the driver as an argument until the\n        return value does not evaluate to ``False``.\n    \n        Args:\n            method: A callable object that takes a WebDriver instance as an\n                argument.\n            message: Optional message for TimeoutException.\n    \n        Returns:\n            The result of the last call to `method`.\n    \n        Raises:\n            TimeoutException: If 'method' does not return a truthy value within\n                the WebDriverWait object's timeout.\n    \n        Example:\n            >>> from selenium.webdriver.common.by import By\n            >>> from selenium.webdriver.support.ui import WebDriverWait\n            >>> from selenium.webdriver.support import expected_conditions as EC\n            >>>\n            >>> # Wait until an element is visible on the page\n            >>> wait = WebDriverWait(driver, 10)\n            >>> element = wait.until(EC.visibility_of_element_located((By.ID, \"exampleId\")))\n            >>> print(element.text)\n        \"\"\"\n        screen = None\n        stacktrace = None\n    \n        end_time = time.monotonic() + self._timeout\n        while True:\n            try:\n                value = method(self._driver)\n                if value:\n                    return value\n            except self._ignored_exceptions as exc:\n                screen = getattr(exc, \"screen\", None)\n                stacktrace = getattr(exc, \"stacktrace\", None)\n            if time.monotonic() > end_time:\n                break\n            time.sleep(self._poll)\n>       raise TimeoutException(message, screen, stacktrace)\nE       selenium.common.exceptions.TimeoutException: Message:\n\nvenv\\Lib\\site-packages\\selenium\\webdriver\\support\\wait.py:121: TimeoutException\n\nDuring handling of the above exception, another exception occurred:\n\ndriver = <selenium.webdriver.chrome.webdriver.WebDriver (session=\"4bd0525cba722619718e0beecaccd1d3\")>\n\n    @pytest.mark.smoke\n    @allure.parent_suite(\"Web Automation\")\n    @allure.suite(\"Orders\")\n    @allure.sub_suite(\"Create Order\")\n    @allure.feature(\"Order Management\")\n    @allure.title(\"TC02 - Create Order with Product and Save\")\n    def test_login_and_create_order(driver):\n    \n        wait = WebDriverWait(driver, 25)\n    \n        try:\n            # ---------------- LOGIN ----------------\n            with allure.step(\"Open Tenant Select Page\"):\n                driver.get(\n                    \"https://app-hire-x-dev-multi-tenant-angular-01-bkgee7ewapa0c5es.southeastasia-01.azurewebsites.net/webshopnotfound\"\n                )\n    \n            with allure.step(\"Enter Tenant ID\"):\n                tenant = wait.until(EC.visibility_of_element_located((By.CSS_SELECTOR, \"input[type='text']\")))\n                tenant.clear()\n                tenant.send_keys(\"GrandRest\")\n    \n            with allure.step(\"Set Tenant\"):\n                wait.until(EC.element_to_be_clickable((By.XPATH, \"//button[contains(text(),'Set Tenant')]\"))).click()\n    \n            with allure.step(\"Navigate to Login\"):\n                wait.until(EC.url_contains(\"/home\"))\n                wait.until(\n                    EC.element_to_be_clickable(\n                        (By.XPATH, \"//*[contains(translate(text(),'ABCDEFGHIJKLMNOPQRSTUVWXYZ','abcdefghijklmnopqrstuvwxyz'),'sign')]\")\n                    )\n                ).click()\n    \n            with allure.step(\"Login with credentials\"):\n                wait.until(EC.url_contains(\"/login\"))\n                driver.find_element(By.XPATH, \"//input[contains(@type,'email')]\").send_keys(\"suchini@ateamsoftware.com\")\n                driver.find_element(By.XPATH, \"//input[contains(@type,'password')]\").send_keys(\"Abc12345\")\n                driver.find_element(By.XPATH, \"//button[contains(text(),'Login')]\").click()\n    \n            with allure.step(\"Verify Dashboard\"):\n                wait.until(EC.url_contains(\"/supplier/dashboard\"))\n                take_screenshot(driver, \"dashboard_loaded\")\n    \n            # ---------------- CREATE ORDER ----------------\n            with allure.step(\"Open Orders Page\"):\n                driver.get(\"https://app-hire-x-dev-multi-tenant-angular-01-bkgee7ewapa0c5es.southeastasia-01.azurewebsites.net/supplier/orders\")\n                wait.until(EC.url_contains(\"/supplier/orders\"))\n                take_screenshot(driver, \"orders_page\")\n    \n            with allure.step(\"Click New Order\"):\n                wait.until(EC.element_to_be_clickable((By.XPATH, \"//button[contains(text(),'New')]\"))).click()\n    \n            with allure.step(\"Verify Create Order Form\"):\n                wait.until(EC.visibility_of_element_located((By.XPATH, \"//*[contains(text(),'Create Order')]\")))\n                take_screenshot(driver, \"create_order_form\")\n    \n            # ---------------- SELECT CUSTOMER ----------------\n            with allure.step(\"Select Customer - Amantha Nirmal\"):\n                dropdown = wait.until(EC.element_to_be_clickable((By.XPATH, \"//ng-select\")))\n                dropdown.click()\n                time.sleep(1)\n                wait.until(\n                    EC.element_to_be_clickable((By.XPATH, \"//div[contains(@class,'ng-option') and contains(., 'Amantha Nirmal')]\"))\n                ).click()\n                take_screenshot(driver, \"customer_selected\")\n    \n            # ---------------- CLICK CREATE ----------------\n            with allure.step(\"Click Create Button\"):\n                create_btn = wait.until(\n                    EC.element_to_be_clickable((By.XPATH, \"//button[@type='submit' and contains(normalize-space(),'Create')]\"))\n                )\n                driver.execute_script(\"arguments[0].scrollIntoView({block:'center'});\", create_btn)\n                time.sleep(0.5)\n                create_btn.click()\n                take_screenshot(driver, \"create_clicked\")\n    \n            with allure.step(\"Wait for Order Details Page\"):\n                wait.until(EC.url_contains(\"/supplier/orders/\"))\n                take_screenshot(driver, \"order_details_page\")\n    \n            # ---------------- ADD PRODUCT ----------------\n            add_product(driver, wait, \"Set\", 2)\n    \n            # ---------------- SAVE ORDER ----------------\n            with allure.step(\"Save Order\"):\n                save_button = wait.until(\n                    EC.presence_of_element_located(\n                        (By.XPATH, \"//button[@type='submit' and contains(@class,'btn-primary') and normalize-space()='Save']\")\n                    )\n                )\n    \n                driver.execute_script(\"arguments[0].scrollIntoView({block:'center'});\", save_button)\n                time.sleep(0.5)\n    \n                # Retry clicking save button\n                for _ in range(5):\n                    try:\n                        if save_button.is_displayed() and save_button.is_enabled():\n                            save_button.click()\n                            break\n                    except:\n                        time.sleep(0.5)\n                else:\n                    # Fallback to JS click\n                    driver.execute_script(\"arguments[0].click();\", save_button)\n    \n                take_screenshot(driver, \"order_saved_successfully\")\n                print(\"✅ Order saved successfully!\")\n    \n        except Exception as e:\n            take_screenshot(driver, \"test_failed\")\n>           pytest.fail(f\"Test failed due to error: {str(e)}\")\nE           Failed: Test failed due to error: Message:\n\ntests\\test_create_order.py:193: Failed","steps":[{"name":"Open Tenant Select Page","time":{"start":1769060540988,"stop":1769060554948,"duration":13960},"status":"passed","steps":[],"attachments":[],"parameters":[],"attachmentsCount":0,"shouldDisplayMessage":false,"hasContent":false,"stepsCount":0,"attachmentStep":false},{"name":"Enter Tenant ID","time":{"start":1769060554949,"stop":1769060555051,"duration":102},"status":"passed","steps":[],"attachments":[],"parameters":[],"attachmentsCount":0,"shouldDisplayMessage":false,"hasContent":false,"stepsCount":0,"attachmentStep":false},{"name":"Set Tenant","time":{"start":1769060555051,"stop":1769060562182,"duration":7131},"status":"passed","steps":[],"attachments":[],"parameters":[],"attachmentsCount":0,"shouldDisplayMessage":false,"hasContent":false,"stepsCount":0,"attachmentStep":false},{"name":"Navigate to Login","time":{"start":1769060562182,"stop":1769060562269,"duration":87},"status":"passed","steps":[],"attachments":[],"parameters":[],"attachmentsCount":0,"shouldDisplayMessage":false,"hasContent":false,"stepsCount":0,"attachmentStep":false},{"name":"Login with credentials","time":{"start":1769060562269,"stop":1769060562530,"duration":261},"status":"passed","steps":[],"attachments":[],"parameters":[],"attachmentsCount":0,"shouldDisplayMessage":false,"hasContent":false,"stepsCount":0,"attachmentStep":false},{"name":"Verify Dashboard","time":{"start":1769060562530,"stop":1769060566789,"duration":4259},"status":"passed","steps":[],"attachments":[{"uid":"30b9355fb8fe0442","name":"dashboard_loaded","source":"30b9355fb8fe0442.png","type":"image/png","size":55948}],"parameters":[],"attachmentsCount":1,"shouldDisplayMessage":false,"hasContent":true,"stepsCount":0,"attachmentStep":false},{"name":"Open Orders Page","time":{"start":1769060566789,"stop":1769060571669,"duration":4880},"status":"passed","steps":[],"attachments":[{"uid":"2d52d5209ed8b9ac","name":"orders_page","source":"2d52d5209ed8b9ac.png","type":"image/png","size":6756}],"parameters":[],"attachmentsCount":1,"shouldDisplayMessage":false,"hasContent":true,"stepsCount":0,"attachmentStep":false},{"name":"Click New Order","time":{"start":1769060571669,"stop":1769060577042,"duration":5373},"status":"passed","steps":[],"attachments":[],"parameters":[],"attachmentsCount":0,"shouldDisplayMessage":false,"hasContent":false,"stepsCount":0,"attachmentStep":false},{"name":"Verify Create Order Form","time":{"start":1769060577042,"stop":1769060577772,"duration":730},"status":"passed","steps":[],"attachments":[{"uid":"201724df3c478233","name":"create_order_form","source":"201724df3c478233.png","type":"image/png","size":88924}],"parameters":[],"attachmentsCount":1,"shouldDisplayMessage":false,"hasContent":true,"stepsCount":0,"attachmentStep":false},{"name":"Select Customer - Amantha Nirmal","time":{"start":1769060577772,"stop":1769060579361,"duration":1589},"status":"passed","steps":[],"attachments":[{"uid":"c4dd82322208f132","name":"customer_selected","source":"c4dd82322208f132.png","type":"image/png","size":101804}],"parameters":[],"attachmentsCount":1,"shouldDisplayMessage":false,"hasContent":true,"stepsCount":0,"attachmentStep":false},{"name":"Click Create Button","time":{"start":1769060579361,"stop":1769060580172,"duration":811},"status":"passed","steps":[],"attachments":[{"uid":"835ebf09c355fe6e","name":"create_clicked","source":"835ebf09c355fe6e.png","type":"image/png","size":97564}],"parameters":[],"attachmentsCount":1,"shouldDisplayMessage":false,"hasContent":true,"stepsCount":0,"attachmentStep":false},{"name":"Wait for Order Details Page","time":{"start":1769060580172,"stop":1769060586473,"duration":6301},"status":"passed","steps":[],"attachments":[{"uid":"93255c44dd8034ae","name":"order_details_page","source":"93255c44dd8034ae.png","type":"image/png","size":40557}],"parameters":[],"attachmentsCount":1,"shouldDisplayMessage":false,"hasContent":true,"stepsCount":0,"attachmentStep":false},{"name":"Add Product - Set (Qty 2)","time":{"start":1769060586473,"stop":1769060619673,"duration":33200},"status":"broken","statusMessage":"selenium.common.exceptions.TimeoutException: Message: \n\n","statusTrace":"  File \"C:\\Users\\Suchini\\Desktop\\Ateam Software\\Hire-X Automation scripts\\Hire-X-Test-Automation-Scripts\\tests\\test_create_order.py\", line 77, in add_product\n    wait.until(\n    ~~~~~~~~~~^\n        EC.visibility_of_element_located((By.XPATH, f\"//*[contains(text(),'{product_name}')]\"))\n        ^^^^^^^^^^^^^^^^^^^^^^^^^^^^^^^^^^^^^^^^^^^^^^^^^^^^^^^^^^^^^^^^^^^^^^^^^^^^^^^^^^^^^^^\n    )\n    ^\n  File \"C:\\Users\\Suchini\\Desktop\\Ateam Software\\Hire-X Automation scripts\\Hire-X-Test-Automation-Scripts\\venv\\Lib\\site-packages\\selenium\\webdriver\\support\\wait.py\", line 121, in until\n    raise TimeoutException(message, screen, stacktrace)\n","steps":[],"attachments":[{"uid":"13e9c7b5ed81f2d0","name":"product_selected_qty","source":"13e9c7b5ed81f2d0.png","type":"image/png","size":65215},{"uid":"8a4a9b7251e89d76","name":"product_added_success","source":"8a4a9b7251e89d76.png","type":"image/png","size":65789}],"parameters":[],"attachmentsCount":2,"shouldDisplayMessage":true,"hasContent":true,"stepsCount":0,"attachmentStep":false}],"attachments":[{"uid":"1a656e1050a37175","name":"test_failed","source":"1a656e1050a37175.png","type":"image/png","size":64249}],"parameters":[],"attachmentsCount":9,"shouldDisplayMessage":true,"hasContent":true,"stepsCount":13,"attachmentStep":false},"afterStages":[{"name":"driver::0","time":{"start":1769060619999,"stop":1769060619999,"duration":0},"status":"passed","steps":[],"attachments":[],"parameters":[],"attachmentsCount":0,"shouldDisplayMessage":false,"hasContent":false,"stepsCount":0,"attachmentStep":false}],"labels":[{"name":"feature","value":"Order Management"},{"name":"parentSuite","value":"Web Automation"},{"name":"suite","value":"Orders"},{"name":"subSuite","value":"Create Order"},{"name":"tag","value":"smoke"},{"name":"host","value":"DESKTOP-SCU7Q85"},{"name":"thread","value":"5608-MainThread"},{"name":"framework","value":"pytest"},{"name":"language","value":"cpython3"},{"name":"package","value":"tests.test_create_order"},{"name":"resultFormat","value":"allure2"}],"parameters":[],"links":[],"hidden":true,"retry":true,"extra":{"categories":[],"tags":["smoke"]},"source":"e3ffbbb31c0bdce.json","parameterValues":[]}